[2024-06-26T11:11:50.228+0000] {local_task_job_runner.py:120} INFO - ::group::Pre task execution logs
[2024-06-26T11:11:50.350+0000] {taskinstance.py:2076} INFO - Dependencies all met for dep_context=non-requeueable deps ti=<TaskInstance: peduli_pintar_elt_all_dags.cleaning_raw_data scheduled__2024-06-24T00:00:00+00:00 [queued]>
[2024-06-26T11:11:50.390+0000] {taskinstance.py:2076} INFO - Dependencies all met for dep_context=requeueable deps ti=<TaskInstance: peduli_pintar_elt_all_dags.cleaning_raw_data scheduled__2024-06-24T00:00:00+00:00 [queued]>
[2024-06-26T11:11:50.391+0000] {taskinstance.py:2306} INFO - Starting attempt 1 of 4
[2024-06-26T11:11:50.442+0000] {taskinstance.py:2330} INFO - Executing <Task(CleaningData): cleaning_raw_data> on 2024-06-24 00:00:00+00:00
[2024-06-26T11:11:50.468+0000] {warnings.py:112} WARNING - /home/***/.local/lib/python3.12/site-packages/***/task/task_runner/standard_task_runner.py:61: DeprecationWarning: This process (pid=181) is multi-threaded, use of fork() may lead to deadlocks in the child.
  pid = os.fork()

[2024-06-26T11:11:50.471+0000] {standard_task_runner.py:63} INFO - Started process 187 to run task
[2024-06-26T11:11:50.475+0000] {standard_task_runner.py:90} INFO - Running: ['***', 'tasks', 'run', 'peduli_pintar_elt_all_dags', 'cleaning_raw_data', 'scheduled__2024-06-24T00:00:00+00:00', '--job-id', '386', '--raw', '--subdir', 'DAGS_FOLDER/etl_all_dags.py', '--cfg-path', '/tmp/tmp05n0m0y8']
[2024-06-26T11:11:50.481+0000] {standard_task_runner.py:91} INFO - Job 386: Subtask cleaning_raw_data
[2024-06-26T11:11:50.616+0000] {task_command.py:426} INFO - Running <TaskInstance: peduli_pintar_elt_all_dags.cleaning_raw_data scheduled__2024-06-24T00:00:00+00:00 [running]> on host 5338995eebdf
[2024-06-26T11:11:50.920+0000] {taskinstance.py:2648} INFO - Exporting env vars: AIRFLOW_CTX_DAG_OWNER='Kelompok 5 Capstone DE' AIRFLOW_CTX_DAG_ID='peduli_pintar_elt_all_dags' AIRFLOW_CTX_TASK_ID='cleaning_raw_data' AIRFLOW_CTX_EXECUTION_DATE='2024-06-24T00:00:00+00:00' AIRFLOW_CTX_TRY_NUMBER='1' AIRFLOW_CTX_DAG_RUN_ID='scheduled__2024-06-24T00:00:00+00:00'
[2024-06-26T11:11:50.930+0000] {taskinstance.py:430} INFO - ::endgroup::
[2024-06-26T11:11:51.447+0000] {logging_mixin.py:188} INFO - 196
[2024-06-26T11:11:51.452+0000] {logging_mixin.py:188} INFO - Tidak ada data duplikat pada Donation
[2024-06-26T11:11:51.475+0000] {logging_mixin.py:188} INFO - Tidak ada missing value dalam Donation
[2024-06-26T11:11:51.479+0000] {logging_mixin.py:188} INFO - id                0
created_at        0
user_id           0
amount            0
status            0
image_payment     0
fundraising_id    0
dtype: int64
[2024-06-26T11:11:51.480+0000] {logging_mixin.py:188} INFO - 35
[2024-06-26T11:11:51.484+0000] {logging_mixin.py:188} INFO - Tidak ada data duplikat pada Fundraising
[2024-06-26T11:11:51.497+0000] {logging_mixin.py:188} INFO - Tidak ada missing value dalam Fundraising
[2024-06-26T11:11:51.500+0000] {logging_mixin.py:188} INFO - id                         0
created_at                 0
fundraising_category_id    0
organization_id            0
title                      0
image_url                  0
description                0
status                     0
goal_amount                0
current_progress           0
start_date                 0
end_date                   0
dtype: int64
[2024-06-26T11:11:51.501+0000] {logging_mixin.py:188} INFO - 133
[2024-06-26T11:11:51.506+0000] {logging_mixin.py:188} INFO - Tidak ada data duplikat pada Application
[2024-06-26T11:11:51.520+0000] {logging_mixin.py:188} INFO - Tidak ada missing value dalam Application
[2024-06-26T11:11:51.532+0000] {logging_mixin.py:188} INFO - id              0
created_at      0
ig_image_url    0
yt_image_url    0
user_id         0
vacancy_id      0
job             0
reason          0
age             0
dtype: int64
[2024-06-26T11:11:51.533+0000] {logging_mixin.py:188} INFO - 22
[2024-06-26T11:11:51.547+0000] {logging_mixin.py:188} INFO - Tidak ada data duplikat pada Volunteer_Vacancies
[2024-06-26T11:11:51.577+0000] {logging_mixin.py:188} INFO - Terdapat missing value dalam Volunteer_Vacancies
[2024-06-26T11:11:51.595+0000] {logging_mixin.py:188} INFO - id                        0
created_at                0
title                     0
organization_id           0
content_activity          0
location                  2
start_date                0
end_date                  0
target_volunteer          0
registered_volunteer      0
registration_deadline     0
image_url                 0
status                    0
link_wa                  20
dtype: int64
[2024-06-26T11:11:51.611+0000] {logging_mixin.py:188} INFO - 31
[2024-06-26T11:11:51.615+0000] {logging_mixin.py:188} INFO - Tidak ada data duplikat pada Testimoni_Volunteer
[2024-06-26T11:11:51.628+0000] {logging_mixin.py:188} INFO - Tidak ada missing value dalam Testimoni_Volunteer
[2024-06-26T11:11:51.631+0000] {logging_mixin.py:188} INFO - id            0
created_at    0
user_id       0
vacancy_id    0
testimoni     0
rating        0
dtype: int64
[2024-06-26T11:11:51.632+0000] {logging_mixin.py:188} INFO - 46
[2024-06-26T11:11:51.635+0000] {logging_mixin.py:188} INFO - Tidak ada data duplikat pada Bookmark_Fundraising
[2024-06-26T11:11:51.651+0000] {logging_mixin.py:188} INFO - Tidak ada missing value dalam Bookmark_Fundraising
[2024-06-26T11:11:51.654+0000] {logging_mixin.py:188} INFO - id                0
created_at        0
user_id           0
fundraising_id    0
dtype: int64
[2024-06-26T11:11:51.657+0000] {logging_mixin.py:188} INFO - 42
[2024-06-26T11:11:51.661+0000] {logging_mixin.py:188} INFO - Tidak ada data duplikat pada Bookmark_Volunteer
[2024-06-26T11:11:51.675+0000] {logging_mixin.py:188} INFO - Terdapat missing value dalam Bookmark_Volunteer
[2024-06-26T11:11:51.679+0000] {logging_mixin.py:188} INFO - id                         0
created_at                 0
user_id                    0
volunteer_vacancies_id     0
volunteer_vacancy_id      42
dtype: int64
[2024-06-26T11:11:51.682+0000] {logging_mixin.py:188} INFO - 28
[2024-06-26T11:11:51.685+0000] {logging_mixin.py:188} INFO - Tidak ada data duplikat pada Article
[2024-06-26T11:11:51.700+0000] {logging_mixin.py:188} INFO - Terdapat missing value dalam Article
[2024-06-26T11:11:51.704+0000] {logging_mixin.py:188} INFO - id            0
created_at    0
admin_id      5
title         0
content       0
image_url     0
dtype: int64
[2024-06-26T11:11:51.710+0000] {logging_mixin.py:188} INFO - 4
[2024-06-26T11:11:51.713+0000] {logging_mixin.py:188} INFO - Tidak ada data duplikat pada Fundraising_Categories
[2024-06-26T11:11:51.719+0000] {logging_mixin.py:188} INFO - Tidak ada missing value dalam Fundraising_Categories
[2024-06-26T11:11:51.724+0000] {logging_mixin.py:188} INFO - id            0
created_at    0
name          0
dtype: int64
[2024-06-26T11:11:51.725+0000] {logging_mixin.py:188} INFO - 132
[2024-06-26T11:11:51.731+0000] {logging_mixin.py:188} INFO - Tidak ada data duplikat pada User
[2024-06-26T11:11:51.753+0000] {logging_mixin.py:188} INFO - Terdapat missing value dalam User
[2024-06-26T11:11:51.760+0000] {logging_mixin.py:188} INFO - id               0
created_at       0
fullname         0
username         0
email            0
password         0
avatar           0
reset_token    126
no_telp          0
otp            126
dtype: int64
[2024-06-26T11:11:51.766+0000] {logging_mixin.py:188} INFO - 15
[2024-06-26T11:11:51.774+0000] {logging_mixin.py:188} INFO - Tidak ada data duplikat pada Organization
[2024-06-26T11:11:51.784+0000] {logging_mixin.py:188} INFO - Terdapat missing value dalam Organization
[2024-06-26T11:11:51.793+0000] {logging_mixin.py:188} INFO - id              0
created_at      0
name            0
description     0
avatar          0
is_verified     0
contact        14
start_date      0
website         0
instagram       0
no_rekening     0
dtype: int64
[2024-06-26T11:11:51.800+0000] {logging_mixin.py:188} INFO - 60
[2024-06-26T11:11:51.803+0000] {logging_mixin.py:188} INFO - Tidak ada data duplikat pada Bookmark_Articles
[2024-06-26T11:11:51.828+0000] {logging_mixin.py:188} INFO - Tidak ada missing value dalam Bookmark_Articles
[2024-06-26T11:11:51.832+0000] {logging_mixin.py:188} INFO - id            0
created_at    0
user_id       0
article_id    0
dtype: int64
[2024-06-26T11:11:51.834+0000] {logging_mixin.py:188} INFO - 55
[2024-06-26T11:11:51.841+0000] {logging_mixin.py:188} INFO - Tidak ada data duplikat pada Comments
[2024-06-26T11:11:51.851+0000] {logging_mixin.py:188} INFO - Terdapat missing value dalam Comments
[2024-06-26T11:11:51.858+0000] {logging_mixin.py:188} INFO - id              0
created_at      0
user_id         0
article_id      0
comment        28
total_likes     0
dtype: int64
[2024-06-26T11:11:51.861+0000] {logging_mixin.py:188} INFO - 107
[2024-06-26T11:11:51.863+0000] {logging_mixin.py:188} INFO - Tidak ada data duplikat pada Like Comments
[2024-06-26T11:11:51.875+0000] {logging_mixin.py:188} INFO - Tidak ada missing value dalam Like Comments
[2024-06-26T11:11:51.877+0000] {logging_mixin.py:188} INFO - id            0
created_at    0
user_id       0
comment_id    0
dtype: int64
[2024-06-26T11:11:52.014+0000] {taskinstance.py:441} INFO - ::group::Post task execution logs
[2024-06-26T11:11:52.134+0000] {taskinstance.py:1206} INFO - Marking task as SUCCESS. dag_id=peduli_pintar_elt_all_dags, task_id=cleaning_raw_data, run_id=scheduled__2024-06-24T00:00:00+00:00, execution_date=20240624T000000, start_date=20240626T111150, end_date=20240626T111152
[2024-06-26T11:11:52.195+0000] {local_task_job_runner.py:240} INFO - Task exited with return code 0
[2024-06-26T11:11:52.213+0000] {local_task_job_runner.py:222} INFO - ::endgroup::
