[2024-06-27T03:21:19.949+0000] {local_task_job_runner.py:120} INFO - ::group::Pre task execution logs
[2024-06-27T03:21:19.979+0000] {taskinstance.py:2076} INFO - Dependencies all met for dep_context=non-requeueable deps ti=<TaskInstance: coba_ds_v3.load_gbq scheduled__2024-06-25T00:00:00+00:00 [queued]>
[2024-06-27T03:21:19.990+0000] {taskinstance.py:2076} INFO - Dependencies all met for dep_context=requeueable deps ti=<TaskInstance: coba_ds_v3.load_gbq scheduled__2024-06-25T00:00:00+00:00 [queued]>
[2024-06-27T03:21:19.991+0000] {taskinstance.py:2306} INFO - Starting attempt 2 of 4
[2024-06-27T03:21:20.007+0000] {taskinstance.py:2330} INFO - Executing <Task(LoadGoogleBigQuery): load_gbq> on 2024-06-25 00:00:00+00:00
[2024-06-27T03:21:20.018+0000] {warnings.py:112} WARNING - /home/***/.local/lib/python3.12/site-packages/***/task/task_runner/standard_task_runner.py:61: DeprecationWarning: This process (pid=137) is multi-threaded, use of fork() may lead to deadlocks in the child.
  pid = os.fork()

[2024-06-27T03:21:20.020+0000] {standard_task_runner.py:63} INFO - Started process 139 to run task
[2024-06-27T03:21:20.019+0000] {standard_task_runner.py:90} INFO - Running: ['***', 'tasks', 'run', 'coba_ds_v3', 'load_gbq', 'scheduled__2024-06-25T00:00:00+00:00', '--job-id', '146', '--raw', '--subdir', 'DAGS_FOLDER/etl_dags.py', '--cfg-path', '/tmp/tmpe1ai0dk_']
[2024-06-27T03:21:20.022+0000] {standard_task_runner.py:91} INFO - Job 146: Subtask load_gbq
[2024-06-27T03:21:20.078+0000] {task_command.py:426} INFO - Running <TaskInstance: coba_ds_v3.load_gbq scheduled__2024-06-25T00:00:00+00:00 [running]> on host 0bef536324ed
[2024-06-27T03:21:20.169+0000] {taskinstance.py:2648} INFO - Exporting env vars: AIRFLOW_CTX_DAG_OWNER='Kelompok 5 Capstone DE' AIRFLOW_CTX_DAG_ID='coba_ds_v3' AIRFLOW_CTX_TASK_ID='load_gbq' AIRFLOW_CTX_EXECUTION_DATE='2024-06-25T00:00:00+00:00' AIRFLOW_CTX_TRY_NUMBER='2' AIRFLOW_CTX_DAG_RUN_ID='scheduled__2024-06-25T00:00:00+00:00'
[2024-06-27T03:21:20.170+0000] {taskinstance.py:430} INFO - ::endgroup::
[2024-06-27T03:21:20.207+0000] {connection.py:274} WARNING - Connection schemes (type: google_cloud_platform) shall not contain '_' according to RFC3986.
[2024-06-27T03:21:20.210+0000] {base.py:84} INFO - Using connection ID 'gcp_conn_capstone_de' for task execution.
[2024-06-27T03:21:20.311+0000] {logging_mixin.py:188} INFO - File 20240623_fact_donation_transaction.csv does not match partition date 20240625, skipping.
[2024-06-27T03:21:20.312+0000] {logging_mixin.py:188} INFO - File 20240624_fact_donation_transaction.csv does not match partition date 20240625, skipping.
[2024-06-27T03:21:25.489+0000] {logging_mixin.py:188} INFO - Loaded 0 rows into capstone-de2.***_peduli_pintar_fact.fact_donation_transaction$20240625
[2024-06-27T03:21:25.494+0000] {logging_mixin.py:188} INFO - File 20240623_fact_volunteer_applications.csv does not match partition date 20240625, skipping.
[2024-06-27T03:21:25.495+0000] {logging_mixin.py:188} INFO - File 20240624_fact_volunteer_applications.csv does not match partition date 20240625, skipping.
[2024-06-27T03:21:25.499+0000] {logging_mixin.py:188} INFO - File 20240623_fact_volunteer_testimoni.csv does not match partition date 20240625, skipping.
[2024-06-27T03:21:25.500+0000] {logging_mixin.py:188} INFO - File 20240624_fact_volunteer_testimoni.csv does not match partition date 20240625, skipping.
[2024-06-27T03:21:25.505+0000] {logging_mixin.py:188} INFO - File 20240623_fact_article_popular.csv does not match partition date 20240625, skipping.
[2024-06-27T03:21:25.505+0000] {logging_mixin.py:188} INFO - File 20240624_fact_article_popular.csv does not match partition date 20240625, skipping.
[2024-06-27T03:21:25.509+0000] {logging_mixin.py:188} INFO - File 20240623_fact_bookmark_fundraising.csv does not match partition date 20240625, skipping.
[2024-06-27T03:21:25.510+0000] {logging_mixin.py:188} INFO - File 20240624_fact_bookmark_fundraising.csv does not match partition date 20240625, skipping.
[2024-06-27T03:21:25.513+0000] {logging_mixin.py:188} INFO - File 20240623_fact_bookmark_volunteer_vacancies.csv does not match partition date 20240625, skipping.
[2024-06-27T03:21:25.513+0000] {logging_mixin.py:188} INFO - File 20240624_fact_bookmark_volunteer_vacancies.csv does not match partition date 20240625, skipping.
[2024-06-27T03:21:25.521+0000] {connection.py:274} WARNING - Connection schemes (type: google_cloud_platform) shall not contain '_' according to RFC3986.
[2024-06-27T03:21:25.522+0000] {base.py:84} INFO - Using connection ID 'gcp_conn_capstone_de' for task execution.
[2024-06-27T03:21:25.619+0000] {logging_mixin.py:188} INFO - File 20240623_dim_fundraisings.csv does not match partition date 20240625, skipping.
[2024-06-27T03:21:25.619+0000] {logging_mixin.py:188} INFO - File 20240624_dim_fundraisings.csv does not match partition date 20240625, skipping.
[2024-06-27T03:21:30.190+0000] {logging_mixin.py:188} INFO - Loaded 0 rows into capstone-de2.***_peduli_pintar_dim.dim_fundraisings$20240625
[2024-06-27T03:21:30.193+0000] {logging_mixin.py:188} INFO - Directory dags/data_loaded/dim/dim_fundraising_categories does not exist, skipping table dim_fundraising_categories
[2024-06-27T03:21:30.198+0000] {logging_mixin.py:188} INFO - File 20240623_dim_donation_manual.csv does not match partition date 20240625, skipping.
[2024-06-27T03:21:30.199+0000] {logging_mixin.py:188} INFO - File 20240624_dim_donation_manual.csv does not match partition date 20240625, skipping.
[2024-06-27T03:21:33.938+0000] {logging_mixin.py:188} INFO - Loaded 1 rows into capstone-de2.***_peduli_pintar_dim.dim_donation_manual$20240625
[2024-06-27T03:21:33.942+0000] {logging_mixin.py:188} INFO - File 20240623_dim_organization.csv does not match partition date 20240625, skipping.
[2024-06-27T03:21:33.943+0000] {logging_mixin.py:188} INFO - File 20240624_dim_organization.csv does not match partition date 20240625, skipping.
[2024-06-27T03:21:39.129+0000] {logging_mixin.py:188} INFO - Loaded 0 rows into capstone-de2.***_peduli_pintar_dim.dim_organization$20240625
[2024-06-27T03:21:39.133+0000] {logging_mixin.py:188} INFO - File 20240623_dim_user.csv does not match partition date 20240625, skipping.
[2024-06-27T03:21:39.133+0000] {logging_mixin.py:188} INFO - File 20240624_dim_user.csv does not match partition date 20240625, skipping.
[2024-06-27T03:21:43.114+0000] {logging_mixin.py:188} INFO - Loaded 1 rows into capstone-de2.***_peduli_pintar_dim.dim_user$20240625
[2024-06-27T03:21:43.119+0000] {logging_mixin.py:188} INFO - File 20240623_dim_volunteer_applictaion.csv does not match partition date 20240625, skipping.
[2024-06-27T03:21:43.120+0000] {logging_mixin.py:188} INFO - File 20240624_dim_volunteer_applictaion.csv does not match partition date 20240625, skipping.
[2024-06-27T03:21:43.123+0000] {logging_mixin.py:188} INFO - File 20240623_dim_volunteer_vacancies.csv does not match partition date 20240625, skipping.
[2024-06-27T03:21:43.124+0000] {logging_mixin.py:188} INFO - File 20240624_dim_volunteer_vacancies.csv does not match partition date 20240625, skipping.
[2024-06-27T03:21:47.336+0000] {logging_mixin.py:188} INFO - Loaded 0 rows into capstone-de2.***_peduli_pintar_dim.dim_volunteer_vacancies$20240625
[2024-06-27T03:21:47.352+0000] {logging_mixin.py:188} INFO - File 20240623_dim_testimoni_volunteer.csv does not match partition date 20240625, skipping.
[2024-06-27T03:21:47.353+0000] {logging_mixin.py:188} INFO - File 20240624_dim_testimoni_volunteer.csv does not match partition date 20240625, skipping.
[2024-06-27T03:21:47.367+0000] {logging_mixin.py:188} INFO - File 20240623_dim_article.csv does not match partition date 20240625, skipping.
[2024-06-27T03:21:47.368+0000] {logging_mixin.py:188} INFO - File 20240624_dim_article.csv does not match partition date 20240625, skipping.
[2024-06-27T03:21:50.831+0000] {logging_mixin.py:188} INFO - Loaded 0 rows into capstone-de2.***_peduli_pintar_dim.dim_article$20240625
[2024-06-27T03:21:50.835+0000] {logging_mixin.py:188} INFO - File 20240623_dim_bookmark_fundraising.csv does not match partition date 20240625, skipping.
[2024-06-27T03:21:50.835+0000] {logging_mixin.py:188} INFO - File 20240624_dim_bookmark_fundraising.csv does not match partition date 20240625, skipping.
[2024-06-27T03:21:50.839+0000] {logging_mixin.py:188} INFO - File 20240623_dim_bookmark_volunter_vacancies.csv does not match partition date 20240625, skipping.
[2024-06-27T03:21:50.839+0000] {logging_mixin.py:188} INFO - File 20240624_dim_bookmark_volunter_vacancies.csv does not match partition date 20240625, skipping.
[2024-06-27T03:21:50.842+0000] {logging_mixin.py:188} INFO - File 20240623_dim_bookmark_article.csv does not match partition date 20240625, skipping.
[2024-06-27T03:21:50.842+0000] {logging_mixin.py:188} INFO - File 20240624_dim_bookmark_article.csv does not match partition date 20240625, skipping.
[2024-06-27T03:21:50.845+0000] {logging_mixin.py:188} INFO - File 20240623_dim_comments.csv does not match partition date 20240625, skipping.
[2024-06-27T03:21:50.847+0000] {logging_mixin.py:188} INFO - File 20240623_dim_like_comments.csv does not match partition date 20240625, skipping.
[2024-06-27T03:21:50.848+0000] {taskinstance.py:441} INFO - ::group::Post task execution logs
[2024-06-27T03:21:50.870+0000] {taskinstance.py:1206} INFO - Marking task as SUCCESS. dag_id=coba_ds_v3, task_id=load_gbq, run_id=scheduled__2024-06-25T00:00:00+00:00, execution_date=20240625T000000, start_date=20240627T032119, end_date=20240627T032150
[2024-06-27T03:21:50.927+0000] {local_task_job_runner.py:240} INFO - Task exited with return code 0
[2024-06-27T03:21:50.942+0000] {taskinstance.py:3503} INFO - 0 downstream tasks scheduled from follow-on schedule check
[2024-06-27T03:21:50.944+0000] {local_task_job_runner.py:222} INFO - ::endgroup::
