[2024-06-26T22:41:01.639+0000] {local_task_job_runner.py:120} INFO - ::group::Pre task execution logs
[2024-06-26T22:41:01.708+0000] {taskinstance.py:2076} INFO - Dependencies all met for dep_context=non-requeueable deps ti=<TaskInstance: coba_ds_v7.load_file_local scheduled__2024-06-25T00:00:00+00:00 [queued]>
[2024-06-26T22:41:01.735+0000] {taskinstance.py:2076} INFO - Dependencies all met for dep_context=requeueable deps ti=<TaskInstance: coba_ds_v7.load_file_local scheduled__2024-06-25T00:00:00+00:00 [queued]>
[2024-06-26T22:41:01.736+0000] {taskinstance.py:2306} INFO - Starting attempt 1 of 4
[2024-06-26T22:41:01.780+0000] {taskinstance.py:2330} INFO - Executing <Task(LoadFileLocal): load_file_local> on 2024-06-25 00:00:00+00:00
[2024-06-26T22:41:01.811+0000] {warnings.py:112} WARNING - /home/***/.local/lib/python3.12/site-packages/***/task/task_runner/standard_task_runner.py:61: DeprecationWarning: This process (pid=1226) is multi-threaded, use of fork() may lead to deadlocks in the child.
  pid = os.fork()

[2024-06-26T22:41:01.814+0000] {standard_task_runner.py:63} INFO - Started process 1249 to run task
[2024-06-26T22:41:01.816+0000] {standard_task_runner.py:90} INFO - Running: ['***', 'tasks', 'run', 'coba_ds_v7', 'load_file_local', 'scheduled__2024-06-25T00:00:00+00:00', '--job-id', '96', '--raw', '--subdir', 'DAGS_FOLDER/etl_dags.py', '--cfg-path', '/tmp/tmp9b16g0yn']
[2024-06-26T22:41:01.826+0000] {standard_task_runner.py:91} INFO - Job 96: Subtask load_file_local
[2024-06-26T22:41:01.964+0000] {task_command.py:426} INFO - Running <TaskInstance: coba_ds_v7.load_file_local scheduled__2024-06-25T00:00:00+00:00 [running]> on host 7ecff3f83b62
[2024-06-26T22:41:02.293+0000] {taskinstance.py:2648} INFO - Exporting env vars: AIRFLOW_CTX_DAG_OWNER='Kelompok 5 Capstone DE' AIRFLOW_CTX_DAG_ID='coba_ds_v7' AIRFLOW_CTX_TASK_ID='load_file_local' AIRFLOW_CTX_EXECUTION_DATE='2024-06-25T00:00:00+00:00' AIRFLOW_CTX_TRY_NUMBER='1' AIRFLOW_CTX_DAG_RUN_ID='scheduled__2024-06-25T00:00:00+00:00'
[2024-06-26T22:41:02.302+0000] {taskinstance.py:430} INFO - ::endgroup::
[2024-06-26T22:41:02.700+0000] {logging_mixin.py:188} INFO - Data dari tabel 'fact_donation_transaction' telah disimpan ke file 'dags/data_loaded/fact/fact_donation_transaction/20240625_fact_donation_transaction.csv'.
[2024-06-26T22:41:02.702+0000] {logging_mixin.py:188} INFO - DataFrame 'fact_volunteer_applications' kosong. Tidak disimpan ke file CSV.
[2024-06-26T22:41:02.702+0000] {logging_mixin.py:188} INFO - DataFrame 'fact_volunteer_testimoni' kosong. Tidak disimpan ke file CSV.
[2024-06-26T22:41:02.703+0000] {logging_mixin.py:188} INFO - DataFrame 'fact_article_popular' kosong. Tidak disimpan ke file CSV.
[2024-06-26T22:41:02.704+0000] {logging_mixin.py:188} INFO - DataFrame 'fact_bookmark_fundraising' kosong. Tidak disimpan ke file CSV.
[2024-06-26T22:41:02.705+0000] {logging_mixin.py:188} INFO - DataFrame 'fact_bookmark_volunteer_vacancies' kosong. Tidak disimpan ke file CSV.
[2024-06-26T22:41:02.724+0000] {logging_mixin.py:188} INFO - Data dari tabel 'dim_fundraisings' telah disimpan ke file 'dags/data_loaded/dim/dim_fundraisings/20240625_dim_fundraisings.csv'.
[2024-06-26T22:41:02.725+0000] {logging_mixin.py:188} INFO - DataFrame 'dim_fundraising_categories' kosong. Tidak disimpan ke file CSV.
[2024-06-26T22:41:02.759+0000] {logging_mixin.py:188} INFO - Data dari tabel 'dim_donation_manual' telah disimpan ke file 'dags/data_loaded/dim/dim_donation_manual/20240625_dim_donation_manual.csv'.
[2024-06-26T22:41:02.775+0000] {logging_mixin.py:188} INFO - Data dari tabel 'dim_organization' telah disimpan ke file 'dags/data_loaded/dim/dim_organization/20240625_dim_organization.csv'.
[2024-06-26T22:41:02.794+0000] {logging_mixin.py:188} INFO - Data dari tabel 'dim_user' telah disimpan ke file 'dags/data_loaded/dim/dim_user/20240625_dim_user.csv'.
[2024-06-26T22:41:02.796+0000] {logging_mixin.py:188} INFO - DataFrame 'dim_volunteer_applictaion' kosong. Tidak disimpan ke file CSV.
[2024-06-26T22:41:02.819+0000] {logging_mixin.py:188} INFO - Data dari tabel 'dim_volunteer_vacancies' telah disimpan ke file 'dags/data_loaded/dim/dim_volunteer_vacancies/20240625_dim_volunteer_vacancies.csv'.
[2024-06-26T22:41:02.824+0000] {logging_mixin.py:188} INFO - DataFrame 'dim_testimoni_volunteer' kosong. Tidak disimpan ke file CSV.
[2024-06-26T22:41:02.854+0000] {logging_mixin.py:188} INFO - Data dari tabel 'dim_article' telah disimpan ke file 'dags/data_loaded/dim/dim_article/20240625_dim_article.csv'.
[2024-06-26T22:41:02.855+0000] {logging_mixin.py:188} INFO - DataFrame 'dim_bookmark_fundraising' kosong. Tidak disimpan ke file CSV.
[2024-06-26T22:41:02.856+0000] {logging_mixin.py:188} INFO - DataFrame 'dim_bookmark_volunter_vacancies' kosong. Tidak disimpan ke file CSV.
[2024-06-26T22:41:02.857+0000] {logging_mixin.py:188} INFO - DataFrame 'dim_bookmark_article' kosong. Tidak disimpan ke file CSV.
[2024-06-26T22:41:02.857+0000] {logging_mixin.py:188} INFO - DataFrame 'dim_comments' kosong. Tidak disimpan ke file CSV.
[2024-06-26T22:41:02.858+0000] {logging_mixin.py:188} INFO - DataFrame 'dim_like_comments' kosong. Tidak disimpan ke file CSV.
[2024-06-26T22:41:02.859+0000] {taskinstance.py:441} INFO - ::group::Post task execution logs
[2024-06-26T22:41:02.907+0000] {taskinstance.py:1206} INFO - Marking task as SUCCESS. dag_id=coba_ds_v7, task_id=load_file_local, run_id=scheduled__2024-06-25T00:00:00+00:00, execution_date=20240625T000000, start_date=20240626T224101, end_date=20240626T224102
[2024-06-26T22:41:02.987+0000] {local_task_job_runner.py:240} INFO - Task exited with return code 0
[2024-06-26T22:41:03.035+0000] {taskinstance.py:3503} INFO - 0 downstream tasks scheduled from follow-on schedule check
[2024-06-26T22:41:03.045+0000] {local_task_job_runner.py:222} INFO - ::endgroup::
