[2024-06-26T14:12:16.364+0000] {local_task_job_runner.py:120} INFO - ::group::Pre task execution logs
[2024-06-26T14:12:16.431+0000] {taskinstance.py:2076} INFO - Dependencies all met for dep_context=non-requeueable deps ti=<TaskInstance: peduli_pintar_elt_all_dags_v1.load_db_local scheduled__2024-06-24T00:00:00+00:00 [queued]>
[2024-06-26T14:12:16.463+0000] {taskinstance.py:2076} INFO - Dependencies all met for dep_context=requeueable deps ti=<TaskInstance: peduli_pintar_elt_all_dags_v1.load_db_local scheduled__2024-06-24T00:00:00+00:00 [queued]>
[2024-06-26T14:12:16.465+0000] {taskinstance.py:2306} INFO - Starting attempt 2 of 5
[2024-06-26T14:12:16.544+0000] {taskinstance.py:2330} INFO - Executing <Task(LoadDatabaseLocal): load_db_local> on 2024-06-24 00:00:00+00:00
[2024-06-26T14:12:16.569+0000] {warnings.py:112} WARNING - /home/***/.local/lib/python3.12/site-packages/***/task/task_runner/standard_task_runner.py:61: DeprecationWarning: This process (pid=263) is multi-threaded, use of fork() may lead to deadlocks in the child.
  pid = os.fork()

[2024-06-26T14:12:16.572+0000] {standard_task_runner.py:63} INFO - Started process 275 to run task
[2024-06-26T14:12:16.575+0000] {standard_task_runner.py:90} INFO - Running: ['***', 'tasks', 'run', 'peduli_pintar_elt_all_dags_v1', 'load_db_local', 'scheduled__2024-06-24T00:00:00+00:00', '--job-id', '22', '--raw', '--subdir', 'DAGS_FOLDER/etl_all_dags.py', '--cfg-path', '/tmp/tmpfyxd1sb3']
[2024-06-26T14:12:16.581+0000] {standard_task_runner.py:91} INFO - Job 22: Subtask load_db_local
[2024-06-26T14:12:16.688+0000] {task_command.py:426} INFO - Running <TaskInstance: peduli_pintar_elt_all_dags_v1.load_db_local scheduled__2024-06-24T00:00:00+00:00 [running]> on host 7ecff3f83b62
[2024-06-26T14:12:16.861+0000] {taskinstance.py:2648} INFO - Exporting env vars: AIRFLOW_CTX_DAG_OWNER='Kelompok 5 Capstone DE' AIRFLOW_CTX_DAG_ID='peduli_pintar_elt_all_dags_v1' AIRFLOW_CTX_TASK_ID='load_db_local' AIRFLOW_CTX_EXECUTION_DATE='2024-06-24T00:00:00+00:00' AIRFLOW_CTX_TRY_NUMBER='2' AIRFLOW_CTX_DAG_RUN_ID='scheduled__2024-06-24T00:00:00+00:00'
[2024-06-26T14:12:16.863+0000] {taskinstance.py:430} INFO - ::endgroup::
[2024-06-26T14:12:16.926+0000] {base.py:84} INFO - Using connection ID 'mysql_default' for task execution.
[2024-06-26T14:12:17.033+0000] {etl_all_operator.py:382} INFO - Connected to MySQL database 'peduli_pintar' on server 'IkaPurwanti'
[2024-06-26T14:12:17.036+0000] {etl_all_operator.py:388} INFO - Connection to MySQL with connection ID 'mysql_default' is successful.
[2024-06-26T14:12:17.037+0000] {etl_all_operator.py:507} INFO - Connection DB sukses!!!
[2024-06-26T14:12:17.619+0000] {base.py:84} INFO - Using connection ID 'mysql_default' for task execution.
[2024-06-26T14:12:21.131+0000] {etl_all_operator.py:495} INFO - Data berhasil disimpan ke tabel-tabel dalam database 'peduli_pintar'.
[2024-06-26T14:12:21.133+0000] {etl_all_operator.py:517} INFO - Data insertion completed successfully.
[2024-06-26T14:12:21.135+0000] {taskinstance.py:441} INFO - ::group::Post task execution logs
[2024-06-26T14:12:21.152+0000] {taskinstance.py:1206} INFO - Marking task as SUCCESS. dag_id=peduli_pintar_elt_all_dags_v1, task_id=load_db_local, run_id=scheduled__2024-06-24T00:00:00+00:00, execution_date=20240624T000000, start_date=20240626T141216, end_date=20240626T141221
[2024-06-26T14:12:21.238+0000] {local_task_job_runner.py:240} INFO - Task exited with return code 0
[2024-06-26T14:12:21.265+0000] {taskinstance.py:3503} INFO - 0 downstream tasks scheduled from follow-on schedule check
[2024-06-26T14:12:21.268+0000] {local_task_job_runner.py:222} INFO - ::endgroup::
