[2024-06-26T07:25:42.090+0000] {local_task_job_runner.py:120} INFO - ::group::Pre task execution logs
[2024-06-26T07:25:42.163+0000] {taskinstance.py:2076} INFO - Dependencies all met for dep_context=non-requeueable deps ti=<TaskInstance: coba.cleaning_raw_data scheduled__2024-06-23T00:00:00+00:00 [queued]>
[2024-06-26T07:25:42.203+0000] {taskinstance.py:2076} INFO - Dependencies all met for dep_context=requeueable deps ti=<TaskInstance: coba.cleaning_raw_data scheduled__2024-06-23T00:00:00+00:00 [queued]>
[2024-06-26T07:25:42.205+0000] {taskinstance.py:2306} INFO - Starting attempt 1 of 4
[2024-06-26T07:25:42.236+0000] {taskinstance.py:2330} INFO - Executing <Task(CleaningData): cleaning_raw_data> on 2024-06-23 00:00:00+00:00
[2024-06-26T07:25:42.262+0000] {warnings.py:112} WARNING - /home/***/.local/lib/python3.12/site-packages/***/task/task_runner/standard_task_runner.py:61: DeprecationWarning: This process (pid=201) is multi-threaded, use of fork() may lead to deadlocks in the child.
  pid = os.fork()

[2024-06-26T07:25:42.265+0000] {standard_task_runner.py:63} INFO - Started process 209 to run task
[2024-06-26T07:25:42.265+0000] {standard_task_runner.py:90} INFO - Running: ['***', 'tasks', 'run', 'coba', 'cleaning_raw_data', 'scheduled__2024-06-23T00:00:00+00:00', '--job-id', '232', '--raw', '--subdir', 'DAGS_FOLDER/etl_all_dags.py', '--cfg-path', '/tmp/tmphmbefbha']
[2024-06-26T07:25:42.270+0000] {standard_task_runner.py:91} INFO - Job 232: Subtask cleaning_raw_data
[2024-06-26T07:25:42.370+0000] {task_command.py:426} INFO - Running <TaskInstance: coba.cleaning_raw_data scheduled__2024-06-23T00:00:00+00:00 [running]> on host a8f5caccc1b1
[2024-06-26T07:25:42.598+0000] {taskinstance.py:2648} INFO - Exporting env vars: AIRFLOW_CTX_DAG_OWNER='Kelompok 5 Capstone DE' AIRFLOW_CTX_DAG_ID='coba' AIRFLOW_CTX_TASK_ID='cleaning_raw_data' AIRFLOW_CTX_EXECUTION_DATE='2024-06-23T00:00:00+00:00' AIRFLOW_CTX_TRY_NUMBER='1' AIRFLOW_CTX_DAG_RUN_ID='scheduled__2024-06-23T00:00:00+00:00'
[2024-06-26T07:25:42.603+0000] {taskinstance.py:430} INFO - ::endgroup::
[2024-06-26T07:25:43.454+0000] {logging_mixin.py:188} INFO - 196
[2024-06-26T07:25:43.468+0000] {logging_mixin.py:188} INFO - Tidak ada data duplikat pada Donation
[2024-06-26T07:25:43.495+0000] {logging_mixin.py:188} INFO - Tidak ada missing value dalam Donation
[2024-06-26T07:25:43.503+0000] {logging_mixin.py:188} INFO - id                0
created_at        0
user_id           0
amount            0
status            0
image_payment     0
fundraising_id    0
dtype: int64
[2024-06-26T07:25:43.504+0000] {logging_mixin.py:188} INFO - 35
[2024-06-26T07:25:43.508+0000] {logging_mixin.py:188} INFO - Tidak ada data duplikat pada Fundraising
[2024-06-26T07:25:43.527+0000] {logging_mixin.py:188} INFO - Tidak ada missing value dalam Fundraising
[2024-06-26T07:25:43.531+0000] {logging_mixin.py:188} INFO - id                         0
created_at                 0
fundraising_category_id    0
organization_id            0
title                      0
image_url                  0
description                0
status                     0
goal_amount                0
current_progress           0
start_date                 0
end_date                   0
dtype: int64
[2024-06-26T07:25:43.534+0000] {logging_mixin.py:188} INFO - 134
[2024-06-26T07:25:43.537+0000] {logging_mixin.py:188} INFO - Tidak ada data duplikat pada Application
[2024-06-26T07:25:43.554+0000] {logging_mixin.py:188} INFO - Tidak ada missing value dalam Application
[2024-06-26T07:25:43.558+0000] {logging_mixin.py:188} INFO - id              0
created_at      0
ig_image_url    0
yt_image_url    0
user_id         0
vacancy_id      0
job             0
reason          0
age             0
dtype: int64
[2024-06-26T07:25:43.559+0000] {logging_mixin.py:188} INFO - 23
[2024-06-26T07:25:43.564+0000] {logging_mixin.py:188} INFO - Tidak ada data duplikat pada Volunteer_Vacancies
[2024-06-26T07:25:43.575+0000] {logging_mixin.py:188} INFO - Terdapat missing value dalam Volunteer_Vacancies
[2024-06-26T07:25:43.579+0000] {logging_mixin.py:188} INFO - id                        0
created_at                0
title                     0
organization_id           0
content_activity          0
location                  3
start_date                0
end_date                  0
target_volunteer          0
registered_volunteer      0
registration_deadline     0
image_url                 0
status                    0
link_wa                  20
dtype: int64
[2024-06-26T07:25:43.587+0000] {logging_mixin.py:188} INFO - 31
[2024-06-26T07:25:43.589+0000] {logging_mixin.py:188} INFO - Tidak ada data duplikat pada Testimoni_Volunteer
[2024-06-26T07:25:43.602+0000] {logging_mixin.py:188} INFO - Tidak ada missing value dalam Testimoni_Volunteer
[2024-06-26T07:25:43.605+0000] {logging_mixin.py:188} INFO - id            0
created_at    0
user_id       0
vacancy_id    0
testimoni     0
rating        0
dtype: int64
[2024-06-26T07:25:43.606+0000] {logging_mixin.py:188} INFO - 46
[2024-06-26T07:25:43.608+0000] {logging_mixin.py:188} INFO - Tidak ada data duplikat pada Bookmark_Fundraising
[2024-06-26T07:25:43.620+0000] {logging_mixin.py:188} INFO - Tidak ada missing value dalam Bookmark_Fundraising
[2024-06-26T07:25:43.622+0000] {logging_mixin.py:188} INFO - id                0
created_at        0
user_id           0
fundraising_id    0
dtype: int64
[2024-06-26T07:25:43.623+0000] {logging_mixin.py:188} INFO - 42
[2024-06-26T07:25:43.625+0000] {logging_mixin.py:188} INFO - Tidak ada data duplikat pada Bookmark_Volunteer
[2024-06-26T07:25:43.635+0000] {logging_mixin.py:188} INFO - Terdapat missing value dalam Bookmark_Volunteer
[2024-06-26T07:25:43.638+0000] {logging_mixin.py:188} INFO - id                         0
created_at                 0
user_id                    0
volunteer_vacancies_id     0
volunteer_vacancy_id      42
dtype: int64
[2024-06-26T07:25:43.640+0000] {logging_mixin.py:188} INFO - 29
[2024-06-26T07:25:43.645+0000] {logging_mixin.py:188} INFO - Tidak ada data duplikat pada Article
[2024-06-26T07:25:43.659+0000] {logging_mixin.py:188} INFO - Terdapat missing value dalam Article
[2024-06-26T07:25:43.662+0000] {logging_mixin.py:188} INFO - id            0
created_at    0
admin_id      6
title         0
content       0
image_url     0
dtype: int64
[2024-06-26T07:25:43.664+0000] {logging_mixin.py:188} INFO - 4
[2024-06-26T07:25:43.669+0000] {logging_mixin.py:188} INFO - Tidak ada data duplikat pada Fundraising_Categories
[2024-06-26T07:25:43.675+0000] {logging_mixin.py:188} INFO - Tidak ada missing value dalam Fundraising_Categories
[2024-06-26T07:25:43.678+0000] {logging_mixin.py:188} INFO - id            0
created_at    0
name          0
dtype: int64
[2024-06-26T07:25:43.678+0000] {logging_mixin.py:188} INFO - 132
[2024-06-26T07:25:43.682+0000] {logging_mixin.py:188} INFO - Tidak ada data duplikat pada User
[2024-06-26T07:25:43.692+0000] {logging_mixin.py:188} INFO - Terdapat missing value dalam User
[2024-06-26T07:25:43.694+0000] {logging_mixin.py:188} INFO - id               0
created_at       0
fullname         0
username         0
email            0
password         0
avatar           0
reset_token    126
no_telp          0
otp            126
dtype: int64
[2024-06-26T07:25:43.699+0000] {logging_mixin.py:188} INFO - 16
[2024-06-26T07:25:43.701+0000] {logging_mixin.py:188} INFO - Tidak ada data duplikat pada Organization
[2024-06-26T07:25:43.709+0000] {logging_mixin.py:188} INFO - Terdapat missing value dalam Organization
[2024-06-26T07:25:43.711+0000] {logging_mixin.py:188} INFO - id              0
created_at      0
name            0
description     0
avatar          0
is_verified     0
contact        15
start_date      0
website         0
instagram       0
no_rekening     0
dtype: int64
[2024-06-26T07:25:43.715+0000] {logging_mixin.py:188} INFO - 61
[2024-06-26T07:25:43.717+0000] {logging_mixin.py:188} INFO - Tidak ada data duplikat pada Bookmark_Articles
[2024-06-26T07:25:43.725+0000] {logging_mixin.py:188} INFO - Tidak ada missing value dalam Bookmark_Articles
[2024-06-26T07:25:43.727+0000] {logging_mixin.py:188} INFO - id            0
created_at    0
user_id       0
article_id    0
dtype: int64
[2024-06-26T07:25:43.728+0000] {logging_mixin.py:188} INFO - 55
[2024-06-26T07:25:43.730+0000] {logging_mixin.py:188} INFO - Tidak ada data duplikat pada Comments
[2024-06-26T07:25:43.736+0000] {logging_mixin.py:188} INFO - Tidak ada missing value dalam Comments
[2024-06-26T07:25:43.739+0000] {logging_mixin.py:188} INFO - id             0
created_at     0
user_id        0
article_id     0
comment        0
total_likes    0
dtype: int64
[2024-06-26T07:25:43.740+0000] {logging_mixin.py:188} INFO - 107
[2024-06-26T07:25:43.742+0000] {logging_mixin.py:188} INFO - Tidak ada data duplikat pada Like Comments
[2024-06-26T07:25:43.748+0000] {logging_mixin.py:188} INFO - Tidak ada missing value dalam Like Comments
[2024-06-26T07:25:43.751+0000] {logging_mixin.py:188} INFO - id            0
created_at    0
user_id       0
comment_id    0
dtype: int64
[2024-06-26T07:25:43.844+0000] {taskinstance.py:441} INFO - ::group::Post task execution logs
[2024-06-26T07:25:43.929+0000] {taskinstance.py:1206} INFO - Marking task as SUCCESS. dag_id=coba, task_id=cleaning_raw_data, run_id=scheduled__2024-06-23T00:00:00+00:00, execution_date=20240623T000000, start_date=20240626T072542, end_date=20240626T072543
[2024-06-26T07:25:43.983+0000] {local_task_job_runner.py:240} INFO - Task exited with return code 0
[2024-06-26T07:25:43.995+0000] {local_task_job_runner.py:222} INFO - ::endgroup::
