[2024-06-26T22:40:58.787+0000] {local_task_job_runner.py:120} INFO - ::group::Pre task execution logs
[2024-06-26T22:40:58.979+0000] {taskinstance.py:2076} INFO - Dependencies all met for dep_context=non-requeueable deps ti=<TaskInstance: coba_ds_v7.cleaning_raw_data scheduled__2024-06-24T00:00:00+00:00 [queued]>
[2024-06-26T22:40:59.046+0000] {taskinstance.py:2076} INFO - Dependencies all met for dep_context=requeueable deps ti=<TaskInstance: coba_ds_v7.cleaning_raw_data scheduled__2024-06-24T00:00:00+00:00 [queued]>
[2024-06-26T22:40:59.052+0000] {taskinstance.py:2306} INFO - Starting attempt 1 of 4
[2024-06-26T22:40:59.313+0000] {taskinstance.py:2330} INFO - Executing <Task(CleaningData): cleaning_raw_data> on 2024-06-24 00:00:00+00:00
[2024-06-26T22:40:59.385+0000] {warnings.py:112} WARNING - /home/***/.local/lib/python3.12/site-packages/***/task/task_runner/standard_task_runner.py:61: DeprecationWarning: This process (pid=1213) is multi-threaded, use of fork() may lead to deadlocks in the child.
  pid = os.fork()

[2024-06-26T22:40:59.409+0000] {standard_task_runner.py:63} INFO - Started process 1229 to run task
[2024-06-26T22:40:59.390+0000] {standard_task_runner.py:90} INFO - Running: ['***', 'tasks', 'run', 'coba_ds_v7', 'cleaning_raw_data', 'scheduled__2024-06-24T00:00:00+00:00', '--job-id', '94', '--raw', '--subdir', 'DAGS_FOLDER/etl_dags.py', '--cfg-path', '/tmp/tmpm6w3avwm']
[2024-06-26T22:40:59.437+0000] {standard_task_runner.py:91} INFO - Job 94: Subtask cleaning_raw_data
[2024-06-26T22:40:59.903+0000] {task_command.py:426} INFO - Running <TaskInstance: coba_ds_v7.cleaning_raw_data scheduled__2024-06-24T00:00:00+00:00 [running]> on host 7ecff3f83b62
[2024-06-26T22:41:00.354+0000] {taskinstance.py:2648} INFO - Exporting env vars: AIRFLOW_CTX_DAG_OWNER='Kelompok 5 Capstone DE' AIRFLOW_CTX_DAG_ID='coba_ds_v7' AIRFLOW_CTX_TASK_ID='cleaning_raw_data' AIRFLOW_CTX_EXECUTION_DATE='2024-06-24T00:00:00+00:00' AIRFLOW_CTX_TRY_NUMBER='1' AIRFLOW_CTX_DAG_RUN_ID='scheduled__2024-06-24T00:00:00+00:00'
[2024-06-26T22:41:00.361+0000] {taskinstance.py:430} INFO - ::endgroup::
[2024-06-26T22:41:00.869+0000] {logging_mixin.py:188} INFO - Tidak ada data duplikat pada Donation
[2024-06-26T22:41:00.894+0000] {logging_mixin.py:188} INFO - Tidak ada missing value dalam Donation
[2024-06-26T22:41:00.901+0000] {logging_mixin.py:188} INFO - id                0
created_at        0
user_id           0
amount            0
status            0
image_payment     0
fundraising_id    0
dtype: int64
[2024-06-26T22:41:00.909+0000] {logging_mixin.py:188} INFO - Tidak ada data duplikat pada Fundraising
[2024-06-26T22:41:00.921+0000] {logging_mixin.py:188} INFO - Tidak ada missing value dalam Fundraising
[2024-06-26T22:41:00.926+0000] {logging_mixin.py:188} INFO - id                         0
created_at                 0
fundraising_category_id    0
organization_id            0
title                      0
image_url                  0
description                0
status                     0
goal_amount                0
current_progress           0
start_date                 0
end_date                   0
dtype: int64
[2024-06-26T22:41:00.934+0000] {logging_mixin.py:188} INFO - Tidak ada data duplikat pada Application
[2024-06-26T22:41:00.945+0000] {logging_mixin.py:188} INFO - Tidak ada missing value dalam Application
[2024-06-26T22:41:00.950+0000] {logging_mixin.py:188} INFO - id              0
created_at      0
ig_image_url    0
yt_image_url    0
user_id         0
vacancy_id      0
job             0
reason          0
age             0
dtype: int64
[2024-06-26T22:41:00.962+0000] {logging_mixin.py:188} INFO - Tidak ada data duplikat pada Volunteer_Vacancies
[2024-06-26T22:41:00.977+0000] {logging_mixin.py:188} INFO - Terdapat missing value dalam Volunteer_Vacancies
[2024-06-26T22:41:00.984+0000] {logging_mixin.py:188} INFO - id                       0
created_at               0
title                    0
organization_id          0
content_activity         0
location                 1
start_date               0
end_date                 0
target_volunteer         0
registered_volunteer     0
registration_deadline    0
image_url                0
status                   0
link_wa                  3
dtype: int64
[2024-06-26T22:41:00.999+0000] {logging_mixin.py:188} INFO - Tidak ada data duplikat pada Testimoni_Volunteer
[2024-06-26T22:41:01.009+0000] {logging_mixin.py:188} INFO - Tidak ada missing value dalam Testimoni_Volunteer
[2024-06-26T22:41:01.012+0000] {logging_mixin.py:188} INFO - id            0
created_at    0
user_id       0
vacancy_id    0
testimoni     0
rating        0
dtype: int64
[2024-06-26T22:41:01.019+0000] {logging_mixin.py:188} INFO - Tidak ada data duplikat pada Bookmark_Fundraising
[2024-06-26T22:41:01.027+0000] {logging_mixin.py:188} INFO - Tidak ada missing value dalam Bookmark_Fundraising
[2024-06-26T22:41:01.030+0000] {logging_mixin.py:188} INFO - id                0
created_at        0
user_id           0
fundraising_id    0
dtype: int64
[2024-06-26T22:41:01.039+0000] {logging_mixin.py:188} INFO - Tidak ada data duplikat pada Bookmark_Volunteer
[2024-06-26T22:41:01.049+0000] {logging_mixin.py:188} INFO - Terdapat missing value dalam Bookmark_Volunteer
[2024-06-26T22:41:01.052+0000] {logging_mixin.py:188} INFO - id                        0
created_at                0
user_id                   0
volunteer_vacancies_id    0
volunteer_vacancy_id      2
dtype: int64
[2024-06-26T22:41:01.061+0000] {logging_mixin.py:188} INFO - Tidak ada data duplikat pada Article
[2024-06-26T22:41:01.076+0000] {logging_mixin.py:188} INFO - Terdapat missing value dalam Article
[2024-06-26T22:41:01.080+0000] {logging_mixin.py:188} INFO - id            0
created_at    0
admin_id      1
title         0
content       0
image_url     0
dtype: int64
[2024-06-26T22:41:01.082+0000] {logging_mixin.py:188} INFO - Fundraising_Categories is None or empty. Skipping.
[2024-06-26T22:41:01.090+0000] {logging_mixin.py:188} INFO - Tidak ada data duplikat pada User
[2024-06-26T22:41:01.100+0000] {logging_mixin.py:188} INFO - Terdapat missing value dalam User
[2024-06-26T22:41:01.104+0000] {logging_mixin.py:188} INFO - id              0
created_at      0
fullname        0
username        0
email           0
password        0
avatar          0
reset_token    10
no_telp         0
otp             8
dtype: int64
[2024-06-26T22:41:01.114+0000] {logging_mixin.py:188} INFO - Tidak ada data duplikat pada Organization
[2024-06-26T22:41:01.126+0000] {logging_mixin.py:188} INFO - Terdapat missing value dalam Organization
[2024-06-26T22:41:01.129+0000] {logging_mixin.py:188} INFO - id             0
created_at     0
name           0
description    0
avatar         0
is_verified    0
contact        1
start_date     0
website        0
instagram      0
no_rekening    0
dtype: int64
[2024-06-26T22:41:01.137+0000] {logging_mixin.py:188} INFO - Tidak ada data duplikat pada Bookmark_Articles
[2024-06-26T22:41:01.147+0000] {logging_mixin.py:188} INFO - Tidak ada missing value dalam Bookmark_Articles
[2024-06-26T22:41:01.150+0000] {logging_mixin.py:188} INFO - id            0
created_at    0
user_id       0
article_id    0
dtype: int64
[2024-06-26T22:41:01.151+0000] {logging_mixin.py:188} INFO - Comments is None or empty. Skipping.
[2024-06-26T22:41:01.152+0000] {logging_mixin.py:188} INFO - Like Comments is None or empty. Skipping.
[2024-06-26T22:41:01.438+0000] {taskinstance.py:441} INFO - ::group::Post task execution logs
[2024-06-26T22:41:01.573+0000] {taskinstance.py:1206} INFO - Marking task as SUCCESS. dag_id=coba_ds_v7, task_id=cleaning_raw_data, run_id=scheduled__2024-06-24T00:00:00+00:00, execution_date=20240624T000000, start_date=20240626T224058, end_date=20240626T224101
[2024-06-26T22:41:01.707+0000] {local_task_job_runner.py:240} INFO - Task exited with return code 0
[2024-06-26T22:41:01.785+0000] {taskinstance.py:3503} INFO - 1 downstream tasks scheduled from follow-on schedule check
[2024-06-26T22:41:01.793+0000] {local_task_job_runner.py:222} INFO - ::endgroup::
