[2024-06-26T22:41:06.837+0000] {local_task_job_runner.py:120} INFO - ::group::Pre task execution logs
[2024-06-26T22:41:06.902+0000] {taskinstance.py:2076} INFO - Dependencies all met for dep_context=non-requeueable deps ti=<TaskInstance: coba_ds_v7.transform_dw_schema scheduled__2024-06-24T00:00:00+00:00 [queued]>
[2024-06-26T22:41:06.921+0000] {taskinstance.py:2076} INFO - Dependencies all met for dep_context=requeueable deps ti=<TaskInstance: coba_ds_v7.transform_dw_schema scheduled__2024-06-24T00:00:00+00:00 [queued]>
[2024-06-26T22:41:06.925+0000] {taskinstance.py:2306} INFO - Starting attempt 1 of 4
[2024-06-26T22:41:06.954+0000] {taskinstance.py:2330} INFO - Executing <Task(TransformationDataWarehouseSchema): transform_dw_schema> on 2024-06-24 00:00:00+00:00
[2024-06-26T22:41:06.981+0000] {warnings.py:112} WARNING - /home/***/.local/lib/python3.12/site-packages/***/task/task_runner/standard_task_runner.py:61: DeprecationWarning: This process (pid=1250) is multi-threaded, use of fork() may lead to deadlocks in the child.
  pid = os.fork()

[2024-06-26T22:41:06.983+0000] {standard_task_runner.py:63} INFO - Started process 1264 to run task
[2024-06-26T22:41:06.986+0000] {standard_task_runner.py:90} INFO - Running: ['***', 'tasks', 'run', 'coba_ds_v7', 'transform_dw_schema', 'scheduled__2024-06-24T00:00:00+00:00', '--job-id', '98', '--raw', '--subdir', 'DAGS_FOLDER/etl_dags.py', '--cfg-path', '/tmp/tmp0hbj3ly5']
[2024-06-26T22:41:06.995+0000] {standard_task_runner.py:91} INFO - Job 98: Subtask transform_dw_schema
[2024-06-26T22:41:07.101+0000] {task_command.py:426} INFO - Running <TaskInstance: coba_ds_v7.transform_dw_schema scheduled__2024-06-24T00:00:00+00:00 [running]> on host 7ecff3f83b62
[2024-06-26T22:41:07.400+0000] {taskinstance.py:2648} INFO - Exporting env vars: AIRFLOW_CTX_DAG_OWNER='Kelompok 5 Capstone DE' AIRFLOW_CTX_DAG_ID='coba_ds_v7' AIRFLOW_CTX_TASK_ID='transform_dw_schema' AIRFLOW_CTX_EXECUTION_DATE='2024-06-24T00:00:00+00:00' AIRFLOW_CTX_TRY_NUMBER='1' AIRFLOW_CTX_DAG_RUN_ID='scheduled__2024-06-24T00:00:00+00:00'
[2024-06-26T22:41:07.403+0000] {taskinstance.py:430} INFO - ::endgroup::
[2024-06-26T22:41:07.915+0000] {logging_mixin.py:188} INFO - [   id  created_at  updated_at  ... current_progress  start_date    end_date
0  19  2024-06-06  2024-06-24  ...          5397000  2024-04-01  2024-12-31
1  64  2024-06-12  2024-06-24  ...           100000  2024-06-13  2025-06-26
2  81  2024-06-24  2024-06-24  ...                0  2024-06-25  2024-07-20

[3 rows x 12 columns], Empty DataFrame
Columns: []
Index: [],     id  created_at  ...   status                                      image_payment
0  202  2024-06-24  ...  pending  https://res.cloudinary.com/dvrhf8d9t/image/upl...
1  203  2024-06-24  ...  pending  https://res.cloudinary.com/dvrhf8d9t/image/upl...
2  204  2024-06-24  ...   sukses  https://res.cloudinary.com/dvrhf8d9t/image/upl...
3  205  2024-06-24  ...   sukses  https://res.cloudinary.com/dvrhf8d9t/image/upl...
4  206  2024-06-24  ...  pending  https://res.cloudinary.com/dvrhf8d9t/image/upl...
5  207  2024-06-24  ...  pending  https://res.cloudinary.com/dvrhf8d9t/image/upl...
6  208  2024-06-24  ...  pending  https://res.cloudinary.com/dvrhf8d9t/image/upl...
7  209  2024-06-24  ...  pending  https://res.cloudinary.com/dvrhf8d9t/image/upl...
8  210  2024-06-24  ...  pending  https://res.cloudinary.com/dvrhf8d9t/image/upl...

[9 rows x 7 columns],    id  created_at  updated_at  ...          website     instagram no_rekening
0  24  2024-06-24  2024-06-24  ...  PeduliHijau.com  Peduli_Hijau    12345678

[1 rows x 12 columns],     id  created_at  updated_at  ... reset_token        no_telp       otp
0  125  2024-06-15  2024-06-24  ...         NaN    96585475456  428856.0
1  127  2024-06-18  2024-06-24  ...         NaN     3254467658       NaN
2  166  2024-06-24  2024-06-24  ...         NaN   823456789111  385372.0
3  167  2024-06-24  2024-06-24  ...         NaN   865734543532       NaN
4  168  2024-06-24  2024-06-24  ...         NaN    86573454332       NaN
5  169  2024-06-24  2024-06-24  ...         NaN   865734543332       NaN
6  170  2024-06-24  2024-06-24  ...         NaN  8657345325324       NaN
7  171  2024-06-24  2024-06-24  ...         NaN    81365707638       NaN
8  172  2024-06-24  2024-06-24  ...         NaN     8999999999       NaN
9  173  2024-06-24  2024-06-24  ...         NaN    85761641524       NaN

[10 rows x 12 columns],     id  created_at  ...                           reason            age
0  230  2024-06-24  ...  Ingin membantu membangun sumur   18 - 20 Tahun
1  231  2024-06-24  ...                             suka  21 - 25 Tahun
2  232  2024-06-24  ...               menambah aktivitas  21 - 25 Tahun
3  233  2024-06-24  ...     Ingin menambah produktivitas  21 - 25 Tahun

[4 rows x 9 columns],    id  created_at  ...  status  link_wa
0   4  2024-06-07  ...  active  Unknown
1  29  2024-06-07  ...  active  Unknown
2  30  2024-06-07  ...  active  Unknown
3  60  2024-06-24  ...  active  link.wa

[4 rows x 15 columns],    id  created_at  updated_at deleted_at     testimoni  rating
0  46  2024-06-24  2024-06-24       None  sangat seruu       4,    id  ...                                          image_url
0  54  ...  https://res.cloudinary.com/dvrhf8d9t/image/upl...

[1 rows x 8 columns],     id  created_at  updated_at  deleted_at
0  129  2024-06-24  2024-06-24  2024-06-24
1  130  2024-06-24  2024-06-24  2024-06-24
2  131  2024-06-24  2024-06-24  2024-06-24
3  132  2024-06-24  2024-06-24        None,    id  created_at  updated_at  deleted_at
0  98  2024-06-24  2024-06-24  2024-06-24
1  99  2024-06-24  2024-06-24        None,     id  created_at  updated_at  deleted_at
0  128  2024-06-24  2024-06-24        None
1  129  2024-06-24  2024-06-24  2024-06-24
2  130  2024-06-24  2024-06-24  2024-06-24, Empty DataFrame
Columns: []
Index: [], Empty DataFrame
Columns: []
Index: []]
[2024-06-26T22:41:07.978+0000] {logging_mixin.py:188} INFO - [   id  donation_id  fundraising_id  ...  organization_id  created_at  updated_at
0   1          204              19  ...              4.0  2024-06-24  2024-06-24
1   2          205              22  ...              NaN  2024-06-24  2024-06-25

[2 rows x 10 columns],    id  application_id  vacancy_id  ...  organization_id  created_at  updated_at
0   1             230          30  ...               13  2024-06-24  2024-06-24
1   2             231          29  ...                3  2024-06-24  2024-06-24
2   3             232          29  ...                3  2024-06-24  2024-06-24
3   4             233           4  ...               12  2024-06-24  2024-06-24

[4 rows x 7 columns],    id  user_id  vacancy_id  ...  rating  created_at  updated_at
0   1      127           4  ...       4  2024-06-24  2024-06-24

[1 rows x 7 columns],    id  article_id  bookmark_id  ...  like_comment_id  created_at  updated_at
0   1          54          128  ...              NaN  2024-06-24  2024-06-24
1   2           9          129  ...              NaN  2024-06-24  2024-06-24
2   3          52          130  ...              NaN  2024-06-24  2024-06-24

[3 rows x 8 columns],    id  bookmark_id  created_at  updated_at  user_id  fundraising_id
0   1          129  2024-06-24  2024-06-24      127              64
1   2          130  2024-06-24  2024-06-24      171              11
2   3          131  2024-06-24  2024-06-24      171              22
3   4          132  2024-06-24  2024-06-24      171              64,    id  bookmark_id  created_at  updated_at  user_id  volunteer_vacancies_id
0   1           98  2024-06-24  2024-06-24      127                       4
1   2           99  2024-06-24  2024-06-24      171                       4]
[2024-06-26T22:41:07.980+0000] {logging_mixin.py:188} INFO - Transform berhasil!!
[2024-06-26T22:41:07.981+0000] {taskinstance.py:441} INFO - ::group::Post task execution logs
[2024-06-26T22:41:08.089+0000] {taskinstance.py:1206} INFO - Marking task as SUCCESS. dag_id=coba_ds_v7, task_id=transform_dw_schema, run_id=scheduled__2024-06-24T00:00:00+00:00, execution_date=20240624T000000, start_date=20240626T224106, end_date=20240626T224108
[2024-06-26T22:41:08.168+0000] {local_task_job_runner.py:240} INFO - Task exited with return code 0
[2024-06-26T22:41:08.212+0000] {taskinstance.py:3503} INFO - 1 downstream tasks scheduled from follow-on schedule check
[2024-06-26T22:41:08.216+0000] {local_task_job_runner.py:222} INFO - ::endgroup::
