[2024-06-27T09:02:25.612+0000] {local_task_job_runner.py:120} INFO - ::group::Pre task execution logs
[2024-06-27T09:02:25.696+0000] {taskinstance.py:2076} INFO - Dependencies all met for dep_context=non-requeueable deps ti=<TaskInstance: peduli_pintar_etl_dags_v3.load_gbq scheduled__2024-06-24T00:00:00+00:00 [queued]>
[2024-06-27T09:02:25.755+0000] {taskinstance.py:2076} INFO - Dependencies all met for dep_context=requeueable deps ti=<TaskInstance: peduli_pintar_etl_dags_v3.load_gbq scheduled__2024-06-24T00:00:00+00:00 [queued]>
[2024-06-27T09:02:25.758+0000] {taskinstance.py:2306} INFO - Starting attempt 1 of 5
[2024-06-27T09:02:25.839+0000] {taskinstance.py:2330} INFO - Executing <Task(LoadGoogleBigQuery): load_gbq> on 2024-06-24 00:00:00+00:00
[2024-06-27T09:02:25.860+0000] {warnings.py:112} WARNING - /home/***/.local/lib/python3.12/site-packages/***/task/task_runner/standard_task_runner.py:61: DeprecationWarning: This process (pid=336) is multi-threaded, use of fork() may lead to deadlocks in the child.
  pid = os.fork()

[2024-06-27T09:02:25.863+0000] {standard_task_runner.py:63} INFO - Started process 348 to run task
[2024-06-27T09:02:25.863+0000] {standard_task_runner.py:90} INFO - Running: ['***', 'tasks', 'run', 'peduli_pintar_etl_dags_v3', 'load_gbq', 'scheduled__2024-06-24T00:00:00+00:00', '--job-id', '53', '--raw', '--subdir', 'DAGS_FOLDER/etl_dags.py', '--cfg-path', '/tmp/tmpff7evtnk']
[2024-06-27T09:02:25.869+0000] {standard_task_runner.py:91} INFO - Job 53: Subtask load_gbq
[2024-06-27T09:02:26.044+0000] {task_command.py:426} INFO - Running <TaskInstance: peduli_pintar_etl_dags_v3.load_gbq scheduled__2024-06-24T00:00:00+00:00 [running]> on host 3dad981482d5
[2024-06-27T09:02:26.241+0000] {taskinstance.py:2648} INFO - Exporting env vars: AIRFLOW_CTX_DAG_OWNER='Kelompok 5 Capstone DE' AIRFLOW_CTX_DAG_ID='peduli_pintar_etl_dags_v3' AIRFLOW_CTX_TASK_ID='load_gbq' AIRFLOW_CTX_EXECUTION_DATE='2024-06-24T00:00:00+00:00' AIRFLOW_CTX_TRY_NUMBER='1' AIRFLOW_CTX_DAG_RUN_ID='scheduled__2024-06-24T00:00:00+00:00'
[2024-06-27T09:02:26.246+0000] {taskinstance.py:430} INFO - ::endgroup::
[2024-06-27T09:02:26.299+0000] {connection.py:274} WARNING - Connection schemes (type: google_cloud_platform) shall not contain '_' according to RFC3986.
[2024-06-27T09:02:26.304+0000] {base.py:84} INFO - Using connection ID 'gcp_conn_capstone_de' for task execution.
[2024-06-27T09:02:26.500+0000] {logging_mixin.py:188} INFO - File 20240623_fact_donation_transaction.csv does not match partition date 20240624, skipping.
[2024-06-27T09:02:31.644+0000] {logging_mixin.py:188} INFO - Loaded 1 rows into capstone-de2.***_peduli_pintar_fact.fact_donation_transaction$20240624
[2024-06-27T09:02:31.646+0000] {logging_mixin.py:188} INFO - File 20240625_fact_donation_transaction.csv does not match partition date 20240624, skipping.
[2024-06-27T09:02:31.659+0000] {logging_mixin.py:188} INFO - File 20240623_fact_volunteer_applications.csv does not match partition date 20240624, skipping.
[2024-06-27T09:02:35.540+0000] {logging_mixin.py:188} INFO - Failed to load data into capstone-de2.***_peduli_pintar_fact.fact_volunteer_applications$20240624: 400 Provided Schema does not match Table capstone-de2:***_peduli_pintar_fact.fact_volunteer_applications$20240624. Field organization_id has changed type from FLOAT to INTEGER; reason: invalid, message: Provided Schema does not match Table capstone-de2:***_peduli_pintar_fact.fact_volunteer_applications$20240624. Field organization_id has changed type from FLOAT to INTEGER; reason: invalid, message: It looks like you are appending to an existing table with autodetect enabled. Disabling autodetect may resolve this.
[2024-06-27T09:02:35.541+0000] {logging_mixin.py:188} INFO - File 20240626_fact_volunteer_applications.csv does not match partition date 20240624, skipping.
[2024-06-27T09:02:35.545+0000] {logging_mixin.py:188} INFO - File 20240623_fact_volunteer_testimoni.csv does not match partition date 20240624, skipping.
[2024-06-27T09:02:40.056+0000] {logging_mixin.py:188} INFO - Loaded 0 rows into capstone-de2.***_peduli_pintar_fact.fact_volunteer_testimoni$20240624
[2024-06-27T09:02:40.099+0000] {logging_mixin.py:188} INFO - File 20240623_fact_article_popular.csv does not match partition date 20240624, skipping.
[2024-06-27T09:02:45.180+0000] {logging_mixin.py:188} INFO - Loaded 2 rows into capstone-de2.***_peduli_pintar_fact.fact_article_popular$20240624
[2024-06-27T09:02:45.186+0000] {logging_mixin.py:188} INFO - File 20240623_fact_bookmark_fundraising.csv does not match partition date 20240624, skipping.
[2024-06-27T09:02:49.441+0000] {logging_mixin.py:188} INFO - Loaded 3 rows into capstone-de2.***_peduli_pintar_fact.fact_bookmark_fundraising$20240624
[2024-06-27T09:02:49.446+0000] {logging_mixin.py:188} INFO - File 20240623_fact_bookmark_volunteer_vacancies.csv does not match partition date 20240624, skipping.
[2024-06-27T09:02:53.791+0000] {logging_mixin.py:188} INFO - Loaded 1 rows into capstone-de2.***_peduli_pintar_fact.fact_bookmark_volunteer_vacancies$20240624
[2024-06-27T09:02:53.792+0000] {logging_mixin.py:188} INFO - File 20240626_fact_bookmark_volunteer_vacancies.csv does not match partition date 20240624, skipping.
[2024-06-27T09:02:53.991+0000] {connection.py:274} WARNING - Connection schemes (type: google_cloud_platform) shall not contain '_' according to RFC3986.
[2024-06-27T09:02:53.997+0000] {base.py:84} INFO - Using connection ID 'gcp_conn_capstone_de' for task execution.
[2024-06-27T09:02:54.130+0000] {logging_mixin.py:188} INFO - File 20240623_dim_fundraisings.csv does not match partition date 20240624, skipping.
[2024-06-27T09:02:57.770+0000] {logging_mixin.py:188} INFO - Failed to load data into capstone-de2.***_peduli_pintar_dim.dim_fundraisings$20240624: 400 Some rows belong to different partitions rather than destination partition; reason: invalid, message: Some rows belong to different partitions rather than destination partition
[2024-06-27T09:02:57.778+0000] {logging_mixin.py:188} INFO - File 20240625_dim_fundraisings.csv does not match partition date 20240624, skipping.
[2024-06-27T09:02:57.780+0000] {logging_mixin.py:188} INFO - Directory dags/data_loaded/dim/dim_fundraising_categories does not exist, skipping table dim_fundraising_categories
[2024-06-27T09:02:57.788+0000] {logging_mixin.py:188} INFO - File 20240623_dim_donation_manual.csv does not match partition date 20240624, skipping.
[2024-06-27T09:03:02.135+0000] {logging_mixin.py:188} INFO - Loaded 8 rows into capstone-de2.***_peduli_pintar_dim.dim_donation_manual$20240624
[2024-06-27T09:03:02.136+0000] {logging_mixin.py:188} INFO - File 20240625_dim_donation_manual.csv does not match partition date 20240624, skipping.
[2024-06-27T09:03:02.141+0000] {logging_mixin.py:188} INFO - File 20240623_dim_organization.csv does not match partition date 20240624, skipping.
[2024-06-27T09:03:07.376+0000] {logging_mixin.py:188} INFO - Failed to load data into capstone-de2.***_peduli_pintar_dim.dim_organization$20240624: 400 Provided Schema does not match Table capstone-de2:***_peduli_pintar_dim.dim_organization$20240624. Field deleted_at has changed type from STRING to FLOAT; reason: invalid, message: Provided Schema does not match Table capstone-de2:***_peduli_pintar_dim.dim_organization$20240624. Field deleted_at has changed type from STRING to FLOAT; reason: invalid, message: It looks like you are appending to an existing table with autodetect enabled. Disabling autodetect may resolve this.
[2024-06-27T09:03:07.378+0000] {logging_mixin.py:188} INFO - File 20240625_dim_organization.csv does not match partition date 20240624, skipping.
[2024-06-27T09:03:07.390+0000] {logging_mixin.py:188} INFO - File 20240623_dim_user.csv does not match partition date 20240624, skipping.
[2024-06-27T09:03:38.122+0000] {logging_mixin.py:188} INFO - Failed to load data into capstone-de2.***_peduli_pintar_dim.dim_user$20240624: 400 Some rows belong to different partitions rather than destination partition; reason: invalid, message: Some rows belong to different partitions rather than destination partition
[2024-06-27T09:03:38.125+0000] {logging_mixin.py:188} INFO - File 20240625_dim_user.csv does not match partition date 20240624, skipping.
[2024-06-27T09:03:38.155+0000] {logging_mixin.py:188} INFO - File 20240626_dim_user.csv does not match partition date 20240624, skipping.
[2024-06-27T09:03:38.201+0000] {logging_mixin.py:188} INFO - File 20240623_dim_volunteer_applictaion.csv does not match partition date 20240624, skipping.
[2024-06-27T09:03:43.987+0000] {logging_mixin.py:188} INFO - Loaded 3 rows into capstone-de2.***_peduli_pintar_dim.dim_volunteer_applictaion$20240624
[2024-06-27T09:03:44.225+0000] {logging_mixin.py:188} INFO - File 20240626_dim_volunteer_applictaion.csv does not match partition date 20240624, skipping.
[2024-06-27T09:03:44.278+0000] {logging_mixin.py:188} INFO - File 20240623_dim_volunteer_vacancies.csv does not match partition date 20240624, skipping.
[2024-06-27T09:03:48.018+0000] {logging_mixin.py:188} INFO - Failed to load data into capstone-de2.***_peduli_pintar_dim.dim_volunteer_vacancies$20240624: 400 Some rows belong to different partitions rather than destination partition; reason: invalid, message: Some rows belong to different partitions rather than destination partition
[2024-06-27T09:03:48.025+0000] {logging_mixin.py:188} INFO - File 20240625_dim_volunteer_vacancies.csv does not match partition date 20240624, skipping.
[2024-06-27T09:03:48.027+0000] {logging_mixin.py:188} INFO - File 20240626_dim_volunteer_vacancies.csv does not match partition date 20240624, skipping.
[2024-06-27T09:03:48.077+0000] {logging_mixin.py:188} INFO - File 20240623_dim_testimoni_volunteer.csv does not match partition date 20240624, skipping.
[2024-06-27T09:03:53.245+0000] {logging_mixin.py:188} INFO - Loaded 0 rows into capstone-de2.***_peduli_pintar_dim.dim_testimoni_volunteer$20240624
[2024-06-27T09:03:53.269+0000] {logging_mixin.py:188} INFO - File 20240623_dim_article.csv does not match partition date 20240624, skipping.
[2024-06-27T09:03:57.753+0000] {logging_mixin.py:188} INFO - Loaded 0 rows into capstone-de2.***_peduli_pintar_dim.dim_article$20240624
[2024-06-27T09:03:57.755+0000] {logging_mixin.py:188} INFO - File 20240625_dim_article.csv does not match partition date 20240624, skipping.
[2024-06-27T09:03:57.763+0000] {logging_mixin.py:188} INFO - File 20240623_dim_bookmark_fundraising.csv does not match partition date 20240624, skipping.
[2024-06-27T09:04:03.720+0000] {logging_mixin.py:188} INFO - Loaded 3 rows into capstone-de2.***_peduli_pintar_dim.dim_bookmark_fundraising$20240624
[2024-06-27T09:04:03.726+0000] {logging_mixin.py:188} INFO - File 20240623_dim_bookmark_volunter_vacancies.csv does not match partition date 20240624, skipping.
[2024-06-27T09:04:07.071+0000] {logging_mixin.py:188} INFO - Loaded 1 rows into capstone-de2.***_peduli_pintar_dim.dim_bookmark_volunter_vacancies$20240624
[2024-06-27T09:04:07.072+0000] {logging_mixin.py:188} INFO - File 20240626_dim_bookmark_volunter_vacancies.csv does not match partition date 20240624, skipping.
[2024-06-27T09:04:07.077+0000] {logging_mixin.py:188} INFO - File 20240623_dim_bookmark_article.csv does not match partition date 20240624, skipping.
[2024-06-27T09:04:11.557+0000] {logging_mixin.py:188} INFO - Loaded 2 rows into capstone-de2.***_peduli_pintar_dim.dim_bookmark_article$20240624
[2024-06-27T09:04:11.570+0000] {logging_mixin.py:188} INFO - File 20240623_dim_comments.csv does not match partition date 20240624, skipping.
[2024-06-27T09:04:11.584+0000] {logging_mixin.py:188} INFO - File 20240623_dim_like_comments.csv does not match partition date 20240624, skipping.
[2024-06-27T09:04:11.590+0000] {taskinstance.py:441} INFO - ::group::Post task execution logs
[2024-06-27T09:04:12.350+0000] {taskinstance.py:1206} INFO - Marking task as SUCCESS. dag_id=peduli_pintar_etl_dags_v3, task_id=load_gbq, run_id=scheduled__2024-06-24T00:00:00+00:00, execution_date=20240624T000000, start_date=20240627T090225, end_date=20240627T090412
[2024-06-27T09:04:12.869+0000] {local_task_job_runner.py:240} INFO - Task exited with return code 0
[2024-06-27T09:04:13.220+0000] {taskinstance.py:3503} INFO - 0 downstream tasks scheduled from follow-on schedule check
[2024-06-27T09:04:13.227+0000] {local_task_job_runner.py:222} INFO - ::endgroup::
