[2024-06-26T14:21:00.641+0000] {local_task_job_runner.py:120} INFO - ::group::Pre task execution logs
[2024-06-26T14:21:00.673+0000] {taskinstance.py:2076} INFO - Dependencies all met for dep_context=non-requeueable deps ti=<TaskInstance: peduli_pintar_elt_all_dags_v2.load_gbq scheduled__2024-06-23T00:00:00+00:00 [queued]>
[2024-06-26T14:21:00.684+0000] {taskinstance.py:2076} INFO - Dependencies all met for dep_context=requeueable deps ti=<TaskInstance: peduli_pintar_elt_all_dags_v2.load_gbq scheduled__2024-06-23T00:00:00+00:00 [queued]>
[2024-06-26T14:21:00.685+0000] {taskinstance.py:2306} INFO - Starting attempt 1 of 5
[2024-06-26T14:21:00.705+0000] {taskinstance.py:2330} INFO - Executing <Task(LoadGoogleBigQuery): load_gbq> on 2024-06-23 00:00:00+00:00
[2024-06-26T14:21:00.724+0000] {warnings.py:112} WARNING - /home/***/.local/lib/python3.12/site-packages/***/task/task_runner/standard_task_runner.py:61: DeprecationWarning: This process (pid=471) is multi-threaded, use of fork() may lead to deadlocks in the child.
  pid = os.fork()

[2024-06-26T14:21:00.726+0000] {standard_task_runner.py:63} INFO - Started process 475 to run task
[2024-06-26T14:21:00.726+0000] {standard_task_runner.py:90} INFO - Running: ['***', 'tasks', 'run', 'peduli_pintar_elt_all_dags_v2', 'load_gbq', 'scheduled__2024-06-23T00:00:00+00:00', '--job-id', '39', '--raw', '--subdir', 'DAGS_FOLDER/etl_all_dags.py', '--cfg-path', '/tmp/tmpdhzgyy2m']
[2024-06-26T14:21:00.730+0000] {standard_task_runner.py:91} INFO - Job 39: Subtask load_gbq
[2024-06-26T14:21:00.790+0000] {task_command.py:426} INFO - Running <TaskInstance: peduli_pintar_elt_all_dags_v2.load_gbq scheduled__2024-06-23T00:00:00+00:00 [running]> on host 7ecff3f83b62
[2024-06-26T14:21:00.885+0000] {taskinstance.py:2648} INFO - Exporting env vars: AIRFLOW_CTX_DAG_OWNER='Kelompok 5 Capstone DE' AIRFLOW_CTX_DAG_ID='peduli_pintar_elt_all_dags_v2' AIRFLOW_CTX_TASK_ID='load_gbq' AIRFLOW_CTX_EXECUTION_DATE='2024-06-23T00:00:00+00:00' AIRFLOW_CTX_TRY_NUMBER='1' AIRFLOW_CTX_DAG_RUN_ID='scheduled__2024-06-23T00:00:00+00:00'
[2024-06-26T14:21:00.887+0000] {taskinstance.py:430} INFO - ::endgroup::
[2024-06-26T14:21:01.036+0000] {connection.py:274} WARNING - Connection schemes (type: google_cloud_platform) shall not contain '_' according to RFC3986.
[2024-06-26T14:21:01.039+0000] {base.py:84} INFO - Using connection ID 'gcp_conn_capstone_de' for task execution.
[2024-06-26T14:21:09.308+0000] {logging_mixin.py:188} INFO - Loaded 105 rows and 9 columns to ***_peduli_pintar_fact_all.fact_donation_transaction
[2024-06-26T14:21:09.323+0000] {connection.py:274} WARNING - Connection schemes (type: google_cloud_platform) shall not contain '_' according to RFC3986.
[2024-06-26T14:21:09.324+0000] {base.py:84} INFO - Using connection ID 'gcp_conn_capstone_de' for task execution.
[2024-06-26T14:21:15.947+0000] {logging_mixin.py:188} INFO - Loaded 133 rows and 6 columns to ***_peduli_pintar_fact_all.fact_volunteer_applications
[2024-06-26T14:21:15.962+0000] {connection.py:274} WARNING - Connection schemes (type: google_cloud_platform) shall not contain '_' according to RFC3986.
[2024-06-26T14:21:15.964+0000] {base.py:84} INFO - Using connection ID 'gcp_conn_capstone_de' for task execution.
[2024-06-26T14:21:23.713+0000] {logging_mixin.py:188} INFO - Loaded 31 rows and 6 columns to ***_peduli_pintar_fact_all.fact_volunteer_testimoni
[2024-06-26T14:21:23.719+0000] {connection.py:274} WARNING - Connection schemes (type: google_cloud_platform) shall not contain '_' according to RFC3986.
[2024-06-26T14:21:23.720+0000] {base.py:84} INFO - Using connection ID 'gcp_conn_capstone_de' for task execution.
[2024-06-26T14:21:31.215+0000] {logging_mixin.py:188} INFO - Loaded 60 rows and 7 columns to ***_peduli_pintar_fact_all.fact_article_popular
[2024-06-26T14:21:31.222+0000] {connection.py:274} WARNING - Connection schemes (type: google_cloud_platform) shall not contain '_' according to RFC3986.
[2024-06-26T14:21:31.223+0000] {base.py:84} INFO - Using connection ID 'gcp_conn_capstone_de' for task execution.
[2024-06-26T14:21:36.973+0000] {logging_mixin.py:188} INFO - Loaded 46 rows and 5 columns to ***_peduli_pintar_fact_all.fact_bookmark_fundraising
[2024-06-26T14:21:36.980+0000] {connection.py:274} WARNING - Connection schemes (type: google_cloud_platform) shall not contain '_' according to RFC3986.
[2024-06-26T14:21:36.984+0000] {base.py:84} INFO - Using connection ID 'gcp_conn_capstone_de' for task execution.
[2024-06-26T14:21:44.184+0000] {logging_mixin.py:188} INFO - Loaded 42 rows and 5 columns to ***_peduli_pintar_fact_all.fact_bookmark_volunteer_vacancies
[2024-06-26T14:21:44.200+0000] {connection.py:274} WARNING - Connection schemes (type: google_cloud_platform) shall not contain '_' according to RFC3986.
[2024-06-26T14:21:44.201+0000] {base.py:84} INFO - Using connection ID 'gcp_conn_capstone_de' for task execution.
[2024-06-26T14:21:50.613+0000] {logging_mixin.py:188} INFO - Loaded 35 rows and 11 columns to ***_peduli_pintar_dim_all.dim_fundraisings
[2024-06-26T14:21:50.620+0000] {connection.py:274} WARNING - Connection schemes (type: google_cloud_platform) shall not contain '_' according to RFC3986.
[2024-06-26T14:21:50.621+0000] {base.py:84} INFO - Using connection ID 'gcp_conn_capstone_de' for task execution.
[2024-06-26T14:21:56.957+0000] {logging_mixin.py:188} INFO - Loaded 4 rows and 3 columns to ***_peduli_pintar_dim_all.dim_fundraising_categories
[2024-06-26T14:21:56.968+0000] {connection.py:274} WARNING - Connection schemes (type: google_cloud_platform) shall not contain '_' according to RFC3986.
[2024-06-26T14:21:56.970+0000] {base.py:84} INFO - Using connection ID 'gcp_conn_capstone_de' for task execution.
[2024-06-26T14:22:04.698+0000] {logging_mixin.py:188} INFO - Loaded 196 rows and 6 columns to ***_peduli_pintar_dim_all.dim_donation_manual
[2024-06-26T14:22:04.734+0000] {connection.py:274} WARNING - Connection schemes (type: google_cloud_platform) shall not contain '_' according to RFC3986.
[2024-06-26T14:22:04.736+0000] {base.py:84} INFO - Using connection ID 'gcp_conn_capstone_de' for task execution.
[2024-06-26T14:22:20.066+0000] {logging_mixin.py:188} INFO - Loaded 15 rows and 11 columns to ***_peduli_pintar_dim_all.dim_organization
[2024-06-26T14:22:20.186+0000] {connection.py:274} WARNING - Connection schemes (type: google_cloud_platform) shall not contain '_' according to RFC3986.
[2024-06-26T14:22:20.235+0000] {base.py:84} INFO - Using connection ID 'gcp_conn_capstone_de' for task execution.
[2024-06-26T14:22:29.329+0000] {logging_mixin.py:188} INFO - Loaded 132 rows and 11 columns to ***_peduli_pintar_dim_all.dim_user
[2024-06-26T14:22:29.352+0000] {connection.py:274} WARNING - Connection schemes (type: google_cloud_platform) shall not contain '_' according to RFC3986.
[2024-06-26T14:22:29.353+0000] {base.py:84} INFO - Using connection ID 'gcp_conn_capstone_de' for task execution.
[2024-06-26T14:22:35.679+0000] {logging_mixin.py:188} INFO - Loaded 133 rows and 8 columns to ***_peduli_pintar_dim_all.dim_volunteer_applictaion
[2024-06-26T14:22:35.687+0000] {connection.py:274} WARNING - Connection schemes (type: google_cloud_platform) shall not contain '_' according to RFC3986.
[2024-06-26T14:22:35.688+0000] {base.py:84} INFO - Using connection ID 'gcp_conn_capstone_de' for task execution.
[2024-06-26T14:22:42.081+0000] {logging_mixin.py:188} INFO - Loaded 22 rows and 14 columns to ***_peduli_pintar_dim_all.dim_volunteer_vacancies
[2024-06-26T14:22:42.093+0000] {connection.py:274} WARNING - Connection schemes (type: google_cloud_platform) shall not contain '_' according to RFC3986.
[2024-06-26T14:22:42.094+0000] {base.py:84} INFO - Using connection ID 'gcp_conn_capstone_de' for task execution.
[2024-06-26T14:22:49.086+0000] {logging_mixin.py:188} INFO - Loaded 31 rows and 5 columns to ***_peduli_pintar_dim_all.dim_testimoni_volunteer
[2024-06-26T14:22:49.104+0000] {connection.py:274} WARNING - Connection schemes (type: google_cloud_platform) shall not contain '_' according to RFC3986.
[2024-06-26T14:22:49.113+0000] {base.py:84} INFO - Using connection ID 'gcp_conn_capstone_de' for task execution.
[2024-06-26T14:22:55.199+0000] {logging_mixin.py:188} INFO - Loaded 28 rows and 7 columns to ***_peduli_pintar_dim_all.dim_article
[2024-06-26T14:22:55.396+0000] {connection.py:274} WARNING - Connection schemes (type: google_cloud_platform) shall not contain '_' according to RFC3986.
[2024-06-26T14:22:55.403+0000] {base.py:84} INFO - Using connection ID 'gcp_conn_capstone_de' for task execution.
[2024-06-26T14:23:06.086+0000] {logging_mixin.py:188} INFO - Loaded 46 rows and 3 columns to ***_peduli_pintar_dim_all.dim_bookmark_fundraising
[2024-06-26T14:23:06.097+0000] {connection.py:274} WARNING - Connection schemes (type: google_cloud_platform) shall not contain '_' according to RFC3986.
[2024-06-26T14:23:06.099+0000] {base.py:84} INFO - Using connection ID 'gcp_conn_capstone_de' for task execution.
[2024-06-26T14:23:13.874+0000] {logging_mixin.py:188} INFO - Loaded 42 rows and 3 columns to ***_peduli_pintar_dim_all.dim_bookmark_volunter_vacancies
[2024-06-26T14:23:13.882+0000] {connection.py:274} WARNING - Connection schemes (type: google_cloud_platform) shall not contain '_' according to RFC3986.
[2024-06-26T14:23:13.883+0000] {base.py:84} INFO - Using connection ID 'gcp_conn_capstone_de' for task execution.
[2024-06-26T14:23:20.246+0000] {logging_mixin.py:188} INFO - Loaded 60 rows and 3 columns to ***_peduli_pintar_dim_all.dim_bookmark_article
[2024-06-26T14:23:20.259+0000] {connection.py:274} WARNING - Connection schemes (type: google_cloud_platform) shall not contain '_' according to RFC3986.
[2024-06-26T14:23:20.262+0000] {base.py:84} INFO - Using connection ID 'gcp_conn_capstone_de' for task execution.
[2024-06-26T14:23:26.482+0000] {logging_mixin.py:188} INFO - Loaded 55 rows and 5 columns to ***_peduli_pintar_dim_all.dim_comments
[2024-06-26T14:23:26.492+0000] {connection.py:274} WARNING - Connection schemes (type: google_cloud_platform) shall not contain '_' according to RFC3986.
[2024-06-26T14:23:26.493+0000] {base.py:84} INFO - Using connection ID 'gcp_conn_capstone_de' for task execution.
[2024-06-26T14:23:34.297+0000] {logging_mixin.py:188} INFO - Loaded 107 rows and 3 columns to ***_peduli_pintar_dim_all.dim_like_comments
[2024-06-26T14:23:34.298+0000] {taskinstance.py:441} INFO - ::group::Post task execution logs
[2024-06-26T14:23:34.375+0000] {taskinstance.py:1206} INFO - Marking task as SUCCESS. dag_id=peduli_pintar_elt_all_dags_v2, task_id=load_gbq, run_id=scheduled__2024-06-23T00:00:00+00:00, execution_date=20240623T000000, start_date=20240626T142100, end_date=20240626T142334
[2024-06-26T14:23:34.468+0000] {local_task_job_runner.py:240} INFO - Task exited with return code 0
[2024-06-26T14:23:34.517+0000] {taskinstance.py:3503} INFO - 0 downstream tasks scheduled from follow-on schedule check
[2024-06-26T14:23:34.520+0000] {local_task_job_runner.py:222} INFO - ::endgroup::
