[2024-06-25T22:42:14.834+0000] {processor.py:161} INFO - Started process (PID=32) to work on /opt/airflow/dags/custom_operator/etl_all_operator.py
[2024-06-25T22:42:14.836+0000] {processor.py:830} INFO - Processing file /opt/airflow/dags/custom_operator/etl_all_operator.py for tasks to queue
[2024-06-25T22:42:14.842+0000] {logging_mixin.py:188} INFO - [2024-06-25T22:42:14.841+0000] {dagbag.py:545} INFO - Filling up the DagBag from /opt/airflow/dags/custom_operator/etl_all_operator.py
[2024-06-25T22:42:22.391+0000] {processor.py:842} WARNING - No viable dags retrieved from /opt/airflow/dags/custom_operator/etl_all_operator.py
[2024-06-25T22:42:22.661+0000] {processor.py:183} INFO - Processing /opt/airflow/dags/custom_operator/etl_all_operator.py took 7.844 seconds
[2024-06-25T22:42:53.227+0000] {processor.py:161} INFO - Started process (PID=45) to work on /opt/airflow/dags/custom_operator/etl_all_operator.py
[2024-06-25T22:42:53.228+0000] {processor.py:830} INFO - Processing file /opt/airflow/dags/custom_operator/etl_all_operator.py for tasks to queue
[2024-06-25T22:42:53.233+0000] {logging_mixin.py:188} INFO - [2024-06-25T22:42:53.232+0000] {dagbag.py:545} INFO - Filling up the DagBag from /opt/airflow/dags/custom_operator/etl_all_operator.py
[2024-06-25T22:42:54.425+0000] {processor.py:842} WARNING - No viable dags retrieved from /opt/airflow/dags/custom_operator/etl_all_operator.py
[2024-06-25T22:42:54.442+0000] {processor.py:183} INFO - Processing /opt/airflow/dags/custom_operator/etl_all_operator.py took 1.224 seconds
[2024-06-25T22:43:24.685+0000] {processor.py:161} INFO - Started process (PID=65) to work on /opt/airflow/dags/custom_operator/etl_all_operator.py
[2024-06-25T22:43:24.687+0000] {processor.py:830} INFO - Processing file /opt/airflow/dags/custom_operator/etl_all_operator.py for tasks to queue
[2024-06-25T22:43:24.689+0000] {logging_mixin.py:188} INFO - [2024-06-25T22:43:24.688+0000] {dagbag.py:545} INFO - Filling up the DagBag from /opt/airflow/dags/custom_operator/etl_all_operator.py
[2024-06-25T22:43:25.458+0000] {processor.py:842} WARNING - No viable dags retrieved from /opt/airflow/dags/custom_operator/etl_all_operator.py
[2024-06-25T22:43:25.476+0000] {processor.py:183} INFO - Processing /opt/airflow/dags/custom_operator/etl_all_operator.py took 0.797 seconds
[2024-06-25T22:43:56.111+0000] {processor.py:161} INFO - Started process (PID=79) to work on /opt/airflow/dags/custom_operator/etl_all_operator.py
[2024-06-25T22:43:56.112+0000] {processor.py:830} INFO - Processing file /opt/airflow/dags/custom_operator/etl_all_operator.py for tasks to queue
[2024-06-25T22:43:56.114+0000] {logging_mixin.py:188} INFO - [2024-06-25T22:43:56.114+0000] {dagbag.py:545} INFO - Filling up the DagBag from /opt/airflow/dags/custom_operator/etl_all_operator.py
[2024-06-25T22:43:56.854+0000] {processor.py:842} WARNING - No viable dags retrieved from /opt/airflow/dags/custom_operator/etl_all_operator.py
[2024-06-25T22:43:56.866+0000] {processor.py:183} INFO - Processing /opt/airflow/dags/custom_operator/etl_all_operator.py took 0.762 seconds
[2024-06-25T22:44:27.532+0000] {processor.py:161} INFO - Started process (PID=93) to work on /opt/airflow/dags/custom_operator/etl_all_operator.py
[2024-06-25T22:44:27.534+0000] {processor.py:830} INFO - Processing file /opt/airflow/dags/custom_operator/etl_all_operator.py for tasks to queue
[2024-06-25T22:44:27.535+0000] {logging_mixin.py:188} INFO - [2024-06-25T22:44:27.534+0000] {dagbag.py:545} INFO - Filling up the DagBag from /opt/airflow/dags/custom_operator/etl_all_operator.py
[2024-06-25T22:44:28.267+0000] {processor.py:842} WARNING - No viable dags retrieved from /opt/airflow/dags/custom_operator/etl_all_operator.py
[2024-06-25T22:44:28.285+0000] {processor.py:183} INFO - Processing /opt/airflow/dags/custom_operator/etl_all_operator.py took 0.760 seconds
[2024-06-25T22:44:58.503+0000] {processor.py:161} INFO - Started process (PID=107) to work on /opt/airflow/dags/custom_operator/etl_all_operator.py
[2024-06-25T22:44:58.504+0000] {processor.py:830} INFO - Processing file /opt/airflow/dags/custom_operator/etl_all_operator.py for tasks to queue
[2024-06-25T22:44:58.509+0000] {logging_mixin.py:188} INFO - [2024-06-25T22:44:58.506+0000] {dagbag.py:545} INFO - Filling up the DagBag from /opt/airflow/dags/custom_operator/etl_all_operator.py
[2024-06-25T22:44:59.555+0000] {processor.py:842} WARNING - No viable dags retrieved from /opt/airflow/dags/custom_operator/etl_all_operator.py
[2024-06-25T22:44:59.570+0000] {processor.py:183} INFO - Processing /opt/airflow/dags/custom_operator/etl_all_operator.py took 1.075 seconds
[2024-06-25T22:47:06.751+0000] {processor.py:161} INFO - Started process (PID=37) to work on /opt/airflow/dags/custom_operator/etl_all_operator.py
[2024-06-25T22:47:06.759+0000] {processor.py:830} INFO - Processing file /opt/airflow/dags/custom_operator/etl_all_operator.py for tasks to queue
[2024-06-25T22:47:06.780+0000] {logging_mixin.py:188} INFO - [2024-06-25T22:47:06.775+0000] {dagbag.py:545} INFO - Filling up the DagBag from /opt/airflow/dags/custom_operator/etl_all_operator.py
[2024-06-25T22:47:17.999+0000] {processor.py:842} WARNING - No viable dags retrieved from /opt/airflow/dags/custom_operator/etl_all_operator.py
[2024-06-25T22:47:18.086+0000] {processor.py:183} INFO - Processing /opt/airflow/dags/custom_operator/etl_all_operator.py took 11.429 seconds
[2024-06-25T22:47:49.030+0000] {processor.py:161} INFO - Started process (PID=49) to work on /opt/airflow/dags/custom_operator/etl_all_operator.py
[2024-06-25T22:47:49.097+0000] {processor.py:830} INFO - Processing file /opt/airflow/dags/custom_operator/etl_all_operator.py for tasks to queue
[2024-06-25T22:47:49.553+0000] {logging_mixin.py:188} INFO - [2024-06-25T22:47:49.172+0000] {dagbag.py:545} INFO - Filling up the DagBag from /opt/airflow/dags/custom_operator/etl_all_operator.py
[2024-06-25T22:48:00.039+0000] {processor.py:842} WARNING - No viable dags retrieved from /opt/airflow/dags/custom_operator/etl_all_operator.py
[2024-06-25T22:48:00.079+0000] {processor.py:183} INFO - Processing /opt/airflow/dags/custom_operator/etl_all_operator.py took 11.123 seconds
[2024-06-25T22:48:35.933+0000] {processor.py:161} INFO - Started process (PID=70) to work on /opt/airflow/dags/custom_operator/etl_all_operator.py
[2024-06-25T22:48:35.945+0000] {processor.py:830} INFO - Processing file /opt/airflow/dags/custom_operator/etl_all_operator.py for tasks to queue
[2024-06-25T22:48:35.979+0000] {logging_mixin.py:188} INFO - [2024-06-25T22:48:35.972+0000] {dagbag.py:545} INFO - Filling up the DagBag from /opt/airflow/dags/custom_operator/etl_all_operator.py
[2024-06-25T22:49:07.713+0000] {logging_mixin.py:188} INFO - [2024-06-25T22:49:06.860+0000] {timeout.py:68} ERROR - Process timed out, PID: 70
[2024-06-25T22:49:44.869+0000] {processor.py:161} INFO - Started process (PID=84) to work on /opt/airflow/dags/custom_operator/etl_all_operator.py
[2024-06-25T22:49:44.872+0000] {processor.py:830} INFO - Processing file /opt/airflow/dags/custom_operator/etl_all_operator.py for tasks to queue
[2024-06-25T22:49:44.878+0000] {logging_mixin.py:188} INFO - [2024-06-25T22:49:44.877+0000] {dagbag.py:545} INFO - Filling up the DagBag from /opt/airflow/dags/custom_operator/etl_all_operator.py
[2024-06-25T22:50:15.621+0000] {logging_mixin.py:188} INFO - [2024-06-25T22:50:15.611+0000] {timeout.py:68} ERROR - Process timed out, PID: 84
[2024-06-25T22:50:46.334+0000] {processor.py:161} INFO - Started process (PID=98) to work on /opt/airflow/dags/custom_operator/etl_all_operator.py
[2024-06-25T22:50:46.336+0000] {processor.py:830} INFO - Processing file /opt/airflow/dags/custom_operator/etl_all_operator.py for tasks to queue
[2024-06-25T22:50:46.337+0000] {logging_mixin.py:188} INFO - [2024-06-25T22:50:46.337+0000] {dagbag.py:545} INFO - Filling up the DagBag from /opt/airflow/dags/custom_operator/etl_all_operator.py
[2024-06-25T22:50:48.682+0000] {processor.py:842} WARNING - No viable dags retrieved from /opt/airflow/dags/custom_operator/etl_all_operator.py
[2024-06-25T22:50:58.735+0000] {processor.py:186} ERROR - Got an exception! Propagating...
Traceback (most recent call last):
  File "/home/airflow/.local/lib/python3.12/site-packages/sqlalchemy/engine/base.py", line 3371, in _wrap_pool_connect
    return fn()
           ^^^^
  File "/home/airflow/.local/lib/python3.12/site-packages/sqlalchemy/pool/base.py", line 327, in connect
    return _ConnectionFairy._checkout(self)
           ^^^^^^^^^^^^^^^^^^^^^^^^^^^^^^^^
  File "/home/airflow/.local/lib/python3.12/site-packages/sqlalchemy/pool/base.py", line 894, in _checkout
    fairy = _ConnectionRecord.checkout(pool)
            ^^^^^^^^^^^^^^^^^^^^^^^^^^^^^^^^
  File "/home/airflow/.local/lib/python3.12/site-packages/sqlalchemy/pool/base.py", line 493, in checkout
    rec = pool._do_get()
          ^^^^^^^^^^^^^^
  File "/home/airflow/.local/lib/python3.12/site-packages/sqlalchemy/pool/impl.py", line 145, in _do_get
    with util.safe_reraise():
  File "/home/airflow/.local/lib/python3.12/site-packages/sqlalchemy/util/langhelpers.py", line 70, in __exit__
    compat.raise_(
  File "/home/airflow/.local/lib/python3.12/site-packages/sqlalchemy/util/compat.py", line 211, in raise_
    raise exception
  File "/home/airflow/.local/lib/python3.12/site-packages/sqlalchemy/pool/impl.py", line 143, in _do_get
    return self._create_connection()
           ^^^^^^^^^^^^^^^^^^^^^^^^^
  File "/home/airflow/.local/lib/python3.12/site-packages/sqlalchemy/pool/base.py", line 273, in _create_connection
    return _ConnectionRecord(self)
           ^^^^^^^^^^^^^^^^^^^^^^^
  File "/home/airflow/.local/lib/python3.12/site-packages/sqlalchemy/pool/base.py", line 388, in __init__
    self.__connect()
  File "/home/airflow/.local/lib/python3.12/site-packages/sqlalchemy/pool/base.py", line 690, in __connect
    with util.safe_reraise():
  File "/home/airflow/.local/lib/python3.12/site-packages/sqlalchemy/util/langhelpers.py", line 70, in __exit__
    compat.raise_(
  File "/home/airflow/.local/lib/python3.12/site-packages/sqlalchemy/util/compat.py", line 211, in raise_
    raise exception
  File "/home/airflow/.local/lib/python3.12/site-packages/sqlalchemy/pool/base.py", line 686, in __connect
    self.dbapi_connection = connection = pool._invoke_creator(self)
                                         ^^^^^^^^^^^^^^^^^^^^^^^^^^
  File "/home/airflow/.local/lib/python3.12/site-packages/sqlalchemy/engine/create.py", line 574, in connect
    return dialect.connect(*cargs, **cparams)
           ^^^^^^^^^^^^^^^^^^^^^^^^^^^^^^^^^^
  File "/home/airflow/.local/lib/python3.12/site-packages/sqlalchemy/engine/default.py", line 598, in connect
    return self.dbapi.connect(*cargs, **cparams)
           ^^^^^^^^^^^^^^^^^^^^^^^^^^^^^^^^^^^^^
  File "/home/airflow/.local/lib/python3.12/site-packages/psycopg2/__init__.py", line 122, in connect
    conn = _connect(dsn, connection_factory=connection_factory, **kwasync)
           ^^^^^^^^^^^^^^^^^^^^^^^^^^^^^^^^^^^^^^^^^^^^^^^^^^^^^^^^^^^^^^^
psycopg2.OperationalError: could not translate host name "postgres" to address: Temporary failure in name resolution


The above exception was the direct cause of the following exception:

Traceback (most recent call last):
  File "/home/airflow/.local/lib/python3.12/site-packages/airflow/dag_processing/processor.py", line 182, in _run_file_processor
    _handle_dag_file_processing()
  File "/home/airflow/.local/lib/python3.12/site-packages/airflow/dag_processing/processor.py", line 163, in _handle_dag_file_processing
    result: tuple[int, int] = dag_file_processor.process_file(
                              ^^^^^^^^^^^^^^^^^^^^^^^^^^^^^^^^
  File "/home/airflow/.local/lib/python3.12/site-packages/airflow/utils/session.py", line 79, in wrapper
    return func(*args, session=session, **kwargs)
           ^^^^^^^^^^^^^^^^^^^^^^^^^^^^^^^^^^^^^^
  File "/home/airflow/.local/lib/python3.12/site-packages/airflow/dag_processing/processor.py", line 843, in process_file
    DagFileProcessor.update_import_errors(
  File "/home/airflow/.local/lib/python3.12/site-packages/airflow/api_internal/internal_api_call.py", line 115, in wrapper
    return func(*args, **kwargs)
           ^^^^^^^^^^^^^^^^^^^^^
  File "/home/airflow/.local/lib/python3.12/site-packages/airflow/utils/session.py", line 76, in wrapper
    return func(*args, **kwargs)
           ^^^^^^^^^^^^^^^^^^^^^
  File "/home/airflow/.local/lib/python3.12/site-packages/airflow/dag_processing/processor.py", line 615, in update_import_errors
    session.execute(
  File "/home/airflow/.local/lib/python3.12/site-packages/sqlalchemy/orm/session.py", line 1716, in execute
    conn = self._connection_for_bind(bind)
           ^^^^^^^^^^^^^^^^^^^^^^^^^^^^^^^
  File "/home/airflow/.local/lib/python3.12/site-packages/sqlalchemy/orm/session.py", line 1555, in _connection_for_bind
    return self._transaction._connection_for_bind(
           ^^^^^^^^^^^^^^^^^^^^^^^^^^^^^^^^^^^^^^^
  File "/home/airflow/.local/lib/python3.12/site-packages/sqlalchemy/orm/session.py", line 750, in _connection_for_bind
    conn = bind.connect()
           ^^^^^^^^^^^^^^
  File "/home/airflow/.local/lib/python3.12/site-packages/sqlalchemy/future/engine.py", line 412, in connect
    return super(Engine, self).connect()
           ^^^^^^^^^^^^^^^^^^^^^^^^^^^^^
  File "/home/airflow/.local/lib/python3.12/site-packages/sqlalchemy/engine/base.py", line 3325, in connect
    return self._connection_cls(self, close_with_result=close_with_result)
           ^^^^^^^^^^^^^^^^^^^^^^^^^^^^^^^^^^^^^^^^^^^^^^^^^^^^^^^^^^^^^^^
  File "/home/airflow/.local/lib/python3.12/site-packages/sqlalchemy/engine/base.py", line 96, in __init__
    else engine.raw_connection()
         ^^^^^^^^^^^^^^^^^^^^^^^
  File "/home/airflow/.local/lib/python3.12/site-packages/sqlalchemy/engine/base.py", line 3404, in raw_connection
    return self._wrap_pool_connect(self.pool.connect, _connection)
           ^^^^^^^^^^^^^^^^^^^^^^^^^^^^^^^^^^^^^^^^^^^^^^^^^^^^^^^
  File "/home/airflow/.local/lib/python3.12/site-packages/sqlalchemy/engine/base.py", line 3374, in _wrap_pool_connect
    Connection._handle_dbapi_exception_noconnection(
  File "/home/airflow/.local/lib/python3.12/site-packages/sqlalchemy/engine/base.py", line 2208, in _handle_dbapi_exception_noconnection
    util.raise_(
  File "/home/airflow/.local/lib/python3.12/site-packages/sqlalchemy/util/compat.py", line 211, in raise_
    raise exception
  File "/home/airflow/.local/lib/python3.12/site-packages/sqlalchemy/engine/base.py", line 3371, in _wrap_pool_connect
    return fn()
           ^^^^
  File "/home/airflow/.local/lib/python3.12/site-packages/sqlalchemy/pool/base.py", line 327, in connect
    return _ConnectionFairy._checkout(self)
           ^^^^^^^^^^^^^^^^^^^^^^^^^^^^^^^^
  File "/home/airflow/.local/lib/python3.12/site-packages/sqlalchemy/pool/base.py", line 894, in _checkout
    fairy = _ConnectionRecord.checkout(pool)
            ^^^^^^^^^^^^^^^^^^^^^^^^^^^^^^^^
  File "/home/airflow/.local/lib/python3.12/site-packages/sqlalchemy/pool/base.py", line 493, in checkout
    rec = pool._do_get()
          ^^^^^^^^^^^^^^
  File "/home/airflow/.local/lib/python3.12/site-packages/sqlalchemy/pool/impl.py", line 145, in _do_get
    with util.safe_reraise():
  File "/home/airflow/.local/lib/python3.12/site-packages/sqlalchemy/util/langhelpers.py", line 70, in __exit__
    compat.raise_(
  File "/home/airflow/.local/lib/python3.12/site-packages/sqlalchemy/util/compat.py", line 211, in raise_
    raise exception
  File "/home/airflow/.local/lib/python3.12/site-packages/sqlalchemy/pool/impl.py", line 143, in _do_get
    return self._create_connection()
           ^^^^^^^^^^^^^^^^^^^^^^^^^
  File "/home/airflow/.local/lib/python3.12/site-packages/sqlalchemy/pool/base.py", line 273, in _create_connection
    return _ConnectionRecord(self)
           ^^^^^^^^^^^^^^^^^^^^^^^
  File "/home/airflow/.local/lib/python3.12/site-packages/sqlalchemy/pool/base.py", line 388, in __init__
    self.__connect()
  File "/home/airflow/.local/lib/python3.12/site-packages/sqlalchemy/pool/base.py", line 690, in __connect
    with util.safe_reraise():
  File "/home/airflow/.local/lib/python3.12/site-packages/sqlalchemy/util/langhelpers.py", line 70, in __exit__
    compat.raise_(
  File "/home/airflow/.local/lib/python3.12/site-packages/sqlalchemy/util/compat.py", line 211, in raise_
    raise exception
  File "/home/airflow/.local/lib/python3.12/site-packages/sqlalchemy/pool/base.py", line 686, in __connect
    self.dbapi_connection = connection = pool._invoke_creator(self)
                                         ^^^^^^^^^^^^^^^^^^^^^^^^^^
  File "/home/airflow/.local/lib/python3.12/site-packages/sqlalchemy/engine/create.py", line 574, in connect
    return dialect.connect(*cargs, **cparams)
           ^^^^^^^^^^^^^^^^^^^^^^^^^^^^^^^^^^
  File "/home/airflow/.local/lib/python3.12/site-packages/sqlalchemy/engine/default.py", line 598, in connect
    return self.dbapi.connect(*cargs, **cparams)
           ^^^^^^^^^^^^^^^^^^^^^^^^^^^^^^^^^^^^^
  File "/home/airflow/.local/lib/python3.12/site-packages/psycopg2/__init__.py", line 122, in connect
    conn = _connect(dsn, connection_factory=connection_factory, **kwasync)
           ^^^^^^^^^^^^^^^^^^^^^^^^^^^^^^^^^^^^^^^^^^^^^^^^^^^^^^^^^^^^^^^
sqlalchemy.exc.OperationalError: (psycopg2.OperationalError) could not translate host name "postgres" to address: Temporary failure in name resolution

(Background on this error at: https://sqlalche.me/e/14/e3q8)
[2024-06-25T22:51:29.333+0000] {processor.py:161} INFO - Started process (PID=111) to work on /opt/airflow/dags/custom_operator/etl_all_operator.py
[2024-06-25T22:51:29.335+0000] {processor.py:830} INFO - Processing file /opt/airflow/dags/custom_operator/etl_all_operator.py for tasks to queue
[2024-06-25T22:51:29.337+0000] {logging_mixin.py:188} INFO - [2024-06-25T22:51:29.336+0000] {dagbag.py:545} INFO - Filling up the DagBag from /opt/airflow/dags/custom_operator/etl_all_operator.py
[2024-06-25T22:51:34.222+0000] {processor.py:842} WARNING - No viable dags retrieved from /opt/airflow/dags/custom_operator/etl_all_operator.py
[2024-06-25T22:51:34.474+0000] {processor.py:183} INFO - Processing /opt/airflow/dags/custom_operator/etl_all_operator.py took 5.158 seconds
[2024-06-25T22:52:05.223+0000] {processor.py:161} INFO - Started process (PID=125) to work on /opt/airflow/dags/custom_operator/etl_all_operator.py
[2024-06-25T22:52:05.226+0000] {processor.py:830} INFO - Processing file /opt/airflow/dags/custom_operator/etl_all_operator.py for tasks to queue
[2024-06-25T22:52:05.230+0000] {logging_mixin.py:188} INFO - [2024-06-25T22:52:05.229+0000] {dagbag.py:545} INFO - Filling up the DagBag from /opt/airflow/dags/custom_operator/etl_all_operator.py
[2024-06-25T22:52:06.568+0000] {processor.py:842} WARNING - No viable dags retrieved from /opt/airflow/dags/custom_operator/etl_all_operator.py
[2024-06-25T22:52:06.583+0000] {processor.py:183} INFO - Processing /opt/airflow/dags/custom_operator/etl_all_operator.py took 1.377 seconds
[2024-06-25T22:52:36.753+0000] {processor.py:161} INFO - Started process (PID=145) to work on /opt/airflow/dags/custom_operator/etl_all_operator.py
[2024-06-25T22:52:36.755+0000] {processor.py:830} INFO - Processing file /opt/airflow/dags/custom_operator/etl_all_operator.py for tasks to queue
[2024-06-25T22:52:36.757+0000] {logging_mixin.py:188} INFO - [2024-06-25T22:52:36.757+0000] {dagbag.py:545} INFO - Filling up the DagBag from /opt/airflow/dags/custom_operator/etl_all_operator.py
[2024-06-25T22:52:38.826+0000] {processor.py:842} WARNING - No viable dags retrieved from /opt/airflow/dags/custom_operator/etl_all_operator.py
[2024-06-25T22:52:38.902+0000] {processor.py:183} INFO - Processing /opt/airflow/dags/custom_operator/etl_all_operator.py took 2.157 seconds
[2024-06-25T22:53:09.427+0000] {processor.py:161} INFO - Started process (PID=160) to work on /opt/airflow/dags/custom_operator/etl_all_operator.py
[2024-06-25T22:53:09.429+0000] {processor.py:830} INFO - Processing file /opt/airflow/dags/custom_operator/etl_all_operator.py for tasks to queue
[2024-06-25T22:53:09.431+0000] {logging_mixin.py:188} INFO - [2024-06-25T22:53:09.431+0000] {dagbag.py:545} INFO - Filling up the DagBag from /opt/airflow/dags/custom_operator/etl_all_operator.py
[2024-06-25T22:53:11.589+0000] {processor.py:842} WARNING - No viable dags retrieved from /opt/airflow/dags/custom_operator/etl_all_operator.py
[2024-06-25T22:53:11.672+0000] {processor.py:183} INFO - Processing /opt/airflow/dags/custom_operator/etl_all_operator.py took 2.262 seconds
[2024-06-25T22:53:41.944+0000] {processor.py:161} INFO - Started process (PID=174) to work on /opt/airflow/dags/custom_operator/etl_all_operator.py
[2024-06-25T22:53:41.946+0000] {processor.py:830} INFO - Processing file /opt/airflow/dags/custom_operator/etl_all_operator.py for tasks to queue
[2024-06-25T22:53:41.948+0000] {logging_mixin.py:188} INFO - [2024-06-25T22:53:41.947+0000] {dagbag.py:545} INFO - Filling up the DagBag from /opt/airflow/dags/custom_operator/etl_all_operator.py
[2024-06-25T22:53:44.149+0000] {processor.py:842} WARNING - No viable dags retrieved from /opt/airflow/dags/custom_operator/etl_all_operator.py
[2024-06-25T22:53:44.225+0000] {processor.py:183} INFO - Processing /opt/airflow/dags/custom_operator/etl_all_operator.py took 2.289 seconds
[2024-06-25T22:54:12.437+0000] {processor.py:161} INFO - Started process (PID=187) to work on /opt/airflow/dags/custom_operator/etl_all_operator.py
[2024-06-25T22:54:12.439+0000] {processor.py:830} INFO - Processing file /opt/airflow/dags/custom_operator/etl_all_operator.py for tasks to queue
[2024-06-25T22:54:12.442+0000] {logging_mixin.py:188} INFO - [2024-06-25T22:54:12.441+0000] {dagbag.py:545} INFO - Filling up the DagBag from /opt/airflow/dags/custom_operator/etl_all_operator.py
[2024-06-25T22:54:14.486+0000] {processor.py:842} WARNING - No viable dags retrieved from /opt/airflow/dags/custom_operator/etl_all_operator.py
[2024-06-25T22:54:14.622+0000] {processor.py:183} INFO - Processing /opt/airflow/dags/custom_operator/etl_all_operator.py took 2.199 seconds
[2024-06-25T22:54:15.587+0000] {processor.py:161} INFO - Started process (PID=191) to work on /opt/airflow/dags/custom_operator/etl_all_operator.py
[2024-06-25T22:54:15.589+0000] {processor.py:830} INFO - Processing file /opt/airflow/dags/custom_operator/etl_all_operator.py for tasks to queue
[2024-06-25T22:54:15.591+0000] {logging_mixin.py:188} INFO - [2024-06-25T22:54:15.591+0000] {dagbag.py:545} INFO - Filling up the DagBag from /opt/airflow/dags/custom_operator/etl_all_operator.py
[2024-06-25T22:58:02.858+0000] {processor.py:161} INFO - Started process (PID=203) to work on /opt/airflow/dags/custom_operator/etl_all_operator.py
[2024-06-25T22:58:02.885+0000] {processor.py:830} INFO - Processing file /opt/airflow/dags/custom_operator/etl_all_operator.py for tasks to queue
[2024-06-25T22:58:03.127+0000] {logging_mixin.py:188} INFO - [2024-06-25T22:58:02.963+0000] {dagbag.py:545} INFO - Filling up the DagBag from /opt/airflow/dags/custom_operator/etl_all_operator.py
[2024-06-25T22:58:16.035+0000] {processor.py:842} WARNING - No viable dags retrieved from /opt/airflow/dags/custom_operator/etl_all_operator.py
[2024-06-25T22:58:16.646+0000] {processor.py:183} INFO - Processing /opt/airflow/dags/custom_operator/etl_all_operator.py took 14.573 seconds
[2024-06-25T22:58:46.896+0000] {processor.py:161} INFO - Started process (PID=224) to work on /opt/airflow/dags/custom_operator/etl_all_operator.py
[2024-06-25T22:58:46.898+0000] {processor.py:830} INFO - Processing file /opt/airflow/dags/custom_operator/etl_all_operator.py for tasks to queue
[2024-06-25T22:58:46.899+0000] {logging_mixin.py:188} INFO - [2024-06-25T22:58:46.899+0000] {dagbag.py:545} INFO - Filling up the DagBag from /opt/airflow/dags/custom_operator/etl_all_operator.py
[2024-06-25T22:58:48.524+0000] {processor.py:842} WARNING - No viable dags retrieved from /opt/airflow/dags/custom_operator/etl_all_operator.py
[2024-06-25T22:58:48.546+0000] {processor.py:183} INFO - Processing /opt/airflow/dags/custom_operator/etl_all_operator.py took 1.660 seconds
[2024-06-25T22:59:19.484+0000] {processor.py:161} INFO - Started process (PID=238) to work on /opt/airflow/dags/custom_operator/etl_all_operator.py
[2024-06-25T22:59:19.486+0000] {processor.py:830} INFO - Processing file /opt/airflow/dags/custom_operator/etl_all_operator.py for tasks to queue
[2024-06-25T22:59:19.488+0000] {logging_mixin.py:188} INFO - [2024-06-25T22:59:19.487+0000] {dagbag.py:545} INFO - Filling up the DagBag from /opt/airflow/dags/custom_operator/etl_all_operator.py
[2024-06-25T22:59:20.290+0000] {processor.py:842} WARNING - No viable dags retrieved from /opt/airflow/dags/custom_operator/etl_all_operator.py
[2024-06-25T22:59:20.304+0000] {processor.py:183} INFO - Processing /opt/airflow/dags/custom_operator/etl_all_operator.py took 0.828 seconds
[2024-06-25T22:59:51.255+0000] {processor.py:161} INFO - Started process (PID=252) to work on /opt/airflow/dags/custom_operator/etl_all_operator.py
[2024-06-25T22:59:51.257+0000] {processor.py:830} INFO - Processing file /opt/airflow/dags/custom_operator/etl_all_operator.py for tasks to queue
[2024-06-25T22:59:51.259+0000] {logging_mixin.py:188} INFO - [2024-06-25T22:59:51.258+0000] {dagbag.py:545} INFO - Filling up the DagBag from /opt/airflow/dags/custom_operator/etl_all_operator.py
[2024-06-25T22:59:52.379+0000] {processor.py:842} WARNING - No viable dags retrieved from /opt/airflow/dags/custom_operator/etl_all_operator.py
[2024-06-25T22:59:52.396+0000] {processor.py:183} INFO - Processing /opt/airflow/dags/custom_operator/etl_all_operator.py took 1.152 seconds
[2024-06-25T23:00:22.537+0000] {processor.py:161} INFO - Started process (PID=266) to work on /opt/airflow/dags/custom_operator/etl_all_operator.py
[2024-06-25T23:00:22.545+0000] {processor.py:830} INFO - Processing file /opt/airflow/dags/custom_operator/etl_all_operator.py for tasks to queue
[2024-06-25T23:00:22.552+0000] {logging_mixin.py:188} INFO - [2024-06-25T23:00:22.548+0000] {dagbag.py:545} INFO - Filling up the DagBag from /opt/airflow/dags/custom_operator/etl_all_operator.py
[2024-06-25T23:00:26.556+0000] {processor.py:842} WARNING - No viable dags retrieved from /opt/airflow/dags/custom_operator/etl_all_operator.py
[2024-06-25T23:00:26.582+0000] {processor.py:183} INFO - Processing /opt/airflow/dags/custom_operator/etl_all_operator.py took 4.078 seconds
[2024-06-25T23:00:57.337+0000] {processor.py:161} INFO - Started process (PID=280) to work on /opt/airflow/dags/custom_operator/etl_all_operator.py
[2024-06-25T23:00:57.339+0000] {processor.py:830} INFO - Processing file /opt/airflow/dags/custom_operator/etl_all_operator.py for tasks to queue
[2024-06-25T23:00:57.340+0000] {logging_mixin.py:188} INFO - [2024-06-25T23:00:57.340+0000] {dagbag.py:545} INFO - Filling up the DagBag from /opt/airflow/dags/custom_operator/etl_all_operator.py
[2024-06-25T23:00:58.483+0000] {processor.py:842} WARNING - No viable dags retrieved from /opt/airflow/dags/custom_operator/etl_all_operator.py
[2024-06-25T23:00:58.504+0000] {processor.py:183} INFO - Processing /opt/airflow/dags/custom_operator/etl_all_operator.py took 1.182 seconds
[2024-06-25T23:01:29.411+0000] {processor.py:161} INFO - Started process (PID=294) to work on /opt/airflow/dags/custom_operator/etl_all_operator.py
[2024-06-25T23:01:29.413+0000] {processor.py:830} INFO - Processing file /opt/airflow/dags/custom_operator/etl_all_operator.py for tasks to queue
[2024-06-25T23:01:29.415+0000] {logging_mixin.py:188} INFO - [2024-06-25T23:01:29.414+0000] {dagbag.py:545} INFO - Filling up the DagBag from /opt/airflow/dags/custom_operator/etl_all_operator.py
[2024-06-25T23:01:30.768+0000] {processor.py:842} WARNING - No viable dags retrieved from /opt/airflow/dags/custom_operator/etl_all_operator.py
[2024-06-25T23:01:30.794+0000] {processor.py:183} INFO - Processing /opt/airflow/dags/custom_operator/etl_all_operator.py took 1.396 seconds
[2024-06-25T23:02:01.485+0000] {processor.py:161} INFO - Started process (PID=308) to work on /opt/airflow/dags/custom_operator/etl_all_operator.py
[2024-06-25T23:02:01.486+0000] {processor.py:830} INFO - Processing file /opt/airflow/dags/custom_operator/etl_all_operator.py for tasks to queue
[2024-06-25T23:02:01.488+0000] {logging_mixin.py:188} INFO - [2024-06-25T23:02:01.487+0000] {dagbag.py:545} INFO - Filling up the DagBag from /opt/airflow/dags/custom_operator/etl_all_operator.py
[2024-06-25T23:02:02.386+0000] {processor.py:842} WARNING - No viable dags retrieved from /opt/airflow/dags/custom_operator/etl_all_operator.py
[2024-06-25T23:02:02.403+0000] {processor.py:183} INFO - Processing /opt/airflow/dags/custom_operator/etl_all_operator.py took 0.928 seconds
[2024-06-25T23:02:33.230+0000] {processor.py:161} INFO - Started process (PID=322) to work on /opt/airflow/dags/custom_operator/etl_all_operator.py
[2024-06-25T23:02:33.232+0000] {processor.py:830} INFO - Processing file /opt/airflow/dags/custom_operator/etl_all_operator.py for tasks to queue
[2024-06-25T23:02:33.234+0000] {logging_mixin.py:188} INFO - [2024-06-25T23:02:33.233+0000] {dagbag.py:545} INFO - Filling up the DagBag from /opt/airflow/dags/custom_operator/etl_all_operator.py
[2024-06-25T23:02:34.424+0000] {processor.py:842} WARNING - No viable dags retrieved from /opt/airflow/dags/custom_operator/etl_all_operator.py
[2024-06-25T23:02:34.454+0000] {processor.py:183} INFO - Processing /opt/airflow/dags/custom_operator/etl_all_operator.py took 1.234 seconds
[2024-06-25T23:03:04.575+0000] {processor.py:161} INFO - Started process (PID=336) to work on /opt/airflow/dags/custom_operator/etl_all_operator.py
[2024-06-25T23:03:04.576+0000] {processor.py:830} INFO - Processing file /opt/airflow/dags/custom_operator/etl_all_operator.py for tasks to queue
[2024-06-25T23:03:04.577+0000] {logging_mixin.py:188} INFO - [2024-06-25T23:03:04.576+0000] {dagbag.py:545} INFO - Filling up the DagBag from /opt/airflow/dags/custom_operator/etl_all_operator.py
[2024-06-25T23:03:05.393+0000] {processor.py:842} WARNING - No viable dags retrieved from /opt/airflow/dags/custom_operator/etl_all_operator.py
[2024-06-25T23:03:05.410+0000] {processor.py:183} INFO - Processing /opt/airflow/dags/custom_operator/etl_all_operator.py took 0.842 seconds
[2024-06-25T23:03:35.814+0000] {processor.py:161} INFO - Started process (PID=350) to work on /opt/airflow/dags/custom_operator/etl_all_operator.py
[2024-06-25T23:03:35.816+0000] {processor.py:830} INFO - Processing file /opt/airflow/dags/custom_operator/etl_all_operator.py for tasks to queue
[2024-06-25T23:03:35.818+0000] {logging_mixin.py:188} INFO - [2024-06-25T23:03:35.818+0000] {dagbag.py:545} INFO - Filling up the DagBag from /opt/airflow/dags/custom_operator/etl_all_operator.py
[2024-06-25T23:03:39.623+0000] {processor.py:842} WARNING - No viable dags retrieved from /opt/airflow/dags/custom_operator/etl_all_operator.py
[2024-06-25T23:03:39.667+0000] {processor.py:183} INFO - Processing /opt/airflow/dags/custom_operator/etl_all_operator.py took 3.863 seconds
[2024-06-25T23:04:10.211+0000] {processor.py:161} INFO - Started process (PID=370) to work on /opt/airflow/dags/custom_operator/etl_all_operator.py
[2024-06-25T23:04:10.214+0000] {processor.py:830} INFO - Processing file /opt/airflow/dags/custom_operator/etl_all_operator.py for tasks to queue
[2024-06-25T23:04:10.216+0000] {logging_mixin.py:188} INFO - [2024-06-25T23:04:10.215+0000] {dagbag.py:545} INFO - Filling up the DagBag from /opt/airflow/dags/custom_operator/etl_all_operator.py
[2024-06-25T23:04:11.341+0000] {processor.py:842} WARNING - No viable dags retrieved from /opt/airflow/dags/custom_operator/etl_all_operator.py
[2024-06-25T23:04:11.418+0000] {processor.py:183} INFO - Processing /opt/airflow/dags/custom_operator/etl_all_operator.py took 1.216 seconds
[2024-06-25T23:04:42.434+0000] {processor.py:161} INFO - Started process (PID=384) to work on /opt/airflow/dags/custom_operator/etl_all_operator.py
[2024-06-25T23:04:42.435+0000] {processor.py:830} INFO - Processing file /opt/airflow/dags/custom_operator/etl_all_operator.py for tasks to queue
[2024-06-25T23:04:42.437+0000] {logging_mixin.py:188} INFO - [2024-06-25T23:04:42.437+0000] {dagbag.py:545} INFO - Filling up the DagBag from /opt/airflow/dags/custom_operator/etl_all_operator.py
[2024-06-25T23:04:45.380+0000] {processor.py:842} WARNING - No viable dags retrieved from /opt/airflow/dags/custom_operator/etl_all_operator.py
[2024-06-25T23:04:45.575+0000] {processor.py:183} INFO - Processing /opt/airflow/dags/custom_operator/etl_all_operator.py took 3.149 seconds
[2024-06-25T23:05:16.060+0000] {processor.py:161} INFO - Started process (PID=398) to work on /opt/airflow/dags/custom_operator/etl_all_operator.py
[2024-06-25T23:05:16.070+0000] {processor.py:830} INFO - Processing file /opt/airflow/dags/custom_operator/etl_all_operator.py for tasks to queue
[2024-06-25T23:05:16.078+0000] {logging_mixin.py:188} INFO - [2024-06-25T23:05:16.073+0000] {dagbag.py:545} INFO - Filling up the DagBag from /opt/airflow/dags/custom_operator/etl_all_operator.py
[2024-06-25T23:05:27.118+0000] {processor.py:842} WARNING - No viable dags retrieved from /opt/airflow/dags/custom_operator/etl_all_operator.py
[2024-06-25T23:05:27.419+0000] {processor.py:183} INFO - Processing /opt/airflow/dags/custom_operator/etl_all_operator.py took 11.419 seconds
[2024-06-25T23:05:58.160+0000] {processor.py:161} INFO - Started process (PID=412) to work on /opt/airflow/dags/custom_operator/etl_all_operator.py
[2024-06-25T23:05:58.164+0000] {processor.py:830} INFO - Processing file /opt/airflow/dags/custom_operator/etl_all_operator.py for tasks to queue
[2024-06-25T23:05:58.167+0000] {logging_mixin.py:188} INFO - [2024-06-25T23:05:58.166+0000] {dagbag.py:545} INFO - Filling up the DagBag from /opt/airflow/dags/custom_operator/etl_all_operator.py
[2024-06-25T23:06:01.110+0000] {processor.py:842} WARNING - No viable dags retrieved from /opt/airflow/dags/custom_operator/etl_all_operator.py
[2024-06-25T23:06:01.141+0000] {processor.py:183} INFO - Processing /opt/airflow/dags/custom_operator/etl_all_operator.py took 3.015 seconds
[2024-06-25T23:06:31.696+0000] {processor.py:161} INFO - Started process (PID=426) to work on /opt/airflow/dags/custom_operator/etl_all_operator.py
[2024-06-25T23:06:31.698+0000] {processor.py:830} INFO - Processing file /opt/airflow/dags/custom_operator/etl_all_operator.py for tasks to queue
[2024-06-25T23:06:31.699+0000] {logging_mixin.py:188} INFO - [2024-06-25T23:06:31.699+0000] {dagbag.py:545} INFO - Filling up the DagBag from /opt/airflow/dags/custom_operator/etl_all_operator.py
[2024-06-25T23:06:32.816+0000] {processor.py:842} WARNING - No viable dags retrieved from /opt/airflow/dags/custom_operator/etl_all_operator.py
[2024-06-25T23:06:32.840+0000] {processor.py:183} INFO - Processing /opt/airflow/dags/custom_operator/etl_all_operator.py took 1.154 seconds
[2024-06-25T23:07:03.680+0000] {processor.py:161} INFO - Started process (PID=440) to work on /opt/airflow/dags/custom_operator/etl_all_operator.py
[2024-06-25T23:07:03.681+0000] {processor.py:830} INFO - Processing file /opt/airflow/dags/custom_operator/etl_all_operator.py for tasks to queue
[2024-06-25T23:07:03.683+0000] {logging_mixin.py:188} INFO - [2024-06-25T23:07:03.683+0000] {dagbag.py:545} INFO - Filling up the DagBag from /opt/airflow/dags/custom_operator/etl_all_operator.py
[2024-06-25T23:07:04.515+0000] {processor.py:842} WARNING - No viable dags retrieved from /opt/airflow/dags/custom_operator/etl_all_operator.py
[2024-06-25T23:07:04.528+0000] {processor.py:183} INFO - Processing /opt/airflow/dags/custom_operator/etl_all_operator.py took 0.855 seconds
[2024-06-25T23:07:34.753+0000] {processor.py:161} INFO - Started process (PID=454) to work on /opt/airflow/dags/custom_operator/etl_all_operator.py
[2024-06-25T23:07:34.756+0000] {processor.py:830} INFO - Processing file /opt/airflow/dags/custom_operator/etl_all_operator.py for tasks to queue
[2024-06-25T23:07:34.758+0000] {logging_mixin.py:188} INFO - [2024-06-25T23:07:34.757+0000] {dagbag.py:545} INFO - Filling up the DagBag from /opt/airflow/dags/custom_operator/etl_all_operator.py
[2024-06-25T23:07:35.822+0000] {processor.py:842} WARNING - No viable dags retrieved from /opt/airflow/dags/custom_operator/etl_all_operator.py
[2024-06-25T23:07:35.835+0000] {processor.py:183} INFO - Processing /opt/airflow/dags/custom_operator/etl_all_operator.py took 1.088 seconds
[2024-06-25T23:08:06.229+0000] {processor.py:161} INFO - Started process (PID=468) to work on /opt/airflow/dags/custom_operator/etl_all_operator.py
[2024-06-25T23:08:06.231+0000] {processor.py:830} INFO - Processing file /opt/airflow/dags/custom_operator/etl_all_operator.py for tasks to queue
[2024-06-25T23:08:06.232+0000] {logging_mixin.py:188} INFO - [2024-06-25T23:08:06.232+0000] {dagbag.py:545} INFO - Filling up the DagBag from /opt/airflow/dags/custom_operator/etl_all_operator.py
[2024-06-25T23:08:07.230+0000] {processor.py:842} WARNING - No viable dags retrieved from /opt/airflow/dags/custom_operator/etl_all_operator.py
[2024-06-25T23:08:07.254+0000] {processor.py:183} INFO - Processing /opt/airflow/dags/custom_operator/etl_all_operator.py took 1.039 seconds
[2024-06-25T23:08:37.597+0000] {processor.py:161} INFO - Started process (PID=490) to work on /opt/airflow/dags/custom_operator/etl_all_operator.py
[2024-06-25T23:08:37.598+0000] {processor.py:830} INFO - Processing file /opt/airflow/dags/custom_operator/etl_all_operator.py for tasks to queue
[2024-06-25T23:08:37.599+0000] {logging_mixin.py:188} INFO - [2024-06-25T23:08:37.599+0000] {dagbag.py:545} INFO - Filling up the DagBag from /opt/airflow/dags/custom_operator/etl_all_operator.py
[2024-06-25T23:08:38.828+0000] {processor.py:842} WARNING - No viable dags retrieved from /opt/airflow/dags/custom_operator/etl_all_operator.py
[2024-06-25T23:08:38.857+0000] {processor.py:183} INFO - Processing /opt/airflow/dags/custom_operator/etl_all_operator.py took 1.266 seconds
[2024-06-25T23:09:09.203+0000] {processor.py:161} INFO - Started process (PID=508) to work on /opt/airflow/dags/custom_operator/etl_all_operator.py
[2024-06-25T23:09:09.205+0000] {processor.py:830} INFO - Processing file /opt/airflow/dags/custom_operator/etl_all_operator.py for tasks to queue
[2024-06-25T23:09:09.208+0000] {logging_mixin.py:188} INFO - [2024-06-25T23:09:09.207+0000] {dagbag.py:545} INFO - Filling up the DagBag from /opt/airflow/dags/custom_operator/etl_all_operator.py
[2024-06-25T23:09:10.502+0000] {processor.py:842} WARNING - No viable dags retrieved from /opt/airflow/dags/custom_operator/etl_all_operator.py
[2024-06-25T23:09:10.524+0000] {processor.py:183} INFO - Processing /opt/airflow/dags/custom_operator/etl_all_operator.py took 1.342 seconds
[2024-06-25T23:09:41.501+0000] {processor.py:161} INFO - Started process (PID=536) to work on /opt/airflow/dags/custom_operator/etl_all_operator.py
[2024-06-25T23:09:41.509+0000] {processor.py:830} INFO - Processing file /opt/airflow/dags/custom_operator/etl_all_operator.py for tasks to queue
[2024-06-25T23:09:41.521+0000] {logging_mixin.py:188} INFO - [2024-06-25T23:09:41.516+0000] {dagbag.py:545} INFO - Filling up the DagBag from /opt/airflow/dags/custom_operator/etl_all_operator.py
[2024-06-25T23:09:43.673+0000] {processor.py:842} WARNING - No viable dags retrieved from /opt/airflow/dags/custom_operator/etl_all_operator.py
[2024-06-25T23:09:43.776+0000] {processor.py:183} INFO - Processing /opt/airflow/dags/custom_operator/etl_all_operator.py took 2.411 seconds
[2024-06-25T23:10:14.466+0000] {processor.py:161} INFO - Started process (PID=550) to work on /opt/airflow/dags/custom_operator/etl_all_operator.py
[2024-06-25T23:10:14.480+0000] {processor.py:830} INFO - Processing file /opt/airflow/dags/custom_operator/etl_all_operator.py for tasks to queue
[2024-06-25T23:10:14.486+0000] {logging_mixin.py:188} INFO - [2024-06-25T23:10:14.482+0000] {dagbag.py:545} INFO - Filling up the DagBag from /opt/airflow/dags/custom_operator/etl_all_operator.py
[2024-06-25T23:13:18.497+0000] {processor.py:161} INFO - Started process (PID=556) to work on /opt/airflow/dags/custom_operator/etl_all_operator.py
[2024-06-25T23:13:18.506+0000] {processor.py:830} INFO - Processing file /opt/airflow/dags/custom_operator/etl_all_operator.py for tasks to queue
[2024-06-25T23:13:18.508+0000] {logging_mixin.py:188} INFO - [2024-06-25T23:13:18.507+0000] {dagbag.py:545} INFO - Filling up the DagBag from /opt/airflow/dags/custom_operator/etl_all_operator.py
[2024-06-25T23:16:10.565+0000] {processor.py:161} INFO - Started process (PID=36) to work on /opt/airflow/dags/custom_operator/etl_all_operator.py
[2024-06-25T23:16:10.568+0000] {processor.py:830} INFO - Processing file /opt/airflow/dags/custom_operator/etl_all_operator.py for tasks to queue
[2024-06-25T23:16:10.571+0000] {logging_mixin.py:188} INFO - [2024-06-25T23:16:10.570+0000] {dagbag.py:545} INFO - Filling up the DagBag from /opt/airflow/dags/custom_operator/etl_all_operator.py
[2024-06-25T23:16:11.272+0000] {processor.py:842} WARNING - No viable dags retrieved from /opt/airflow/dags/custom_operator/etl_all_operator.py
[2024-06-25T23:16:11.290+0000] {processor.py:183} INFO - Processing /opt/airflow/dags/custom_operator/etl_all_operator.py took 0.731 seconds
[2024-06-25T23:16:41.483+0000] {processor.py:161} INFO - Started process (PID=52) to work on /opt/airflow/dags/custom_operator/etl_all_operator.py
[2024-06-25T23:16:41.484+0000] {processor.py:830} INFO - Processing file /opt/airflow/dags/custom_operator/etl_all_operator.py for tasks to queue
[2024-06-25T23:16:41.486+0000] {logging_mixin.py:188} INFO - [2024-06-25T23:16:41.486+0000] {dagbag.py:545} INFO - Filling up the DagBag from /opt/airflow/dags/custom_operator/etl_all_operator.py
[2024-06-25T23:16:42.271+0000] {processor.py:842} WARNING - No viable dags retrieved from /opt/airflow/dags/custom_operator/etl_all_operator.py
[2024-06-25T23:16:42.286+0000] {processor.py:183} INFO - Processing /opt/airflow/dags/custom_operator/etl_all_operator.py took 0.809 seconds
[2024-06-25T23:17:13.207+0000] {processor.py:161} INFO - Started process (PID=66) to work on /opt/airflow/dags/custom_operator/etl_all_operator.py
[2024-06-25T23:17:13.209+0000] {processor.py:830} INFO - Processing file /opt/airflow/dags/custom_operator/etl_all_operator.py for tasks to queue
[2024-06-25T23:17:13.211+0000] {logging_mixin.py:188} INFO - [2024-06-25T23:17:13.211+0000] {dagbag.py:545} INFO - Filling up the DagBag from /opt/airflow/dags/custom_operator/etl_all_operator.py
[2024-06-25T23:17:14.126+0000] {processor.py:842} WARNING - No viable dags retrieved from /opt/airflow/dags/custom_operator/etl_all_operator.py
[2024-06-25T23:17:14.150+0000] {processor.py:183} INFO - Processing /opt/airflow/dags/custom_operator/etl_all_operator.py took 0.950 seconds
[2024-06-25T23:20:05.764+0000] {processor.py:161} INFO - Started process (PID=30) to work on /opt/airflow/dags/custom_operator/etl_all_operator.py
[2024-06-25T23:20:05.766+0000] {processor.py:830} INFO - Processing file /opt/airflow/dags/custom_operator/etl_all_operator.py for tasks to queue
[2024-06-25T23:20:05.769+0000] {logging_mixin.py:188} INFO - [2024-06-25T23:20:05.769+0000] {dagbag.py:545} INFO - Filling up the DagBag from /opt/airflow/dags/custom_operator/etl_all_operator.py
[2024-06-25T23:20:17.630+0000] {processor.py:842} WARNING - No viable dags retrieved from /opt/airflow/dags/custom_operator/etl_all_operator.py
[2024-06-25T23:20:17.767+0000] {processor.py:183} INFO - Processing /opt/airflow/dags/custom_operator/etl_all_operator.py took 12.011 seconds
[2024-06-25T23:20:48.621+0000] {processor.py:161} INFO - Started process (PID=53) to work on /opt/airflow/dags/custom_operator/etl_all_operator.py
[2024-06-25T23:20:48.648+0000] {processor.py:830} INFO - Processing file /opt/airflow/dags/custom_operator/etl_all_operator.py for tasks to queue
[2024-06-25T23:20:48.706+0000] {logging_mixin.py:188} INFO - [2024-06-25T23:20:48.699+0000] {dagbag.py:545} INFO - Filling up the DagBag from /opt/airflow/dags/custom_operator/etl_all_operator.py
[2024-06-25T23:20:56.190+0000] {processor.py:842} WARNING - No viable dags retrieved from /opt/airflow/dags/custom_operator/etl_all_operator.py
[2024-06-25T23:20:56.228+0000] {processor.py:183} INFO - Processing /opt/airflow/dags/custom_operator/etl_all_operator.py took 7.711 seconds
[2024-06-25T23:21:26.484+0000] {processor.py:161} INFO - Started process (PID=79) to work on /opt/airflow/dags/custom_operator/etl_all_operator.py
[2024-06-25T23:21:26.486+0000] {processor.py:830} INFO - Processing file /opt/airflow/dags/custom_operator/etl_all_operator.py for tasks to queue
[2024-06-25T23:21:26.488+0000] {logging_mixin.py:188} INFO - [2024-06-25T23:21:26.488+0000] {dagbag.py:545} INFO - Filling up the DagBag from /opt/airflow/dags/custom_operator/etl_all_operator.py
[2024-06-25T23:21:27.472+0000] {processor.py:842} WARNING - No viable dags retrieved from /opt/airflow/dags/custom_operator/etl_all_operator.py
[2024-06-25T23:21:27.486+0000] {processor.py:183} INFO - Processing /opt/airflow/dags/custom_operator/etl_all_operator.py took 1.008 seconds
[2024-06-25T23:21:57.759+0000] {processor.py:161} INFO - Started process (PID=93) to work on /opt/airflow/dags/custom_operator/etl_all_operator.py
[2024-06-25T23:21:57.761+0000] {processor.py:830} INFO - Processing file /opt/airflow/dags/custom_operator/etl_all_operator.py for tasks to queue
[2024-06-25T23:21:57.763+0000] {logging_mixin.py:188} INFO - [2024-06-25T23:21:57.762+0000] {dagbag.py:545} INFO - Filling up the DagBag from /opt/airflow/dags/custom_operator/etl_all_operator.py
[2024-06-25T23:21:58.442+0000] {processor.py:842} WARNING - No viable dags retrieved from /opt/airflow/dags/custom_operator/etl_all_operator.py
[2024-06-25T23:21:58.456+0000] {processor.py:183} INFO - Processing /opt/airflow/dags/custom_operator/etl_all_operator.py took 0.703 seconds
[2024-06-25T23:22:28.731+0000] {processor.py:161} INFO - Started process (PID=108) to work on /opt/airflow/dags/custom_operator/etl_all_operator.py
[2024-06-25T23:22:28.734+0000] {processor.py:830} INFO - Processing file /opt/airflow/dags/custom_operator/etl_all_operator.py for tasks to queue
[2024-06-25T23:22:28.750+0000] {logging_mixin.py:188} INFO - [2024-06-25T23:22:28.749+0000] {dagbag.py:545} INFO - Filling up the DagBag from /opt/airflow/dags/custom_operator/etl_all_operator.py
[2024-06-25T23:22:30.231+0000] {processor.py:842} WARNING - No viable dags retrieved from /opt/airflow/dags/custom_operator/etl_all_operator.py
[2024-06-25T23:22:30.255+0000] {processor.py:183} INFO - Processing /opt/airflow/dags/custom_operator/etl_all_operator.py took 1.546 seconds
[2024-06-25T23:25:53.119+0000] {processor.py:161} INFO - Started process (PID=30) to work on /opt/airflow/dags/custom_operator/etl_all_operator.py
[2024-06-25T23:25:53.122+0000] {processor.py:830} INFO - Processing file /opt/airflow/dags/custom_operator/etl_all_operator.py for tasks to queue
[2024-06-25T23:25:53.128+0000] {logging_mixin.py:188} INFO - [2024-06-25T23:25:53.127+0000] {dagbag.py:545} INFO - Filling up the DagBag from /opt/airflow/dags/custom_operator/etl_all_operator.py
[2024-06-25T23:26:01.823+0000] {processor.py:842} WARNING - No viable dags retrieved from /opt/airflow/dags/custom_operator/etl_all_operator.py
[2024-06-25T23:26:01.880+0000] {processor.py:183} INFO - Processing /opt/airflow/dags/custom_operator/etl_all_operator.py took 8.783 seconds
[2024-06-25T23:26:32.050+0000] {processor.py:161} INFO - Started process (PID=44) to work on /opt/airflow/dags/custom_operator/etl_all_operator.py
[2024-06-25T23:26:32.052+0000] {processor.py:830} INFO - Processing file /opt/airflow/dags/custom_operator/etl_all_operator.py for tasks to queue
[2024-06-25T23:26:32.064+0000] {logging_mixin.py:188} INFO - [2024-06-25T23:26:32.061+0000] {dagbag.py:545} INFO - Filling up the DagBag from /opt/airflow/dags/custom_operator/etl_all_operator.py
[2024-06-25T23:26:39.307+0000] {processor.py:842} WARNING - No viable dags retrieved from /opt/airflow/dags/custom_operator/etl_all_operator.py
[2024-06-25T23:26:39.387+0000] {processor.py:183} INFO - Processing /opt/airflow/dags/custom_operator/etl_all_operator.py took 7.355 seconds
[2024-06-25T23:27:10.817+0000] {processor.py:161} INFO - Started process (PID=65) to work on /opt/airflow/dags/custom_operator/etl_all_operator.py
[2024-06-25T23:27:10.821+0000] {processor.py:830} INFO - Processing file /opt/airflow/dags/custom_operator/etl_all_operator.py for tasks to queue
[2024-06-25T23:27:10.829+0000] {logging_mixin.py:188} INFO - [2024-06-25T23:27:10.827+0000] {dagbag.py:545} INFO - Filling up the DagBag from /opt/airflow/dags/custom_operator/etl_all_operator.py
[2024-06-25T23:27:19.194+0000] {processor.py:842} WARNING - No viable dags retrieved from /opt/airflow/dags/custom_operator/etl_all_operator.py
[2024-06-25T23:27:19.401+0000] {processor.py:183} INFO - Processing /opt/airflow/dags/custom_operator/etl_all_operator.py took 8.602 seconds
[2024-06-25T23:28:09.735+0000] {processor.py:161} INFO - Started process (PID=84) to work on /opt/airflow/dags/custom_operator/etl_all_operator.py
[2024-06-25T23:28:09.746+0000] {processor.py:830} INFO - Processing file /opt/airflow/dags/custom_operator/etl_all_operator.py for tasks to queue
[2024-06-25T23:28:10.045+0000] {logging_mixin.py:188} INFO - [2024-06-25T23:28:10.038+0000] {dagbag.py:545} INFO - Filling up the DagBag from /opt/airflow/dags/custom_operator/etl_all_operator.py
[2024-06-25T23:28:38.093+0000] {processor.py:842} WARNING - No viable dags retrieved from /opt/airflow/dags/custom_operator/etl_all_operator.py
[2024-06-25T23:28:38.573+0000] {processor.py:183} INFO - Processing /opt/airflow/dags/custom_operator/etl_all_operator.py took 28.936 seconds
[2024-06-25T23:29:11.828+0000] {processor.py:161} INFO - Started process (PID=104) to work on /opt/airflow/dags/custom_operator/etl_all_operator.py
[2024-06-25T23:29:11.885+0000] {processor.py:830} INFO - Processing file /opt/airflow/dags/custom_operator/etl_all_operator.py for tasks to queue
[2024-06-25T23:29:12.116+0000] {logging_mixin.py:188} INFO - [2024-06-25T23:29:12.062+0000] {dagbag.py:545} INFO - Filling up the DagBag from /opt/airflow/dags/custom_operator/etl_all_operator.py
[2024-06-25T23:30:44.547+0000] {processor.py:161} INFO - Started process (PID=116) to work on /opt/airflow/dags/custom_operator/etl_all_operator.py
[2024-06-25T23:30:44.550+0000] {processor.py:830} INFO - Processing file /opt/airflow/dags/custom_operator/etl_all_operator.py for tasks to queue
[2024-06-25T23:30:44.552+0000] {logging_mixin.py:188} INFO - [2024-06-25T23:30:44.552+0000] {dagbag.py:545} INFO - Filling up the DagBag from /opt/airflow/dags/custom_operator/etl_all_operator.py
[2024-06-25T23:30:45.467+0000] {processor.py:842} WARNING - No viable dags retrieved from /opt/airflow/dags/custom_operator/etl_all_operator.py
[2024-06-25T23:30:45.493+0000] {processor.py:183} INFO - Processing /opt/airflow/dags/custom_operator/etl_all_operator.py took 0.966 seconds
[2024-06-25T23:31:16.058+0000] {processor.py:161} INFO - Started process (PID=130) to work on /opt/airflow/dags/custom_operator/etl_all_operator.py
[2024-06-25T23:31:16.060+0000] {processor.py:830} INFO - Processing file /opt/airflow/dags/custom_operator/etl_all_operator.py for tasks to queue
[2024-06-25T23:31:16.064+0000] {logging_mixin.py:188} INFO - [2024-06-25T23:31:16.063+0000] {dagbag.py:545} INFO - Filling up the DagBag from /opt/airflow/dags/custom_operator/etl_all_operator.py
[2024-06-25T23:31:17.236+0000] {processor.py:842} WARNING - No viable dags retrieved from /opt/airflow/dags/custom_operator/etl_all_operator.py
[2024-06-25T23:31:17.267+0000] {processor.py:183} INFO - Processing /opt/airflow/dags/custom_operator/etl_all_operator.py took 1.215 seconds
[2024-06-25T23:31:47.881+0000] {processor.py:161} INFO - Started process (PID=144) to work on /opt/airflow/dags/custom_operator/etl_all_operator.py
[2024-06-25T23:31:47.882+0000] {processor.py:830} INFO - Processing file /opt/airflow/dags/custom_operator/etl_all_operator.py for tasks to queue
[2024-06-25T23:31:47.883+0000] {logging_mixin.py:188} INFO - [2024-06-25T23:31:47.883+0000] {dagbag.py:545} INFO - Filling up the DagBag from /opt/airflow/dags/custom_operator/etl_all_operator.py
[2024-06-25T23:31:48.671+0000] {processor.py:842} WARNING - No viable dags retrieved from /opt/airflow/dags/custom_operator/etl_all_operator.py
[2024-06-25T23:31:48.686+0000] {processor.py:183} INFO - Processing /opt/airflow/dags/custom_operator/etl_all_operator.py took 0.811 seconds
[2024-06-25T23:32:19.071+0000] {processor.py:161} INFO - Started process (PID=158) to work on /opt/airflow/dags/custom_operator/etl_all_operator.py
[2024-06-25T23:32:19.072+0000] {processor.py:830} INFO - Processing file /opt/airflow/dags/custom_operator/etl_all_operator.py for tasks to queue
[2024-06-25T23:32:19.073+0000] {logging_mixin.py:188} INFO - [2024-06-25T23:32:19.073+0000] {dagbag.py:545} INFO - Filling up the DagBag from /opt/airflow/dags/custom_operator/etl_all_operator.py
[2024-06-25T23:32:19.908+0000] {processor.py:842} WARNING - No viable dags retrieved from /opt/airflow/dags/custom_operator/etl_all_operator.py
[2024-06-25T23:32:19.925+0000] {processor.py:183} INFO - Processing /opt/airflow/dags/custom_operator/etl_all_operator.py took 0.860 seconds
[2024-06-25T23:32:57.636+0000] {processor.py:161} INFO - Started process (PID=184) to work on /opt/airflow/dags/custom_operator/etl_all_operator.py
[2024-06-25T23:32:57.639+0000] {processor.py:830} INFO - Processing file /opt/airflow/dags/custom_operator/etl_all_operator.py for tasks to queue
[2024-06-25T23:32:57.641+0000] {logging_mixin.py:188} INFO - [2024-06-25T23:32:57.640+0000] {dagbag.py:545} INFO - Filling up the DagBag from /opt/airflow/dags/custom_operator/etl_all_operator.py
[2024-06-25T23:32:59.516+0000] {processor.py:842} WARNING - No viable dags retrieved from /opt/airflow/dags/custom_operator/etl_all_operator.py
[2024-06-25T23:32:59.549+0000] {processor.py:183} INFO - Processing /opt/airflow/dags/custom_operator/etl_all_operator.py took 1.924 seconds
[2024-06-25T23:33:29.921+0000] {processor.py:161} INFO - Started process (PID=198) to work on /opt/airflow/dags/custom_operator/etl_all_operator.py
[2024-06-25T23:33:29.923+0000] {processor.py:830} INFO - Processing file /opt/airflow/dags/custom_operator/etl_all_operator.py for tasks to queue
[2024-06-25T23:33:29.925+0000] {logging_mixin.py:188} INFO - [2024-06-25T23:33:29.924+0000] {dagbag.py:545} INFO - Filling up the DagBag from /opt/airflow/dags/custom_operator/etl_all_operator.py
[2024-06-25T23:33:30.727+0000] {processor.py:842} WARNING - No viable dags retrieved from /opt/airflow/dags/custom_operator/etl_all_operator.py
[2024-06-25T23:33:30.743+0000] {processor.py:183} INFO - Processing /opt/airflow/dags/custom_operator/etl_all_operator.py took 0.827 seconds
[2024-06-25T23:34:00.816+0000] {processor.py:161} INFO - Started process (PID=212) to work on /opt/airflow/dags/custom_operator/etl_all_operator.py
[2024-06-25T23:34:00.817+0000] {processor.py:830} INFO - Processing file /opt/airflow/dags/custom_operator/etl_all_operator.py for tasks to queue
[2024-06-25T23:34:00.818+0000] {logging_mixin.py:188} INFO - [2024-06-25T23:34:00.818+0000] {dagbag.py:545} INFO - Filling up the DagBag from /opt/airflow/dags/custom_operator/etl_all_operator.py
[2024-06-25T23:34:01.475+0000] {processor.py:842} WARNING - No viable dags retrieved from /opt/airflow/dags/custom_operator/etl_all_operator.py
[2024-06-25T23:34:01.487+0000] {processor.py:183} INFO - Processing /opt/airflow/dags/custom_operator/etl_all_operator.py took 0.676 seconds
[2024-06-25T23:34:31.922+0000] {processor.py:161} INFO - Started process (PID=226) to work on /opt/airflow/dags/custom_operator/etl_all_operator.py
[2024-06-25T23:34:31.923+0000] {processor.py:830} INFO - Processing file /opt/airflow/dags/custom_operator/etl_all_operator.py for tasks to queue
[2024-06-25T23:34:31.924+0000] {logging_mixin.py:188} INFO - [2024-06-25T23:34:31.924+0000] {dagbag.py:545} INFO - Filling up the DagBag from /opt/airflow/dags/custom_operator/etl_all_operator.py
[2024-06-25T23:34:32.625+0000] {processor.py:842} WARNING - No viable dags retrieved from /opt/airflow/dags/custom_operator/etl_all_operator.py
[2024-06-25T23:34:32.638+0000] {processor.py:183} INFO - Processing /opt/airflow/dags/custom_operator/etl_all_operator.py took 0.721 seconds
[2024-06-25T23:36:30.299+0000] {processor.py:161} INFO - Started process (PID=245) to work on /opt/airflow/dags/custom_operator/etl_all_operator.py
[2024-06-25T23:36:30.328+0000] {processor.py:830} INFO - Processing file /opt/airflow/dags/custom_operator/etl_all_operator.py for tasks to queue
[2024-06-25T23:36:30.352+0000] {logging_mixin.py:188} INFO - [2024-06-25T23:36:30.350+0000] {dagbag.py:545} INFO - Filling up the DagBag from /opt/airflow/dags/custom_operator/etl_all_operator.py
[2024-06-25T23:36:44.440+0000] {processor.py:842} WARNING - No viable dags retrieved from /opt/airflow/dags/custom_operator/etl_all_operator.py
[2024-06-25T23:36:44.571+0000] {processor.py:183} INFO - Processing /opt/airflow/dags/custom_operator/etl_all_operator.py took 14.548 seconds
[2024-06-25T23:37:15.286+0000] {processor.py:161} INFO - Started process (PID=265) to work on /opt/airflow/dags/custom_operator/etl_all_operator.py
[2024-06-25T23:37:15.290+0000] {processor.py:830} INFO - Processing file /opt/airflow/dags/custom_operator/etl_all_operator.py for tasks to queue
[2024-06-25T23:37:15.293+0000] {logging_mixin.py:188} INFO - [2024-06-25T23:37:15.292+0000] {dagbag.py:545} INFO - Filling up the DagBag from /opt/airflow/dags/custom_operator/etl_all_operator.py
[2024-06-25T23:37:22.344+0000] {processor.py:842} WARNING - No viable dags retrieved from /opt/airflow/dags/custom_operator/etl_all_operator.py
[2024-06-25T23:37:22.530+0000] {processor.py:183} INFO - Processing /opt/airflow/dags/custom_operator/etl_all_operator.py took 7.257 seconds
[2024-06-25T23:37:53.692+0000] {processor.py:161} INFO - Started process (PID=279) to work on /opt/airflow/dags/custom_operator/etl_all_operator.py
[2024-06-25T23:37:53.705+0000] {processor.py:830} INFO - Processing file /opt/airflow/dags/custom_operator/etl_all_operator.py for tasks to queue
[2024-06-25T23:37:53.714+0000] {logging_mixin.py:188} INFO - [2024-06-25T23:37:53.708+0000] {dagbag.py:545} INFO - Filling up the DagBag from /opt/airflow/dags/custom_operator/etl_all_operator.py
[2024-06-25T23:38:07.073+0000] {processor.py:842} WARNING - No viable dags retrieved from /opt/airflow/dags/custom_operator/etl_all_operator.py
[2024-06-25T23:38:07.222+0000] {processor.py:183} INFO - Processing /opt/airflow/dags/custom_operator/etl_all_operator.py took 13.543 seconds
[2024-06-25T23:38:37.711+0000] {processor.py:161} INFO - Started process (PID=292) to work on /opt/airflow/dags/custom_operator/etl_all_operator.py
[2024-06-25T23:38:37.714+0000] {processor.py:830} INFO - Processing file /opt/airflow/dags/custom_operator/etl_all_operator.py for tasks to queue
[2024-06-25T23:38:37.719+0000] {logging_mixin.py:188} INFO - [2024-06-25T23:38:37.717+0000] {dagbag.py:545} INFO - Filling up the DagBag from /opt/airflow/dags/custom_operator/etl_all_operator.py
[2024-06-25T23:38:39.899+0000] {processor.py:842} WARNING - No viable dags retrieved from /opt/airflow/dags/custom_operator/etl_all_operator.py
[2024-06-25T23:38:40.037+0000] {processor.py:183} INFO - Processing /opt/airflow/dags/custom_operator/etl_all_operator.py took 2.351 seconds
[2024-06-25T23:39:10.658+0000] {processor.py:161} INFO - Started process (PID=306) to work on /opt/airflow/dags/custom_operator/etl_all_operator.py
[2024-06-25T23:39:10.659+0000] {processor.py:830} INFO - Processing file /opt/airflow/dags/custom_operator/etl_all_operator.py for tasks to queue
[2024-06-25T23:39:10.660+0000] {logging_mixin.py:188} INFO - [2024-06-25T23:39:10.660+0000] {dagbag.py:545} INFO - Filling up the DagBag from /opt/airflow/dags/custom_operator/etl_all_operator.py
[2024-06-25T23:39:11.392+0000] {processor.py:842} WARNING - No viable dags retrieved from /opt/airflow/dags/custom_operator/etl_all_operator.py
[2024-06-25T23:39:11.406+0000] {processor.py:183} INFO - Processing /opt/airflow/dags/custom_operator/etl_all_operator.py took 0.754 seconds
[2024-06-25T23:39:42.054+0000] {processor.py:161} INFO - Started process (PID=320) to work on /opt/airflow/dags/custom_operator/etl_all_operator.py
[2024-06-25T23:39:42.055+0000] {processor.py:830} INFO - Processing file /opt/airflow/dags/custom_operator/etl_all_operator.py for tasks to queue
[2024-06-25T23:39:42.056+0000] {logging_mixin.py:188} INFO - [2024-06-25T23:39:42.055+0000] {dagbag.py:545} INFO - Filling up the DagBag from /opt/airflow/dags/custom_operator/etl_all_operator.py
[2024-06-25T23:39:42.919+0000] {processor.py:842} WARNING - No viable dags retrieved from /opt/airflow/dags/custom_operator/etl_all_operator.py
[2024-06-25T23:39:42.937+0000] {processor.py:183} INFO - Processing /opt/airflow/dags/custom_operator/etl_all_operator.py took 0.889 seconds
[2024-06-25T23:40:13.853+0000] {processor.py:161} INFO - Started process (PID=334) to work on /opt/airflow/dags/custom_operator/etl_all_operator.py
[2024-06-25T23:40:13.854+0000] {processor.py:830} INFO - Processing file /opt/airflow/dags/custom_operator/etl_all_operator.py for tasks to queue
[2024-06-25T23:40:13.855+0000] {logging_mixin.py:188} INFO - [2024-06-25T23:40:13.855+0000] {dagbag.py:545} INFO - Filling up the DagBag from /opt/airflow/dags/custom_operator/etl_all_operator.py
[2024-06-25T23:40:14.578+0000] {processor.py:842} WARNING - No viable dags retrieved from /opt/airflow/dags/custom_operator/etl_all_operator.py
[2024-06-25T23:40:14.595+0000] {processor.py:183} INFO - Processing /opt/airflow/dags/custom_operator/etl_all_operator.py took 0.748 seconds
[2024-06-25T23:40:45.308+0000] {processor.py:161} INFO - Started process (PID=348) to work on /opt/airflow/dags/custom_operator/etl_all_operator.py
[2024-06-25T23:40:45.310+0000] {processor.py:830} INFO - Processing file /opt/airflow/dags/custom_operator/etl_all_operator.py for tasks to queue
[2024-06-25T23:40:45.311+0000] {logging_mixin.py:188} INFO - [2024-06-25T23:40:45.310+0000] {dagbag.py:545} INFO - Filling up the DagBag from /opt/airflow/dags/custom_operator/etl_all_operator.py
[2024-06-25T23:40:47.507+0000] {processor.py:842} WARNING - No viable dags retrieved from /opt/airflow/dags/custom_operator/etl_all_operator.py
[2024-06-25T23:40:47.565+0000] {processor.py:183} INFO - Processing /opt/airflow/dags/custom_operator/etl_all_operator.py took 2.271 seconds
[2024-06-25T23:41:18.441+0000] {processor.py:161} INFO - Started process (PID=371) to work on /opt/airflow/dags/custom_operator/etl_all_operator.py
[2024-06-25T23:41:18.445+0000] {processor.py:830} INFO - Processing file /opt/airflow/dags/custom_operator/etl_all_operator.py for tasks to queue
[2024-06-25T23:41:18.452+0000] {logging_mixin.py:188} INFO - [2024-06-25T23:41:18.447+0000] {dagbag.py:545} INFO - Filling up the DagBag from /opt/airflow/dags/custom_operator/etl_all_operator.py
[2024-06-25T23:41:23.361+0000] {processor.py:842} WARNING - No viable dags retrieved from /opt/airflow/dags/custom_operator/etl_all_operator.py
[2024-06-25T23:41:23.493+0000] {processor.py:183} INFO - Processing /opt/airflow/dags/custom_operator/etl_all_operator.py took 5.094 seconds
[2024-06-25T23:41:54.893+0000] {processor.py:161} INFO - Started process (PID=386) to work on /opt/airflow/dags/custom_operator/etl_all_operator.py
[2024-06-25T23:41:54.895+0000] {processor.py:830} INFO - Processing file /opt/airflow/dags/custom_operator/etl_all_operator.py for tasks to queue
[2024-06-25T23:41:54.897+0000] {logging_mixin.py:188} INFO - [2024-06-25T23:41:54.897+0000] {dagbag.py:545} INFO - Filling up the DagBag from /opt/airflow/dags/custom_operator/etl_all_operator.py
[2024-06-25T23:41:56.656+0000] {processor.py:842} WARNING - No viable dags retrieved from /opt/airflow/dags/custom_operator/etl_all_operator.py
[2024-06-25T23:41:56.701+0000] {processor.py:183} INFO - Processing /opt/airflow/dags/custom_operator/etl_all_operator.py took 1.818 seconds
[2024-06-25T23:42:27.022+0000] {processor.py:161} INFO - Started process (PID=408) to work on /opt/airflow/dags/custom_operator/etl_all_operator.py
[2024-06-25T23:42:27.024+0000] {processor.py:830} INFO - Processing file /opt/airflow/dags/custom_operator/etl_all_operator.py for tasks to queue
[2024-06-25T23:42:27.026+0000] {logging_mixin.py:188} INFO - [2024-06-25T23:42:27.025+0000] {dagbag.py:545} INFO - Filling up the DagBag from /opt/airflow/dags/custom_operator/etl_all_operator.py
[2024-06-25T23:42:28.368+0000] {processor.py:842} WARNING - No viable dags retrieved from /opt/airflow/dags/custom_operator/etl_all_operator.py
[2024-06-25T23:42:28.422+0000] {processor.py:183} INFO - Processing /opt/airflow/dags/custom_operator/etl_all_operator.py took 1.411 seconds
[2024-06-25T23:42:58.677+0000] {processor.py:161} INFO - Started process (PID=424) to work on /opt/airflow/dags/custom_operator/etl_all_operator.py
[2024-06-25T23:42:58.680+0000] {processor.py:830} INFO - Processing file /opt/airflow/dags/custom_operator/etl_all_operator.py for tasks to queue
[2024-06-25T23:42:58.682+0000] {logging_mixin.py:188} INFO - [2024-06-25T23:42:58.681+0000] {dagbag.py:545} INFO - Filling up the DagBag from /opt/airflow/dags/custom_operator/etl_all_operator.py
[2024-06-25T23:43:03.663+0000] {processor.py:842} WARNING - No viable dags retrieved from /opt/airflow/dags/custom_operator/etl_all_operator.py
[2024-06-25T23:43:03.750+0000] {processor.py:183} INFO - Processing /opt/airflow/dags/custom_operator/etl_all_operator.py took 5.112 seconds
[2024-06-25T23:46:20.311+0000] {processor.py:161} INFO - Started process (PID=438) to work on /opt/airflow/dags/custom_operator/etl_all_operator.py
[2024-06-25T23:46:20.315+0000] {processor.py:830} INFO - Processing file /opt/airflow/dags/custom_operator/etl_all_operator.py for tasks to queue
[2024-06-25T23:46:20.321+0000] {logging_mixin.py:188} INFO - [2024-06-25T23:46:20.319+0000] {dagbag.py:545} INFO - Filling up the DagBag from /opt/airflow/dags/custom_operator/etl_all_operator.py
[2024-06-25T23:47:12.753+0000] {logging_mixin.py:188} INFO - [2024-06-25T23:46:51.002+0000] {timeout.py:68} ERROR - Process timed out, PID: 438
[2024-06-25T23:47:47.100+0000] {processor.py:161} INFO - Started process (PID=452) to work on /opt/airflow/dags/custom_operator/etl_all_operator.py
[2024-06-25T23:47:47.101+0000] {processor.py:830} INFO - Processing file /opt/airflow/dags/custom_operator/etl_all_operator.py for tasks to queue
[2024-06-25T23:47:47.103+0000] {logging_mixin.py:188} INFO - [2024-06-25T23:47:47.102+0000] {dagbag.py:545} INFO - Filling up the DagBag from /opt/airflow/dags/custom_operator/etl_all_operator.py
[2024-06-25T23:47:49.623+0000] {processor.py:842} WARNING - No viable dags retrieved from /opt/airflow/dags/custom_operator/etl_all_operator.py
[2024-06-25T23:47:49.790+0000] {processor.py:183} INFO - Processing /opt/airflow/dags/custom_operator/etl_all_operator.py took 2.696 seconds
[2024-06-25T23:48:21.281+0000] {processor.py:161} INFO - Started process (PID=470) to work on /opt/airflow/dags/custom_operator/etl_all_operator.py
[2024-06-25T23:48:21.313+0000] {processor.py:830} INFO - Processing file /opt/airflow/dags/custom_operator/etl_all_operator.py for tasks to queue
[2024-06-25T23:48:21.331+0000] {logging_mixin.py:188} INFO - [2024-06-25T23:48:21.324+0000] {dagbag.py:545} INFO - Filling up the DagBag from /opt/airflow/dags/custom_operator/etl_all_operator.py
[2024-06-25T23:49:16.536+0000] {logging_mixin.py:188} INFO - [2024-06-25T23:49:10.327+0000] {timeout.py:68} ERROR - Process timed out, PID: 470
[2024-06-25T23:49:55.681+0000] {processor.py:161} INFO - Started process (PID=485) to work on /opt/airflow/dags/custom_operator/etl_all_operator.py
[2024-06-25T23:49:55.688+0000] {processor.py:830} INFO - Processing file /opt/airflow/dags/custom_operator/etl_all_operator.py for tasks to queue
[2024-06-25T23:49:55.696+0000] {logging_mixin.py:188} INFO - [2024-06-25T23:49:55.690+0000] {dagbag.py:545} INFO - Filling up the DagBag from /opt/airflow/dags/custom_operator/etl_all_operator.py
[2024-06-25T23:50:26.332+0000] {logging_mixin.py:188} INFO - [2024-06-25T23:50:26.157+0000] {timeout.py:68} ERROR - Process timed out, PID: 485
[2024-06-25T23:51:11.802+0000] {processor.py:161} INFO - Started process (PID=34) to work on /opt/airflow/dags/custom_operator/etl_all_operator.py
[2024-06-25T23:51:11.803+0000] {processor.py:830} INFO - Processing file /opt/airflow/dags/custom_operator/etl_all_operator.py for tasks to queue
[2024-06-25T23:51:11.807+0000] {logging_mixin.py:188} INFO - [2024-06-25T23:51:11.806+0000] {dagbag.py:545} INFO - Filling up the DagBag from /opt/airflow/dags/custom_operator/etl_all_operator.py
[2024-06-25T23:51:12.917+0000] {processor.py:842} WARNING - No viable dags retrieved from /opt/airflow/dags/custom_operator/etl_all_operator.py
[2024-06-25T23:51:12.935+0000] {processor.py:183} INFO - Processing /opt/airflow/dags/custom_operator/etl_all_operator.py took 1.144 seconds
[2024-06-25T23:52:18.959+0000] {processor.py:161} INFO - Started process (PID=67) to work on /opt/airflow/dags/custom_operator/etl_all_operator.py
[2024-06-25T23:52:18.967+0000] {processor.py:830} INFO - Processing file /opt/airflow/dags/custom_operator/etl_all_operator.py for tasks to queue
[2024-06-25T23:52:18.976+0000] {logging_mixin.py:188} INFO - [2024-06-25T23:52:18.974+0000] {dagbag.py:545} INFO - Filling up the DagBag from /opt/airflow/dags/custom_operator/etl_all_operator.py
[2024-06-25T23:52:23.873+0000] {processor.py:842} WARNING - No viable dags retrieved from /opt/airflow/dags/custom_operator/etl_all_operator.py
[2024-06-25T23:52:23.963+0000] {processor.py:183} INFO - Processing /opt/airflow/dags/custom_operator/etl_all_operator.py took 5.039 seconds
[2024-06-25T23:52:54.191+0000] {processor.py:161} INFO - Started process (PID=81) to work on /opt/airflow/dags/custom_operator/etl_all_operator.py
[2024-06-25T23:52:54.193+0000] {processor.py:830} INFO - Processing file /opt/airflow/dags/custom_operator/etl_all_operator.py for tasks to queue
[2024-06-25T23:52:54.199+0000] {logging_mixin.py:188} INFO - [2024-06-25T23:52:54.198+0000] {dagbag.py:545} INFO - Filling up the DagBag from /opt/airflow/dags/custom_operator/etl_all_operator.py
[2024-06-25T23:52:56.058+0000] {processor.py:842} WARNING - No viable dags retrieved from /opt/airflow/dags/custom_operator/etl_all_operator.py
[2024-06-25T23:52:56.105+0000] {processor.py:183} INFO - Processing /opt/airflow/dags/custom_operator/etl_all_operator.py took 1.931 seconds
[2024-06-25T23:53:26.604+0000] {processor.py:161} INFO - Started process (PID=95) to work on /opt/airflow/dags/custom_operator/etl_all_operator.py
[2024-06-25T23:53:26.607+0000] {processor.py:830} INFO - Processing file /opt/airflow/dags/custom_operator/etl_all_operator.py for tasks to queue
[2024-06-25T23:53:26.612+0000] {logging_mixin.py:188} INFO - [2024-06-25T23:53:26.611+0000] {dagbag.py:545} INFO - Filling up the DagBag from /opt/airflow/dags/custom_operator/etl_all_operator.py
[2024-06-25T23:53:28.361+0000] {processor.py:842} WARNING - No viable dags retrieved from /opt/airflow/dags/custom_operator/etl_all_operator.py
[2024-06-25T23:53:28.409+0000] {processor.py:183} INFO - Processing /opt/airflow/dags/custom_operator/etl_all_operator.py took 1.818 seconds
[2024-06-25T23:53:58.704+0000] {processor.py:161} INFO - Started process (PID=109) to work on /opt/airflow/dags/custom_operator/etl_all_operator.py
[2024-06-25T23:53:58.708+0000] {processor.py:830} INFO - Processing file /opt/airflow/dags/custom_operator/etl_all_operator.py for tasks to queue
[2024-06-25T23:53:58.717+0000] {logging_mixin.py:188} INFO - [2024-06-25T23:53:58.715+0000] {dagbag.py:545} INFO - Filling up the DagBag from /opt/airflow/dags/custom_operator/etl_all_operator.py
[2024-06-25T23:54:02.470+0000] {processor.py:842} WARNING - No viable dags retrieved from /opt/airflow/dags/custom_operator/etl_all_operator.py
[2024-06-25T23:54:02.531+0000] {processor.py:183} INFO - Processing /opt/airflow/dags/custom_operator/etl_all_operator.py took 3.854 seconds
[2024-06-25T23:54:42.220+0000] {processor.py:161} INFO - Started process (PID=127) to work on /opt/airflow/dags/custom_operator/etl_all_operator.py
[2024-06-25T23:54:42.234+0000] {processor.py:830} INFO - Processing file /opt/airflow/dags/custom_operator/etl_all_operator.py for tasks to queue
[2024-06-25T23:54:42.265+0000] {logging_mixin.py:188} INFO - [2024-06-25T23:54:42.253+0000] {dagbag.py:545} INFO - Filling up the DagBag from /opt/airflow/dags/custom_operator/etl_all_operator.py
[2024-06-25T23:56:12.197+0000] {logging_mixin.py:188} INFO - [2024-06-25T23:55:56.399+0000] {timeout.py:68} ERROR - Process timed out, PID: 127
[2024-06-25T23:56:50.742+0000] {logging_mixin.py:188} WARNING - Exception ignored in: <function WeakKeyDictionary.__init__.<locals>.remove at 0x7f16df885e40>
[2024-06-25T23:58:32.949+0000] {logging_mixin.py:188} WARNING - Traceback (most recent call last):
[2024-06-25T23:58:58.942+0000] {logging_mixin.py:188} WARNING -   File "/usr/local/lib/python3.12/weakref.py", line 369, in remove
[2024-06-25T23:59:23.967+0000] {logging_mixin.py:188} WARNING -     def remove(k, selfref=ref(self)):
[2024-06-26T00:00:31.927+0000] {logging_mixin.py:188} WARNING -   File "/home/airflow/.local/lib/python3.12/site-packages/airflow/utils/timeout.py", line 69, in handle_timeout
[2024-06-26T00:00:56.509+0000] {logging_mixin.py:188} WARNING -     raise AirflowTaskTimeout(self.error_message)
[2024-06-26T00:00:57.905+0000] {logging_mixin.py:188} WARNING - airflow.exceptions.AirflowTaskTimeout: DagBag import timeout for /opt/airflow/dags/custom_operator/etl_all_operator.py after 30.0s.
Please take a look at these docs to improve your DAG import time:
* https://airflow.apache.org/docs/apache-airflow/2.9.2/best-practices.html#top-level-python-code
* https://airflow.apache.org/docs/apache-airflow/2.9.2/best-practices.html#reducing-dag-complexity, PID: 127
