[2024-06-26T07:25:48.519+0000] {local_task_job_runner.py:120} INFO - ::group::Pre task execution logs
[2024-06-26T07:25:48.552+0000] {taskinstance.py:2076} INFO - Dependencies all met for dep_context=non-requeueable deps ti=<TaskInstance: coba.transform_dw_schema scheduled__2024-06-23T00:00:00+00:00 [queued]>
[2024-06-26T07:25:48.563+0000] {taskinstance.py:2076} INFO - Dependencies all met for dep_context=requeueable deps ti=<TaskInstance: coba.transform_dw_schema scheduled__2024-06-23T00:00:00+00:00 [queued]>
[2024-06-26T07:25:48.564+0000] {taskinstance.py:2306} INFO - Starting attempt 1 of 4
[2024-06-26T07:25:48.579+0000] {taskinstance.py:2330} INFO - Executing <Task(TransformationDataWarehouseSchema): transform_dw_schema> on 2024-06-23 00:00:00+00:00
[2024-06-26T07:25:48.591+0000] {standard_task_runner.py:90} INFO - Running: ['***', 'tasks', 'run', 'coba', 'transform_dw_schema', 'scheduled__2024-06-23T00:00:00+00:00', '--job-id', '233', '--raw', '--subdir', 'DAGS_FOLDER/etl_all_dags.py', '--cfg-path', '/tmp/tmpciruu4vt']
[2024-06-26T07:25:48.594+0000] {standard_task_runner.py:91} INFO - Job 233: Subtask transform_dw_schema
[2024-06-26T07:25:48.596+0000] {warnings.py:112} WARNING - /home/***/.local/lib/python3.12/site-packages/***/task/task_runner/standard_task_runner.py:61: DeprecationWarning: This process (pid=219) is multi-threaded, use of fork() may lead to deadlocks in the child.
  pid = os.fork()

[2024-06-26T07:25:48.597+0000] {standard_task_runner.py:63} INFO - Started process 221 to run task
[2024-06-26T07:25:48.646+0000] {task_command.py:426} INFO - Running <TaskInstance: coba.transform_dw_schema scheduled__2024-06-23T00:00:00+00:00 [running]> on host a8f5caccc1b1
[2024-06-26T07:25:48.735+0000] {taskinstance.py:2648} INFO - Exporting env vars: AIRFLOW_CTX_DAG_OWNER='Kelompok 5 Capstone DE' AIRFLOW_CTX_DAG_ID='coba' AIRFLOW_CTX_TASK_ID='transform_dw_schema' AIRFLOW_CTX_EXECUTION_DATE='2024-06-23T00:00:00+00:00' AIRFLOW_CTX_TRY_NUMBER='1' AIRFLOW_CTX_DAG_RUN_ID='scheduled__2024-06-23T00:00:00+00:00'
[2024-06-26T07:25:48.737+0000] {taskinstance.py:430} INFO - ::endgroup::
[2024-06-26T07:25:49.128+0000] {logging_mixin.py:188} INFO - [    id  created_at  deleted_at  ... current_progress  start_date    end_date
0    1  2024-06-04        None  ...          1000000  2024-06-13  2024-07-22
1    2  2024-06-04        None  ...          1500000  2024-06-15  2024-07-28
2    3  2024-06-04        None  ...                0  2024-06-20  2024-06-27
3    4  2024-06-05  2024-06-05  ...                0  2024-06-20  2024-06-27
4    5  2024-06-05  2024-06-05  ...                0  2024-06-20  2024-07-27
5    6  2024-06-06        None  ...         10839999  2024-01-01  2024-12-31
6    7  2024-06-06        None  ...          8280000  2024-02-01  2024-07-20
7    8  2024-06-06        None  ...          2000000  2024-03-01  2024-06-01
8    9  2024-06-06        None  ...          4690000  2024-04-01  2024-12-31
9   10  2024-06-06        None  ...          3500000  2024-05-01  2024-08-01
10  11  2024-06-06        None  ...         23017000  2024-04-01  2024-12-31
11  12  2024-06-06        None  ...          1452000  2024-01-01  2024-03-31
12  13  2024-06-06        None  ...         14007000  2024-02-01  2024-06-30
13  14  2024-06-06        None  ...          3532000  2024-03-01  2024-08-30
14  15  2024-06-06        None  ...          2333000  2024-04-01  2024-09-30
15  16  2024-06-06        None  ...                0  2024-05-01  2024-12-31
16  17  2024-06-06        None  ...          6060000  2024-05-01  2024-06-30
17  18  2024-06-06        None  ...          7035000  2024-05-08  2024-07-31
18  19  2024-06-06        None  ...          5397000  2024-04-01  2024-12-31
19  20  2024-06-06        None  ...         13600000  2024-02-01  2024-11-30
20  21  2024-06-06        None  ...          4820000  2024-01-01  2024-06-30
21  22  2024-06-06        None  ...           527000  2024-02-01  2024-12-31
22  23  2024-06-06        None  ...                0  2024-03-01  2024-08-31
23  24  2024-06-06        None  ...           670000  2024-04-01  2024-09-30
24  25  2024-06-06        None  ...          8951000  2024-05-01  2024-12-31
25  26  2024-06-06        None  ...                0  2024-01-01  2024-12-31
26  27  2024-06-06        None  ...          1725000  2024-02-15  2025-02-15
27  28  2024-06-06        None  ...          2800000  2024-03-01  2025-03-01
28  29  2024-06-06        None  ...                0  2024-04-01  2025-04-01
29  30  2024-06-06        None  ...                0  2024-05-01  2025-05-01
30  31  2024-06-06        None  ...                0  2024-07-01  2025-08-08
31  40  2024-06-09  2024-06-09  ...                0  2024-07-01  2025-08-08
32  44  2024-06-09  2024-06-09  ...                0  2024-07-01  2025-08-08
33  64  2024-06-12  2024-06-24  ...           100000  2024-06-13  2025-06-26
34  81  2024-06-24        None  ...                0  2024-06-25  2024-07-20

[35 rows x 11 columns],    id     name  created_at
0   1  Edukasi  2024-06-03
1   2  Bencana  2024-06-03
2   3   Sosial  2024-06-03
3   4     Alam  2024-06-03,       id  ...                                      image_payment
0     16  ...  https://res.cloudinary.com/dvrhf8d9t/image/upl...
1     17  ...  https://res.cloudinary.com/dvrhf8d9t/image/upl...
2     18  ...  https://res.cloudinary.com/dvrhf8d9t/image/upl...
3     19  ...  https://res.cloudinary.com/dvrhf8d9t/image/upl...
4     20  ...  https://res.cloudinary.com/dvrhf8d9t/image/upl...
..   ...  ...                                                ...
191  207  ...  https://res.cloudinary.com/dvrhf8d9t/image/upl...
192  208  ...  https://res.cloudinary.com/dvrhf8d9t/image/upl...
193  209  ...  https://res.cloudinary.com/dvrhf8d9t/image/upl...
194  210  ...  https://res.cloudinary.com/dvrhf8d9t/image/upl...
195  211  ...  https://res.cloudinary.com/dvrhf8d9t/image/upl...

[196 rows x 6 columns],     id  ...     no_rekening
0    1  ...      1234567891
1    2  ...      1234567892
2    3  ...      1234567893
3    4  ...      1234347890
4    5  ...      1234567899
5    6  ...      1234127890
6    7  ...      1234567835
7    8  ...      1234568891
8    9  ...      1234157895
9   10  ...      1234567824
10  11  ...      1234567864
11  12  ...      1234567813
12  13  ...      1234567857
13  23  ...       123456789
14  24  ...        12345678
15  25  ...  1234-5678-9012

[16 rows x 11 columns],       id  created_at  ...          no_telp       otp
0      1  2024-06-03  ...      08888888888       NaN
1     51  2024-06-04  ...      81365706378       NaN
2     52  2024-06-04  ...      81365706378       NaN
3     53  2024-06-04  ...                8  503161.0
4     54  2024-06-04  ...      81365706378       NaN
..   ...         ...  ...              ...       ...
127  179  2024-06-26  ...    0845436352335       NaN
128  180  2024-06-26  ...   08454536352335       NaN
129  181  2024-06-26  ...   08454536352335       NaN
130  182  2024-06-26  ...    0856463525467       NaN
131  183  2024-06-26  ...  085465345345435       NaN

[132 rows x 11 columns],       id  created_at  ...                          reason            age
0      1  2024-06-07  ...  "Ingin menambah produktivitas"  21 - 25 Tahun
1      4  2024-06-08  ...  "Ingin menambah produktivitas"  21 - 25 Tahun
2      5  2024-06-08  ...        "Ingin menambah relasi "  21 - 25 Tahun
3      6  2024-06-08  ...           "Ingin mengisi waktu"  21 - 25 Tahun
4      7  2024-06-08  ...     "Ingin menambah pengalaman"  21 - 25 Tahun
..   ...         ...  ...                             ...            ...
129  232  2024-06-24  ...            "menambah aktivitas"  21 - 25 Tahun
130  233  2024-06-24  ...  "Ingin menambah produktivitas"  21 - 25 Tahun
131  234  2024-06-26  ...          "Ingein berkontribusi"  18 - 20 Tahun
132  235  2024-06-26  ...                 "Ingin mencoba"  21 - 25 Tahun
133  236  2024-06-26  ...                         "test1"  18 - 20 Tahun

[134 rows x 8 columns],     id  created_at  ...    status                                       link_wa
0    1  2024-06-04  ...  inactive                                       Unknown
1    2  2024-06-07  ...  inactive                                       Unknown
2    3  2024-06-07  ...    active                                       Unknown
3    4  2024-06-07  ...    active                                       Unknown
4    5  2024-06-07  ...  inactive                                       Unknown
5    6  2024-06-07  ...    active                                       Unknown
6    7  2024-06-07  ...    active                                       Unknown
7    8  2024-06-07  ...    active                                       Unknown
8    9  2024-06-07  ...  inactive                                       Unknown
9   10  2024-06-07  ...    active                                       Unknown
10  11  2024-06-07  ...    active                                       Unknown
11  12  2024-06-07  ...    active                                       Unknown
12  29  2024-06-07  ...    active                                       Unknown
13  30  2024-06-07  ...    active                                       Unknown
14  31  2024-06-07  ...  inactive                                       Unknown
15  32  2024-06-07  ...    active                                       Unknown
16  33  2024-06-07  ...    active                                       Unknown
17  34  2024-06-07  ...    active                                       Unknown
18  35  2024-06-07  ...    active                                       Unknown
19  36  2024-06-07  ...    active                                       Unknown
20  59  2024-06-23  ...    active                                       link.wa
21  60  2024-06-24  ...    active                                       link.wa
22  61  2024-06-25  ...    active  https://chat.whatsapp.com/mengajar-anak-anak

[23 rows x 14 columns],     id  created_at  ...                                          testimoni rating
0    1  2024-04-25  ...                                       Menyenangkan      4
1    2  2024-04-25  ...                                               Seru      3
2    3  2024-04-25  ...                                     Sangat menarik      4
3    4  2024-04-25  ...                                              Bagus      3
4    5  2024-04-27  ...                          Kegiatan ini menyenangkan      4
5    6  2024-04-27  ...  Saya senang karna mendapat banyak relasi dan m...      5
6    7  2024-04-27  ...  Pengurus acara ini sangat terstruktur sehingga...      4
7    8  2024-04-27  ...                                               Seru      5
8    9  2024-03-05  ...                                               Seru      4
9   10  2024-03-05  ...                                               Asik      4
10  11  2024-03-05  ...                                       Menyenangkan      5
11  12  2024-03-05  ...                                               Seru      4
12  13  2024-03-05  ...                                                  -      4
13  14  2024-03-05  ...                                                  -      4
14  15  2024-05-22  ...                                       Menyenangkan      4
15  16  2024-05-22  ...                                       Menyenangkan      4
16  17  2024-05-22  ...                                            Lumayan      3
17  18  2024-05-22  ...                                       Menyenangkan      4
18  19  2024-05-22  ...                                               Seru      4
19  20  2024-05-22  ...                                               Asik      4
20  21  2024-05-22  ...                                         Cukup seru      2
21  22  2024-05-22  ...                                            Lumayan      3
22  23  2024-05-22  ...                                       Menyenangkan      4
23  24  2024-05-22  ...                                       Menyenangkan      4
24  26  2024-06-21  ...                                  Test Comment ID4       3
25  36  2024-06-23  ...                                        kerja bagus      1
26  42  2024-06-23  ...                            sangat seruuuuuuuuuuuuu      5
27  43  2024-06-23  ...                       wah sangat bermanfaat sekali      3
28  44  2024-06-23  ...                    Test Komen nanda ID Volunteer 3      5
29  45  2024-06-23  ...                                  supir tidak ramah      1
30  46  2024-06-24  ...                                       sangat seruu      4

[31 rows x 5 columns],     id  ...                                          image_url
0    9  ...  https://res.cloudinary.com/dvrhf8d9t/image/upl...
1   10  ...  https://res.cloudinary.com/dvrhf8d9t/image/upl...
2   11  ...  https://res.cloudinary.com/dvrhf8d9t/image/upl...
3   12  ...  https://res.cloudinary.com/dvrhf8d9t/image/upl...
4   13  ...  https://res.cloudinary.com/dvrhf8d9t/image/upl...
5   14  ...  https://res.cloudinary.com/dvrhf8d9t/image/upl...
6   15  ...  https://res.cloudinary.com/dvrhf8d9t/image/upl...
7   16  ...  https://res.cloudinary.com/dvrhf8d9t/image/upl...
8   17  ...  https://res.cloudinary.com/dvrhf8d9t/image/upl...
9   18  ...  https://res.cloudinary.com/dvrhf8d9t/image/upl...
10  19  ...  https://res.cloudinary.com/dvrhf8d9t/image/upl...
11  20  ...  https://res.cloudinary.com/dvrhf8d9t/image/upl...
12  21  ...  https://res.cloudinary.com/dvrhf8d9t/image/upl...
13  22  ...  https://res.cloudinary.com/dvrhf8d9t/image/upl...
14  23  ...  https://res.cloudinary.com/dvrhf8d9t/image/upl...
15  24  ...  https://res.cloudinary.com/dvrhf8d9t/image/upl...
16  25  ...  https://res.cloudinary.com/dvrhf8d9t/image/upl...
17  26  ...  https://res.cloudinary.com/dvrhf8d9t/image/upl...
18  27  ...  https://res.cloudinary.com/dvrhf8d9t/image/upl...
19  28  ...  https://res.cloudinary.com/dvrhf8d9t/image/upl...
20  29  ...  https://res.cloudinary.com/dvrhf8d9t/image/upl...
21  30  ...  https://res.cloudinary.com/dvrhf8d9t/image/upl...
22  31  ...  https://res.cloudinary.com/dvrhf8d9t/image/upl...
23  44  ...  https://res.cloudinary.com/dvrhf8d9t/image/upl...
24  52  ...  https://res.cloudinary.com/dvrhf8d9t/image/upl...
25  53  ...  https://res.cloudinary.com/dvrhf8d9t/image/upl...
26  54  ...  https://res.cloudinary.com/dvrhf8d9t/image/upl...
27  55  ...  https://res.cloudinary.com/dvrhf8d9t/image/upl...
28  56  ...  https://res.cloudinary.com/dvrhf8d9t/image/upl...

[29 rows x 7 columns],      id  created_at  deleted_at
0    16  2024-06-06        None
1    17  2024-06-06        None
2    18  2024-06-06        None
3    19  2024-06-06        None
4    20  2024-06-06        None
5    21  2024-06-07        None
6    22  2024-06-07        None
7    23  2024-06-07        None
8    24  2024-06-07        None
9    25  2024-06-07        None
10   26  2024-06-07        None
11   27  2024-06-07        None
12   28  2024-06-07        None
13   29  2024-06-07        None
14   30  2024-06-07        None
15   31  2024-06-07        None
16   32  2024-06-07        None
17   33  2024-06-07        None
18   34  2024-06-07        None
19   35  2024-06-07        None
20   36  2024-06-07        None
21   37  2024-06-07        None
22   38  2024-06-07        None
23   39  2024-06-07        None
24   40  2024-06-07        None
25   41  2024-06-15        None
26   42  2024-06-15        None
27   43  2024-06-15        None
28   44  2024-06-16        None
29   45  2024-06-16        None
30   46  2024-06-16        None
31   47  2024-06-19        None
32  116  2024-06-21        None
33  119  2024-06-22        None
34  120  2024-06-22        None
35  122  2024-06-22  2024-06-22
36  123  2024-06-22  2024-06-23
37  124  2024-06-23  2024-06-23
38  125  2024-06-23  2024-06-23
39  126  2024-06-23  2024-06-23
40  127  2024-06-23  2024-06-23
41  128  2024-06-23  2024-06-23
42  129  2024-06-24  2024-06-24
43  130  2024-06-24  2024-06-24
44  131  2024-06-24  2024-06-24
45  132  2024-06-24        None,      id  created_at  deleted_at
0    16  2024-06-07        None
1    17  2024-06-07        None
2    18  2024-06-07        None
3    19  2024-06-07        None
4    20  2024-06-07        None
5    21  2024-06-07        None
6    22  2024-06-07        None
7    23  2024-06-07        None
8    24  2024-06-07        None
9    25  2024-06-07        None
10   26  2024-06-07        None
11   27  2024-06-07        None
12   28  2024-06-07        None
13   29  2024-06-07        None
14   30  2024-06-07        None
15   31  2024-06-07        None
16   32  2024-06-07        None
17   33  2024-06-07        None
18   34  2024-06-07        None
19   35  2024-06-07        None
20   36  2024-06-07        None
21   37  2024-06-15  2024-06-15
22   38  2024-06-15        None
23   39  2024-06-15  2024-06-15
24   40  2024-06-16        None
25   77  2024-06-20        None
26   83  2024-06-21        None
27   84  2024-06-21  2024-06-21
28   86  2024-06-21  2024-06-21
29   87  2024-06-22  2024-06-22
30   88  2024-06-22  2024-06-22
31   89  2024-06-22  2024-06-22
32   90  2024-06-22  2024-06-22
33   92  2024-06-22  2024-06-22
34   93  2024-06-22  2024-06-22
35   94  2024-06-23  2024-06-23
36   95  2024-06-23        None
37   96  2024-06-23  2024-06-23
38   97  2024-06-23  2024-06-23
39   98  2024-06-24  2024-06-24
40   99  2024-06-24        None
41  100  2024-06-26  2024-06-26,      id  created_at  deleted_at
0    16  2024-06-06        None
1    17  2024-06-06        None
2    18  2024-06-06        None
3    19  2024-06-06        None
4    20  2024-06-06        None
..  ...         ...         ...
56  127  2024-06-23  2024-06-23
57  128  2024-06-24        None
58  129  2024-06-24  2024-06-24
59  130  2024-06-24  2024-06-24
60  131  2024-06-24  2024-06-24

[61 rows x 3 columns],     id  ... total_likes
0    1  ...           1
1    2  ...          35
2    3  ...           2
3    4  ...           2
4    5  ...           6
5    6  ...           2
6    7  ...           4
7    8  ...           6
8    9  ...           2
9   10  ...           0
10  11  ...           2
11  12  ...           2
12  13  ...           4
13  14  ...           2
14  15  ...           0
15  16  ...           2
16  17  ...           2
17  18  ...           0
18  19  ...           2
19  20  ...           6
20  21  ...           2
21  22  ...           0
22  23  ...           0
23  24  ...           0
24  25  ...           0
25  26  ...           1
26  27  ...           0
27  28  ...           0
28  29  ...           0
29  30  ...           0
30  31  ...           0
31  32  ...           0
32  33  ...           0
33  34  ...           0
34  35  ...           0
35  36  ...           0
36  37  ...           0
37  38  ...           0
38  39  ...           0
39  40  ...           0
40  41  ...           0
41  42  ...           0
42  43  ...           0
43  44  ...           0
44  45  ...           0
45  46  ...           0
46  47  ...           0
47  51  ...           0
48  52  ...           0
49  53  ...           0
50  54  ...           0
51  55  ...           0
52  56  ...           0
53  57  ...           0
54  58  ...           0

[55 rows x 5 columns],       id  created_at  deleted_at
0      4  2024-06-09        None
1      5  2024-06-09  2024-06-09
2      6  2024-06-12  2024-06-12
3      7  2024-06-12  2024-06-13
4      8  2024-06-13  2024-06-13
..   ...         ...         ...
102  106  2024-06-23        None
103  107  2024-06-23  2024-06-23
104  108  2024-06-23        None
105  109  2024-06-23        None
106  110  2024-06-23        None

[107 rows x 3 columns]]
[2024-06-26T07:25:49.192+0000] {logging_mixin.py:188} INFO - [      id  donation_id  ...  organization_id  created_at
0      1           16  ...                7  2024-06-08
1      2           17  ...                7  2024-06-08
2      3           18  ...                9  2024-06-08
3      4           19  ...                8  2024-06-08
4      5           20  ...               11  2024-06-08
..   ...          ...  ...              ...         ...
100  101          116  ...                1  2024-06-14
101  102          180  ...                8  2024-06-21
102  103          201  ...                8  2024-06-23
103  104          204  ...                4  2024-06-24
104  105          205  ...                5  2024-06-24

[105 rows x 9 columns],       id  application_id  vacancy_id  user_id  organization_id  created_at
0      1               1           3       54               11  2024-06-07
1      2               4           1       54               11  2024-06-08
2      3               5           1       55               11  2024-06-08
3      4               6           1       56               11  2024-06-08
4      5               7           1       58               11  2024-06-08
..   ...             ...         ...      ...              ...         ...
129  130             232          29      171                3  2024-06-24
130  131             233           4      171               12  2024-06-24
131  132             234          32      170               12  2024-06-26
132  133             235          32      158               12  2024-06-26
133  134             236          61      158                1  2024-06-26

[134 rows x 6 columns],     id  user_id  vacancy_id  testimoni_volunteer_id  rating  created_at
0    1       54           1                       1       4  2024-04-25
1    2       55           1                       2       3  2024-04-25
2    3       56           1                       3       4  2024-04-25
3    4       58           1                       4       3  2024-04-25
4    5       54           2                       5       4  2024-04-27
5    6       55           2                       6       5  2024-04-27
6    7       56           2                       7       4  2024-04-27
7    8       58           2                       8       5  2024-04-27
8    9       67           5                       9       4  2024-03-05
9   10       68           5                      10       4  2024-03-05
10  11       69           5                      11       5  2024-03-05
11  12       71           5                      12       4  2024-03-05
12  13       72           5                      13       4  2024-03-05
13  14       73           5                      14       4  2024-03-05
14  15       60           9                      15       4  2024-05-22
15  16       61           9                      16       4  2024-05-22
16  17       62           9                      17       3  2024-05-22
17  18       63           9                      18       4  2024-05-22
18  19       64           9                      19       4  2024-05-22
19  20       65           9                      20       4  2024-05-22
20  21       66           9                      21       2  2024-05-22
21  22       67           9                      22       3  2024-05-22
22  23       68           9                      23       4  2024-05-22
23  24       69           9                      24       4  2024-05-22
24  25      133           3                      26       3  2024-06-21
25  26        1           3                      36       1  2024-06-23
26  27      127           6                      42       5  2024-06-23
27  28      123           4                      43       3  2024-06-23
28  29      158           3                      44       5  2024-06-23
29  30      127          31                      45       1  2024-06-23
30  31      127           4                      46       4  2024-06-24,     id  article_id  bookmark_id  ...  comment_id  like_comment_id  created_at
0    1           9           16  ...         1.0                4  2024-06-06
1    2          21           17  ...         2.0                5  2024-06-06
2    3          20           18  ...         3.0                6  2024-06-06
3    4          30           19  ...         4.0                7  2024-06-06
4    5          11           20  ...         5.0                8  2024-06-06
..  ..         ...          ...  ...         ...              ...         ...
56  57          54          127  ...         NaN               60  2024-06-23
57  58          54          128  ...         NaN               61  2024-06-24
58  59           9          129  ...         NaN               62  2024-06-24
59  60          52          130  ...         NaN               63  2024-06-24
60  61          55          131  ...         NaN               64  2024-06-24

[61 rows x 7 columns],     id  bookmark_id  created_at  user_id  fundraising_id
0    1           16  2024-06-06       61               6
1    2           17  2024-06-06       62               7
2    3           18  2024-06-06       63              10
3    4           19  2024-06-06       64              12
4    5           20  2024-06-06       65              11
5    6           21  2024-06-07       81               1
6    7           22  2024-06-07       72               2
7    8           23  2024-06-07       53               3
8    9           24  2024-06-07       54               9
9   10           25  2024-06-07       55               8
10  11           26  2024-06-07       76              13
11  12           27  2024-06-07       59              15
12  13           28  2024-06-07       60              14
13  14           29  2024-06-07       67              20
14  15           30  2024-06-07       68              23
15  16           31  2024-06-07       71              22
16  17           32  2024-06-07       56              21
17  18           33  2024-06-07       80              18
18  19           34  2024-06-07       70              19
19  20           35  2024-06-07       66              28
20  21           36  2024-06-07       55              30
21  22           37  2024-06-07       63              29
22  23           38  2024-06-07       52              26
23  24           39  2024-06-07       74              27
24  25           40  2024-06-07       73              16
25  26           41  2024-06-15       76               1
26  27           42  2024-06-15       73               1
27  28           43  2024-06-15       73               1
28  29           44  2024-06-16       73              40
29  30           45  2024-06-16       73               1
30  31           46  2024-06-16       73              44
31  32           47  2024-06-19       60               1
32  33          116  2024-06-21      136               1
33  34          119  2024-06-22      165               1
34  35          120  2024-06-22       60               1
35  36          122  2024-06-22      127              11
36  37          123  2024-06-22      127              11
37  38          124  2024-06-23      127              31
38  39          125  2024-06-23      127              31
39  40          126  2024-06-23      127              24
40  41          127  2024-06-23      127               7
41  42          128  2024-06-23      127               7
42  43          129  2024-06-24      127              64
43  44          130  2024-06-24      171              11
44  45          131  2024-06-24      171              22
45  46          132  2024-06-24      171              64,     id  bookmark_id  created_at  user_id  volunteer_vacancies_id
0    1           16  2024-06-07        1                       2
1    2           17  2024-06-07       52                       4
2    3           18  2024-06-07       53                       6
3    4           19  2024-06-07       54                       3
4    5           20  2024-06-07       75                       5
5    6           21  2024-06-07       61                       1
6    7           22  2024-06-07       52                       5
7    8           23  2024-06-07       73                       7
8    9           24  2024-06-07       64                       8
9   10           25  2024-06-07       65                       9
10  11           26  2024-06-07       66                      10
11  12           27  2024-06-07       55                      29
12  13           28  2024-06-07       69                      36
13  14           29  2024-06-07       70                      33
14  15           30  2024-06-07       61                      12
15  16           31  2024-06-07       80                      32
16  17           32  2024-06-07       56                      11
17  18           33  2024-06-07       73                      30
18  19           34  2024-06-07       70                      34
19  20           35  2024-06-07       86                      35
20  21           36  2024-06-07       78                      31
21  22           37  2024-06-15       76                       1
22  23           38  2024-06-15       76                       1
23  24           39  2024-06-15       73                       1
24  25           40  2024-06-16       73                       1
25  26           77  2024-06-20      131                       1
26  27           83  2024-06-21      136                       1
27  28           84  2024-06-21      136                       2
28  29           86  2024-06-21      141                       6
29  30           87  2024-06-22      133                       6
30  31           88  2024-06-22      165                       1
31  32           89  2024-06-22      165                       4
32  33           90  2024-06-22       60                       1
33  34           92  2024-06-22      127                       1
34  35           93  2024-06-22      127                       2
35  36           94  2024-06-23      127                       6
36  37           95  2024-06-23      127                       6
37  38           96  2024-06-23      123                       4
38  39           97  2024-06-23      127                      30
39  40           98  2024-06-24      127                       4
40  41           99  2024-06-24      171                       4
41  42          100  2024-06-26      170                       4]
[2024-06-26T07:25:49.193+0000] {logging_mixin.py:188} INFO - Transform berhasil!!
[2024-06-26T07:25:49.195+0000] {taskinstance.py:441} INFO - ::group::Post task execution logs
[2024-06-26T07:25:49.283+0000] {taskinstance.py:1206} INFO - Marking task as SUCCESS. dag_id=coba, task_id=transform_dw_schema, run_id=scheduled__2024-06-23T00:00:00+00:00, execution_date=20240623T000000, start_date=20240626T072548, end_date=20240626T072549
[2024-06-26T07:25:49.335+0000] {local_task_job_runner.py:240} INFO - Task exited with return code 0
[2024-06-26T07:25:49.372+0000] {taskinstance.py:3503} INFO - 1 downstream tasks scheduled from follow-on schedule check
[2024-06-26T07:25:49.375+0000] {local_task_job_runner.py:222} INFO - ::endgroup::
