[2024-06-26T22:40:05.838+0000] {local_task_job_runner.py:120} INFO - ::group::Pre task execution logs
[2024-06-26T22:40:05.976+0000] {taskinstance.py:2076} INFO - Dependencies all met for dep_context=non-requeueable deps ti=<TaskInstance: coba_ds_v7.extract_data scheduled__2024-06-25T00:00:00+00:00 [queued]>
[2024-06-26T22:40:06.004+0000] {taskinstance.py:2076} INFO - Dependencies all met for dep_context=requeueable deps ti=<TaskInstance: coba_ds_v7.extract_data scheduled__2024-06-25T00:00:00+00:00 [queued]>
[2024-06-26T22:40:06.005+0000] {taskinstance.py:2306} INFO - Starting attempt 2 of 4
[2024-06-26T22:40:06.033+0000] {taskinstance.py:2330} INFO - Executing <Task(ExtractData): extract_data> on 2024-06-25 00:00:00+00:00
[2024-06-26T22:40:06.057+0000] {warnings.py:112} WARNING - /home/***/.local/lib/python3.12/site-packages/***/task/task_runner/standard_task_runner.py:61: DeprecationWarning: This process (pid=1176) is multi-threaded, use of fork() may lead to deadlocks in the child.
  pid = os.fork()

[2024-06-26T22:40:06.085+0000] {standard_task_runner.py:63} INFO - Started process 1178 to run task
[2024-06-26T22:40:06.115+0000] {standard_task_runner.py:90} INFO - Running: ['***', 'tasks', 'run', 'coba_ds_v7', 'extract_data', 'scheduled__2024-06-25T00:00:00+00:00', '--job-id', '89', '--raw', '--subdir', 'DAGS_FOLDER/etl_dags.py', '--cfg-path', '/tmp/tmpoa_gq14d']
[2024-06-26T22:40:06.158+0000] {standard_task_runner.py:91} INFO - Job 89: Subtask extract_data
[2024-06-26T22:40:06.897+0000] {task_command.py:426} INFO - Running <TaskInstance: coba_ds_v7.extract_data scheduled__2024-06-25T00:00:00+00:00 [running]> on host 7ecff3f83b62
[2024-06-26T22:40:07.442+0000] {taskinstance.py:2648} INFO - Exporting env vars: AIRFLOW_CTX_DAG_OWNER='Kelompok 5 Capstone DE' AIRFLOW_CTX_DAG_ID='coba_ds_v7' AIRFLOW_CTX_TASK_ID='extract_data' AIRFLOW_CTX_EXECUTION_DATE='2024-06-25T00:00:00+00:00' AIRFLOW_CTX_TRY_NUMBER='2' AIRFLOW_CTX_DAG_RUN_ID='scheduled__2024-06-25T00:00:00+00:00'
[2024-06-26T22:40:07.444+0000] {taskinstance.py:430} INFO - ::endgroup::
[2024-06-26T22:40:07.539+0000] {base.py:84} INFO - Using connection ID 'EXTERNAL_DB_CONN_CAPSTONE_DE' for task execution.
[2024-06-26T22:40:07.810+0000] {sql.py:487} INFO - Running statement: SHOW TABLES, parameters: None
[2024-06-26T22:40:07.849+0000] {sql.py:496} INFO - Rows affected: 23
[2024-06-26T22:40:07.932+0000] {base.py:84} INFO - Using connection ID 'EXTERNAL_DB_CONN_CAPSTONE_DE' for task execution.
[2024-06-26T22:40:08.084+0000] {sql.py:487} INFO - Running statement: SHOW COLUMNS FROM admin_notifications, parameters: None
[2024-06-26T22:40:08.117+0000] {sql.py:496} INFO - Rows affected: 8
[2024-06-26T22:40:08.210+0000] {base.py:84} INFO - Using connection ID 'EXTERNAL_DB_CONN_CAPSTONE_DE' for task execution.
[2024-06-26T22:40:08.363+0000] {sql.py:487} INFO - Running statement: 
            SELECT *
            FROM admin_notifications
            WHERE DATE(created_at) = '2024-06-25'
            OR DATE(updated_at) = '2024-06-25'
        , parameters: None
[2024-06-26T22:40:08.395+0000] {sql.py:496} INFO - Rows affected: 3
[2024-06-26T22:40:08.532+0000] {base.py:84} INFO - Using connection ID 'EXTERNAL_DB_CONN_CAPSTONE_DE' for task execution.
[2024-06-26T22:40:08.687+0000] {sql.py:487} INFO - Running statement: SHOW COLUMNS FROM admins, parameters: None
[2024-06-26T22:40:08.721+0000] {sql.py:496} INFO - Rows affected: 8
[2024-06-26T22:40:08.775+0000] {base.py:84} INFO - Using connection ID 'EXTERNAL_DB_CONN_CAPSTONE_DE' for task execution.
[2024-06-26T22:40:08.973+0000] {sql.py:487} INFO - Running statement: 
            SELECT *
            FROM admins
            WHERE DATE(created_at) = '2024-06-25'
            OR DATE(updated_at) = '2024-06-25'
        , parameters: None
[2024-06-26T22:40:09.006+0000] {sql.py:496} INFO - Rows affected: 0
[2024-06-26T22:40:09.077+0000] {base.py:84} INFO - Using connection ID 'EXTERNAL_DB_CONN_CAPSTONE_DE' for task execution.
[2024-06-26T22:40:09.230+0000] {sql.py:487} INFO - Running statement: SHOW COLUMNS FROM applications, parameters: None
[2024-06-26T22:40:09.271+0000] {sql.py:496} INFO - Rows affected: 11
[2024-06-26T22:40:09.315+0000] {base.py:84} INFO - Using connection ID 'EXTERNAL_DB_CONN_CAPSTONE_DE' for task execution.
[2024-06-26T22:40:09.472+0000] {sql.py:487} INFO - Running statement: 
            SELECT *
            FROM applications
            WHERE DATE(created_at) = '2024-06-25'
            OR DATE(updated_at) = '2024-06-25'
        , parameters: None
[2024-06-26T22:40:09.505+0000] {sql.py:496} INFO - Rows affected: 0
[2024-06-26T22:40:09.550+0000] {base.py:84} INFO - Using connection ID 'EXTERNAL_DB_CONN_CAPSTONE_DE' for task execution.
[2024-06-26T22:40:09.699+0000] {sql.py:487} INFO - Running statement: SHOW COLUMNS FROM articles, parameters: None
[2024-06-26T22:40:09.732+0000] {sql.py:496} INFO - Rows affected: 8
[2024-06-26T22:40:09.775+0000] {base.py:84} INFO - Using connection ID 'EXTERNAL_DB_CONN_CAPSTONE_DE' for task execution.
[2024-06-26T22:40:09.919+0000] {sql.py:487} INFO - Running statement: 
            SELECT *
            FROM articles
            WHERE DATE(created_at) = '2024-06-25'
            OR DATE(updated_at) = '2024-06-25'
        , parameters: None
[2024-06-26T22:40:09.949+0000] {sql.py:496} INFO - Rows affected: 1
[2024-06-26T22:40:10.016+0000] {base.py:84} INFO - Using connection ID 'EXTERNAL_DB_CONN_CAPSTONE_DE' for task execution.
[2024-06-26T22:40:10.202+0000] {sql.py:487} INFO - Running statement: SHOW COLUMNS FROM chatbots, parameters: None
[2024-06-26T22:40:10.236+0000] {sql.py:496} INFO - Rows affected: 7
[2024-06-26T22:40:10.274+0000] {base.py:84} INFO - Using connection ID 'EXTERNAL_DB_CONN_CAPSTONE_DE' for task execution.
[2024-06-26T22:40:10.430+0000] {sql.py:487} INFO - Running statement: 
            SELECT *
            FROM chatbots
            WHERE DATE(created_at) = '2024-06-25'
            OR DATE(updated_at) = '2024-06-25'
        , parameters: None
[2024-06-26T22:40:10.462+0000] {sql.py:496} INFO - Rows affected: 0
[2024-06-26T22:40:10.533+0000] {base.py:84} INFO - Using connection ID 'EXTERNAL_DB_CONN_CAPSTONE_DE' for task execution.
[2024-06-26T22:40:10.692+0000] {sql.py:487} INFO - Running statement: SHOW COLUMNS FROM comments, parameters: None
[2024-06-26T22:40:10.727+0000] {sql.py:496} INFO - Rows affected: 8
[2024-06-26T22:40:10.784+0000] {base.py:84} INFO - Using connection ID 'EXTERNAL_DB_CONN_CAPSTONE_DE' for task execution.
[2024-06-26T22:40:10.955+0000] {sql.py:487} INFO - Running statement: 
            SELECT *
            FROM comments
            WHERE DATE(created_at) = '2024-06-25'
            OR DATE(updated_at) = '2024-06-25'
        , parameters: None
[2024-06-26T22:40:10.989+0000] {sql.py:496} INFO - Rows affected: 0
[2024-06-26T22:40:11.066+0000] {base.py:84} INFO - Using connection ID 'EXTERNAL_DB_CONN_CAPSTONE_DE' for task execution.
[2024-06-26T22:40:11.264+0000] {sql.py:487} INFO - Running statement: SHOW COLUMNS FROM donation_comments, parameters: None
[2024-06-26T22:40:11.297+0000] {sql.py:496} INFO - Rows affected: 7
[2024-06-26T22:40:11.350+0000] {base.py:84} INFO - Using connection ID 'EXTERNAL_DB_CONN_CAPSTONE_DE' for task execution.
[2024-06-26T22:40:11.513+0000] {sql.py:487} INFO - Running statement: 
            SELECT *
            FROM donation_comments
            WHERE DATE(created_at) = '2024-06-25'
            OR DATE(updated_at) = '2024-06-25'
        , parameters: None
[2024-06-26T22:40:11.557+0000] {sql.py:496} INFO - Rows affected: 0
[2024-06-26T22:40:11.706+0000] {base.py:84} INFO - Using connection ID 'EXTERNAL_DB_CONN_CAPSTONE_DE' for task execution.
[2024-06-26T22:40:11.859+0000] {sql.py:487} INFO - Running statement: SHOW COLUMNS FROM donation_manual_comments, parameters: None
[2024-06-26T22:40:11.892+0000] {sql.py:496} INFO - Rows affected: 7
[2024-06-26T22:40:12.041+0000] {base.py:84} INFO - Using connection ID 'EXTERNAL_DB_CONN_CAPSTONE_DE' for task execution.
[2024-06-26T22:40:12.195+0000] {sql.py:487} INFO - Running statement: 
            SELECT *
            FROM donation_manual_comments
            WHERE DATE(created_at) = '2024-06-25'
            OR DATE(updated_at) = '2024-06-25'
        , parameters: None
[2024-06-26T22:40:12.227+0000] {sql.py:496} INFO - Rows affected: 1
[2024-06-26T22:40:12.321+0000] {base.py:84} INFO - Using connection ID 'EXTERNAL_DB_CONN_CAPSTONE_DE' for task execution.
[2024-06-26T22:40:12.515+0000] {sql.py:487} INFO - Running statement: SHOW COLUMNS FROM donation_manuals, parameters: None
[2024-06-26T22:40:12.550+0000] {sql.py:496} INFO - Rows affected: 9
[2024-06-26T22:40:12.607+0000] {base.py:84} INFO - Using connection ID 'EXTERNAL_DB_CONN_CAPSTONE_DE' for task execution.
[2024-06-26T22:40:12.762+0000] {sql.py:487} INFO - Running statement: 
            SELECT *
            FROM donation_manuals
            WHERE DATE(created_at) = '2024-06-25'
            OR DATE(updated_at) = '2024-06-25'
        , parameters: None
[2024-06-26T22:40:12.794+0000] {sql.py:496} INFO - Rows affected: 2
[2024-06-26T22:40:12.848+0000] {base.py:84} INFO - Using connection ID 'EXTERNAL_DB_CONN_CAPSTONE_DE' for task execution.
[2024-06-26T22:40:13.000+0000] {sql.py:487} INFO - Running statement: SHOW COLUMNS FROM donations, parameters: None
[2024-06-26T22:40:13.032+0000] {sql.py:496} INFO - Rows affected: 11
[2024-06-26T22:40:13.082+0000] {base.py:84} INFO - Using connection ID 'EXTERNAL_DB_CONN_CAPSTONE_DE' for task execution.
[2024-06-26T22:40:13.231+0000] {sql.py:487} INFO - Running statement: 
            SELECT *
            FROM donations
            WHERE DATE(created_at) = '2024-06-25'
            OR DATE(updated_at) = '2024-06-25'
        , parameters: None
[2024-06-26T22:40:13.261+0000] {sql.py:496} INFO - Rows affected: 0
[2024-06-26T22:40:13.308+0000] {base.py:84} INFO - Using connection ID 'EXTERNAL_DB_CONN_CAPSTONE_DE' for task execution.
[2024-06-26T22:40:13.456+0000] {sql.py:487} INFO - Running statement: SHOW COLUMNS FROM fundraising_categories, parameters: None
[2024-06-26T22:40:13.488+0000] {sql.py:496} INFO - Rows affected: 5
[2024-06-26T22:40:13.599+0000] {base.py:84} INFO - Using connection ID 'EXTERNAL_DB_CONN_CAPSTONE_DE' for task execution.
[2024-06-26T22:40:13.838+0000] {sql.py:487} INFO - Running statement: 
            SELECT *
            FROM fundraising_categories
            WHERE DATE(created_at) = '2024-06-25'
            OR DATE(updated_at) = '2024-06-25'
        , parameters: None
[2024-06-26T22:40:13.876+0000] {sql.py:496} INFO - Rows affected: 0
[2024-06-26T22:40:13.958+0000] {base.py:84} INFO - Using connection ID 'EXTERNAL_DB_CONN_CAPSTONE_DE' for task execution.
[2024-06-26T22:40:14.116+0000] {sql.py:487} INFO - Running statement: SHOW COLUMNS FROM fundraisings, parameters: None
[2024-06-26T22:40:14.150+0000] {sql.py:496} INFO - Rows affected: 14
[2024-06-26T22:40:14.242+0000] {base.py:84} INFO - Using connection ID 'EXTERNAL_DB_CONN_CAPSTONE_DE' for task execution.
[2024-06-26T22:40:14.465+0000] {sql.py:487} INFO - Running statement: 
            SELECT *
            FROM fundraisings
            WHERE DATE(created_at) = '2024-06-25'
            OR DATE(updated_at) = '2024-06-25'
        , parameters: None
[2024-06-26T22:40:14.499+0000] {sql.py:496} INFO - Rows affected: 1
[2024-06-26T22:40:14.720+0000] {base.py:84} INFO - Using connection ID 'EXTERNAL_DB_CONN_CAPSTONE_DE' for task execution.
[2024-06-26T22:40:14.942+0000] {sql.py:487} INFO - Running statement: SHOW COLUMNS FROM like_donation_comments, parameters: None
[2024-06-26T22:40:15.007+0000] {sql.py:496} INFO - Rows affected: 6
[2024-06-26T22:40:15.151+0000] {base.py:84} INFO - Using connection ID 'EXTERNAL_DB_CONN_CAPSTONE_DE' for task execution.
[2024-06-26T22:40:15.311+0000] {sql.py:487} INFO - Running statement: 
            SELECT *
            FROM like_donation_comments
            WHERE DATE(created_at) = '2024-06-25'
            OR DATE(updated_at) = '2024-06-25'
        , parameters: None
[2024-06-26T22:40:15.345+0000] {sql.py:496} INFO - Rows affected: 0
[2024-06-26T22:40:15.541+0000] {base.py:84} INFO - Using connection ID 'EXTERNAL_DB_CONN_CAPSTONE_DE' for task execution.
[2024-06-26T22:40:15.800+0000] {sql.py:487} INFO - Running statement: SHOW COLUMNS FROM like_donation_manual_comments, parameters: None
[2024-06-26T22:40:15.868+0000] {sql.py:496} INFO - Rows affected: 6
[2024-06-26T22:40:16.126+0000] {base.py:84} INFO - Using connection ID 'EXTERNAL_DB_CONN_CAPSTONE_DE' for task execution.
[2024-06-26T22:40:16.398+0000] {sql.py:487} INFO - Running statement: 
            SELECT *
            FROM like_donation_manual_comments
            WHERE DATE(created_at) = '2024-06-25'
            OR DATE(updated_at) = '2024-06-25'
        , parameters: None
[2024-06-26T22:40:16.465+0000] {sql.py:496} INFO - Rows affected: 0
[2024-06-26T22:40:16.725+0000] {base.py:84} INFO - Using connection ID 'EXTERNAL_DB_CONN_CAPSTONE_DE' for task execution.
[2024-06-26T22:40:16.891+0000] {sql.py:487} INFO - Running statement: SHOW COLUMNS FROM likes_comments, parameters: None
[2024-06-26T22:40:16.930+0000] {sql.py:496} INFO - Rows affected: 6
[2024-06-26T22:40:17.039+0000] {base.py:84} INFO - Using connection ID 'EXTERNAL_DB_CONN_CAPSTONE_DE' for task execution.
[2024-06-26T22:40:17.198+0000] {sql.py:487} INFO - Running statement: 
            SELECT *
            FROM likes_comments
            WHERE DATE(created_at) = '2024-06-25'
            OR DATE(updated_at) = '2024-06-25'
        , parameters: None
[2024-06-26T22:40:17.231+0000] {sql.py:496} INFO - Rows affected: 0
[2024-06-26T22:40:17.329+0000] {base.py:84} INFO - Using connection ID 'EXTERNAL_DB_CONN_CAPSTONE_DE' for task execution.
[2024-06-26T22:40:17.577+0000] {sql.py:487} INFO - Running statement: SHOW COLUMNS FROM organizations, parameters: None
[2024-06-26T22:40:17.706+0000] {sql.py:496} INFO - Rows affected: 13
[2024-06-26T22:40:18.005+0000] {base.py:84} INFO - Using connection ID 'EXTERNAL_DB_CONN_CAPSTONE_DE' for task execution.
[2024-06-26T22:40:18.214+0000] {sql.py:487} INFO - Running statement: 
            SELECT *
            FROM organizations
            WHERE DATE(created_at) = '2024-06-25'
            OR DATE(updated_at) = '2024-06-25'
        , parameters: None
[2024-06-26T22:40:18.270+0000] {sql.py:496} INFO - Rows affected: 1
[2024-06-26T22:40:18.385+0000] {base.py:84} INFO - Using connection ID 'EXTERNAL_DB_CONN_CAPSTONE_DE' for task execution.
[2024-06-26T22:40:18.603+0000] {sql.py:487} INFO - Running statement: SHOW COLUMNS FROM testimoni_volunteers, parameters: None
[2024-06-26T22:40:18.681+0000] {sql.py:496} INFO - Rows affected: 8
[2024-06-26T22:40:18.868+0000] {base.py:84} INFO - Using connection ID 'EXTERNAL_DB_CONN_CAPSTONE_DE' for task execution.
[2024-06-26T22:40:19.111+0000] {sql.py:487} INFO - Running statement: 
            SELECT *
            FROM testimoni_volunteers
            WHERE DATE(created_at) = '2024-06-25'
            OR DATE(updated_at) = '2024-06-25'
        , parameters: None
[2024-06-26T22:40:19.146+0000] {sql.py:496} INFO - Rows affected: 0
[2024-06-26T22:40:19.274+0000] {base.py:84} INFO - Using connection ID 'EXTERNAL_DB_CONN_CAPSTONE_DE' for task execution.
[2024-06-26T22:40:19.438+0000] {sql.py:487} INFO - Running statement: SHOW COLUMNS FROM transactions, parameters: None
[2024-06-26T22:40:19.474+0000] {sql.py:496} INFO - Rows affected: 10
[2024-06-26T22:40:19.590+0000] {base.py:84} INFO - Using connection ID 'EXTERNAL_DB_CONN_CAPSTONE_DE' for task execution.
[2024-06-26T22:40:19.838+0000] {sql.py:487} INFO - Running statement: 
            SELECT *
            FROM transactions
            WHERE DATE(created_at) = '2024-06-25'
            OR DATE(updated_at) = '2024-06-25'
        , parameters: None
[2024-06-26T22:40:19.888+0000] {sql.py:496} INFO - Rows affected: 1
[2024-06-26T22:40:20.101+0000] {base.py:84} INFO - Using connection ID 'EXTERNAL_DB_CONN_CAPSTONE_DE' for task execution.
[2024-06-26T22:40:20.326+0000] {sql.py:487} INFO - Running statement: SHOW COLUMNS FROM user_bookmark_articles, parameters: None
[2024-06-26T22:40:20.361+0000] {sql.py:496} INFO - Rows affected: 6
[2024-06-26T22:40:20.474+0000] {base.py:84} INFO - Using connection ID 'EXTERNAL_DB_CONN_CAPSTONE_DE' for task execution.
[2024-06-26T22:40:20.626+0000] {sql.py:487} INFO - Running statement: 
            SELECT *
            FROM user_bookmark_articles
            WHERE DATE(created_at) = '2024-06-25'
            OR DATE(updated_at) = '2024-06-25'
        , parameters: None
[2024-06-26T22:40:20.667+0000] {sql.py:496} INFO - Rows affected: 0
[2024-06-26T22:40:20.804+0000] {base.py:84} INFO - Using connection ID 'EXTERNAL_DB_CONN_CAPSTONE_DE' for task execution.
[2024-06-26T22:40:21.000+0000] {sql.py:487} INFO - Running statement: SHOW COLUMNS FROM user_bookmark_fundraisings, parameters: None
[2024-06-26T22:40:21.039+0000] {sql.py:496} INFO - Rows affected: 6
[2024-06-26T22:40:21.477+0000] {base.py:84} INFO - Using connection ID 'EXTERNAL_DB_CONN_CAPSTONE_DE' for task execution.
[2024-06-26T22:40:21.708+0000] {sql.py:487} INFO - Running statement: 
            SELECT *
            FROM user_bookmark_fundraisings
            WHERE DATE(created_at) = '2024-06-25'
            OR DATE(updated_at) = '2024-06-25'
        , parameters: None
[2024-06-26T22:40:21.751+0000] {sql.py:496} INFO - Rows affected: 0
[2024-06-26T22:40:21.954+0000] {base.py:84} INFO - Using connection ID 'EXTERNAL_DB_CONN_CAPSTONE_DE' for task execution.
[2024-06-26T22:40:22.178+0000] {sql.py:487} INFO - Running statement: SHOW COLUMNS FROM user_bookmark_volunteer_vacancies, parameters: None
[2024-06-26T22:40:22.217+0000] {sql.py:496} INFO - Rows affected: 7
[2024-06-26T22:40:31.454+0000] {base.py:84} INFO - Using connection ID 'EXTERNAL_DB_CONN_CAPSTONE_DE' for task execution.
[2024-06-26T22:40:31.770+0000] {sql.py:487} INFO - Running statement: 
            SELECT *
            FROM user_bookmark_volunteer_vacancies
            WHERE DATE(created_at) = '2024-06-25'
            OR DATE(updated_at) = '2024-06-25'
        , parameters: None
[2024-06-26T22:40:31.823+0000] {sql.py:496} INFO - Rows affected: 0
[2024-06-26T22:40:32.451+0000] {base.py:84} INFO - Using connection ID 'EXTERNAL_DB_CONN_CAPSTONE_DE' for task execution.
[2024-06-26T22:40:32.641+0000] {sql.py:487} INFO - Running statement: SHOW COLUMNS FROM users, parameters: None
[2024-06-26T22:40:32.691+0000] {sql.py:496} INFO - Rows affected: 12
[2024-06-26T22:40:32.763+0000] {base.py:84} INFO - Using connection ID 'EXTERNAL_DB_CONN_CAPSTONE_DE' for task execution.
[2024-06-26T22:40:33.012+0000] {sql.py:487} INFO - Running statement: 
            SELECT *
            FROM users
            WHERE DATE(created_at) = '2024-06-25'
            OR DATE(updated_at) = '2024-06-25'
        , parameters: None
[2024-06-26T22:40:33.048+0000] {sql.py:496} INFO - Rows affected: 2
[2024-06-26T22:40:33.164+0000] {base.py:84} INFO - Using connection ID 'EXTERNAL_DB_CONN_CAPSTONE_DE' for task execution.
[2024-06-26T22:40:33.314+0000] {sql.py:487} INFO - Running statement: SHOW COLUMNS FROM volunteers, parameters: None
[2024-06-26T22:40:33.347+0000] {sql.py:496} INFO - Rows affected: 16
[2024-06-26T22:40:33.410+0000] {base.py:84} INFO - Using connection ID 'EXTERNAL_DB_CONN_CAPSTONE_DE' for task execution.
[2024-06-26T22:40:33.560+0000] {sql.py:487} INFO - Running statement: 
            SELECT *
            FROM volunteers
            WHERE DATE(created_at) = '2024-06-25'
            OR DATE(updated_at) = '2024-06-25'
        , parameters: None
[2024-06-26T22:40:33.594+0000] {sql.py:496} INFO - Rows affected: 1
[2024-06-26T22:40:34.251+0000] {logging_mixin.py:188} INFO - [   id  ...                                 message
0  72  ...  "Wisnu0002 Bergabung ke Peduli Pintar"
1  73  ...      "Arsen Bergabung ke Peduli Pintar"
2  74  ...       " melakukan donasi sebesar Rp. 0"

[3 rows x 8 columns], Empty DataFrame
Columns: [id, created_at, updated_at, deleted_at, username, email, password, avatar]
Index: [], Empty DataFrame
Columns: [id, created_at, updated_at, deleted_at, ig_image_url, yt_image_url, user_id, vacancy_id, job, reason, age]
Index: [],    id  ...                                          image_url
0  56  ...  https://res.cloudinary.com/dvrhf8d9t/image/upl...

[1 rows x 8 columns], Empty DataFrame
Columns: [id, created_at, updated_at, deleted_at, chat_id, role, message]
Index: [], Empty DataFrame
Columns: [id, created_at, updated_at, deleted_at, user_id, article_id, comment, total_likes]
Index: [], Empty DataFrame
Columns: [id, created_at, updated_at, deleted_at, donation_id, comment, total_likes]
Index: [],     id              created_at  ... comment total_likes
0  100 2024-06-25 17:40:30.364  ...                   0

[1 rows x 7 columns],     id  ... fundraising_id
0  205  ...             22
1  211  ...             22

[2 rows x 9 columns], Empty DataFrame
Columns: [id, created_at, updated_at, deleted_at, user_id, amount, status, code, fundraising_id, payment_url, payment_method]
Index: [], Empty DataFrame
Columns: [id, created_at, updated_at, deleted_at, name]
Index: [],    id              created_at  ... start_date   end_date
0  22 2024-06-06 00:03:25.012  ... 2024-02-01 2024-12-31

[1 rows x 14 columns], Empty DataFrame
Columns: [id, created_at, updated_at, deleted_at, donation_comment_id, user_id]
Index: [], Empty DataFrame
Columns: [id, created_at, updated_at, deleted_at, donation_manual_comment_id, user_id]
Index: [], Empty DataFrame
Columns: [id, created_at, updated_at, deleted_at, user_id, comment_id]
Index: [],    id              created_at  ...    instagram no_rekening
0  13 2024-06-05 12:10:01.370  ...  @kitapeduli  1234567857

[1 rows x 13 columns], Empty DataFrame
Columns: [id, created_at, updated_at, deleted_at, user_id, vacancy_id, testimoni, rating]
Index: [],    id  ... fundraising_id
0  29  ...             22

[1 rows x 10 columns], Empty DataFrame
Columns: [id, created_at, updated_at, deleted_at, user_id, article_id]
Index: [], Empty DataFrame
Columns: [id, created_at, updated_at, deleted_at, user_id, fundraising_id]
Index: [], Empty DataFrame
Columns: [id, created_at, updated_at, deleted_at, user_id, volunteer_vacancies_id, volunteer_vacancy_id]
Index: [],     id              created_at  ...       no_telp otp
0  174 2024-06-25 06:03:23.030  ...  087793143442    
1  175 2024-06-25 06:07:52.239  ...  085668882470    

[2 rows x 12 columns],    id              created_at  ...  status  link_wa
0  60 2024-06-24 08:48:45.444  ...  active  link.wa

[1 rows x 16 columns]]
[2024-06-26T22:40:34.253+0000] {logging_mixin.py:188} INFO - ['admin_notifications', 'admins', 'applications', 'articles', 'chatbots', 'comments', 'donation_comments', 'donation_manual_comments', 'donation_manuals', 'donations', 'fundraising_categories', 'fundraisings', 'like_donation_comments', 'like_donation_manual_comments', 'likes_comments', 'organizations', 'testimoni_volunteers', 'transactions', 'user_bookmark_articles', 'user_bookmark_fundraisings', 'user_bookmark_volunteer_vacancies', 'users', 'volunteers']
[2024-06-26T22:40:35.369+0000] {taskinstance.py:441} INFO - ::group::Post task execution logs
[2024-06-26T22:40:35.518+0000] {taskinstance.py:1206} INFO - Marking task as SUCCESS. dag_id=coba_ds_v7, task_id=extract_data, run_id=scheduled__2024-06-25T00:00:00+00:00, execution_date=20240625T000000, start_date=20240626T224005, end_date=20240626T224035
[2024-06-26T22:40:36.087+0000] {local_task_job_runner.py:240} INFO - Task exited with return code 0
[2024-06-26T22:40:36.446+0000] {local_task_job_runner.py:222} INFO - ::endgroup::
