[2024-06-26T07:25:51.565+0000] {local_task_job_runner.py:120} INFO - ::group::Pre task execution logs
[2024-06-26T07:25:51.596+0000] {taskinstance.py:2076} INFO - Dependencies all met for dep_context=non-requeueable deps ti=<TaskInstance: coba.load_file_local scheduled__2024-06-23T00:00:00+00:00 [queued]>
[2024-06-26T07:25:51.607+0000] {taskinstance.py:2076} INFO - Dependencies all met for dep_context=requeueable deps ti=<TaskInstance: coba.load_file_local scheduled__2024-06-23T00:00:00+00:00 [queued]>
[2024-06-26T07:25:51.608+0000] {taskinstance.py:2306} INFO - Starting attempt 1 of 4
[2024-06-26T07:25:51.624+0000] {taskinstance.py:2330} INFO - Executing <Task(LoadFileLocal): load_file_local> on 2024-06-23 00:00:00+00:00
[2024-06-26T07:25:51.633+0000] {warnings.py:112} WARNING - /home/***/.local/lib/python3.12/site-packages/***/task/task_runner/standard_task_runner.py:61: DeprecationWarning: This process (pid=231) is multi-threaded, use of fork() may lead to deadlocks in the child.
  pid = os.fork()

[2024-06-26T07:25:51.635+0000] {standard_task_runner.py:63} INFO - Started process 233 to run task
[2024-06-26T07:25:51.635+0000] {standard_task_runner.py:90} INFO - Running: ['***', 'tasks', 'run', 'coba', 'load_file_local', 'scheduled__2024-06-23T00:00:00+00:00', '--job-id', '234', '--raw', '--subdir', 'DAGS_FOLDER/etl_all_dags.py', '--cfg-path', '/tmp/tmpvp7g4hzx']
[2024-06-26T07:25:51.637+0000] {standard_task_runner.py:91} INFO - Job 234: Subtask load_file_local
[2024-06-26T07:25:51.690+0000] {task_command.py:426} INFO - Running <TaskInstance: coba.load_file_local scheduled__2024-06-23T00:00:00+00:00 [running]> on host a8f5caccc1b1
[2024-06-26T07:25:51.781+0000] {taskinstance.py:2648} INFO - Exporting env vars: AIRFLOW_CTX_DAG_OWNER='Kelompok 5 Capstone DE' AIRFLOW_CTX_DAG_ID='coba' AIRFLOW_CTX_TASK_ID='load_file_local' AIRFLOW_CTX_EXECUTION_DATE='2024-06-23T00:00:00+00:00' AIRFLOW_CTX_TRY_NUMBER='1' AIRFLOW_CTX_DAG_RUN_ID='scheduled__2024-06-23T00:00:00+00:00'
[2024-06-26T07:25:51.783+0000] {taskinstance.py:430} INFO - ::endgroup::
[2024-06-26T07:25:51.923+0000] {logging_mixin.py:188} INFO - Data dari tabel telah disimpan ke file 'dags/DATA/fact/20240623/20240623_fact_donation_transaction.csv'.
[2024-06-26T07:25:51.932+0000] {logging_mixin.py:188} INFO - Data dari tabel telah disimpan ke file 'dags/DATA/fact/20240623/20240623_fact_volunteer_applications.csv'.
[2024-06-26T07:25:51.942+0000] {logging_mixin.py:188} INFO - Data dari tabel telah disimpan ke file 'dags/DATA/fact/20240623/20240623_fact_volunteer_testimoni.csv'.
[2024-06-26T07:25:51.951+0000] {logging_mixin.py:188} INFO - Data dari tabel telah disimpan ke file 'dags/DATA/fact/20240623/20240623_fact_article_popular.csv'.
[2024-06-26T07:25:51.961+0000] {logging_mixin.py:188} INFO - Data dari tabel telah disimpan ke file 'dags/DATA/fact/20240623/20240623_fact_bookmark_fundraising.csv'.
[2024-06-26T07:25:51.971+0000] {logging_mixin.py:188} INFO - Data dari tabel telah disimpan ke file 'dags/DATA/fact/20240623/20240623_fact_bookmark_volunteer_vacancies.csv'.
[2024-06-26T07:25:51.979+0000] {logging_mixin.py:188} INFO - Data dari tabel telah disimpan ke file 'dags/DATA/dim/20240623/20240623_dim_fundraisings.csv'.
[2024-06-26T07:25:51.988+0000] {logging_mixin.py:188} INFO - Data dari tabel telah disimpan ke file 'dags/DATA/dim/20240623/20240623_dim_fundraising_categories.csv'.
[2024-06-26T07:25:51.998+0000] {logging_mixin.py:188} INFO - Data dari tabel telah disimpan ke file 'dags/DATA/dim/20240623/20240623_dim_donation_manual.csv'.
[2024-06-26T07:25:52.008+0000] {logging_mixin.py:188} INFO - Data dari tabel telah disimpan ke file 'dags/DATA/dim/20240623/20240623_dim_organization.csv'.
[2024-06-26T07:25:52.018+0000] {logging_mixin.py:188} INFO - Data dari tabel telah disimpan ke file 'dags/DATA/dim/20240623/20240623_dim_user.csv'.
[2024-06-26T07:25:52.029+0000] {logging_mixin.py:188} INFO - Data dari tabel telah disimpan ke file 'dags/DATA/dim/20240623/20240623_dim_volunteer_applictaion.csv'.
[2024-06-26T07:25:52.038+0000] {logging_mixin.py:188} INFO - Data dari tabel telah disimpan ke file 'dags/DATA/dim/20240623/20240623_dim_volunteer_vacancies.csv'.
[2024-06-26T07:25:52.047+0000] {logging_mixin.py:188} INFO - Data dari tabel telah disimpan ke file 'dags/DATA/dim/20240623/20240623_dim_testimoni_volunteer.csv'.
[2024-06-26T07:25:52.058+0000] {logging_mixin.py:188} INFO - Data dari tabel telah disimpan ke file 'dags/DATA/dim/20240623/20240623_dim_article.csv'.
[2024-06-26T07:25:52.068+0000] {logging_mixin.py:188} INFO - Data dari tabel telah disimpan ke file 'dags/DATA/dim/20240623/20240623_dim_bookmark_fundraising.csv'.
[2024-06-26T07:25:52.078+0000] {logging_mixin.py:188} INFO - Data dari tabel telah disimpan ke file 'dags/DATA/dim/20240623/20240623_dim_bookmark_volunter_vacancies.csv'.
[2024-06-26T07:25:52.091+0000] {logging_mixin.py:188} INFO - Data dari tabel telah disimpan ke file 'dags/DATA/dim/20240623/20240623_dim_bookmark_article.csv'.
[2024-06-26T07:25:52.102+0000] {logging_mixin.py:188} INFO - Data dari tabel telah disimpan ke file 'dags/DATA/dim/20240623/20240623_dim_comments.csv'.
[2024-06-26T07:25:52.112+0000] {logging_mixin.py:188} INFO - Data dari tabel telah disimpan ke file 'dags/DATA/dim/20240623/20240623_dim_like_comments.csv'.
[2024-06-26T07:25:52.113+0000] {taskinstance.py:441} INFO - ::group::Post task execution logs
[2024-06-26T07:25:52.138+0000] {taskinstance.py:1206} INFO - Marking task as SUCCESS. dag_id=coba, task_id=load_file_local, run_id=scheduled__2024-06-23T00:00:00+00:00, execution_date=20240623T000000, start_date=20240626T072551, end_date=20240626T072552
[2024-06-26T07:25:52.212+0000] {local_task_job_runner.py:240} INFO - Task exited with return code 0
[2024-06-26T07:25:52.234+0000] {taskinstance.py:3503} INFO - 0 downstream tasks scheduled from follow-on schedule check
[2024-06-26T07:25:52.239+0000] {local_task_job_runner.py:222} INFO - ::endgroup::
