[2024-06-26T22:41:00.783+0000] {local_task_job_runner.py:120} INFO - ::group::Pre task execution logs
[2024-06-26T22:41:00.841+0000] {taskinstance.py:2076} INFO - Dependencies all met for dep_context=non-requeueable deps ti=<TaskInstance: coba_ds_v7.cleaning_raw_data scheduled__2024-06-23T00:00:00+00:00 [queued]>
[2024-06-26T22:41:00.859+0000] {taskinstance.py:2076} INFO - Dependencies all met for dep_context=requeueable deps ti=<TaskInstance: coba_ds_v7.cleaning_raw_data scheduled__2024-06-23T00:00:00+00:00 [queued]>
[2024-06-26T22:41:00.861+0000] {taskinstance.py:2306} INFO - Starting attempt 1 of 4
[2024-06-26T22:41:00.898+0000] {taskinstance.py:2330} INFO - Executing <Task(CleaningData): cleaning_raw_data> on 2024-06-23 00:00:00+00:00
[2024-06-26T22:41:00.919+0000] {warnings.py:112} WARNING - /home/***/.local/lib/python3.12/site-packages/***/task/task_runner/standard_task_runner.py:61: DeprecationWarning: This process (pid=1225) is multi-threaded, use of fork() may lead to deadlocks in the child.
  pid = os.fork()

[2024-06-26T22:41:00.929+0000] {standard_task_runner.py:63} INFO - Started process 1239 to run task
[2024-06-26T22:41:00.925+0000] {standard_task_runner.py:90} INFO - Running: ['***', 'tasks', 'run', 'coba_ds_v7', 'cleaning_raw_data', 'scheduled__2024-06-23T00:00:00+00:00', '--job-id', '95', '--raw', '--subdir', 'DAGS_FOLDER/etl_dags.py', '--cfg-path', '/tmp/tmplw0q2njk']
[2024-06-26T22:41:00.933+0000] {standard_task_runner.py:91} INFO - Job 95: Subtask cleaning_raw_data
[2024-06-26T22:41:01.111+0000] {task_command.py:426} INFO - Running <TaskInstance: coba_ds_v7.cleaning_raw_data scheduled__2024-06-23T00:00:00+00:00 [running]> on host 7ecff3f83b62
[2024-06-26T22:41:01.468+0000] {taskinstance.py:2648} INFO - Exporting env vars: AIRFLOW_CTX_DAG_OWNER='Kelompok 5 Capstone DE' AIRFLOW_CTX_DAG_ID='coba_ds_v7' AIRFLOW_CTX_TASK_ID='cleaning_raw_data' AIRFLOW_CTX_EXECUTION_DATE='2024-06-23T00:00:00+00:00' AIRFLOW_CTX_TRY_NUMBER='1' AIRFLOW_CTX_DAG_RUN_ID='scheduled__2024-06-23T00:00:00+00:00'
[2024-06-26T22:41:01.472+0000] {taskinstance.py:430} INFO - ::endgroup::
[2024-06-26T22:41:01.887+0000] {logging_mixin.py:188} INFO - Tidak ada data duplikat pada Donation
[2024-06-26T22:41:01.917+0000] {logging_mixin.py:188} INFO - Tidak ada missing value dalam Donation
[2024-06-26T22:41:01.928+0000] {logging_mixin.py:188} INFO - id                0
created_at        0
user_id           0
amount            0
status            0
image_payment     0
fundraising_id    0
dtype: int64
[2024-06-26T22:41:01.947+0000] {logging_mixin.py:188} INFO - Tidak ada data duplikat pada Fundraising
[2024-06-26T22:41:01.967+0000] {logging_mixin.py:188} INFO - Tidak ada missing value dalam Fundraising
[2024-06-26T22:41:01.975+0000] {logging_mixin.py:188} INFO - id                         0
created_at                 0
fundraising_category_id    0
organization_id            0
title                      0
image_url                  0
description                0
status                     0
goal_amount                0
current_progress           0
start_date                 0
end_date                   0
dtype: int64
[2024-06-26T22:41:01.986+0000] {logging_mixin.py:188} INFO - Tidak ada data duplikat pada Application
[2024-06-26T22:41:02.006+0000] {logging_mixin.py:188} INFO - Tidak ada missing value dalam Application
[2024-06-26T22:41:02.011+0000] {logging_mixin.py:188} INFO - id              0
created_at      0
ig_image_url    0
yt_image_url    0
user_id         0
vacancy_id      0
job             0
reason          0
age             0
dtype: int64
[2024-06-26T22:41:02.029+0000] {logging_mixin.py:188} INFO - Tidak ada data duplikat pada Volunteer_Vacancies
[2024-06-26T22:41:02.063+0000] {logging_mixin.py:188} INFO - Terdapat missing value dalam Volunteer_Vacancies
[2024-06-26T22:41:02.069+0000] {logging_mixin.py:188} INFO - id                       0
created_at               0
title                    0
organization_id          0
content_activity         0
location                 1
start_date               0
end_date                 0
target_volunteer         0
registered_volunteer     0
registration_deadline    0
image_url                0
status                   0
link_wa                  3
dtype: int64
[2024-06-26T22:41:02.094+0000] {logging_mixin.py:188} INFO - Tidak ada data duplikat pada Testimoni_Volunteer
[2024-06-26T22:41:02.124+0000] {logging_mixin.py:188} INFO - Tidak ada missing value dalam Testimoni_Volunteer
[2024-06-26T22:41:02.145+0000] {logging_mixin.py:188} INFO - id            0
created_at    0
user_id       0
vacancy_id    0
testimoni     0
rating        0
dtype: int64
[2024-06-26T22:41:02.160+0000] {logging_mixin.py:188} INFO - Tidak ada data duplikat pada Bookmark_Fundraising
[2024-06-26T22:41:02.195+0000] {logging_mixin.py:188} INFO - Tidak ada missing value dalam Bookmark_Fundraising
[2024-06-26T22:41:02.208+0000] {logging_mixin.py:188} INFO - id                0
created_at        0
user_id           0
fundraising_id    0
dtype: int64
[2024-06-26T22:41:02.229+0000] {logging_mixin.py:188} INFO - Tidak ada data duplikat pada Bookmark_Volunteer
[2024-06-26T22:41:02.252+0000] {logging_mixin.py:188} INFO - Terdapat missing value dalam Bookmark_Volunteer
[2024-06-26T22:41:02.263+0000] {logging_mixin.py:188} INFO - id                        0
created_at                0
user_id                   0
volunteer_vacancies_id    0
volunteer_vacancy_id      4
dtype: int64
[2024-06-26T22:41:02.297+0000] {logging_mixin.py:188} INFO - Tidak ada data duplikat pada Article
[2024-06-26T22:41:02.320+0000] {logging_mixin.py:188} INFO - Terdapat missing value dalam Article
[2024-06-26T22:41:02.333+0000] {logging_mixin.py:188} INFO - id            0
created_at    0
admin_id      3
title         0
content       0
image_url     0
dtype: int64
[2024-06-26T22:41:02.337+0000] {logging_mixin.py:188} INFO - Fundraising_Categories is None or empty. Skipping.
[2024-06-26T22:41:02.353+0000] {logging_mixin.py:188} INFO - Tidak ada data duplikat pada User
[2024-06-26T22:41:02.379+0000] {logging_mixin.py:188} INFO - Terdapat missing value dalam User
[2024-06-26T22:41:02.385+0000] {logging_mixin.py:188} INFO - id             0
created_at     0
fullname       0
username       0
email          0
password       0
avatar         0
reset_token    1
no_telp        0
otp            2
dtype: int64
[2024-06-26T22:41:02.408+0000] {logging_mixin.py:188} INFO - Tidak ada data duplikat pada Organization
[2024-06-26T22:41:02.433+0000] {logging_mixin.py:188} INFO - Terdapat missing value dalam Organization
[2024-06-26T22:41:02.449+0000] {logging_mixin.py:188} INFO - id             0
created_at     0
name           0
description    0
avatar         0
is_verified    0
contact        1
start_date     0
website        0
instagram      0
no_rekening    0
dtype: int64
[2024-06-26T22:41:02.482+0000] {logging_mixin.py:188} INFO - Tidak ada data duplikat pada Bookmark_Articles
[2024-06-26T22:41:02.511+0000] {logging_mixin.py:188} INFO - Tidak ada missing value dalam Bookmark_Articles
[2024-06-26T22:41:02.514+0000] {logging_mixin.py:188} INFO - id            0
created_at    0
user_id       0
article_id    0
dtype: int64
[2024-06-26T22:41:02.530+0000] {logging_mixin.py:188} INFO - Tidak ada data duplikat pada Comments
[2024-06-26T22:41:02.544+0000] {logging_mixin.py:188} INFO - Terdapat missing value dalam Comments
[2024-06-26T22:41:02.552+0000] {logging_mixin.py:188} INFO - id              0
created_at      0
user_id         0
article_id      0
comment        28
total_likes     0
dtype: int64
[2024-06-26T22:41:02.579+0000] {logging_mixin.py:188} INFO - Tidak ada data duplikat pada Like Comments
[2024-06-26T22:41:02.609+0000] {logging_mixin.py:188} INFO - Tidak ada missing value dalam Like Comments
[2024-06-26T22:41:02.624+0000] {logging_mixin.py:188} INFO - id            0
created_at    0
user_id       0
comment_id    0
dtype: int64
[2024-06-26T22:41:02.750+0000] {taskinstance.py:441} INFO - ::group::Post task execution logs
[2024-06-26T22:41:02.896+0000] {taskinstance.py:1206} INFO - Marking task as SUCCESS. dag_id=coba_ds_v7, task_id=cleaning_raw_data, run_id=scheduled__2024-06-23T00:00:00+00:00, execution_date=20240623T000000, start_date=20240626T224100, end_date=20240626T224102
[2024-06-26T22:41:02.951+0000] {local_task_job_runner.py:240} INFO - Task exited with return code 0
[2024-06-26T22:41:03.010+0000] {taskinstance.py:3503} INFO - 1 downstream tasks scheduled from follow-on schedule check
[2024-06-26T22:41:03.014+0000] {local_task_job_runner.py:222} INFO - ::endgroup::
