[2024-06-26T14:22:39.143+0000] {local_task_job_runner.py:120} INFO - ::group::Pre task execution logs
[2024-06-26T14:22:39.200+0000] {taskinstance.py:2076} INFO - Dependencies all met for dep_context=non-requeueable deps ti=<TaskInstance: peduli_pintar_elt_all_dags_v2.cleaning_raw_data scheduled__2024-06-25T00:00:00+00:00 [queued]>
[2024-06-26T14:22:39.221+0000] {taskinstance.py:2076} INFO - Dependencies all met for dep_context=requeueable deps ti=<TaskInstance: peduli_pintar_elt_all_dags_v2.cleaning_raw_data scheduled__2024-06-25T00:00:00+00:00 [queued]>
[2024-06-26T14:22:39.225+0000] {taskinstance.py:2306} INFO - Starting attempt 2 of 5
[2024-06-26T14:22:39.259+0000] {taskinstance.py:2330} INFO - Executing <Task(CleaningData): cleaning_raw_data> on 2024-06-25 00:00:00+00:00
[2024-06-26T14:22:39.277+0000] {warnings.py:112} WARNING - /home/***/.local/lib/python3.12/site-packages/***/task/task_runner/standard_task_runner.py:61: DeprecationWarning: This process (pid=587) is multi-threaded, use of fork() may lead to deadlocks in the child.
  pid = os.fork()

[2024-06-26T14:22:39.281+0000] {standard_task_runner.py:63} INFO - Started process 589 to run task
[2024-06-26T14:22:39.281+0000] {standard_task_runner.py:90} INFO - Running: ['***', 'tasks', 'run', 'peduli_pintar_elt_all_dags_v2', 'cleaning_raw_data', 'scheduled__2024-06-25T00:00:00+00:00', '--job-id', '47', '--raw', '--subdir', 'DAGS_FOLDER/etl_all_dags.py', '--cfg-path', '/tmp/tmphacc0xyv']
[2024-06-26T14:22:39.285+0000] {standard_task_runner.py:91} INFO - Job 47: Subtask cleaning_raw_data
[2024-06-26T14:22:39.409+0000] {task_command.py:426} INFO - Running <TaskInstance: peduli_pintar_elt_all_dags_v2.cleaning_raw_data scheduled__2024-06-25T00:00:00+00:00 [running]> on host 7ecff3f83b62
[2024-06-26T14:22:39.593+0000] {taskinstance.py:2648} INFO - Exporting env vars: AIRFLOW_CTX_DAG_OWNER='Kelompok 5 Capstone DE' AIRFLOW_CTX_DAG_ID='peduli_pintar_elt_all_dags_v2' AIRFLOW_CTX_TASK_ID='cleaning_raw_data' AIRFLOW_CTX_EXECUTION_DATE='2024-06-25T00:00:00+00:00' AIRFLOW_CTX_TRY_NUMBER='2' AIRFLOW_CTX_DAG_RUN_ID='scheduled__2024-06-25T00:00:00+00:00'
[2024-06-26T14:22:39.601+0000] {taskinstance.py:430} INFO - ::endgroup::
[2024-06-26T14:22:39.982+0000] {logging_mixin.py:188} INFO - 196
[2024-06-26T14:22:39.991+0000] {logging_mixin.py:188} INFO - Tidak ada data duplikat pada Donation
[2024-06-26T14:22:40.011+0000] {logging_mixin.py:188} INFO - Tidak ada missing value dalam Donation
[2024-06-26T14:22:40.015+0000] {logging_mixin.py:188} INFO - id                0
created_at        0
user_id           0
amount            0
status            0
image_payment     0
fundraising_id    0
dtype: int64
[2024-06-26T14:22:40.016+0000] {logging_mixin.py:188} INFO - 35
[2024-06-26T14:22:40.021+0000] {logging_mixin.py:188} INFO - Tidak ada data duplikat pada Fundraising
[2024-06-26T14:22:40.035+0000] {logging_mixin.py:188} INFO - Tidak ada missing value dalam Fundraising
[2024-06-26T14:22:40.041+0000] {logging_mixin.py:188} INFO - id                         0
created_at                 0
fundraising_category_id    0
organization_id            0
title                      0
image_url                  0
description                0
status                     0
goal_amount                0
current_progress           0
start_date                 0
end_date                   0
dtype: int64
[2024-06-26T14:22:40.042+0000] {logging_mixin.py:188} INFO - 133
[2024-06-26T14:22:40.046+0000] {logging_mixin.py:188} INFO - Tidak ada data duplikat pada Application
[2024-06-26T14:22:40.058+0000] {logging_mixin.py:188} INFO - Tidak ada missing value dalam Application
[2024-06-26T14:22:40.061+0000] {logging_mixin.py:188} INFO - id              0
created_at      0
ig_image_url    0
yt_image_url    0
user_id         0
vacancy_id      0
job             0
reason          0
age             0
dtype: int64
[2024-06-26T14:22:40.062+0000] {logging_mixin.py:188} INFO - 22
[2024-06-26T14:22:40.065+0000] {logging_mixin.py:188} INFO - Tidak ada data duplikat pada Volunteer_Vacancies
[2024-06-26T14:22:40.075+0000] {logging_mixin.py:188} INFO - Terdapat missing value dalam Volunteer_Vacancies
[2024-06-26T14:22:40.079+0000] {logging_mixin.py:188} INFO - id                        0
created_at                0
title                     0
organization_id           0
content_activity          0
location                  2
start_date                0
end_date                  0
target_volunteer          0
registered_volunteer      0
registration_deadline     0
image_url                 0
status                    0
link_wa                  20
dtype: int64
[2024-06-26T14:22:40.083+0000] {logging_mixin.py:188} INFO - 31
[2024-06-26T14:22:40.086+0000] {logging_mixin.py:188} INFO - Tidak ada data duplikat pada Testimoni_Volunteer
[2024-06-26T14:22:40.095+0000] {logging_mixin.py:188} INFO - Tidak ada missing value dalam Testimoni_Volunteer
[2024-06-26T14:22:40.098+0000] {logging_mixin.py:188} INFO - id            0
created_at    0
user_id       0
vacancy_id    0
testimoni     0
rating        0
dtype: int64
[2024-06-26T14:22:40.099+0000] {logging_mixin.py:188} INFO - 46
[2024-06-26T14:22:40.101+0000] {logging_mixin.py:188} INFO - Tidak ada data duplikat pada Bookmark_Fundraising
[2024-06-26T14:22:40.112+0000] {logging_mixin.py:188} INFO - Tidak ada missing value dalam Bookmark_Fundraising
[2024-06-26T14:22:40.115+0000] {logging_mixin.py:188} INFO - id                0
created_at        0
user_id           0
fundraising_id    0
dtype: int64
[2024-06-26T14:22:40.116+0000] {logging_mixin.py:188} INFO - 42
[2024-06-26T14:22:40.118+0000] {logging_mixin.py:188} INFO - Tidak ada data duplikat pada Bookmark_Volunteer
[2024-06-26T14:22:40.128+0000] {logging_mixin.py:188} INFO - Terdapat missing value dalam Bookmark_Volunteer
[2024-06-26T14:22:40.131+0000] {logging_mixin.py:188} INFO - id                         0
created_at                 0
user_id                    0
volunteer_vacancies_id     0
volunteer_vacancy_id      42
dtype: int64
[2024-06-26T14:22:40.133+0000] {logging_mixin.py:188} INFO - 28
[2024-06-26T14:22:40.135+0000] {logging_mixin.py:188} INFO - Tidak ada data duplikat pada Article
[2024-06-26T14:22:40.145+0000] {logging_mixin.py:188} INFO - Terdapat missing value dalam Article
[2024-06-26T14:22:40.148+0000] {logging_mixin.py:188} INFO - id            0
created_at    0
admin_id      5
title         0
content       0
image_url     0
dtype: int64
[2024-06-26T14:22:40.151+0000] {logging_mixin.py:188} INFO - 4
[2024-06-26T14:22:40.153+0000] {logging_mixin.py:188} INFO - Tidak ada data duplikat pada Fundraising_Categories
[2024-06-26T14:22:40.162+0000] {logging_mixin.py:188} INFO - Tidak ada missing value dalam Fundraising_Categories
[2024-06-26T14:22:40.164+0000] {logging_mixin.py:188} INFO - id            0
created_at    0
name          0
dtype: int64
[2024-06-26T14:22:40.165+0000] {logging_mixin.py:188} INFO - 132
[2024-06-26T14:22:40.169+0000] {logging_mixin.py:188} INFO - Tidak ada data duplikat pada User
[2024-06-26T14:22:40.184+0000] {logging_mixin.py:188} INFO - Terdapat missing value dalam User
[2024-06-26T14:22:40.188+0000] {logging_mixin.py:188} INFO - id               0
created_at       0
fullname         0
username         0
email            0
password         0
avatar           0
reset_token    126
no_telp          0
otp            126
dtype: int64
[2024-06-26T14:22:40.196+0000] {logging_mixin.py:188} INFO - 15
[2024-06-26T14:22:40.203+0000] {logging_mixin.py:188} INFO - Tidak ada data duplikat pada Organization
[2024-06-26T14:22:40.222+0000] {logging_mixin.py:188} INFO - Terdapat missing value dalam Organization
[2024-06-26T14:22:40.232+0000] {logging_mixin.py:188} INFO - id              0
created_at      0
name            0
description     0
avatar          0
is_verified     0
contact        14
start_date      0
website         0
instagram       0
no_rekening     0
dtype: int64
[2024-06-26T14:22:40.242+0000] {logging_mixin.py:188} INFO - 60
[2024-06-26T14:22:40.245+0000] {logging_mixin.py:188} INFO - Tidak ada data duplikat pada Bookmark_Articles
[2024-06-26T14:22:40.267+0000] {logging_mixin.py:188} INFO - Tidak ada missing value dalam Bookmark_Articles
[2024-06-26T14:22:40.276+0000] {logging_mixin.py:188} INFO - id            0
created_at    0
user_id       0
article_id    0
dtype: int64
[2024-06-26T14:22:40.277+0000] {logging_mixin.py:188} INFO - 55
[2024-06-26T14:22:40.283+0000] {logging_mixin.py:188} INFO - Tidak ada data duplikat pada Comments
[2024-06-26T14:22:40.302+0000] {logging_mixin.py:188} INFO - Terdapat missing value dalam Comments
[2024-06-26T14:22:40.309+0000] {logging_mixin.py:188} INFO - id              0
created_at      0
user_id         0
article_id      0
comment        28
total_likes     0
dtype: int64
[2024-06-26T14:22:40.316+0000] {logging_mixin.py:188} INFO - 107
[2024-06-26T14:22:40.318+0000] {logging_mixin.py:188} INFO - Tidak ada data duplikat pada Like Comments
[2024-06-26T14:22:40.332+0000] {logging_mixin.py:188} INFO - Tidak ada missing value dalam Like Comments
[2024-06-26T14:22:40.336+0000] {logging_mixin.py:188} INFO - id            0
created_at    0
user_id       0
comment_id    0
dtype: int64
[2024-06-26T14:22:40.478+0000] {taskinstance.py:441} INFO - ::group::Post task execution logs
[2024-06-26T14:22:40.641+0000] {taskinstance.py:1206} INFO - Marking task as SUCCESS. dag_id=peduli_pintar_elt_all_dags_v2, task_id=cleaning_raw_data, run_id=scheduled__2024-06-25T00:00:00+00:00, execution_date=20240625T000000, start_date=20240626T142239, end_date=20240626T142240
[2024-06-26T14:22:40.744+0000] {local_task_job_runner.py:240} INFO - Task exited with return code 0
[2024-06-26T14:22:40.814+0000] {taskinstance.py:3503} INFO - 1 downstream tasks scheduled from follow-on schedule check
[2024-06-26T14:22:40.817+0000] {local_task_job_runner.py:222} INFO - ::endgroup::
