[2024-06-26T14:22:49.265+0000] {local_task_job_runner.py:120} INFO - ::group::Pre task execution logs
[2024-06-26T14:22:49.316+0000] {taskinstance.py:2076} INFO - Dependencies all met for dep_context=non-requeueable deps ti=<TaskInstance: peduli_pintar_elt_all_dags_v2.load_gbq scheduled__2024-06-25T00:00:00+00:00 [queued]>
[2024-06-26T14:22:49.334+0000] {taskinstance.py:2076} INFO - Dependencies all met for dep_context=requeueable deps ti=<TaskInstance: peduli_pintar_elt_all_dags_v2.load_gbq scheduled__2024-06-25T00:00:00+00:00 [queued]>
[2024-06-26T14:22:49.335+0000] {taskinstance.py:2306} INFO - Starting attempt 1 of 5
[2024-06-26T14:22:49.359+0000] {taskinstance.py:2330} INFO - Executing <Task(LoadGoogleBigQuery): load_gbq> on 2024-06-25 00:00:00+00:00
[2024-06-26T14:22:49.374+0000] {warnings.py:112} WARNING - /home/***/.local/lib/python3.12/site-packages/***/task/task_runner/standard_task_runner.py:61: DeprecationWarning: This process (pid=611) is multi-threaded, use of fork() may lead to deadlocks in the child.
  pid = os.fork()

[2024-06-26T14:22:49.377+0000] {standard_task_runner.py:63} INFO - Started process 615 to run task
[2024-06-26T14:22:49.376+0000] {standard_task_runner.py:90} INFO - Running: ['***', 'tasks', 'run', 'peduli_pintar_elt_all_dags_v2', 'load_gbq', 'scheduled__2024-06-25T00:00:00+00:00', '--job-id', '49', '--raw', '--subdir', 'DAGS_FOLDER/etl_all_dags.py', '--cfg-path', '/tmp/tmpn7qgepo9']
[2024-06-26T14:22:49.381+0000] {standard_task_runner.py:91} INFO - Job 49: Subtask load_gbq
[2024-06-26T14:22:49.484+0000] {task_command.py:426} INFO - Running <TaskInstance: peduli_pintar_elt_all_dags_v2.load_gbq scheduled__2024-06-25T00:00:00+00:00 [running]> on host 7ecff3f83b62
[2024-06-26T14:22:49.667+0000] {taskinstance.py:2648} INFO - Exporting env vars: AIRFLOW_CTX_DAG_OWNER='Kelompok 5 Capstone DE' AIRFLOW_CTX_DAG_ID='peduli_pintar_elt_all_dags_v2' AIRFLOW_CTX_TASK_ID='load_gbq' AIRFLOW_CTX_EXECUTION_DATE='2024-06-25T00:00:00+00:00' AIRFLOW_CTX_TRY_NUMBER='1' AIRFLOW_CTX_DAG_RUN_ID='scheduled__2024-06-25T00:00:00+00:00'
[2024-06-26T14:22:49.669+0000] {taskinstance.py:430} INFO - ::endgroup::
[2024-06-26T14:22:49.860+0000] {connection.py:274} WARNING - Connection schemes (type: google_cloud_platform) shall not contain '_' according to RFC3986.
[2024-06-26T14:22:49.863+0000] {base.py:84} INFO - Using connection ID 'gcp_conn_capstone_de' for task execution.
[2024-06-26T14:22:56.338+0000] {logging_mixin.py:188} INFO - Loaded 105 rows and 9 columns to ***_peduli_pintar_fact_all.fact_donation_transaction
[2024-06-26T14:23:00.247+0000] {connection.py:274} WARNING - Connection schemes (type: google_cloud_platform) shall not contain '_' according to RFC3986.
[2024-06-26T14:23:00.266+0000] {base.py:84} INFO - Using connection ID 'gcp_conn_capstone_de' for task execution.
[2024-06-26T14:23:06.764+0000] {logging_mixin.py:188} INFO - Loaded 133 rows and 6 columns to ***_peduli_pintar_fact_all.fact_volunteer_applications
[2024-06-26T14:23:06.775+0000] {connection.py:274} WARNING - Connection schemes (type: google_cloud_platform) shall not contain '_' according to RFC3986.
[2024-06-26T14:23:06.776+0000] {base.py:84} INFO - Using connection ID 'gcp_conn_capstone_de' for task execution.
[2024-06-26T14:23:13.958+0000] {logging_mixin.py:188} INFO - Loaded 31 rows and 6 columns to ***_peduli_pintar_fact_all.fact_volunteer_testimoni
[2024-06-26T14:23:13.965+0000] {connection.py:274} WARNING - Connection schemes (type: google_cloud_platform) shall not contain '_' according to RFC3986.
[2024-06-26T14:23:13.966+0000] {base.py:84} INFO - Using connection ID 'gcp_conn_capstone_de' for task execution.
[2024-06-26T14:23:19.920+0000] {logging_mixin.py:188} INFO - Loaded 60 rows and 7 columns to ***_peduli_pintar_fact_all.fact_article_popular
[2024-06-26T14:23:19.976+0000] {connection.py:274} WARNING - Connection schemes (type: google_cloud_platform) shall not contain '_' according to RFC3986.
[2024-06-26T14:23:19.997+0000] {base.py:84} INFO - Using connection ID 'gcp_conn_capstone_de' for task execution.
[2024-06-26T14:23:26.954+0000] {logging_mixin.py:188} INFO - Loaded 46 rows and 5 columns to ***_peduli_pintar_fact_all.fact_bookmark_fundraising
[2024-06-26T14:23:26.976+0000] {connection.py:274} WARNING - Connection schemes (type: google_cloud_platform) shall not contain '_' according to RFC3986.
[2024-06-26T14:23:26.979+0000] {base.py:84} INFO - Using connection ID 'gcp_conn_capstone_de' for task execution.
[2024-06-26T14:23:32.602+0000] {logging_mixin.py:188} INFO - Loaded 42 rows and 5 columns to ***_peduli_pintar_fact_all.fact_bookmark_volunteer_vacancies
[2024-06-26T14:23:32.615+0000] {connection.py:274} WARNING - Connection schemes (type: google_cloud_platform) shall not contain '_' according to RFC3986.
[2024-06-26T14:23:32.616+0000] {base.py:84} INFO - Using connection ID 'gcp_conn_capstone_de' for task execution.
[2024-06-26T14:23:40.830+0000] {logging_mixin.py:188} INFO - Loaded 35 rows and 11 columns to ***_peduli_pintar_dim_all.dim_fundraisings
[2024-06-26T14:23:40.841+0000] {connection.py:274} WARNING - Connection schemes (type: google_cloud_platform) shall not contain '_' according to RFC3986.
[2024-06-26T14:23:40.842+0000] {base.py:84} INFO - Using connection ID 'gcp_conn_capstone_de' for task execution.
[2024-06-26T14:23:48.016+0000] {logging_mixin.py:188} INFO - Loaded 4 rows and 3 columns to ***_peduli_pintar_dim_all.dim_fundraising_categories
[2024-06-26T14:23:48.031+0000] {connection.py:274} WARNING - Connection schemes (type: google_cloud_platform) shall not contain '_' according to RFC3986.
[2024-06-26T14:23:48.032+0000] {base.py:84} INFO - Using connection ID 'gcp_conn_capstone_de' for task execution.
[2024-06-26T14:23:54.332+0000] {logging_mixin.py:188} INFO - Loaded 196 rows and 6 columns to ***_peduli_pintar_dim_all.dim_donation_manual
[2024-06-26T14:23:54.351+0000] {connection.py:274} WARNING - Connection schemes (type: google_cloud_platform) shall not contain '_' according to RFC3986.
[2024-06-26T14:23:54.352+0000] {base.py:84} INFO - Using connection ID 'gcp_conn_capstone_de' for task execution.
[2024-06-26T14:24:00.556+0000] {logging_mixin.py:188} INFO - Loaded 15 rows and 11 columns to ***_peduli_pintar_dim_all.dim_organization
[2024-06-26T14:24:00.562+0000] {connection.py:274} WARNING - Connection schemes (type: google_cloud_platform) shall not contain '_' according to RFC3986.
[2024-06-26T14:24:00.564+0000] {base.py:84} INFO - Using connection ID 'gcp_conn_capstone_de' for task execution.
[2024-06-26T14:24:08.064+0000] {logging_mixin.py:188} INFO - Loaded 132 rows and 11 columns to ***_peduli_pintar_dim_all.dim_user
[2024-06-26T14:24:08.071+0000] {connection.py:274} WARNING - Connection schemes (type: google_cloud_platform) shall not contain '_' according to RFC3986.
[2024-06-26T14:24:08.072+0000] {base.py:84} INFO - Using connection ID 'gcp_conn_capstone_de' for task execution.
[2024-06-26T14:24:13.975+0000] {logging_mixin.py:188} INFO - Loaded 133 rows and 8 columns to ***_peduli_pintar_dim_all.dim_volunteer_applictaion
[2024-06-26T14:24:13.984+0000] {connection.py:274} WARNING - Connection schemes (type: google_cloud_platform) shall not contain '_' according to RFC3986.
[2024-06-26T14:24:13.984+0000] {base.py:84} INFO - Using connection ID 'gcp_conn_capstone_de' for task execution.
[2024-06-26T14:24:20.086+0000] {logging_mixin.py:188} INFO - Loaded 22 rows and 14 columns to ***_peduli_pintar_dim_all.dim_volunteer_vacancies
[2024-06-26T14:24:20.099+0000] {connection.py:274} WARNING - Connection schemes (type: google_cloud_platform) shall not contain '_' according to RFC3986.
[2024-06-26T14:24:20.112+0000] {base.py:84} INFO - Using connection ID 'gcp_conn_capstone_de' for task execution.
[2024-06-26T14:24:26.560+0000] {logging_mixin.py:188} INFO - Loaded 31 rows and 5 columns to ***_peduli_pintar_dim_all.dim_testimoni_volunteer
[2024-06-26T14:24:26.567+0000] {connection.py:274} WARNING - Connection schemes (type: google_cloud_platform) shall not contain '_' according to RFC3986.
[2024-06-26T14:24:26.568+0000] {base.py:84} INFO - Using connection ID 'gcp_conn_capstone_de' for task execution.
[2024-06-26T14:24:33.291+0000] {logging_mixin.py:188} INFO - Loaded 28 rows and 7 columns to ***_peduli_pintar_dim_all.dim_article
[2024-06-26T14:24:33.299+0000] {connection.py:274} WARNING - Connection schemes (type: google_cloud_platform) shall not contain '_' according to RFC3986.
[2024-06-26T14:24:33.300+0000] {base.py:84} INFO - Using connection ID 'gcp_conn_capstone_de' for task execution.
[2024-06-26T14:24:40.048+0000] {logging_mixin.py:188} INFO - Loaded 46 rows and 3 columns to ***_peduli_pintar_dim_all.dim_bookmark_fundraising
[2024-06-26T14:24:40.056+0000] {connection.py:274} WARNING - Connection schemes (type: google_cloud_platform) shall not contain '_' according to RFC3986.
[2024-06-26T14:24:40.057+0000] {base.py:84} INFO - Using connection ID 'gcp_conn_capstone_de' for task execution.
[2024-06-26T14:24:49.390+0000] {logging_mixin.py:188} INFO - Loaded 42 rows and 3 columns to ***_peduli_pintar_dim_all.dim_bookmark_volunter_vacancies
[2024-06-26T14:24:49.398+0000] {connection.py:274} WARNING - Connection schemes (type: google_cloud_platform) shall not contain '_' according to RFC3986.
[2024-06-26T14:24:49.399+0000] {base.py:84} INFO - Using connection ID 'gcp_conn_capstone_de' for task execution.
[2024-06-26T14:24:56.114+0000] {logging_mixin.py:188} INFO - Loaded 60 rows and 3 columns to ***_peduli_pintar_dim_all.dim_bookmark_article
[2024-06-26T14:24:56.123+0000] {connection.py:274} WARNING - Connection schemes (type: google_cloud_platform) shall not contain '_' according to RFC3986.
[2024-06-26T14:24:56.124+0000] {base.py:84} INFO - Using connection ID 'gcp_conn_capstone_de' for task execution.
[2024-06-26T14:25:02.108+0000] {logging_mixin.py:188} INFO - Loaded 55 rows and 5 columns to ***_peduli_pintar_dim_all.dim_comments
[2024-06-26T14:25:02.134+0000] {connection.py:274} WARNING - Connection schemes (type: google_cloud_platform) shall not contain '_' according to RFC3986.
[2024-06-26T14:25:02.139+0000] {base.py:84} INFO - Using connection ID 'gcp_conn_capstone_de' for task execution.
[2024-06-26T14:25:13.693+0000] {logging_mixin.py:188} INFO - Loaded 107 rows and 3 columns to ***_peduli_pintar_dim_all.dim_like_comments
[2024-06-26T14:25:13.716+0000] {taskinstance.py:441} INFO - ::group::Post task execution logs
[2024-06-26T14:25:14.221+0000] {taskinstance.py:1206} INFO - Marking task as SUCCESS. dag_id=peduli_pintar_elt_all_dags_v2, task_id=load_gbq, run_id=scheduled__2024-06-25T00:00:00+00:00, execution_date=20240625T000000, start_date=20240626T142249, end_date=20240626T142514
[2024-06-26T14:25:14.411+0000] {local_task_job_runner.py:240} INFO - Task exited with return code 0
[2024-06-26T14:25:14.957+0000] {taskinstance.py:3503} INFO - 0 downstream tasks scheduled from follow-on schedule check
[2024-06-26T14:25:14.961+0000] {local_task_job_runner.py:222} INFO - ::endgroup::
