[2024-06-27T09:02:01.550+0000] {local_task_job_runner.py:120} INFO - ::group::Pre task execution logs
[2024-06-27T09:02:01.774+0000] {taskinstance.py:2076} INFO - Dependencies all met for dep_context=non-requeueable deps ti=<TaskInstance: peduli_pintar_etl_dags_v3.load_firebase scheduled__2024-06-24T00:00:00+00:00 [queued]>
[2024-06-27T09:02:01.798+0000] {taskinstance.py:2076} INFO - Dependencies all met for dep_context=requeueable deps ti=<TaskInstance: peduli_pintar_etl_dags_v3.load_firebase scheduled__2024-06-24T00:00:00+00:00 [queued]>
[2024-06-27T09:02:01.800+0000] {taskinstance.py:2306} INFO - Starting attempt 1 of 5
[2024-06-27T09:02:01.857+0000] {taskinstance.py:2330} INFO - Executing <Task(LoadFirebase): load_firebase> on 2024-06-24 00:00:00+00:00
[2024-06-27T09:02:01.895+0000] {standard_task_runner.py:90} INFO - Running: ['***', 'tasks', 'run', 'peduli_pintar_etl_dags_v3', 'load_firebase', 'scheduled__2024-06-24T00:00:00+00:00', '--job-id', '45', '--raw', '--subdir', 'DAGS_FOLDER/etl_dags.py', '--cfg-path', '/tmp/tmp1vp5cy9k']
[2024-06-27T09:02:01.953+0000] {standard_task_runner.py:91} INFO - Job 45: Subtask load_firebase
[2024-06-27T09:02:01.892+0000] {warnings.py:112} WARNING - /home/***/.local/lib/python3.12/site-packages/***/task/task_runner/standard_task_runner.py:61: DeprecationWarning: This process (pid=241) is multi-threaded, use of fork() may lead to deadlocks in the child.
  pid = os.fork()

[2024-06-27T09:02:01.968+0000] {standard_task_runner.py:63} INFO - Started process 248 to run task
[2024-06-27T09:02:02.633+0000] {task_command.py:426} INFO - Running <TaskInstance: peduli_pintar_etl_dags_v3.load_firebase scheduled__2024-06-24T00:00:00+00:00 [running]> on host 3dad981482d5
[2024-06-27T09:02:03.266+0000] {taskinstance.py:2648} INFO - Exporting env vars: AIRFLOW_CTX_DAG_OWNER='Kelompok 5 Capstone DE' AIRFLOW_CTX_DAG_ID='peduli_pintar_etl_dags_v3' AIRFLOW_CTX_TASK_ID='load_firebase' AIRFLOW_CTX_EXECUTION_DATE='2024-06-24T00:00:00+00:00' AIRFLOW_CTX_TRY_NUMBER='1' AIRFLOW_CTX_DAG_RUN_ID='scheduled__2024-06-24T00:00:00+00:00'
[2024-06-27T09:02:03.270+0000] {taskinstance.py:430} INFO - ::endgroup::
[2024-06-27T09:02:05.491+0000] {logging_mixin.py:188} INFO - Folder '20240624' created successfully.
[2024-06-27T09:02:06.033+0000] {logging_mixin.py:188} INFO - Dataframe admin_notifications uploaded successfully as 20240624_admin_notifications.csv!
[2024-06-27T09:02:06.034+0000] {logging_mixin.py:188} INFO - Dataframe admins is empty or None. Skipping upload.
[2024-06-27T09:02:06.525+0000] {logging_mixin.py:188} INFO - Dataframe applications uploaded successfully as 20240624_applications.csv!
[2024-06-27T09:02:07.008+0000] {logging_mixin.py:188} INFO - Dataframe articles uploaded successfully as 20240624_articles.csv!
[2024-06-27T09:02:07.010+0000] {logging_mixin.py:188} INFO - Dataframe chatbots is empty or None. Skipping upload.
[2024-06-27T09:02:07.010+0000] {logging_mixin.py:188} INFO - Dataframe comments is empty or None. Skipping upload.
[2024-06-27T09:02:07.011+0000] {logging_mixin.py:188} INFO - Dataframe donation_comments is empty or None. Skipping upload.
[2024-06-27T09:02:07.542+0000] {logging_mixin.py:188} INFO - Dataframe donation_manual_comments uploaded successfully as 20240624_donation_manual_comments.csv!
[2024-06-27T09:02:08.133+0000] {logging_mixin.py:188} INFO - Dataframe donation_manuals uploaded successfully as 20240624_donation_manuals.csv!
[2024-06-27T09:02:08.135+0000] {logging_mixin.py:188} INFO - Dataframe donations is empty or None. Skipping upload.
[2024-06-27T09:02:08.136+0000] {logging_mixin.py:188} INFO - Dataframe fundraising_categories is empty or None. Skipping upload.
[2024-06-27T09:02:08.723+0000] {logging_mixin.py:188} INFO - Dataframe fundraisings uploaded successfully as 20240624_fundraisings.csv!
[2024-06-27T09:02:08.734+0000] {logging_mixin.py:188} INFO - Dataframe like_donation_comments is empty or None. Skipping upload.
[2024-06-27T09:02:08.736+0000] {logging_mixin.py:188} INFO - Dataframe like_donation_manual_comments is empty or None. Skipping upload.
[2024-06-27T09:02:08.737+0000] {logging_mixin.py:188} INFO - Dataframe likes_comments is empty or None. Skipping upload.
[2024-06-27T09:02:09.237+0000] {logging_mixin.py:188} INFO - Dataframe organizations uploaded successfully as 20240624_organizations.csv!
[2024-06-27T09:02:09.715+0000] {logging_mixin.py:188} INFO - Dataframe testimoni_volunteers uploaded successfully as 20240624_testimoni_volunteers.csv!
[2024-06-27T09:02:10.229+0000] {logging_mixin.py:188} INFO - Dataframe transactions uploaded successfully as 20240624_transactions.csv!
[2024-06-27T09:02:10.767+0000] {logging_mixin.py:188} INFO - Dataframe user_bookmark_articles uploaded successfully as 20240624_user_bookmark_articles.csv!
[2024-06-27T09:02:11.298+0000] {logging_mixin.py:188} INFO - Dataframe user_bookmark_fundraisings uploaded successfully as 20240624_user_bookmark_fundraisings.csv!
[2024-06-27T09:02:11.809+0000] {logging_mixin.py:188} INFO - Dataframe user_bookmark_volunteer_vacancies uploaded successfully as 20240624_user_bookmark_volunteer_vacancies.csv!
[2024-06-27T09:02:12.340+0000] {logging_mixin.py:188} INFO - Dataframe users uploaded successfully as 20240624_users.csv!
[2024-06-27T09:02:12.884+0000] {logging_mixin.py:188} INFO - Dataframe volunteers uploaded successfully as 20240624_volunteers.csv!
[2024-06-27T09:02:12.887+0000] {taskinstance.py:441} INFO - ::group::Post task execution logs
[2024-06-27T09:02:12.960+0000] {taskinstance.py:1206} INFO - Marking task as SUCCESS. dag_id=peduli_pintar_etl_dags_v3, task_id=load_firebase, run_id=scheduled__2024-06-24T00:00:00+00:00, execution_date=20240624T000000, start_date=20240627T090201, end_date=20240627T090212
[2024-06-27T09:02:13.027+0000] {local_task_job_runner.py:240} INFO - Task exited with return code 0
[2024-06-27T09:02:13.070+0000] {taskinstance.py:3503} INFO - 0 downstream tasks scheduled from follow-on schedule check
[2024-06-27T09:02:13.073+0000] {local_task_job_runner.py:222} INFO - ::endgroup::
