[2024-06-26T22:40:40.622+0000] {local_task_job_runner.py:120} INFO - ::group::Pre task execution logs
[2024-06-26T22:40:40.656+0000] {taskinstance.py:2076} INFO - Dependencies all met for dep_context=non-requeueable deps ti=<TaskInstance: coba_ds_v7.extract_data scheduled__2024-06-23T00:00:00+00:00 [queued]>
[2024-06-26T22:40:40.668+0000] {taskinstance.py:2076} INFO - Dependencies all met for dep_context=requeueable deps ti=<TaskInstance: coba_ds_v7.extract_data scheduled__2024-06-23T00:00:00+00:00 [queued]>
[2024-06-26T22:40:40.669+0000] {taskinstance.py:2306} INFO - Starting attempt 2 of 4
[2024-06-26T22:40:40.689+0000] {taskinstance.py:2330} INFO - Executing <Task(ExtractData): extract_data> on 2024-06-23 00:00:00+00:00
[2024-06-26T22:40:40.703+0000] {warnings.py:112} WARNING - /home/***/.local/lib/python3.12/site-packages/***/task/task_runner/standard_task_runner.py:61: DeprecationWarning: This process (pid=1188) is multi-threaded, use of fork() may lead to deadlocks in the child.
  pid = os.fork()

[2024-06-26T22:40:40.705+0000] {standard_task_runner.py:63} INFO - Started process 1193 to run task
[2024-06-26T22:40:40.705+0000] {standard_task_runner.py:90} INFO - Running: ['***', 'tasks', 'run', 'coba_ds_v7', 'extract_data', 'scheduled__2024-06-23T00:00:00+00:00', '--job-id', '91', '--raw', '--subdir', 'DAGS_FOLDER/etl_dags.py', '--cfg-path', '/tmp/tmpildkf9ta']
[2024-06-26T22:40:40.709+0000] {standard_task_runner.py:91} INFO - Job 91: Subtask extract_data
[2024-06-26T22:40:40.773+0000] {task_command.py:426} INFO - Running <TaskInstance: coba_ds_v7.extract_data scheduled__2024-06-23T00:00:00+00:00 [running]> on host 7ecff3f83b62
[2024-06-26T22:40:40.933+0000] {taskinstance.py:2648} INFO - Exporting env vars: AIRFLOW_CTX_DAG_OWNER='Kelompok 5 Capstone DE' AIRFLOW_CTX_DAG_ID='coba_ds_v7' AIRFLOW_CTX_TASK_ID='extract_data' AIRFLOW_CTX_EXECUTION_DATE='2024-06-23T00:00:00+00:00' AIRFLOW_CTX_TRY_NUMBER='2' AIRFLOW_CTX_DAG_RUN_ID='scheduled__2024-06-23T00:00:00+00:00'
[2024-06-26T22:40:40.936+0000] {taskinstance.py:430} INFO - ::endgroup::
[2024-06-26T22:40:40.982+0000] {base.py:84} INFO - Using connection ID 'EXTERNAL_DB_CONN_CAPSTONE_DE' for task execution.
[2024-06-26T22:40:41.147+0000] {sql.py:487} INFO - Running statement: SHOW TABLES, parameters: None
[2024-06-26T22:40:41.180+0000] {sql.py:496} INFO - Rows affected: 23
[2024-06-26T22:40:41.221+0000] {base.py:84} INFO - Using connection ID 'EXTERNAL_DB_CONN_CAPSTONE_DE' for task execution.
[2024-06-26T22:40:41.365+0000] {sql.py:487} INFO - Running statement: SHOW COLUMNS FROM admin_notifications, parameters: None
[2024-06-26T22:40:41.395+0000] {sql.py:496} INFO - Rows affected: 8
[2024-06-26T22:40:41.431+0000] {base.py:84} INFO - Using connection ID 'EXTERNAL_DB_CONN_CAPSTONE_DE' for task execution.
[2024-06-26T22:40:41.591+0000] {sql.py:487} INFO - Running statement: 
            SELECT *
            FROM admin_notifications
            WHERE DATE(created_at) = '2024-06-23'
            OR DATE(updated_at) = '2024-06-23'
        , parameters: None
[2024-06-26T22:40:41.624+0000] {sql.py:496} INFO - Rows affected: 14
[2024-06-26T22:40:41.802+0000] {base.py:84} INFO - Using connection ID 'EXTERNAL_DB_CONN_CAPSTONE_DE' for task execution.
[2024-06-26T22:40:41.948+0000] {sql.py:487} INFO - Running statement: SHOW COLUMNS FROM admins, parameters: None
[2024-06-26T22:40:41.978+0000] {sql.py:496} INFO - Rows affected: 8
[2024-06-26T22:40:42.018+0000] {base.py:84} INFO - Using connection ID 'EXTERNAL_DB_CONN_CAPSTONE_DE' for task execution.
[2024-06-26T22:40:42.208+0000] {sql.py:487} INFO - Running statement: 
            SELECT *
            FROM admins
            WHERE DATE(created_at) = '2024-06-23'
            OR DATE(updated_at) = '2024-06-23'
        , parameters: None
[2024-06-26T22:40:42.238+0000] {sql.py:496} INFO - Rows affected: 0
[2024-06-26T22:40:42.348+0000] {base.py:84} INFO - Using connection ID 'EXTERNAL_DB_CONN_CAPSTONE_DE' for task execution.
[2024-06-26T22:40:42.497+0000] {sql.py:487} INFO - Running statement: SHOW COLUMNS FROM applications, parameters: None
[2024-06-26T22:40:42.528+0000] {sql.py:496} INFO - Rows affected: 11
[2024-06-26T22:40:42.565+0000] {base.py:84} INFO - Using connection ID 'EXTERNAL_DB_CONN_CAPSTONE_DE' for task execution.
[2024-06-26T22:40:42.714+0000] {sql.py:487} INFO - Running statement: 
            SELECT *
            FROM applications
            WHERE DATE(created_at) = '2024-06-23'
            OR DATE(updated_at) = '2024-06-23'
        , parameters: None
[2024-06-26T22:40:42.745+0000] {sql.py:496} INFO - Rows affected: 7
[2024-06-26T22:40:42.784+0000] {base.py:84} INFO - Using connection ID 'EXTERNAL_DB_CONN_CAPSTONE_DE' for task execution.
[2024-06-26T22:40:42.929+0000] {sql.py:487} INFO - Running statement: SHOW COLUMNS FROM articles, parameters: None
[2024-06-26T22:40:42.959+0000] {sql.py:496} INFO - Rows affected: 8
[2024-06-26T22:40:42.996+0000] {base.py:84} INFO - Using connection ID 'EXTERNAL_DB_CONN_CAPSTONE_DE' for task execution.
[2024-06-26T22:40:43.146+0000] {sql.py:487} INFO - Running statement: 
            SELECT *
            FROM articles
            WHERE DATE(created_at) = '2024-06-23'
            OR DATE(updated_at) = '2024-06-23'
        , parameters: None
[2024-06-26T22:40:43.177+0000] {sql.py:496} INFO - Rows affected: 3
[2024-06-26T22:40:43.217+0000] {base.py:84} INFO - Using connection ID 'EXTERNAL_DB_CONN_CAPSTONE_DE' for task execution.
[2024-06-26T22:40:43.365+0000] {sql.py:487} INFO - Running statement: SHOW COLUMNS FROM chatbots, parameters: None
[2024-06-26T22:40:43.397+0000] {sql.py:496} INFO - Rows affected: 7
[2024-06-26T22:40:43.437+0000] {base.py:84} INFO - Using connection ID 'EXTERNAL_DB_CONN_CAPSTONE_DE' for task execution.
[2024-06-26T22:40:43.589+0000] {sql.py:487} INFO - Running statement: 
            SELECT *
            FROM chatbots
            WHERE DATE(created_at) = '2024-06-23'
            OR DATE(updated_at) = '2024-06-23'
        , parameters: None
[2024-06-26T22:40:43.619+0000] {sql.py:496} INFO - Rows affected: 0
[2024-06-26T22:40:43.660+0000] {base.py:84} INFO - Using connection ID 'EXTERNAL_DB_CONN_CAPSTONE_DE' for task execution.
[2024-06-26T22:40:43.803+0000] {sql.py:487} INFO - Running statement: SHOW COLUMNS FROM comments, parameters: None
[2024-06-26T22:40:43.833+0000] {sql.py:496} INFO - Rows affected: 8
[2024-06-26T22:40:43.883+0000] {base.py:84} INFO - Using connection ID 'EXTERNAL_DB_CONN_CAPSTONE_DE' for task execution.
[2024-06-26T22:40:44.024+0000] {sql.py:487} INFO - Running statement: 
            SELECT *
            FROM comments
            WHERE DATE(created_at) = '2024-06-23'
            OR DATE(updated_at) = '2024-06-23'
        , parameters: None
[2024-06-26T22:40:44.053+0000] {sql.py:496} INFO - Rows affected: 31
[2024-06-26T22:40:44.089+0000] {base.py:84} INFO - Using connection ID 'EXTERNAL_DB_CONN_CAPSTONE_DE' for task execution.
[2024-06-26T22:40:44.233+0000] {sql.py:487} INFO - Running statement: SHOW COLUMNS FROM donation_comments, parameters: None
[2024-06-26T22:40:44.264+0000] {sql.py:496} INFO - Rows affected: 7
[2024-06-26T22:40:44.318+0000] {base.py:84} INFO - Using connection ID 'EXTERNAL_DB_CONN_CAPSTONE_DE' for task execution.
[2024-06-26T22:40:44.470+0000] {sql.py:487} INFO - Running statement: 
            SELECT *
            FROM donation_comments
            WHERE DATE(created_at) = '2024-06-23'
            OR DATE(updated_at) = '2024-06-23'
        , parameters: None
[2024-06-26T22:40:44.501+0000] {sql.py:496} INFO - Rows affected: 0
[2024-06-26T22:40:44.543+0000] {base.py:84} INFO - Using connection ID 'EXTERNAL_DB_CONN_CAPSTONE_DE' for task execution.
[2024-06-26T22:40:44.687+0000] {sql.py:487} INFO - Running statement: SHOW COLUMNS FROM donation_manual_comments, parameters: None
[2024-06-26T22:40:44.718+0000] {sql.py:496} INFO - Rows affected: 7
[2024-06-26T22:40:44.762+0000] {base.py:84} INFO - Using connection ID 'EXTERNAL_DB_CONN_CAPSTONE_DE' for task execution.
[2024-06-26T22:40:44.903+0000] {sql.py:487} INFO - Running statement: 
            SELECT *
            FROM donation_manual_comments
            WHERE DATE(created_at) = '2024-06-23'
            OR DATE(updated_at) = '2024-06-23'
        , parameters: None
[2024-06-26T22:40:44.933+0000] {sql.py:496} INFO - Rows affected: 5
[2024-06-26T22:40:44.989+0000] {base.py:84} INFO - Using connection ID 'EXTERNAL_DB_CONN_CAPSTONE_DE' for task execution.
[2024-06-26T22:40:45.139+0000] {sql.py:487} INFO - Running statement: SHOW COLUMNS FROM donation_manuals, parameters: None
[2024-06-26T22:40:45.170+0000] {sql.py:496} INFO - Rows affected: 9
[2024-06-26T22:40:45.208+0000] {base.py:84} INFO - Using connection ID 'EXTERNAL_DB_CONN_CAPSTONE_DE' for task execution.
[2024-06-26T22:40:45.348+0000] {sql.py:487} INFO - Running statement: 
            SELECT *
            FROM donation_manuals
            WHERE DATE(created_at) = '2024-06-23'
            OR DATE(updated_at) = '2024-06-23'
        , parameters: None
[2024-06-26T22:40:45.378+0000] {sql.py:496} INFO - Rows affected: 15
[2024-06-26T22:40:45.433+0000] {base.py:84} INFO - Using connection ID 'EXTERNAL_DB_CONN_CAPSTONE_DE' for task execution.
[2024-06-26T22:40:45.581+0000] {sql.py:487} INFO - Running statement: SHOW COLUMNS FROM donations, parameters: None
[2024-06-26T22:40:45.613+0000] {sql.py:496} INFO - Rows affected: 11
[2024-06-26T22:40:45.666+0000] {base.py:84} INFO - Using connection ID 'EXTERNAL_DB_CONN_CAPSTONE_DE' for task execution.
[2024-06-26T22:40:45.829+0000] {sql.py:487} INFO - Running statement: 
            SELECT *
            FROM donations
            WHERE DATE(created_at) = '2024-06-23'
            OR DATE(updated_at) = '2024-06-23'
        , parameters: None
[2024-06-26T22:40:45.863+0000] {sql.py:496} INFO - Rows affected: 0
[2024-06-26T22:40:45.929+0000] {base.py:84} INFO - Using connection ID 'EXTERNAL_DB_CONN_CAPSTONE_DE' for task execution.
[2024-06-26T22:40:46.078+0000] {sql.py:487} INFO - Running statement: SHOW COLUMNS FROM fundraising_categories, parameters: None
[2024-06-26T22:40:46.111+0000] {sql.py:496} INFO - Rows affected: 5
[2024-06-26T22:40:46.156+0000] {base.py:84} INFO - Using connection ID 'EXTERNAL_DB_CONN_CAPSTONE_DE' for task execution.
[2024-06-26T22:40:46.377+0000] {sql.py:487} INFO - Running statement: 
            SELECT *
            FROM fundraising_categories
            WHERE DATE(created_at) = '2024-06-23'
            OR DATE(updated_at) = '2024-06-23'
        , parameters: None
[2024-06-26T22:40:46.427+0000] {sql.py:496} INFO - Rows affected: 0
[2024-06-26T22:40:46.502+0000] {base.py:84} INFO - Using connection ID 'EXTERNAL_DB_CONN_CAPSTONE_DE' for task execution.
[2024-06-26T22:40:46.711+0000] {sql.py:487} INFO - Running statement: SHOW COLUMNS FROM fundraisings, parameters: None
[2024-06-26T22:40:46.744+0000] {sql.py:496} INFO - Rows affected: 14
[2024-06-26T22:40:46.817+0000] {base.py:84} INFO - Using connection ID 'EXTERNAL_DB_CONN_CAPSTONE_DE' for task execution.
[2024-06-26T22:40:46.972+0000] {sql.py:487} INFO - Running statement: 
            SELECT *
            FROM fundraisings
            WHERE DATE(created_at) = '2024-06-23'
            OR DATE(updated_at) = '2024-06-23'
        , parameters: None
[2024-06-26T22:40:47.006+0000] {sql.py:496} INFO - Rows affected: 2
[2024-06-26T22:40:47.055+0000] {base.py:84} INFO - Using connection ID 'EXTERNAL_DB_CONN_CAPSTONE_DE' for task execution.
[2024-06-26T22:40:47.203+0000] {sql.py:487} INFO - Running statement: SHOW COLUMNS FROM like_donation_comments, parameters: None
[2024-06-26T22:40:47.233+0000] {sql.py:496} INFO - Rows affected: 6
[2024-06-26T22:40:47.282+0000] {base.py:84} INFO - Using connection ID 'EXTERNAL_DB_CONN_CAPSTONE_DE' for task execution.
[2024-06-26T22:40:47.429+0000] {sql.py:487} INFO - Running statement: 
            SELECT *
            FROM like_donation_comments
            WHERE DATE(created_at) = '2024-06-23'
            OR DATE(updated_at) = '2024-06-23'
        , parameters: None
[2024-06-26T22:40:47.463+0000] {sql.py:496} INFO - Rows affected: 0
[2024-06-26T22:40:47.518+0000] {base.py:84} INFO - Using connection ID 'EXTERNAL_DB_CONN_CAPSTONE_DE' for task execution.
[2024-06-26T22:40:47.670+0000] {sql.py:487} INFO - Running statement: SHOW COLUMNS FROM like_donation_manual_comments, parameters: None
[2024-06-26T22:40:47.702+0000] {sql.py:496} INFO - Rows affected: 6
[2024-06-26T22:40:47.762+0000] {base.py:84} INFO - Using connection ID 'EXTERNAL_DB_CONN_CAPSTONE_DE' for task execution.
[2024-06-26T22:40:47.947+0000] {sql.py:487} INFO - Running statement: 
            SELECT *
            FROM like_donation_manual_comments
            WHERE DATE(created_at) = '2024-06-23'
            OR DATE(updated_at) = '2024-06-23'
        , parameters: None
[2024-06-26T22:40:47.979+0000] {sql.py:496} INFO - Rows affected: 1
[2024-06-26T22:40:48.034+0000] {base.py:84} INFO - Using connection ID 'EXTERNAL_DB_CONN_CAPSTONE_DE' for task execution.
[2024-06-26T22:40:48.189+0000] {sql.py:487} INFO - Running statement: SHOW COLUMNS FROM likes_comments, parameters: None
[2024-06-26T22:40:48.220+0000] {sql.py:496} INFO - Rows affected: 6
[2024-06-26T22:40:48.260+0000] {base.py:84} INFO - Using connection ID 'EXTERNAL_DB_CONN_CAPSTONE_DE' for task execution.
[2024-06-26T22:40:48.403+0000] {sql.py:487} INFO - Running statement: 
            SELECT *
            FROM likes_comments
            WHERE DATE(created_at) = '2024-06-23'
            OR DATE(updated_at) = '2024-06-23'
        , parameters: None
[2024-06-26T22:40:48.433+0000] {sql.py:496} INFO - Rows affected: 20
[2024-06-26T22:40:48.473+0000] {base.py:84} INFO - Using connection ID 'EXTERNAL_DB_CONN_CAPSTONE_DE' for task execution.
[2024-06-26T22:40:48.614+0000] {sql.py:487} INFO - Running statement: SHOW COLUMNS FROM organizations, parameters: None
[2024-06-26T22:40:48.643+0000] {sql.py:496} INFO - Rows affected: 13
[2024-06-26T22:40:48.679+0000] {base.py:84} INFO - Using connection ID 'EXTERNAL_DB_CONN_CAPSTONE_DE' for task execution.
[2024-06-26T22:40:48.827+0000] {sql.py:487} INFO - Running statement: 
            SELECT *
            FROM organizations
            WHERE DATE(created_at) = '2024-06-23'
            OR DATE(updated_at) = '2024-06-23'
        , parameters: None
[2024-06-26T22:40:48.858+0000] {sql.py:496} INFO - Rows affected: 1
[2024-06-26T22:40:48.909+0000] {base.py:84} INFO - Using connection ID 'EXTERNAL_DB_CONN_CAPSTONE_DE' for task execution.
[2024-06-26T22:40:49.098+0000] {sql.py:487} INFO - Running statement: SHOW COLUMNS FROM testimoni_volunteers, parameters: None
[2024-06-26T22:40:49.131+0000] {sql.py:496} INFO - Rows affected: 8
[2024-06-26T22:40:49.172+0000] {base.py:84} INFO - Using connection ID 'EXTERNAL_DB_CONN_CAPSTONE_DE' for task execution.
[2024-06-26T22:40:49.325+0000] {sql.py:487} INFO - Running statement: 
            SELECT *
            FROM testimoni_volunteers
            WHERE DATE(created_at) = '2024-06-23'
            OR DATE(updated_at) = '2024-06-23'
        , parameters: None
[2024-06-26T22:40:49.353+0000] {sql.py:496} INFO - Rows affected: 5
[2024-06-26T22:40:49.394+0000] {base.py:84} INFO - Using connection ID 'EXTERNAL_DB_CONN_CAPSTONE_DE' for task execution.
[2024-06-26T22:40:49.544+0000] {sql.py:487} INFO - Running statement: SHOW COLUMNS FROM transactions, parameters: None
[2024-06-26T22:40:49.577+0000] {sql.py:496} INFO - Rows affected: 10
[2024-06-26T22:40:49.617+0000] {base.py:84} INFO - Using connection ID 'EXTERNAL_DB_CONN_CAPSTONE_DE' for task execution.
[2024-06-26T22:40:49.758+0000] {sql.py:487} INFO - Running statement: 
            SELECT *
            FROM transactions
            WHERE DATE(created_at) = '2024-06-23'
            OR DATE(updated_at) = '2024-06-23'
        , parameters: None
[2024-06-26T22:40:49.788+0000] {sql.py:496} INFO - Rows affected: 1
[2024-06-26T22:40:49.833+0000] {base.py:84} INFO - Using connection ID 'EXTERNAL_DB_CONN_CAPSTONE_DE' for task execution.
[2024-06-26T22:40:49.984+0000] {sql.py:487} INFO - Running statement: SHOW COLUMNS FROM user_bookmark_articles, parameters: None
[2024-06-26T22:40:50.020+0000] {sql.py:496} INFO - Rows affected: 6
[2024-06-26T22:40:50.084+0000] {base.py:84} INFO - Using connection ID 'EXTERNAL_DB_CONN_CAPSTONE_DE' for task execution.
[2024-06-26T22:40:50.281+0000] {sql.py:487} INFO - Running statement: 
            SELECT *
            FROM user_bookmark_articles
            WHERE DATE(created_at) = '2024-06-23'
            OR DATE(updated_at) = '2024-06-23'
        , parameters: None
[2024-06-26T22:40:50.313+0000] {sql.py:496} INFO - Rows affected: 3
[2024-06-26T22:40:50.387+0000] {base.py:84} INFO - Using connection ID 'EXTERNAL_DB_CONN_CAPSTONE_DE' for task execution.
[2024-06-26T22:40:50.533+0000] {sql.py:487} INFO - Running statement: SHOW COLUMNS FROM user_bookmark_fundraisings, parameters: None
[2024-06-26T22:40:50.572+0000] {sql.py:496} INFO - Rows affected: 6
[2024-06-26T22:40:50.623+0000] {base.py:84} INFO - Using connection ID 'EXTERNAL_DB_CONN_CAPSTONE_DE' for task execution.
[2024-06-26T22:40:50.796+0000] {sql.py:487} INFO - Running statement: 
            SELECT *
            FROM user_bookmark_fundraisings
            WHERE DATE(created_at) = '2024-06-23'
            OR DATE(updated_at) = '2024-06-23'
        , parameters: None
[2024-06-26T22:40:50.832+0000] {sql.py:496} INFO - Rows affected: 5
[2024-06-26T22:40:50.880+0000] {base.py:84} INFO - Using connection ID 'EXTERNAL_DB_CONN_CAPSTONE_DE' for task execution.
[2024-06-26T22:40:51.057+0000] {sql.py:487} INFO - Running statement: SHOW COLUMNS FROM user_bookmark_volunteer_vacancies, parameters: None
[2024-06-26T22:40:51.100+0000] {sql.py:496} INFO - Rows affected: 7
[2024-06-26T22:40:51.271+0000] {base.py:84} INFO - Using connection ID 'EXTERNAL_DB_CONN_CAPSTONE_DE' for task execution.
[2024-06-26T22:40:51.535+0000] {sql.py:487} INFO - Running statement: 
            SELECT *
            FROM user_bookmark_volunteer_vacancies
            WHERE DATE(created_at) = '2024-06-23'
            OR DATE(updated_at) = '2024-06-23'
        , parameters: None
[2024-06-26T22:40:51.581+0000] {sql.py:496} INFO - Rows affected: 4
[2024-06-26T22:40:51.727+0000] {base.py:84} INFO - Using connection ID 'EXTERNAL_DB_CONN_CAPSTONE_DE' for task execution.
[2024-06-26T22:40:51.909+0000] {sql.py:487} INFO - Running statement: SHOW COLUMNS FROM users, parameters: None
[2024-06-26T22:40:51.949+0000] {sql.py:496} INFO - Rows affected: 12
[2024-06-26T22:40:52.025+0000] {base.py:84} INFO - Using connection ID 'EXTERNAL_DB_CONN_CAPSTONE_DE' for task execution.
[2024-06-26T22:40:52.204+0000] {sql.py:487} INFO - Running statement: 
            SELECT *
            FROM users
            WHERE DATE(created_at) = '2024-06-23'
            OR DATE(updated_at) = '2024-06-23'
        , parameters: None
[2024-06-26T22:40:52.240+0000] {sql.py:496} INFO - Rows affected: 2
[2024-06-26T22:40:52.293+0000] {base.py:84} INFO - Using connection ID 'EXTERNAL_DB_CONN_CAPSTONE_DE' for task execution.
[2024-06-26T22:40:52.457+0000] {sql.py:487} INFO - Running statement: SHOW COLUMNS FROM volunteers, parameters: None
[2024-06-26T22:40:52.494+0000] {sql.py:496} INFO - Rows affected: 16
[2024-06-26T22:40:52.547+0000] {base.py:84} INFO - Using connection ID 'EXTERNAL_DB_CONN_CAPSTONE_DE' for task execution.
[2024-06-26T22:40:52.740+0000] {sql.py:487} INFO - Running statement: 
            SELECT *
            FROM volunteers
            WHERE DATE(created_at) = '2024-06-23'
            OR DATE(updated_at) = '2024-06-23'
        , parameters: None
[2024-06-26T22:40:52.779+0000] {sql.py:496} INFO - Rows affected: 4
[2024-06-26T22:40:53.335+0000] {logging_mixin.py:188} INFO - [    id  ...                            message
0   41  ...  " melakukan donasi sebesar Rp. 0"
1   42  ...  " melakukan donasi sebesar Rp. 0"
2   43  ...  " melakukan donasi sebesar Rp. 0"
3   44  ...  " melakukan donasi sebesar Rp. 0"
4   45  ...  " melakukan donasi sebesar Rp. 0"
5   46  ...  " melakukan donasi sebesar Rp. 0"
6   47  ...  " melakukan donasi sebesar Rp. 0"
7   48  ...  " melakukan donasi sebesar Rp. 0"
8   49  ...  " melakukan donasi sebesar Rp. 0"
9   50  ...  " melakukan donasi sebesar Rp. 0"
10  51  ...  " melakukan donasi sebesar Rp. 0"
11  52  ...  " melakukan donasi sebesar Rp. 0"
12  53  ...  " melakukan donasi sebesar Rp. 0"
13  54  ...  " melakukan donasi sebesar Rp. 0"

[14 rows x 8 columns], Empty DataFrame
Columns: [id, created_at, updated_at, deleted_at, username, email, password, avatar]
Index: [],     id  ...            age
0  222  ...  21 - 25 tahun
1  224  ...  21 - 25 Tahun
2  225  ...  26 - 30 Tahun
3  226  ...  18 - 20 Tahun
4  227  ...     > 40 Tahun
5  228  ...  21 - 25 Tahun
6  229  ...  18 - 20 Tahun

[7 rows x 11 columns],    id  ...                                          image_url
0  52  ...  https://res.cloudinary.com/dvrhf8d9t/image/upl...
1  53  ...  https://res.cloudinary.com/dvrhf8d9t/image/upl...
2  54  ...  https://res.cloudinary.com/dvrhf8d9t/image/upl...

[3 rows x 8 columns], Empty DataFrame
Columns: [id, created_at, updated_at, deleted_at, chat_id, role, message]
Index: [],     id  ... total_likes
0   25  ...           0
1   26  ...           1
2   27  ...           0
3   28  ...           0
4   29  ...           0
5   30  ...           0
6   31  ...           0
7   32  ...           0
8   33  ...           0
9   34  ...           0
10  35  ...           0
11  36  ...           0
12  37  ...           0
13  38  ...           0
14  39  ...           0
15  40  ...           0
16  41  ...           0
17  42  ...           0
18  43  ...           0
19  44  ...           0
20  45  ...           0
21  46  ...           0
22  47  ...           0
23  51  ...           0
24  52  ...           0
25  53  ...           0
26  54  ...           0
27  55  ...           0
28  56  ...           0
29  57  ...           0
30  58  ...           0

[31 rows x 8 columns], Empty DataFrame
Columns: [id, created_at, updated_at, deleted_at, donation_id, comment, total_likes]
Index: [],    id  ... total_likes
0  86  ...           0
1  87  ...           0
2  88  ...           0
3  89  ...           0
4  90  ...           0

[5 rows x 7 columns],      id  ... fundraising_id
0   180  ...              7
1   188  ...              7
2   189  ...             31
3   190  ...             22
4   191  ...             31
5   192  ...             64
6   193  ...             64
7   194  ...             64
8   195  ...             64
9   196  ...             64
10  197  ...             64
11  198  ...             64
12  199  ...             64
13  200  ...             64
14  201  ...             64

[15 rows x 9 columns], Empty DataFrame
Columns: [id, created_at, updated_at, deleted_at, user_id, amount, status, code, fundraising_id, payment_url, payment_method]
Index: [], Empty DataFrame
Columns: [id, created_at, updated_at, deleted_at, name]
Index: [],    id              created_at  ... start_date   end_date
0   7 2024-06-06 00:03:25.012  ... 2024-02-01 2024-07-20
1  12 2024-06-06 00:03:25.012  ... 2024-01-01 2024-03-31

[2 rows x 14 columns], Empty DataFrame
Columns: [id, created_at, updated_at, deleted_at, donation_comment_id, user_id]
Index: [],    id              created_at  ... donation_manual_comment_id user_id
0   9 2024-06-23 14:41:07.122  ...                         11       1

[1 rows x 6 columns],      id              created_at  ... user_id comment_id
0    91 2024-06-23 04:43:17.330  ...     123          2
1    92 2024-06-23 05:26:07.026  ...     123          2
2    93 2024-06-23 05:32:54.317  ...     123          2
3    94 2024-06-23 05:44:01.351  ...     123          2
4    95 2024-06-23 05:44:03.678  ...     123          2
5    96 2024-06-23 05:45:11.143  ...       1          2
6    97 2024-06-23 05:48:57.340  ...     127          2
7    98 2024-06-23 07:02:20.747  ...     123          2
8    99 2024-06-23 08:52:42.109  ...     127          2
9   100 2024-06-23 14:26:31.731  ...     158          2
10  101 2024-06-23 15:09:11.429  ...     158         14
11  102 2024-06-23 16:03:35.133  ...     127          2
12  103 2024-06-23 16:14:01.488  ...     123          2
13  104 2024-06-23 16:14:05.402  ...     123          2
14  105 2024-06-23 16:32:06.137  ...     158          2
15  106 2024-06-23 16:35:19.033  ...     158         26
16  107 2024-06-23 16:37:13.541  ...     158          2
17  108 2024-06-23 16:47:25.380  ...     123          2
18  109 2024-06-23 16:57:36.688  ...     158          2
19  110 2024-06-23 18:05:07.316  ...       1          2

[20 rows x 6 columns],    id              created_at  ...     instagram no_rekening
0  23 2024-06-23 14:32:56.692  ...  Peduli_Hijau   123456789

[1 rows x 13 columns],    id              created_at  ...                        testimoni rating
0  36 2024-06-23 12:45:22.417  ...                      kerja bagus      1
1  42 2024-06-23 15:10:20.008  ...          sangat seruuuuuuuuuuuuu      5
2  43 2024-06-23 16:09:43.795  ...     wah sangat bermanfaat sekali      3
3  44 2024-06-23 16:22:03.163  ...  Test Komen nanda ID Volunteer 3      5
4  45 2024-06-23 20:19:28.653  ...                supir tidak ramah      1

[5 rows x 8 columns],    id  ... fundraising_id
0  27  ...             12

[1 rows x 10 columns],     id              created_at  ... user_id article_id
0  125 2024-06-23 16:14:48.132  ...     123         54
1  126 2024-06-23 16:15:21.530  ...     123         52
2  127 2024-06-23 20:21:14.016  ...     127         54

[3 rows x 6 columns],     id              created_at  ... user_id fundraising_id
0  124 2024-06-23 14:03:59.197  ...     127             31
1  125 2024-06-23 14:04:03.345  ...     127             31
2  126 2024-06-23 14:04:09.206  ...     127             24
3  127 2024-06-23 14:44:55.879  ...     127              7
4  128 2024-06-23 14:45:09.949  ...     127              7

[5 rows x 6 columns],    id              created_at  ... volunteer_vacancies_id volunteer_vacancy_id
0  94 2024-06-23 14:05:24.324  ...                      6                 None
1  95 2024-06-23 15:03:50.690  ...                      6                 None
2  96 2024-06-23 16:15:35.952  ...                      4                 None
3  97 2024-06-23 20:23:31.250  ...                     30                 None

[4 rows x 7 columns],     id              created_at  ...         no_telp   otp
0    1 2024-06-03 10:45:11.896  ...     08888888888  None
1  158 2024-06-22 03:54:38.264  ...  08560743664311      

[2 rows x 12 columns],    id              created_at  ...    status  link_wa
0   3 2024-06-07 10:16:25.220  ...    active         
1   6 2024-06-07 01:16:25.220  ...    active         
2  31 2024-06-07 01:16:25.220  ...  inactive         
3  59 2024-06-23 14:27:49.444  ...    active  link.wa

[4 rows x 16 columns]]
[2024-06-26T22:40:53.336+0000] {logging_mixin.py:188} INFO - ['admin_notifications', 'admins', 'applications', 'articles', 'chatbots', 'comments', 'donation_comments', 'donation_manual_comments', 'donation_manuals', 'donations', 'fundraising_categories', 'fundraisings', 'like_donation_comments', 'like_donation_manual_comments', 'likes_comments', 'organizations', 'testimoni_volunteers', 'transactions', 'user_bookmark_articles', 'user_bookmark_fundraisings', 'user_bookmark_volunteer_vacancies', 'users', 'volunteers']
[2024-06-26T22:40:53.694+0000] {taskinstance.py:441} INFO - ::group::Post task execution logs
[2024-06-26T22:40:53.725+0000] {taskinstance.py:1206} INFO - Marking task as SUCCESS. dag_id=coba_ds_v7, task_id=extract_data, run_id=scheduled__2024-06-23T00:00:00+00:00, execution_date=20240623T000000, start_date=20240626T224040, end_date=20240626T224053
[2024-06-26T22:40:53.877+0000] {local_task_job_runner.py:240} INFO - Task exited with return code 0
[2024-06-26T22:40:53.947+0000] {taskinstance.py:3503} INFO - 1 downstream tasks scheduled from follow-on schedule check
[2024-06-26T22:40:53.950+0000] {local_task_job_runner.py:222} INFO - ::endgroup::
