[2024-06-26T22:41:06.815+0000] {local_task_job_runner.py:120} INFO - ::group::Pre task execution logs
[2024-06-26T22:41:06.879+0000] {taskinstance.py:2076} INFO - Dependencies all met for dep_context=non-requeueable deps ti=<TaskInstance: coba_ds_v7.transform_dw_schema scheduled__2024-06-23T00:00:00+00:00 [queued]>
[2024-06-26T22:41:06.902+0000] {taskinstance.py:2076} INFO - Dependencies all met for dep_context=requeueable deps ti=<TaskInstance: coba_ds_v7.transform_dw_schema scheduled__2024-06-23T00:00:00+00:00 [queued]>
[2024-06-26T22:41:06.903+0000] {taskinstance.py:2306} INFO - Starting attempt 1 of 4
[2024-06-26T22:41:06.933+0000] {taskinstance.py:2330} INFO - Executing <Task(TransformationDataWarehouseSchema): transform_dw_schema> on 2024-06-23 00:00:00+00:00
[2024-06-26T22:41:06.950+0000] {warnings.py:112} WARNING - /home/***/.local/lib/python3.12/site-packages/***/task/task_runner/standard_task_runner.py:61: DeprecationWarning: This process (pid=1261) is multi-threaded, use of fork() may lead to deadlocks in the child.
  pid = os.fork()

[2024-06-26T22:41:06.953+0000] {standard_task_runner.py:63} INFO - Started process 1263 to run task
[2024-06-26T22:41:06.953+0000] {standard_task_runner.py:90} INFO - Running: ['***', 'tasks', 'run', 'coba_ds_v7', 'transform_dw_schema', 'scheduled__2024-06-23T00:00:00+00:00', '--job-id', '97', '--raw', '--subdir', 'DAGS_FOLDER/etl_dags.py', '--cfg-path', '/tmp/tmp1_0y0586']
[2024-06-26T22:41:06.966+0000] {standard_task_runner.py:91} INFO - Job 97: Subtask transform_dw_schema
[2024-06-26T22:41:07.072+0000] {task_command.py:426} INFO - Running <TaskInstance: coba_ds_v7.transform_dw_schema scheduled__2024-06-23T00:00:00+00:00 [running]> on host 7ecff3f83b62
[2024-06-26T22:41:07.332+0000] {taskinstance.py:2648} INFO - Exporting env vars: AIRFLOW_CTX_DAG_OWNER='Kelompok 5 Capstone DE' AIRFLOW_CTX_DAG_ID='coba_ds_v7' AIRFLOW_CTX_TASK_ID='transform_dw_schema' AIRFLOW_CTX_EXECUTION_DATE='2024-06-23T00:00:00+00:00' AIRFLOW_CTX_TRY_NUMBER='1' AIRFLOW_CTX_DAG_RUN_ID='scheduled__2024-06-23T00:00:00+00:00'
[2024-06-26T22:41:07.335+0000] {taskinstance.py:430} INFO - ::endgroup::
[2024-06-26T22:41:07.899+0000] {logging_mixin.py:188} INFO - [   id  created_at  updated_at  ... current_progress  start_date    end_date
0   7  2024-06-06  2024-06-23  ...          8280000  2024-02-01  2024-07-20
1  12  2024-06-06  2024-06-23  ...          1452000  2024-01-01  2024-03-31

[2 rows x 12 columns], Empty DataFrame
Columns: []
Index: [],      id  created_at  ...   status                                      image_payment
0   180  2024-06-21  ...   sukses  https://res.cloudinary.com/dvrhf8d9t/image/upl...
1   188  2024-06-23  ...  pending  https://res.cloudinary.com/dvrhf8d9t/image/upl...
2   189  2024-06-23  ...  pending  https://res.cloudinary.com/dvrhf8d9t/image/upl...
3   190  2024-06-23  ...  pending  https://res.cloudinary.com/dvrhf8d9t/image/upl...
4   191  2024-06-23  ...  pending  https://res.cloudinary.com/dvrhf8d9t/image/upl...
5   192  2024-06-23  ...  pending  https://res.cloudinary.com/dvrhf8d9t/image/upl...
6   193  2024-06-23  ...  pending  https://res.cloudinary.com/dvrhf8d9t/image/upl...
7   194  2024-06-23  ...  pending  https://res.cloudinary.com/dvrhf8d9t/image/upl...
8   195  2024-06-23  ...  pending  https://res.cloudinary.com/dvrhf8d9t/image/upl...
9   196  2024-06-23  ...  pending  https://res.cloudinary.com/dvrhf8d9t/image/upl...
10  197  2024-06-23  ...  pending  https://res.cloudinary.com/dvrhf8d9t/image/upl...
11  198  2024-06-23  ...  pending  https://res.cloudinary.com/dvrhf8d9t/image/upl...
12  199  2024-06-23  ...  pending  https://res.cloudinary.com/dvrhf8d9t/image/upl...
13  200  2024-06-23  ...  pending  https://res.cloudinary.com/dvrhf8d9t/image/upl...
14  201  2024-06-23  ...   sukses  https://res.cloudinary.com/dvrhf8d9t/image/upl...

[15 rows x 7 columns],    id  created_at  updated_at  ...          website     instagram no_rekening
0  23  2024-06-23  2024-06-23  ...  PeduliHijau.com  Peduli_Hijau   123456789

[1 rows x 12 columns],     id  created_at  ...        no_telp otp
0    1  2024-06-03  ...     8888888888 NaN
1  158  2024-06-22  ...  8560743664311 NaN

[2 rows x 12 columns],     id  created_at  ...                             reason            age
0  222  2024-06-23  ...                    Menambah relasi  21 - 25 tahun
1  224  2024-06-23  ...               Untuk menambah teman  21 - 25 Tahun
2  225  2024-06-23  ...                                tes  26 - 30 Tahun
3  226  2024-06-23  ...                               test  18 - 20 Tahun
4  227  2024-06-23  ...  hanya mengisi kegiatan bermanfaat     > 40 Tahun
5  228  2024-06-23  ...                      Ingin belajar  21 - 25 Tahun
6  229  2024-06-23  ...                           suka aja  18 - 20 Tahun

[7 rows x 9 columns],    id  created_at  ...    status  link_wa
0   3  2024-06-07  ...    active  Unknown
1   6  2024-06-07  ...    active  Unknown
2  31  2024-06-07  ...  inactive  Unknown
3  59  2024-06-23  ...    active  link.wa

[4 rows x 15 columns],    id  created_at  ...                        testimoni rating
0  36  2024-06-23  ...                      kerja bagus      1
1  42  2024-06-23  ...          sangat seruuuuuuuuuuuuu      5
2  43  2024-06-23  ...     wah sangat bermanfaat sekali      3
3  44  2024-06-23  ...  Test Komen nanda ID Volunteer 3      5
4  45  2024-06-23  ...                supir tidak ramah      1

[5 rows x 6 columns],    id  ...                                          image_url
0  52  ...  https://res.cloudinary.com/dvrhf8d9t/image/upl...
1  53  ...  https://res.cloudinary.com/dvrhf8d9t/image/upl...
2  54  ...  https://res.cloudinary.com/dvrhf8d9t/image/upl...

[3 rows x 8 columns],     id  created_at  updated_at  deleted_at
0  124  2024-06-23  2024-06-23  2024-06-23
1  125  2024-06-23  2024-06-23  2024-06-23
2  126  2024-06-23  2024-06-23  2024-06-23
3  127  2024-06-23  2024-06-23  2024-06-23
4  128  2024-06-23  2024-06-23  2024-06-23,    id  created_at  updated_at  deleted_at
0  94  2024-06-23  2024-06-23  2024-06-23
1  95  2024-06-23  2024-06-23        None
2  96  2024-06-23  2024-06-23  2024-06-23
3  97  2024-06-23  2024-06-23  2024-06-23,     id  created_at  updated_at  deleted_at
0  125  2024-06-23  2024-06-23  2024-06-23
1  126  2024-06-23  2024-06-23  2024-06-23
2  127  2024-06-23  2024-06-23  2024-06-23,     id  created_at  ...                               comment total_likes
0   25  2024-06-23  ...                               Unknown           0
1   26  2024-06-23  ...                               Unknown           1
2   27  2024-06-23  ...                               Unknown           0
3   28  2024-06-23  ...                               Unknown           0
4   29  2024-06-23  ...                               Unknown           0
5   30  2024-06-23  ...                               Unknown           0
6   31  2024-06-23  ...                               Unknown           0
7   32  2024-06-23  ...                               Unknown           0
8   33  2024-06-23  ...                               Unknown           0
9   34  2024-06-23  ...                               Unknown           0
10  35  2024-06-23  ...                               Unknown           0
11  36  2024-06-23  ...                               Unknown           0
12  37  2024-06-23  ...                               Unknown           0
13  38  2024-06-23  ...                               Unknown           0
14  39  2024-06-23  ...                               Unknown           0
15  40  2024-06-23  ...                               Unknown           0
16  41  2024-06-23  ...                               Unknown           0
17  42  2024-06-23  ...                               Unknown           0
18  43  2024-06-23  ...            This is a new comment.1213           0
19  44  2024-06-23  ...                               Unknown           0
20  45  2024-06-23  ...                               Unknown           0
21  46  2024-06-23  ...                               Unknown           0
22  47  2024-06-23  ...                               Unknown           0
23  51  2024-06-23  ...   Test komentar nanda di article id 9           0
24  52  2024-06-23  ...                               Unknown           0
25  53  2024-06-23  ...                               Unknown           0
26  54  2024-06-23  ...                               Unknown           0
27  55  2024-06-23  ...  Test komentar manut di article id 11           0
28  56  2024-06-23  ...                               Unknown           0
29  57  2024-06-23  ...                               Unknown           0
30  58  2024-06-23  ...                               Unknown           0

[31 rows x 6 columns],      id  created_at  updated_at  deleted_at
0    91  2024-06-23  2024-06-23  2024-06-23
1    92  2024-06-23  2024-06-23  2024-06-23
2    93  2024-06-23  2024-06-23  2024-06-23
3    94  2024-06-23  2024-06-23  2024-06-23
4    95  2024-06-23  2024-06-23  2024-06-23
5    96  2024-06-23  2024-06-23  2024-06-23
6    97  2024-06-23  2024-06-23  2024-06-23
7    98  2024-06-23  2024-06-23  2024-06-23
8    99  2024-06-23  2024-06-23  2024-06-23
9   100  2024-06-23  2024-06-23  2024-06-23
10  101  2024-06-23  2024-06-23  2024-06-23
11  102  2024-06-23  2024-06-23  2024-06-23
12  103  2024-06-23  2024-06-23  2024-06-23
13  104  2024-06-23  2024-06-23  2024-06-23
14  105  2024-06-23  2024-06-23  2024-06-23
15  106  2024-06-23  2024-06-23        None
16  107  2024-06-23  2024-06-23  2024-06-23
17  108  2024-06-23  2024-06-23        None
18  109  2024-06-23  2024-06-23        None
19  110  2024-06-23  2024-06-23        None]
[2024-06-26T22:41:07.964+0000] {logging_mixin.py:188} INFO - [   id  donation_id  fundraising_id  ...  organization_id  created_at  updated_at
0   1          180               7  ...              8.0  2024-06-21  2024-06-23
1   2          201              64  ...              NaN  2024-06-23  2024-06-23

[2 rows x 10 columns],    id  application_id  vacancy_id  ...  organization_id  created_at  updated_at
0   1             222           3  ...             11.0  2024-06-23  2024-06-23
1   2             224           6  ...              8.0  2024-06-23  2024-06-23
2   3             225           4  ...              NaN  2024-06-23  2024-06-23
3   4             226           3  ...             11.0  2024-06-23  2024-06-23
4   5             227           4  ...              NaN  2024-06-23  2024-06-23
5   6             228           3  ...             11.0  2024-06-23  2024-06-23
6   7             229          31  ...             11.0  2024-06-23  2024-06-23

[7 rows x 7 columns],    id  user_id  vacancy_id  ...  rating  created_at  updated_at
0   1        1           3  ...       1  2024-06-23  2024-06-23
1   2      127           6  ...       5  2024-06-23  2024-06-23
2   3      123           4  ...       3  2024-06-23  2024-06-23
3   4      158           3  ...       5  2024-06-23  2024-06-23
4   5      127          31  ...       1  2024-06-23  2024-06-23

[5 rows x 7 columns],    id  article_id  bookmark_id  ...  like_comment_id  created_at  updated_at
0   1          54          125  ...               91  2024-06-23  2024-06-23
1   2          52          126  ...               92  2024-06-23  2024-06-23
2   3          54          127  ...               93  2024-06-23  2024-06-23

[3 rows x 8 columns],    id  bookmark_id  created_at  updated_at  user_id  fundraising_id
0   1          124  2024-06-23  2024-06-23      127              31
1   2          125  2024-06-23  2024-06-23      127              31
2   3          126  2024-06-23  2024-06-23      127              24
3   4          127  2024-06-23  2024-06-23      127               7
4   5          128  2024-06-23  2024-06-23      127               7,    id  bookmark_id  created_at  updated_at  user_id  volunteer_vacancies_id
0   1           94  2024-06-23  2024-06-23      127                       6
1   2           95  2024-06-23  2024-06-23      127                       6
2   3           96  2024-06-23  2024-06-23      123                       4
3   4           97  2024-06-23  2024-06-23      127                      30]
[2024-06-26T22:41:07.965+0000] {logging_mixin.py:188} INFO - Transform berhasil!!
[2024-06-26T22:41:07.967+0000] {taskinstance.py:441} INFO - ::group::Post task execution logs
[2024-06-26T22:41:08.074+0000] {taskinstance.py:1206} INFO - Marking task as SUCCESS. dag_id=coba_ds_v7, task_id=transform_dw_schema, run_id=scheduled__2024-06-23T00:00:00+00:00, execution_date=20240623T000000, start_date=20240626T224106, end_date=20240626T224108
[2024-06-26T22:41:08.126+0000] {local_task_job_runner.py:240} INFO - Task exited with return code 0
[2024-06-26T22:41:08.167+0000] {taskinstance.py:3503} INFO - 1 downstream tasks scheduled from follow-on schedule check
[2024-06-26T22:41:08.177+0000] {local_task_job_runner.py:222} INFO - ::endgroup::
