[2024-06-26T22:40:52.466+0000] {local_task_job_runner.py:120} INFO - ::group::Pre task execution logs
[2024-06-26T22:40:52.539+0000] {taskinstance.py:2076} INFO - Dependencies all met for dep_context=non-requeueable deps ti=<TaskInstance: coba_ds_v7.transform_dw_schema scheduled__2024-06-25T00:00:00+00:00 [queued]>
[2024-06-26T22:40:52.567+0000] {taskinstance.py:2076} INFO - Dependencies all met for dep_context=requeueable deps ti=<TaskInstance: coba_ds_v7.transform_dw_schema scheduled__2024-06-25T00:00:00+00:00 [queued]>
[2024-06-26T22:40:52.569+0000] {taskinstance.py:2306} INFO - Starting attempt 1 of 4
[2024-06-26T22:40:52.615+0000] {taskinstance.py:2330} INFO - Executing <Task(TransformationDataWarehouseSchema): transform_dw_schema> on 2024-06-25 00:00:00+00:00
[2024-06-26T22:40:52.643+0000] {warnings.py:112} WARNING - /home/***/.local/lib/python3.12/site-packages/***/task/task_runner/standard_task_runner.py:61: DeprecationWarning: This process (pid=1204) is multi-threaded, use of fork() may lead to deadlocks in the child.
  pid = os.fork()

[2024-06-26T22:40:52.659+0000] {standard_task_runner.py:63} INFO - Started process 1214 to run task
[2024-06-26T22:40:52.672+0000] {standard_task_runner.py:90} INFO - Running: ['***', 'tasks', 'run', 'coba_ds_v7', 'transform_dw_schema', 'scheduled__2024-06-25T00:00:00+00:00', '--job-id', '93', '--raw', '--subdir', 'DAGS_FOLDER/etl_dags.py', '--cfg-path', '/tmp/tmp229x392w']
[2024-06-26T22:40:52.693+0000] {standard_task_runner.py:91} INFO - Job 93: Subtask transform_dw_schema
[2024-06-26T22:40:52.931+0000] {task_command.py:426} INFO - Running <TaskInstance: coba_ds_v7.transform_dw_schema scheduled__2024-06-25T00:00:00+00:00 [running]> on host 7ecff3f83b62
[2024-06-26T22:40:53.317+0000] {taskinstance.py:2648} INFO - Exporting env vars: AIRFLOW_CTX_DAG_OWNER='Kelompok 5 Capstone DE' AIRFLOW_CTX_DAG_ID='coba_ds_v7' AIRFLOW_CTX_TASK_ID='transform_dw_schema' AIRFLOW_CTX_EXECUTION_DATE='2024-06-25T00:00:00+00:00' AIRFLOW_CTX_TRY_NUMBER='1' AIRFLOW_CTX_DAG_RUN_ID='scheduled__2024-06-25T00:00:00+00:00'
[2024-06-26T22:40:53.320+0000] {taskinstance.py:430} INFO - ::endgroup::
[2024-06-26T22:40:53.604+0000] {logging_mixin.py:188} INFO - DataFrames at indices [4] are empty. Skipping transformation.
[2024-06-26T22:40:53.606+0000] {logging_mixin.py:188} INFO - DataFrames at indices [11, 12, 13] are empty. Skipping transformation.
[2024-06-26T22:40:53.610+0000] {logging_mixin.py:188} INFO - DataFrames at indices [5] are empty. Skipping transformation.
[2024-06-26T22:40:53.612+0000] {logging_mixin.py:188} INFO - DataFrames at indices [6] are empty. Skipping transformation.
[2024-06-26T22:40:54.026+0000] {logging_mixin.py:188} INFO - [   id  created_at  updated_at  ... current_progress  start_date    end_date
0  22  2024-06-06  2024-06-25  ...           527000  2024-02-01  2024-12-31

[1 rows x 12 columns], Empty DataFrame
Columns: []
Index: [],     id  created_at  ...   status                                      image_payment
0  205  2024-06-24  ...   sukses  https://res.cloudinary.com/dvrhf8d9t/image/upl...
1  211  2024-06-25  ...  pending  https://res.cloudinary.com/dvrhf8d9t/image/upl...

[2 rows x 7 columns],    id  created_at  updated_at  ...         website    instagram no_rekening
0  13  2024-06-05  2024-06-25  ...  kitapeduli.com  @kitapeduli  1234567857

[1 rows x 12 columns],     id  created_at  updated_at  ... reset_token      no_telp otp
0  174  2024-06-25  2024-06-25  ...         NaN  87793143442 NaN
1  175  2024-06-25  2024-06-25  ...         NaN  85668882470 NaN

[2 rows x 12 columns], Empty DataFrame
Columns: []
Index: [],    id  created_at  ...  status  link_wa
0  60  2024-06-24  ...  active  link.wa

[1 rows x 15 columns], Empty DataFrame
Columns: []
Index: [],    id  ...                                          image_url
0  56  ...  https://res.cloudinary.com/dvrhf8d9t/image/upl...

[1 rows x 8 columns], Empty DataFrame
Columns: []
Index: [], Empty DataFrame
Columns: []
Index: [], Empty DataFrame
Columns: []
Index: [], Empty DataFrame
Columns: []
Index: [], Empty DataFrame
Columns: []
Index: []]
[2024-06-26T22:40:54.049+0000] {logging_mixin.py:188} INFO - [   id  donation_id  fundraising_id  ...  organization_id  created_at  updated_at
0   1          205              22  ...                5  2024-06-24  2024-06-25

[1 rows x 10 columns], Empty DataFrame
Columns: [id, application_id, vacancy_id, user_id, organization_id, created_at, updated_at]
Index: [], Empty DataFrame
Columns: []
Index: [], Empty DataFrame
Columns: []
Index: [], Empty DataFrame
Columns: []
Index: [], Empty DataFrame
Columns: []
Index: []]
[2024-06-26T22:40:54.050+0000] {logging_mixin.py:188} INFO - Transform berhasil!!
[2024-06-26T22:40:54.051+0000] {taskinstance.py:441} INFO - ::group::Post task execution logs
[2024-06-26T22:40:54.140+0000] {taskinstance.py:1206} INFO - Marking task as SUCCESS. dag_id=coba_ds_v7, task_id=transform_dw_schema, run_id=scheduled__2024-06-25T00:00:00+00:00, execution_date=20240625T000000, start_date=20240626T224052, end_date=20240626T224054
[2024-06-26T22:40:54.205+0000] {local_task_job_runner.py:240} INFO - Task exited with return code 0
[2024-06-26T22:40:54.249+0000] {taskinstance.py:3503} INFO - 1 downstream tasks scheduled from follow-on schedule check
[2024-06-26T22:40:54.252+0000] {local_task_job_runner.py:222} INFO - ::endgroup::
