[2024-06-23T14:55:44.995+0000] {local_task_job_runner.py:120} INFO - ::group::Pre task execution logs
[2024-06-23T14:55:45.044+0000] {taskinstance.py:2076} INFO - Dependencies all met for dep_context=non-requeueable deps ti=<TaskInstance: etl_all_dags_v1.cleaning_raw_data scheduled__2024-06-21T00:00:00+00:00 [queued]>
[2024-06-23T14:55:45.058+0000] {taskinstance.py:2076} INFO - Dependencies all met for dep_context=requeueable deps ti=<TaskInstance: etl_all_dags_v1.cleaning_raw_data scheduled__2024-06-21T00:00:00+00:00 [queued]>
[2024-06-23T14:55:45.059+0000] {taskinstance.py:2306} INFO - Starting attempt 1 of 3
[2024-06-23T14:55:45.084+0000] {taskinstance.py:2330} INFO - Executing <Task(CleaningData): cleaning_raw_data> on 2024-06-21 00:00:00+00:00
[2024-06-23T14:55:45.099+0000] {warnings.py:112} WARNING - /home/***/.local/lib/python3.12/site-packages/***/task/task_runner/standard_task_runner.py:61: DeprecationWarning: This process (pid=145) is multi-threaded, use of fork() may lead to deadlocks in the child.
  pid = os.fork()

[2024-06-23T14:55:45.100+0000] {standard_task_runner.py:90} INFO - Running: ['***', 'tasks', 'run', 'etl_all_dags_v1', 'cleaning_raw_data', 'scheduled__2024-06-21T00:00:00+00:00', '--job-id', '66', '--raw', '--subdir', 'DAGS_FOLDER/etl_all_dags.py', '--cfg-path', '/tmp/tmp8u0u7u_n']
[2024-06-23T14:55:45.104+0000] {standard_task_runner.py:63} INFO - Started process 149 to run task
[2024-06-23T14:55:45.104+0000] {standard_task_runner.py:91} INFO - Job 66: Subtask cleaning_raw_data
[2024-06-23T14:55:45.180+0000] {task_command.py:426} INFO - Running <TaskInstance: etl_all_dags_v1.cleaning_raw_data scheduled__2024-06-21T00:00:00+00:00 [running]> on host d707524566e3
[2024-06-23T14:55:45.310+0000] {taskinstance.py:2648} INFO - Exporting env vars: AIRFLOW_CTX_DAG_OWNER='Kelompok 5 Capstone DE' AIRFLOW_CTX_DAG_ID='etl_all_dags_v1' AIRFLOW_CTX_TASK_ID='cleaning_raw_data' AIRFLOW_CTX_EXECUTION_DATE='2024-06-21T00:00:00+00:00' AIRFLOW_CTX_TRY_NUMBER='1' AIRFLOW_CTX_DAG_RUN_ID='scheduled__2024-06-21T00:00:00+00:00'
[2024-06-23T14:55:45.312+0000] {taskinstance.py:430} INFO - ::endgroup::
[2024-06-23T14:55:45.795+0000] {logging_mixin.py:188} INFO - 175
[2024-06-23T14:55:45.807+0000] {logging_mixin.py:188} INFO - Tidak ada data duplikat pada Donation
[2024-06-23T14:55:45.830+0000] {logging_mixin.py:188} INFO - Tidak ada missing value dalam Donation
[2024-06-23T14:55:45.834+0000] {logging_mixin.py:188} INFO - id                0
created_at        0
user_id           0
amount            0
status            0
image_payment     0
fundraising_id    0
dtype: int64
[2024-06-23T14:55:45.835+0000] {logging_mixin.py:188} INFO - 36
[2024-06-23T14:55:45.839+0000] {logging_mixin.py:188} INFO - Tidak ada data duplikat pada Fundraising
[2024-06-23T14:55:45.852+0000] {logging_mixin.py:188} INFO - Tidak ada missing value dalam Fundraising
[2024-06-23T14:55:45.856+0000] {logging_mixin.py:188} INFO - id                         0
created_at                 0
fundraising_category_id    0
organization_id            0
title                      0
image_url                  0
description                0
status                     0
goal_amount                0
current_progress           0
start_date                 0
end_date                   0
dtype: int64
[2024-06-23T14:55:45.857+0000] {logging_mixin.py:188} INFO - 123
[2024-06-23T14:55:45.860+0000] {logging_mixin.py:188} INFO - Tidak ada data duplikat pada Application
[2024-06-23T14:55:45.873+0000] {logging_mixin.py:188} INFO - Tidak ada missing value dalam Application
[2024-06-23T14:55:45.877+0000] {logging_mixin.py:188} INFO - id              0
created_at      0
ig_image_url    0
yt_image_url    0
user_id         0
vacancy_id      0
job             0
reason          0
age             0
dtype: int64
[2024-06-23T14:55:45.877+0000] {logging_mixin.py:188} INFO - 21
[2024-06-23T14:55:45.881+0000] {logging_mixin.py:188} INFO - Tidak ada data duplikat pada Volunteer_Vacancies
[2024-06-23T14:55:45.896+0000] {logging_mixin.py:188} INFO - Terdapat missing value dalam Volunteer_Vacancies
[2024-06-23T14:55:45.900+0000] {logging_mixin.py:188} INFO - id                        0
created_at                0
title                     0
organization_id           0
content_activity          0
location                  1
start_date                0
end_date                  0
target_volunteer          0
registered_volunteer      0
registration_deadline     0
image_url                 0
status                    0
link_wa                  20
dtype: int64
[2024-06-23T14:55:45.904+0000] {logging_mixin.py:188} INFO - 29
[2024-06-23T14:55:45.906+0000] {logging_mixin.py:188} INFO - Tidak ada data duplikat pada Testimoni_Volunteer
[2024-06-23T14:55:45.914+0000] {logging_mixin.py:188} INFO - Tidak ada missing value dalam Testimoni_Volunteer
[2024-06-23T14:55:45.917+0000] {logging_mixin.py:188} INFO - id            0
created_at    0
user_id       0
vacancy_id    0
testimoni     0
rating        0
dtype: int64
[2024-06-23T14:55:45.918+0000] {logging_mixin.py:188} INFO - 42
[2024-06-23T14:55:45.920+0000] {logging_mixin.py:188} INFO - Tidak ada data duplikat pada Bookmark_Fundraising
[2024-06-23T14:55:45.931+0000] {logging_mixin.py:188} INFO - Tidak ada missing value dalam Bookmark_Fundraising
[2024-06-23T14:55:45.934+0000] {logging_mixin.py:188} INFO - id                0
created_at        0
user_id           0
fundraising_id    0
dtype: int64
[2024-06-23T14:55:45.935+0000] {logging_mixin.py:188} INFO - 36
[2024-06-23T14:55:45.938+0000] {logging_mixin.py:188} INFO - Tidak ada data duplikat pada Bookmark_Volunteer
[2024-06-23T14:55:45.946+0000] {logging_mixin.py:188} INFO - Terdapat missing value dalam Bookmark_Volunteer
[2024-06-23T14:55:45.950+0000] {logging_mixin.py:188} INFO - id                         0
created_at                 0
user_id                    0
volunteer_vacancies_id     0
volunteer_vacancy_id      36
dtype: int64
[2024-06-23T14:55:45.953+0000] {logging_mixin.py:188} INFO - 27
[2024-06-23T14:55:45.955+0000] {logging_mixin.py:188} INFO - Tidak ada data duplikat pada Article
[2024-06-23T14:55:45.964+0000] {logging_mixin.py:188} INFO - Terdapat missing value dalam Article
[2024-06-23T14:55:45.967+0000] {logging_mixin.py:188} INFO - id            0
created_at    0
admin_id      4
title         0
content       0
image_url     0
dtype: int64
[2024-06-23T14:55:45.970+0000] {logging_mixin.py:188} INFO - 4
[2024-06-23T14:55:45.972+0000] {logging_mixin.py:188} INFO - Tidak ada data duplikat pada Fundraising_Categories
[2024-06-23T14:55:45.980+0000] {logging_mixin.py:188} INFO - Tidak ada missing value dalam Fundraising_Categories
[2024-06-23T14:55:45.983+0000] {logging_mixin.py:188} INFO - id            0
created_at    0
name          0
dtype: int64
[2024-06-23T14:55:45.984+0000] {logging_mixin.py:188} INFO - 114
[2024-06-23T14:55:45.987+0000] {logging_mixin.py:188} INFO - Tidak ada data duplikat pada User
[2024-06-23T14:55:46.001+0000] {logging_mixin.py:188} INFO - Terdapat missing value dalam User
[2024-06-23T14:55:46.005+0000] {logging_mixin.py:188} INFO - id               0
created_at       0
fullname         0
username         0
email            0
password         0
avatar           0
reset_token    108
no_telp          0
otp            109
dtype: int64
[2024-06-23T14:55:46.012+0000] {logging_mixin.py:188} INFO - 14
[2024-06-23T14:55:46.016+0000] {logging_mixin.py:188} INFO - Tidak ada data duplikat pada Organization
[2024-06-23T14:55:46.031+0000] {logging_mixin.py:188} INFO - Terdapat missing value dalam Organization
[2024-06-23T14:55:46.035+0000] {logging_mixin.py:188} INFO - id              0
created_at      0
name            0
description     0
avatar          0
is_verified     0
contact        13
start_date      0
website         0
instagram       0
no_rekening     0
dtype: int64
[2024-06-23T14:55:46.047+0000] {logging_mixin.py:188} INFO - 54
[2024-06-23T14:55:46.050+0000] {logging_mixin.py:188} INFO - Tidak ada data duplikat pada Bookmark_Articles
[2024-06-23T14:55:46.067+0000] {logging_mixin.py:188} INFO - Tidak ada missing value dalam Bookmark_Articles
[2024-06-23T14:55:46.070+0000] {logging_mixin.py:188} INFO - id            0
created_at    0
user_id       0
article_id    0
dtype: int64
[2024-06-23T14:55:46.071+0000] {logging_mixin.py:188} INFO - 50
[2024-06-23T14:55:46.076+0000] {logging_mixin.py:188} INFO - Tidak ada data duplikat pada Comments
[2024-06-23T14:55:46.086+0000] {logging_mixin.py:188} INFO - Terdapat missing value dalam Comments
[2024-06-23T14:55:46.094+0000] {logging_mixin.py:188} INFO - id              0
created_at      0
user_id         0
article_id      0
comment        24
total_likes     0
dtype: int64
[2024-06-23T14:55:46.099+0000] {logging_mixin.py:188} INFO - 97
[2024-06-23T14:55:46.102+0000] {logging_mixin.py:188} INFO - Tidak ada data duplikat pada Like Comments
[2024-06-23T14:55:46.116+0000] {logging_mixin.py:188} INFO - Tidak ada missing value dalam Like Comments
[2024-06-23T14:55:46.120+0000] {logging_mixin.py:188} INFO - id            0
created_at    0
user_id       0
comment_id    0
dtype: int64
[2024-06-23T14:55:46.273+0000] {taskinstance.py:441} INFO - ::group::Post task execution logs
[2024-06-23T14:55:46.398+0000] {taskinstance.py:1206} INFO - Marking task as SUCCESS. dag_id=etl_all_dags_v1, task_id=cleaning_raw_data, run_id=scheduled__2024-06-21T00:00:00+00:00, execution_date=20240621T000000, start_date=20240623T145545, end_date=20240623T145546
[2024-06-23T14:55:46.485+0000] {local_task_job_runner.py:240} INFO - Task exited with return code 0
[2024-06-23T14:55:46.563+0000] {taskinstance.py:3503} INFO - 1 downstream tasks scheduled from follow-on schedule check
[2024-06-23T14:55:46.568+0000] {local_task_job_runner.py:222} INFO - ::endgroup::
