[2024-06-26T11:21:46.589+0000] {local_task_job_runner.py:120} INFO - ::group::Pre task execution logs
[2024-06-26T11:21:46.627+0000] {taskinstance.py:2076} INFO - Dependencies all met for dep_context=non-requeueable deps ti=<TaskInstance: peduli_pintar_elt_all_dags.load_firebase scheduled__2024-06-25T00:00:00+00:00 [queued]>
[2024-06-26T11:21:46.640+0000] {taskinstance.py:2076} INFO - Dependencies all met for dep_context=requeueable deps ti=<TaskInstance: peduli_pintar_elt_all_dags.load_firebase scheduled__2024-06-25T00:00:00+00:00 [queued]>
[2024-06-26T11:21:46.641+0000] {taskinstance.py:2306} INFO - Starting attempt 2 of 4
[2024-06-26T11:21:46.659+0000] {taskinstance.py:2330} INFO - Executing <Task(LoadFirebase): load_firebase> on 2024-06-25 00:00:00+00:00
[2024-06-26T11:21:46.674+0000] {warnings.py:112} WARNING - /home/***/.local/lib/python3.12/site-packages/***/task/task_runner/standard_task_runner.py:61: DeprecationWarning: This process (pid=326) is multi-threaded, use of fork() may lead to deadlocks in the child.
  pid = os.fork()

[2024-06-26T11:21:46.676+0000] {standard_task_runner.py:63} INFO - Started process 334 to run task
[2024-06-26T11:21:46.677+0000] {standard_task_runner.py:90} INFO - Running: ['***', 'tasks', 'run', 'peduli_pintar_elt_all_dags', 'load_firebase', 'scheduled__2024-06-25T00:00:00+00:00', '--job-id', '393', '--raw', '--subdir', 'DAGS_FOLDER/etl_all_dags.py', '--cfg-path', '/tmp/tmpdlgq0oyq']
[2024-06-26T11:21:46.682+0000] {standard_task_runner.py:91} INFO - Job 393: Subtask load_firebase
[2024-06-26T11:21:46.754+0000] {task_command.py:426} INFO - Running <TaskInstance: peduli_pintar_elt_all_dags.load_firebase scheduled__2024-06-25T00:00:00+00:00 [running]> on host 5338995eebdf
[2024-06-26T11:21:46.911+0000] {taskinstance.py:2648} INFO - Exporting env vars: AIRFLOW_CTX_DAG_OWNER='Kelompok 5 Capstone DE' AIRFLOW_CTX_DAG_ID='peduli_pintar_elt_all_dags' AIRFLOW_CTX_TASK_ID='load_firebase' AIRFLOW_CTX_EXECUTION_DATE='2024-06-25T00:00:00+00:00' AIRFLOW_CTX_TRY_NUMBER='2' AIRFLOW_CTX_DAG_RUN_ID='scheduled__2024-06-25T00:00:00+00:00'
[2024-06-26T11:21:46.914+0000] {taskinstance.py:430} INFO - ::endgroup::
[2024-06-26T11:21:48.770+0000] {logging_mixin.py:188} INFO - Folder '20240625' created successfully.
[2024-06-26T11:21:49.589+0000] {logging_mixin.py:188} INFO - Dataframe admin_notifications uploaded successfully as admin_notifications.csv!
[2024-06-26T11:21:50.644+0000] {logging_mixin.py:188} INFO - Dataframe admins uploaded successfully as admins.csv!
[2024-06-26T11:21:51.430+0000] {logging_mixin.py:188} INFO - Dataframe applications uploaded successfully as applications.csv!
[2024-06-26T11:21:52.142+0000] {logging_mixin.py:188} INFO - Dataframe articles uploaded successfully as articles.csv!
[2024-06-26T11:21:52.696+0000] {logging_mixin.py:188} INFO - Dataframe comments uploaded successfully as comments.csv!
[2024-06-26T11:21:53.272+0000] {logging_mixin.py:188} INFO - Dataframe donation_comments uploaded successfully as donation_comments.csv!
[2024-06-26T11:21:53.816+0000] {logging_mixin.py:188} INFO - Dataframe donation_manual_comments uploaded successfully as donation_manual_comments.csv!
[2024-06-26T11:21:54.391+0000] {logging_mixin.py:188} INFO - Dataframe donation_manuals uploaded successfully as donation_manuals.csv!
[2024-06-26T11:21:54.911+0000] {logging_mixin.py:188} INFO - Dataframe donations uploaded successfully as donations.csv!
[2024-06-26T11:21:55.437+0000] {logging_mixin.py:188} INFO - Dataframe fundraising_categories uploaded successfully as fundraising_categories.csv!
[2024-06-26T11:21:55.946+0000] {logging_mixin.py:188} INFO - Dataframe fundraisings uploaded successfully as fundraisings.csv!
[2024-06-26T11:21:56.489+0000] {logging_mixin.py:188} INFO - Dataframe like_donation_comments uploaded successfully as like_donation_comments.csv!
[2024-06-26T11:21:56.993+0000] {logging_mixin.py:188} INFO - Dataframe like_donation_manual_comments uploaded successfully as like_donation_manual_comments.csv!
[2024-06-26T11:21:57.538+0000] {logging_mixin.py:188} INFO - Dataframe likes_comments uploaded successfully as likes_comments.csv!
[2024-06-26T11:21:58.114+0000] {logging_mixin.py:188} INFO - Dataframe organizations uploaded successfully as organizations.csv!
[2024-06-26T11:21:58.623+0000] {logging_mixin.py:188} INFO - Dataframe testimoni_volunteers uploaded successfully as testimoni_volunteers.csv!
[2024-06-26T11:21:59.162+0000] {logging_mixin.py:188} INFO - Dataframe transactions uploaded successfully as transactions.csv!
[2024-06-26T11:21:59.697+0000] {logging_mixin.py:188} INFO - Dataframe user_bookmark_articles uploaded successfully as user_bookmark_articles.csv!
[2024-06-26T11:22:00.202+0000] {logging_mixin.py:188} INFO - Dataframe user_bookmark_fundraisings uploaded successfully as user_bookmark_fundraisings.csv!
[2024-06-26T11:22:00.714+0000] {logging_mixin.py:188} INFO - Dataframe user_bookmark_volunteer_vacancies uploaded successfully as user_bookmark_volunteer_vacancies.csv!
[2024-06-26T11:22:01.426+0000] {logging_mixin.py:188} INFO - Dataframe users uploaded successfully as users.csv!
[2024-06-26T11:22:02.122+0000] {logging_mixin.py:188} INFO - Dataframe volunteers uploaded successfully as volunteers.csv!
[2024-06-26T11:22:02.135+0000] {taskinstance.py:441} INFO - ::group::Post task execution logs
[2024-06-26T11:22:02.161+0000] {taskinstance.py:1206} INFO - Marking task as SUCCESS. dag_id=peduli_pintar_elt_all_dags, task_id=load_firebase, run_id=scheduled__2024-06-25T00:00:00+00:00, execution_date=20240625T000000, start_date=20240626T112146, end_date=20240626T112202
[2024-06-26T11:22:02.220+0000] {local_task_job_runner.py:240} INFO - Task exited with return code 0
[2024-06-26T11:22:02.238+0000] {taskinstance.py:3503} INFO - 0 downstream tasks scheduled from follow-on schedule check
[2024-06-26T11:22:02.241+0000] {local_task_job_runner.py:222} INFO - ::endgroup::
