[2024-06-26T14:12:27.116+0000] {local_task_job_runner.py:120} INFO - ::group::Pre task execution logs
[2024-06-26T14:12:27.154+0000] {taskinstance.py:2076} INFO - Dependencies all met for dep_context=non-requeueable deps ti=<TaskInstance: peduli_pintar_elt_all_dags_v1.load_gbq scheduled__2024-06-23T00:00:00+00:00 [queued]>
[2024-06-26T14:12:27.166+0000] {taskinstance.py:2076} INFO - Dependencies all met for dep_context=requeueable deps ti=<TaskInstance: peduli_pintar_elt_all_dags_v1.load_gbq scheduled__2024-06-23T00:00:00+00:00 [queued]>
[2024-06-26T14:12:27.167+0000] {taskinstance.py:2306} INFO - Starting attempt 1 of 5
[2024-06-26T14:12:27.192+0000] {taskinstance.py:2330} INFO - Executing <Task(LoadGoogleBigQuery): load_gbq> on 2024-06-23 00:00:00+00:00
[2024-06-26T14:12:27.203+0000] {warnings.py:112} WARNING - /home/***/.local/lib/python3.12/site-packages/***/task/task_runner/standard_task_runner.py:61: DeprecationWarning: This process (pid=317) is multi-threaded, use of fork() may lead to deadlocks in the child.
  pid = os.fork()

[2024-06-26T14:12:27.206+0000] {standard_task_runner.py:63} INFO - Started process 322 to run task
[2024-06-26T14:12:27.205+0000] {standard_task_runner.py:90} INFO - Running: ['***', 'tasks', 'run', 'peduli_pintar_elt_all_dags_v1', 'load_gbq', 'scheduled__2024-06-23T00:00:00+00:00', '--job-id', '26', '--raw', '--subdir', 'DAGS_FOLDER/etl_all_dags.py', '--cfg-path', '/tmp/tmpl12ez3p9']
[2024-06-26T14:12:27.209+0000] {standard_task_runner.py:91} INFO - Job 26: Subtask load_gbq
[2024-06-26T14:12:27.267+0000] {task_command.py:426} INFO - Running <TaskInstance: peduli_pintar_elt_all_dags_v1.load_gbq scheduled__2024-06-23T00:00:00+00:00 [running]> on host 7ecff3f83b62
[2024-06-26T14:12:27.372+0000] {taskinstance.py:2648} INFO - Exporting env vars: AIRFLOW_CTX_DAG_OWNER='Kelompok 5 Capstone DE' AIRFLOW_CTX_DAG_ID='peduli_pintar_elt_all_dags_v1' AIRFLOW_CTX_TASK_ID='load_gbq' AIRFLOW_CTX_EXECUTION_DATE='2024-06-23T00:00:00+00:00' AIRFLOW_CTX_TRY_NUMBER='1' AIRFLOW_CTX_DAG_RUN_ID='scheduled__2024-06-23T00:00:00+00:00'
[2024-06-26T14:12:27.374+0000] {taskinstance.py:430} INFO - ::endgroup::
[2024-06-26T14:12:27.535+0000] {connection.py:274} WARNING - Connection schemes (type: google_cloud_platform) shall not contain '_' according to RFC3986.
[2024-06-26T14:12:27.538+0000] {base.py:84} INFO - Using connection ID 'gcp_conn_capstone_de' for task execution.
[2024-06-26T14:12:33.621+0000] {logging_mixin.py:188} INFO - Loaded 105 rows and 9 columns to ***_peduli_pintar_fact_all.fact_donation_transaction
[2024-06-26T14:12:33.629+0000] {connection.py:274} WARNING - Connection schemes (type: google_cloud_platform) shall not contain '_' according to RFC3986.
[2024-06-26T14:12:33.630+0000] {base.py:84} INFO - Using connection ID 'gcp_conn_capstone_de' for task execution.
[2024-06-26T14:12:40.809+0000] {logging_mixin.py:188} INFO - Loaded 133 rows and 6 columns to ***_peduli_pintar_fact_all.fact_volunteer_applications
[2024-06-26T14:12:40.816+0000] {connection.py:274} WARNING - Connection schemes (type: google_cloud_platform) shall not contain '_' according to RFC3986.
[2024-06-26T14:12:40.817+0000] {base.py:84} INFO - Using connection ID 'gcp_conn_capstone_de' for task execution.
[2024-06-26T14:12:48.751+0000] {logging_mixin.py:188} INFO - Loaded 31 rows and 6 columns to ***_peduli_pintar_fact_all.fact_volunteer_testimoni
[2024-06-26T14:12:48.759+0000] {connection.py:274} WARNING - Connection schemes (type: google_cloud_platform) shall not contain '_' according to RFC3986.
[2024-06-26T14:12:48.760+0000] {base.py:84} INFO - Using connection ID 'gcp_conn_capstone_de' for task execution.
[2024-06-26T14:12:55.211+0000] {logging_mixin.py:188} INFO - Loaded 60 rows and 7 columns to ***_peduli_pintar_fact_all.fact_article_popular
[2024-06-26T14:12:55.242+0000] {connection.py:274} WARNING - Connection schemes (type: google_cloud_platform) shall not contain '_' according to RFC3986.
[2024-06-26T14:12:55.244+0000] {base.py:84} INFO - Using connection ID 'gcp_conn_capstone_de' for task execution.
[2024-06-26T14:13:01.902+0000] {logging_mixin.py:188} INFO - Loaded 46 rows and 5 columns to ***_peduli_pintar_fact_all.fact_bookmark_fundraising
[2024-06-26T14:13:01.911+0000] {connection.py:274} WARNING - Connection schemes (type: google_cloud_platform) shall not contain '_' according to RFC3986.
[2024-06-26T14:13:01.912+0000] {base.py:84} INFO - Using connection ID 'gcp_conn_capstone_de' for task execution.
[2024-06-26T14:13:09.158+0000] {logging_mixin.py:188} INFO - Loaded 42 rows and 5 columns to ***_peduli_pintar_fact_all.fact_bookmark_volunteer_vacancies
[2024-06-26T14:13:09.172+0000] {connection.py:274} WARNING - Connection schemes (type: google_cloud_platform) shall not contain '_' according to RFC3986.
[2024-06-26T14:13:09.175+0000] {base.py:84} INFO - Using connection ID 'gcp_conn_capstone_de' for task execution.
[2024-06-26T14:13:15.972+0000] {logging_mixin.py:188} INFO - Loaded 35 rows and 11 columns to ***_peduli_pintar_dim_all.dim_fundraisings
[2024-06-26T14:13:15.981+0000] {connection.py:274} WARNING - Connection schemes (type: google_cloud_platform) shall not contain '_' according to RFC3986.
[2024-06-26T14:13:15.982+0000] {base.py:84} INFO - Using connection ID 'gcp_conn_capstone_de' for task execution.
[2024-06-26T14:13:22.940+0000] {logging_mixin.py:188} INFO - Loaded 4 rows and 3 columns to ***_peduli_pintar_dim_all.dim_fundraising_categories
[2024-06-26T14:13:22.947+0000] {connection.py:274} WARNING - Connection schemes (type: google_cloud_platform) shall not contain '_' according to RFC3986.
[2024-06-26T14:13:22.948+0000] {base.py:84} INFO - Using connection ID 'gcp_conn_capstone_de' for task execution.
[2024-06-26T14:13:30.618+0000] {logging_mixin.py:188} INFO - Loaded 196 rows and 6 columns to ***_peduli_pintar_dim_all.dim_donation_manual
[2024-06-26T14:13:30.626+0000] {connection.py:274} WARNING - Connection schemes (type: google_cloud_platform) shall not contain '_' according to RFC3986.
[2024-06-26T14:13:30.629+0000] {base.py:84} INFO - Using connection ID 'gcp_conn_capstone_de' for task execution.
[2024-06-26T14:13:36.711+0000] {logging_mixin.py:188} INFO - Loaded 15 rows and 11 columns to ***_peduli_pintar_dim_all.dim_organization
[2024-06-26T14:13:36.719+0000] {connection.py:274} WARNING - Connection schemes (type: google_cloud_platform) shall not contain '_' according to RFC3986.
[2024-06-26T14:13:36.720+0000] {base.py:84} INFO - Using connection ID 'gcp_conn_capstone_de' for task execution.
[2024-06-26T14:13:42.816+0000] {logging_mixin.py:188} INFO - Loaded 132 rows and 11 columns to ***_peduli_pintar_dim_all.dim_user
[2024-06-26T14:13:42.822+0000] {connection.py:274} WARNING - Connection schemes (type: google_cloud_platform) shall not contain '_' according to RFC3986.
[2024-06-26T14:13:42.823+0000] {base.py:84} INFO - Using connection ID 'gcp_conn_capstone_de' for task execution.
[2024-06-26T14:13:49.172+0000] {logging_mixin.py:188} INFO - Loaded 133 rows and 8 columns to ***_peduli_pintar_dim_all.dim_volunteer_applictaion
[2024-06-26T14:13:49.180+0000] {connection.py:274} WARNING - Connection schemes (type: google_cloud_platform) shall not contain '_' according to RFC3986.
[2024-06-26T14:13:49.181+0000] {base.py:84} INFO - Using connection ID 'gcp_conn_capstone_de' for task execution.
[2024-06-26T14:13:56.099+0000] {logging_mixin.py:188} INFO - Loaded 22 rows and 14 columns to ***_peduli_pintar_dim_all.dim_volunteer_vacancies
[2024-06-26T14:13:56.106+0000] {connection.py:274} WARNING - Connection schemes (type: google_cloud_platform) shall not contain '_' according to RFC3986.
[2024-06-26T14:13:56.107+0000] {base.py:84} INFO - Using connection ID 'gcp_conn_capstone_de' for task execution.
[2024-06-26T14:14:03.128+0000] {logging_mixin.py:188} INFO - Loaded 31 rows and 5 columns to ***_peduli_pintar_dim_all.dim_testimoni_volunteer
[2024-06-26T14:14:03.143+0000] {connection.py:274} WARNING - Connection schemes (type: google_cloud_platform) shall not contain '_' according to RFC3986.
[2024-06-26T14:14:03.145+0000] {base.py:84} INFO - Using connection ID 'gcp_conn_capstone_de' for task execution.
[2024-06-26T14:14:11.231+0000] {logging_mixin.py:188} INFO - Loaded 28 rows and 7 columns to ***_peduli_pintar_dim_all.dim_article
[2024-06-26T14:14:11.241+0000] {connection.py:274} WARNING - Connection schemes (type: google_cloud_platform) shall not contain '_' according to RFC3986.
[2024-06-26T14:14:11.242+0000] {base.py:84} INFO - Using connection ID 'gcp_conn_capstone_de' for task execution.
[2024-06-26T14:14:18.881+0000] {logging_mixin.py:188} INFO - Loaded 46 rows and 3 columns to ***_peduli_pintar_dim_all.dim_bookmark_fundraising
[2024-06-26T14:14:18.889+0000] {connection.py:274} WARNING - Connection schemes (type: google_cloud_platform) shall not contain '_' according to RFC3986.
[2024-06-26T14:14:18.890+0000] {base.py:84} INFO - Using connection ID 'gcp_conn_capstone_de' for task execution.
[2024-06-26T14:14:24.842+0000] {logging_mixin.py:188} INFO - Loaded 42 rows and 3 columns to ***_peduli_pintar_dim_all.dim_bookmark_volunter_vacancies
[2024-06-26T14:14:24.852+0000] {connection.py:274} WARNING - Connection schemes (type: google_cloud_platform) shall not contain '_' according to RFC3986.
[2024-06-26T14:14:24.854+0000] {base.py:84} INFO - Using connection ID 'gcp_conn_capstone_de' for task execution.
[2024-06-26T14:14:31.726+0000] {logging_mixin.py:188} INFO - Loaded 60 rows and 3 columns to ***_peduli_pintar_dim_all.dim_bookmark_article
[2024-06-26T14:14:31.734+0000] {connection.py:274} WARNING - Connection schemes (type: google_cloud_platform) shall not contain '_' according to RFC3986.
[2024-06-26T14:14:31.736+0000] {base.py:84} INFO - Using connection ID 'gcp_conn_capstone_de' for task execution.
[2024-06-26T14:14:38.399+0000] {logging_mixin.py:188} INFO - Loaded 55 rows and 5 columns to ***_peduli_pintar_dim_all.dim_comments
[2024-06-26T14:14:38.430+0000] {connection.py:274} WARNING - Connection schemes (type: google_cloud_platform) shall not contain '_' according to RFC3986.
[2024-06-26T14:14:38.431+0000] {base.py:84} INFO - Using connection ID 'gcp_conn_capstone_de' for task execution.
[2024-06-26T14:14:44.859+0000] {logging_mixin.py:188} INFO - Loaded 107 rows and 3 columns to ***_peduli_pintar_dim_all.dim_like_comments
[2024-06-26T14:14:44.866+0000] {taskinstance.py:441} INFO - ::group::Post task execution logs
[2024-06-26T14:14:45.336+0000] {taskinstance.py:1206} INFO - Marking task as SUCCESS. dag_id=peduli_pintar_elt_all_dags_v1, task_id=load_gbq, run_id=scheduled__2024-06-23T00:00:00+00:00, execution_date=20240623T000000, start_date=20240626T141227, end_date=20240626T141445
[2024-06-26T14:14:45.613+0000] {local_task_job_runner.py:240} INFO - Task exited with return code 0
[2024-06-26T14:14:45.897+0000] {taskinstance.py:3503} INFO - 0 downstream tasks scheduled from follow-on schedule check
[2024-06-26T14:14:45.901+0000] {local_task_job_runner.py:222} INFO - ::endgroup::
