[2024-06-26T22:41:10.564+0000] {local_task_job_runner.py:120} INFO - ::group::Pre task execution logs
[2024-06-26T22:41:10.600+0000] {taskinstance.py:2076} INFO - Dependencies all met for dep_context=non-requeueable deps ti=<TaskInstance: coba_ds_v7.load_file_local scheduled__2024-06-24T00:00:00+00:00 [queued]>
[2024-06-26T22:41:10.614+0000] {taskinstance.py:2076} INFO - Dependencies all met for dep_context=requeueable deps ti=<TaskInstance: coba_ds_v7.load_file_local scheduled__2024-06-24T00:00:00+00:00 [queued]>
[2024-06-26T22:41:10.615+0000] {taskinstance.py:2306} INFO - Starting attempt 1 of 4
[2024-06-26T22:41:10.639+0000] {taskinstance.py:2330} INFO - Executing <Task(LoadFileLocal): load_file_local> on 2024-06-24 00:00:00+00:00
[2024-06-26T22:41:10.654+0000] {warnings.py:112} WARNING - /home/***/.local/lib/python3.12/site-packages/***/task/task_runner/standard_task_runner.py:61: DeprecationWarning: This process (pid=1284) is multi-threaded, use of fork() may lead to deadlocks in the child.
  pid = os.fork()

[2024-06-26T22:41:10.657+0000] {standard_task_runner.py:63} INFO - Started process 1287 to run task
[2024-06-26T22:41:10.658+0000] {standard_task_runner.py:90} INFO - Running: ['***', 'tasks', 'run', 'coba_ds_v7', 'load_file_local', 'scheduled__2024-06-24T00:00:00+00:00', '--job-id', '99', '--raw', '--subdir', 'DAGS_FOLDER/etl_dags.py', '--cfg-path', '/tmp/tmp3jt77n46']
[2024-06-26T22:41:10.661+0000] {standard_task_runner.py:91} INFO - Job 99: Subtask load_file_local
[2024-06-26T22:41:10.723+0000] {task_command.py:426} INFO - Running <TaskInstance: coba_ds_v7.load_file_local scheduled__2024-06-24T00:00:00+00:00 [running]> on host 7ecff3f83b62
[2024-06-26T22:41:10.823+0000] {taskinstance.py:2648} INFO - Exporting env vars: AIRFLOW_CTX_DAG_OWNER='Kelompok 5 Capstone DE' AIRFLOW_CTX_DAG_ID='coba_ds_v7' AIRFLOW_CTX_TASK_ID='load_file_local' AIRFLOW_CTX_EXECUTION_DATE='2024-06-24T00:00:00+00:00' AIRFLOW_CTX_TRY_NUMBER='1' AIRFLOW_CTX_DAG_RUN_ID='scheduled__2024-06-24T00:00:00+00:00'
[2024-06-26T22:41:10.825+0000] {taskinstance.py:430} INFO - ::endgroup::
[2024-06-26T22:41:10.977+0000] {logging_mixin.py:188} INFO - Data dari tabel 'fact_donation_transaction' telah disimpan ke file 'dags/data_loaded/fact/fact_donation_transaction/20240624_fact_donation_transaction.csv'.
[2024-06-26T22:41:10.988+0000] {logging_mixin.py:188} INFO - Data dari tabel 'fact_volunteer_applications' telah disimpan ke file 'dags/data_loaded/fact/fact_volunteer_applications/20240624_fact_volunteer_applications.csv'.
[2024-06-26T22:41:10.998+0000] {logging_mixin.py:188} INFO - Data dari tabel 'fact_volunteer_testimoni' telah disimpan ke file 'dags/data_loaded/fact/fact_volunteer_testimoni/20240624_fact_volunteer_testimoni.csv'.
[2024-06-26T22:41:11.008+0000] {logging_mixin.py:188} INFO - Data dari tabel 'fact_article_popular' telah disimpan ke file 'dags/data_loaded/fact/fact_article_popular/20240624_fact_article_popular.csv'.
[2024-06-26T22:41:11.019+0000] {logging_mixin.py:188} INFO - Data dari tabel 'fact_bookmark_fundraising' telah disimpan ke file 'dags/data_loaded/fact/fact_bookmark_fundraising/20240624_fact_bookmark_fundraising.csv'.
[2024-06-26T22:41:11.028+0000] {logging_mixin.py:188} INFO - Data dari tabel 'fact_bookmark_volunteer_vacancies' telah disimpan ke file 'dags/data_loaded/fact/fact_bookmark_volunteer_vacancies/20240624_fact_bookmark_volunteer_vacancies.csv'.
[2024-06-26T22:41:11.041+0000] {logging_mixin.py:188} INFO - Data dari tabel 'dim_fundraisings' telah disimpan ke file 'dags/data_loaded/dim/dim_fundraisings/20240624_dim_fundraisings.csv'.
[2024-06-26T22:41:11.044+0000] {logging_mixin.py:188} INFO - DataFrame 'dim_fundraising_categories' kosong. Tidak disimpan ke file CSV.
[2024-06-26T22:41:11.058+0000] {logging_mixin.py:188} INFO - Data dari tabel 'dim_donation_manual' telah disimpan ke file 'dags/data_loaded/dim/dim_donation_manual/20240624_dim_donation_manual.csv'.
[2024-06-26T22:41:11.072+0000] {logging_mixin.py:188} INFO - Data dari tabel 'dim_organization' telah disimpan ke file 'dags/data_loaded/dim/dim_organization/20240624_dim_organization.csv'.
[2024-06-26T22:41:11.091+0000] {logging_mixin.py:188} INFO - Data dari tabel 'dim_user' telah disimpan ke file 'dags/data_loaded/dim/dim_user/20240624_dim_user.csv'.
[2024-06-26T22:41:11.104+0000] {logging_mixin.py:188} INFO - Data dari tabel 'dim_volunteer_applictaion' telah disimpan ke file 'dags/data_loaded/dim/dim_volunteer_applictaion/20240624_dim_volunteer_applictaion.csv'.
[2024-06-26T22:41:11.114+0000] {logging_mixin.py:188} INFO - Data dari tabel 'dim_volunteer_vacancies' telah disimpan ke file 'dags/data_loaded/dim/dim_volunteer_vacancies/20240624_dim_volunteer_vacancies.csv'.
[2024-06-26T22:41:11.134+0000] {logging_mixin.py:188} INFO - Data dari tabel 'dim_testimoni_volunteer' telah disimpan ke file 'dags/data_loaded/dim/dim_testimoni_volunteer/20240624_dim_testimoni_volunteer.csv'.
[2024-06-26T22:41:11.147+0000] {logging_mixin.py:188} INFO - Data dari tabel 'dim_article' telah disimpan ke file 'dags/data_loaded/dim/dim_article/20240624_dim_article.csv'.
[2024-06-26T22:41:11.159+0000] {logging_mixin.py:188} INFO - Data dari tabel 'dim_bookmark_fundraising' telah disimpan ke file 'dags/data_loaded/dim/dim_bookmark_fundraising/20240624_dim_bookmark_fundraising.csv'.
[2024-06-26T22:41:11.192+0000] {logging_mixin.py:188} INFO - Data dari tabel 'dim_bookmark_volunter_vacancies' telah disimpan ke file 'dags/data_loaded/dim/dim_bookmark_volunter_vacancies/20240624_dim_bookmark_volunter_vacancies.csv'.
[2024-06-26T22:41:11.222+0000] {logging_mixin.py:188} INFO - Data dari tabel 'dim_bookmark_article' telah disimpan ke file 'dags/data_loaded/dim/dim_bookmark_article/20240624_dim_bookmark_article.csv'.
[2024-06-26T22:41:11.225+0000] {logging_mixin.py:188} INFO - DataFrame 'dim_comments' kosong. Tidak disimpan ke file CSV.
[2024-06-26T22:41:11.243+0000] {logging_mixin.py:188} INFO - DataFrame 'dim_like_comments' kosong. Tidak disimpan ke file CSV.
[2024-06-26T22:41:11.244+0000] {taskinstance.py:441} INFO - ::group::Post task execution logs
[2024-06-26T22:41:11.286+0000] {taskinstance.py:1206} INFO - Marking task as SUCCESS. dag_id=coba_ds_v7, task_id=load_file_local, run_id=scheduled__2024-06-24T00:00:00+00:00, execution_date=20240624T000000, start_date=20240626T224110, end_date=20240626T224111
[2024-06-26T22:41:11.356+0000] {local_task_job_runner.py:240} INFO - Task exited with return code 0
[2024-06-26T22:41:11.381+0000] {taskinstance.py:3503} INFO - 0 downstream tasks scheduled from follow-on schedule check
[2024-06-26T22:41:11.385+0000] {local_task_job_runner.py:222} INFO - ::endgroup::
