[2024-06-26T14:21:00.640+0000] {local_task_job_runner.py:120} INFO - ::group::Pre task execution logs
[2024-06-26T14:21:00.669+0000] {taskinstance.py:2076} INFO - Dependencies all met for dep_context=non-requeueable deps ti=<TaskInstance: peduli_pintar_elt_all_dags_v2.load_db_local scheduled__2024-06-23T00:00:00+00:00 [queued]>
[2024-06-26T14:21:00.683+0000] {taskinstance.py:2076} INFO - Dependencies all met for dep_context=requeueable deps ti=<TaskInstance: peduli_pintar_elt_all_dags_v2.load_db_local scheduled__2024-06-23T00:00:00+00:00 [queued]>
[2024-06-26T14:21:00.684+0000] {taskinstance.py:2306} INFO - Starting attempt 1 of 5
[2024-06-26T14:21:00.701+0000] {taskinstance.py:2330} INFO - Executing <Task(LoadDatabaseLocal): load_db_local> on 2024-06-23 00:00:00+00:00
[2024-06-26T14:21:00.724+0000] {warnings.py:112} WARNING - /home/***/.local/lib/python3.12/site-packages/***/task/task_runner/standard_task_runner.py:61: DeprecationWarning: This process (pid=470) is multi-threaded, use of fork() may lead to deadlocks in the child.
  pid = os.fork()

[2024-06-26T14:21:00.726+0000] {standard_task_runner.py:63} INFO - Started process 474 to run task
[2024-06-26T14:21:00.726+0000] {standard_task_runner.py:90} INFO - Running: ['***', 'tasks', 'run', 'peduli_pintar_elt_all_dags_v2', 'load_db_local', 'scheduled__2024-06-23T00:00:00+00:00', '--job-id', '40', '--raw', '--subdir', 'DAGS_FOLDER/etl_all_dags.py', '--cfg-path', '/tmp/tmp1dl953zr']
[2024-06-26T14:21:00.729+0000] {standard_task_runner.py:91} INFO - Job 40: Subtask load_db_local
[2024-06-26T14:21:00.790+0000] {task_command.py:426} INFO - Running <TaskInstance: peduli_pintar_elt_all_dags_v2.load_db_local scheduled__2024-06-23T00:00:00+00:00 [running]> on host 7ecff3f83b62
[2024-06-26T14:21:00.886+0000] {taskinstance.py:2648} INFO - Exporting env vars: AIRFLOW_CTX_DAG_OWNER='Kelompok 5 Capstone DE' AIRFLOW_CTX_DAG_ID='peduli_pintar_elt_all_dags_v2' AIRFLOW_CTX_TASK_ID='load_db_local' AIRFLOW_CTX_EXECUTION_DATE='2024-06-23T00:00:00+00:00' AIRFLOW_CTX_TRY_NUMBER='1' AIRFLOW_CTX_DAG_RUN_ID='scheduled__2024-06-23T00:00:00+00:00'
[2024-06-26T14:21:00.888+0000] {taskinstance.py:430} INFO - ::endgroup::
[2024-06-26T14:21:00.913+0000] {base.py:84} INFO - Using connection ID 'mysql_default' for task execution.
[2024-06-26T14:21:00.965+0000] {etl_all_operator.py:382} INFO - Connected to MySQL database 'peduli_pintar' on server 'IkaPurwanti'
[2024-06-26T14:21:00.967+0000] {etl_all_operator.py:388} INFO - Connection to MySQL with connection ID 'mysql_default' is successful.
[2024-06-26T14:21:00.968+0000] {etl_all_operator.py:507} INFO - Connection DB sukses!!!
[2024-06-26T14:21:01.093+0000] {base.py:84} INFO - Using connection ID 'mysql_default' for task execution.
[2024-06-26T14:21:03.703+0000] {etl_all_operator.py:495} INFO - Data berhasil disimpan ke tabel-tabel dalam database 'peduli_pintar'.
[2024-06-26T14:21:03.704+0000] {etl_all_operator.py:517} INFO - Data insertion completed successfully.
[2024-06-26T14:21:03.705+0000] {taskinstance.py:441} INFO - ::group::Post task execution logs
[2024-06-26T14:21:03.717+0000] {taskinstance.py:1206} INFO - Marking task as SUCCESS. dag_id=peduli_pintar_elt_all_dags_v2, task_id=load_db_local, run_id=scheduled__2024-06-23T00:00:00+00:00, execution_date=20240623T000000, start_date=20240626T142100, end_date=20240626T142103
[2024-06-26T14:21:03.758+0000] {local_task_job_runner.py:240} INFO - Task exited with return code 0
[2024-06-26T14:21:03.777+0000] {taskinstance.py:3503} INFO - 0 downstream tasks scheduled from follow-on schedule check
[2024-06-26T14:21:03.780+0000] {local_task_job_runner.py:222} INFO - ::endgroup::
