[2024-06-24T00:00:10.548+0000] {processor.py:161} INFO - Started process (PID=343) to work on /opt/airflow/dags/custom_operator/etl_all_operator.py
[2024-06-24T00:00:10.562+0000] {processor.py:830} INFO - Processing file /opt/airflow/dags/custom_operator/etl_all_operator.py for tasks to queue
[2024-06-24T00:00:10.575+0000] {logging_mixin.py:188} INFO - [2024-06-24T00:00:10.572+0000] {dagbag.py:545} INFO - Filling up the DagBag from /opt/airflow/dags/custom_operator/etl_all_operator.py
[2024-06-24T00:00:18.589+0000] {processor.py:842} WARNING - No viable dags retrieved from /opt/airflow/dags/custom_operator/etl_all_operator.py
[2024-06-24T00:00:18.641+0000] {processor.py:183} INFO - Processing /opt/airflow/dags/custom_operator/etl_all_operator.py took 8.167 seconds
[2024-06-24T00:00:49.617+0000] {processor.py:161} INFO - Started process (PID=366) to work on /opt/airflow/dags/custom_operator/etl_all_operator.py
[2024-06-24T00:00:49.639+0000] {processor.py:830} INFO - Processing file /opt/airflow/dags/custom_operator/etl_all_operator.py for tasks to queue
[2024-06-24T00:00:49.651+0000] {logging_mixin.py:188} INFO - [2024-06-24T00:00:49.648+0000] {dagbag.py:545} INFO - Filling up the DagBag from /opt/airflow/dags/custom_operator/etl_all_operator.py
[2024-06-24T00:00:59.519+0000] {processor.py:842} WARNING - No viable dags retrieved from /opt/airflow/dags/custom_operator/etl_all_operator.py
[2024-06-24T00:00:59.605+0000] {processor.py:183} INFO - Processing /opt/airflow/dags/custom_operator/etl_all_operator.py took 10.026 seconds
[2024-06-24T00:01:30.662+0000] {processor.py:161} INFO - Started process (PID=379) to work on /opt/airflow/dags/custom_operator/etl_all_operator.py
[2024-06-24T00:01:30.671+0000] {processor.py:830} INFO - Processing file /opt/airflow/dags/custom_operator/etl_all_operator.py for tasks to queue
[2024-06-24T00:01:30.676+0000] {logging_mixin.py:188} INFO - [2024-06-24T00:01:30.673+0000] {dagbag.py:545} INFO - Filling up the DagBag from /opt/airflow/dags/custom_operator/etl_all_operator.py
[2024-06-24T00:02:01.585+0000] {logging_mixin.py:188} INFO - [2024-06-24T00:02:01.327+0000] {timeout.py:68} ERROR - Process timed out, PID: 379
[2024-06-24T00:04:11.873+0000] {processor.py:161} INFO - Started process (PID=405) to work on /opt/airflow/dags/custom_operator/etl_all_operator.py
[2024-06-24T00:04:11.883+0000] {processor.py:830} INFO - Processing file /opt/airflow/dags/custom_operator/etl_all_operator.py for tasks to queue
[2024-06-24T00:04:11.891+0000] {logging_mixin.py:188} INFO - [2024-06-24T00:04:11.889+0000] {dagbag.py:545} INFO - Filling up the DagBag from /opt/airflow/dags/custom_operator/etl_all_operator.py
[2024-06-24T00:06:38.107+0000] {processor.py:161} INFO - Started process (PID=434) to work on /opt/airflow/dags/custom_operator/etl_all_operator.py
[2024-06-24T00:06:38.110+0000] {processor.py:830} INFO - Processing file /opt/airflow/dags/custom_operator/etl_all_operator.py for tasks to queue
[2024-06-24T00:06:38.112+0000] {logging_mixin.py:188} INFO - [2024-06-24T00:06:38.111+0000] {dagbag.py:545} INFO - Filling up the DagBag from /opt/airflow/dags/custom_operator/etl_all_operator.py
[2024-06-24T00:07:36.981+0000] {logging_mixin.py:188} INFO - [2024-06-24T00:07:21.253+0000] {timeout.py:68} ERROR - Process timed out, PID: 434
[2024-06-24T00:08:59.259+0000] {processor.py:161} INFO - Started process (PID=455) to work on /opt/airflow/dags/custom_operator/etl_all_operator.py
[2024-06-24T00:08:59.293+0000] {processor.py:830} INFO - Processing file /opt/airflow/dags/custom_operator/etl_all_operator.py for tasks to queue
[2024-06-24T00:08:59.304+0000] {logging_mixin.py:188} INFO - [2024-06-24T00:08:59.303+0000] {dagbag.py:545} INFO - Filling up the DagBag from /opt/airflow/dags/custom_operator/etl_all_operator.py
[2024-06-24T00:09:06.936+0000] {processor.py:842} WARNING - No viable dags retrieved from /opt/airflow/dags/custom_operator/etl_all_operator.py
[2024-06-24T00:09:06.956+0000] {processor.py:183} INFO - Processing /opt/airflow/dags/custom_operator/etl_all_operator.py took 7.733 seconds
[2024-06-24T00:09:37.117+0000] {processor.py:161} INFO - Started process (PID=469) to work on /opt/airflow/dags/custom_operator/etl_all_operator.py
[2024-06-24T00:09:37.119+0000] {processor.py:830} INFO - Processing file /opt/airflow/dags/custom_operator/etl_all_operator.py for tasks to queue
[2024-06-24T00:09:37.120+0000] {logging_mixin.py:188} INFO - [2024-06-24T00:09:37.120+0000] {dagbag.py:545} INFO - Filling up the DagBag from /opt/airflow/dags/custom_operator/etl_all_operator.py
[2024-06-24T00:09:38.021+0000] {processor.py:842} WARNING - No viable dags retrieved from /opt/airflow/dags/custom_operator/etl_all_operator.py
[2024-06-24T00:09:38.036+0000] {processor.py:183} INFO - Processing /opt/airflow/dags/custom_operator/etl_all_operator.py took 0.928 seconds
[2024-06-24T00:10:08.323+0000] {processor.py:161} INFO - Started process (PID=483) to work on /opt/airflow/dags/custom_operator/etl_all_operator.py
[2024-06-24T00:10:08.325+0000] {processor.py:830} INFO - Processing file /opt/airflow/dags/custom_operator/etl_all_operator.py for tasks to queue
[2024-06-24T00:10:08.327+0000] {logging_mixin.py:188} INFO - [2024-06-24T00:10:08.326+0000] {dagbag.py:545} INFO - Filling up the DagBag from /opt/airflow/dags/custom_operator/etl_all_operator.py
[2024-06-24T00:10:10.263+0000] {processor.py:842} WARNING - No viable dags retrieved from /opt/airflow/dags/custom_operator/etl_all_operator.py
[2024-06-24T00:10:10.287+0000] {processor.py:183} INFO - Processing /opt/airflow/dags/custom_operator/etl_all_operator.py took 1.973 seconds
[2024-06-24T00:10:40.536+0000] {processor.py:161} INFO - Started process (PID=497) to work on /opt/airflow/dags/custom_operator/etl_all_operator.py
[2024-06-24T00:10:40.540+0000] {processor.py:830} INFO - Processing file /opt/airflow/dags/custom_operator/etl_all_operator.py for tasks to queue
[2024-06-24T00:10:40.546+0000] {logging_mixin.py:188} INFO - [2024-06-24T00:10:40.545+0000] {dagbag.py:545} INFO - Filling up the DagBag from /opt/airflow/dags/custom_operator/etl_all_operator.py
[2024-06-24T00:10:43.123+0000] {processor.py:842} WARNING - No viable dags retrieved from /opt/airflow/dags/custom_operator/etl_all_operator.py
[2024-06-24T00:10:43.182+0000] {processor.py:183} INFO - Processing /opt/airflow/dags/custom_operator/etl_all_operator.py took 2.667 seconds
[2024-06-24T00:11:15.350+0000] {processor.py:161} INFO - Started process (PID=512) to work on /opt/airflow/dags/custom_operator/etl_all_operator.py
[2024-06-24T00:11:15.352+0000] {processor.py:830} INFO - Processing file /opt/airflow/dags/custom_operator/etl_all_operator.py for tasks to queue
[2024-06-24T00:11:15.357+0000] {logging_mixin.py:188} INFO - [2024-06-24T00:11:15.355+0000] {dagbag.py:545} INFO - Filling up the DagBag from /opt/airflow/dags/custom_operator/etl_all_operator.py
[2024-06-24T00:11:16.990+0000] {processor.py:842} WARNING - No viable dags retrieved from /opt/airflow/dags/custom_operator/etl_all_operator.py
[2024-06-24T00:11:17.028+0000] {processor.py:183} INFO - Processing /opt/airflow/dags/custom_operator/etl_all_operator.py took 1.691 seconds
[2024-06-24T00:11:55.114+0000] {processor.py:161} INFO - Started process (PID=532) to work on /opt/airflow/dags/custom_operator/etl_all_operator.py
[2024-06-24T00:11:55.117+0000] {processor.py:830} INFO - Processing file /opt/airflow/dags/custom_operator/etl_all_operator.py for tasks to queue
[2024-06-24T00:11:55.118+0000] {logging_mixin.py:188} INFO - [2024-06-24T00:11:55.117+0000] {dagbag.py:545} INFO - Filling up the DagBag from /opt/airflow/dags/custom_operator/etl_all_operator.py
[2024-06-24T00:11:56.253+0000] {processor.py:842} WARNING - No viable dags retrieved from /opt/airflow/dags/custom_operator/etl_all_operator.py
[2024-06-24T00:11:56.271+0000] {processor.py:183} INFO - Processing /opt/airflow/dags/custom_operator/etl_all_operator.py took 1.169 seconds
[2024-06-24T00:12:26.890+0000] {processor.py:161} INFO - Started process (PID=546) to work on /opt/airflow/dags/custom_operator/etl_all_operator.py
[2024-06-24T00:12:26.892+0000] {processor.py:830} INFO - Processing file /opt/airflow/dags/custom_operator/etl_all_operator.py for tasks to queue
[2024-06-24T00:12:26.893+0000] {logging_mixin.py:188} INFO - [2024-06-24T00:12:26.893+0000] {dagbag.py:545} INFO - Filling up the DagBag from /opt/airflow/dags/custom_operator/etl_all_operator.py
[2024-06-24T00:12:27.835+0000] {processor.py:842} WARNING - No viable dags retrieved from /opt/airflow/dags/custom_operator/etl_all_operator.py
[2024-06-24T00:12:27.855+0000] {processor.py:183} INFO - Processing /opt/airflow/dags/custom_operator/etl_all_operator.py took 0.973 seconds
[2024-06-24T00:12:32.178+0000] {processor.py:161} INFO - Started process (PID=548) to work on /opt/airflow/dags/custom_operator/etl_all_operator.py
[2024-06-24T00:12:32.180+0000] {processor.py:830} INFO - Processing file /opt/airflow/dags/custom_operator/etl_all_operator.py for tasks to queue
[2024-06-24T00:12:32.182+0000] {logging_mixin.py:188} INFO - [2024-06-24T00:12:32.181+0000] {dagbag.py:545} INFO - Filling up the DagBag from /opt/airflow/dags/custom_operator/etl_all_operator.py
[2024-06-24T00:12:34.891+0000] {processor.py:842} WARNING - No viable dags retrieved from /opt/airflow/dags/custom_operator/etl_all_operator.py
[2024-06-24T00:12:34.921+0000] {processor.py:183} INFO - Processing /opt/airflow/dags/custom_operator/etl_all_operator.py took 2.759 seconds
[2024-06-24T00:12:35.479+0000] {processor.py:161} INFO - Started process (PID=550) to work on /opt/airflow/dags/custom_operator/etl_all_operator.py
[2024-06-24T00:12:35.481+0000] {processor.py:830} INFO - Processing file /opt/airflow/dags/custom_operator/etl_all_operator.py for tasks to queue
[2024-06-24T00:12:35.483+0000] {logging_mixin.py:188} INFO - [2024-06-24T00:12:35.482+0000] {dagbag.py:545} INFO - Filling up the DagBag from /opt/airflow/dags/custom_operator/etl_all_operator.py
[2024-06-24T00:12:36.696+0000] {processor.py:842} WARNING - No viable dags retrieved from /opt/airflow/dags/custom_operator/etl_all_operator.py
[2024-06-24T00:12:36.716+0000] {processor.py:183} INFO - Processing /opt/airflow/dags/custom_operator/etl_all_operator.py took 1.247 seconds
[2024-06-24T00:12:43.699+0000] {processor.py:161} INFO - Started process (PID=552) to work on /opt/airflow/dags/custom_operator/etl_all_operator.py
[2024-06-24T00:12:43.701+0000] {processor.py:830} INFO - Processing file /opt/airflow/dags/custom_operator/etl_all_operator.py for tasks to queue
[2024-06-24T00:12:43.704+0000] {logging_mixin.py:188} INFO - [2024-06-24T00:12:43.703+0000] {dagbag.py:545} INFO - Filling up the DagBag from /opt/airflow/dags/custom_operator/etl_all_operator.py
[2024-06-24T00:12:45.008+0000] {processor.py:842} WARNING - No viable dags retrieved from /opt/airflow/dags/custom_operator/etl_all_operator.py
[2024-06-24T00:12:45.046+0000] {processor.py:183} INFO - Processing /opt/airflow/dags/custom_operator/etl_all_operator.py took 1.361 seconds
[2024-06-24T00:12:54.213+0000] {processor.py:161} INFO - Started process (PID=560) to work on /opt/airflow/dags/custom_operator/etl_all_operator.py
[2024-06-24T00:12:54.217+0000] {processor.py:830} INFO - Processing file /opt/airflow/dags/custom_operator/etl_all_operator.py for tasks to queue
[2024-06-24T00:12:54.220+0000] {logging_mixin.py:188} INFO - [2024-06-24T00:12:54.219+0000] {dagbag.py:545} INFO - Filling up the DagBag from /opt/airflow/dags/custom_operator/etl_all_operator.py
[2024-06-24T00:12:56.577+0000] {processor.py:842} WARNING - No viable dags retrieved from /opt/airflow/dags/custom_operator/etl_all_operator.py
[2024-06-24T00:12:57.661+0000] {processor.py:183} INFO - Processing /opt/airflow/dags/custom_operator/etl_all_operator.py took 3.466 seconds
[2024-06-24T00:13:03.050+0000] {processor.py:161} INFO - Started process (PID=568) to work on /opt/airflow/dags/custom_operator/etl_all_operator.py
[2024-06-24T00:13:03.052+0000] {processor.py:830} INFO - Processing file /opt/airflow/dags/custom_operator/etl_all_operator.py for tasks to queue
[2024-06-24T00:13:03.054+0000] {logging_mixin.py:188} INFO - [2024-06-24T00:13:03.053+0000] {dagbag.py:545} INFO - Filling up the DagBag from /opt/airflow/dags/custom_operator/etl_all_operator.py
[2024-06-24T00:13:04.580+0000] {processor.py:842} WARNING - No viable dags retrieved from /opt/airflow/dags/custom_operator/etl_all_operator.py
[2024-06-24T00:13:04.594+0000] {processor.py:183} INFO - Processing /opt/airflow/dags/custom_operator/etl_all_operator.py took 1.554 seconds
[2024-06-24T00:13:08.600+0000] {processor.py:161} INFO - Started process (PID=570) to work on /opt/airflow/dags/custom_operator/etl_all_operator.py
[2024-06-24T00:13:08.601+0000] {processor.py:830} INFO - Processing file /opt/airflow/dags/custom_operator/etl_all_operator.py for tasks to queue
[2024-06-24T00:13:08.603+0000] {logging_mixin.py:188} INFO - [2024-06-24T00:13:08.602+0000] {dagbag.py:545} INFO - Filling up the DagBag from /opt/airflow/dags/custom_operator/etl_all_operator.py
[2024-06-24T00:13:09.734+0000] {processor.py:842} WARNING - No viable dags retrieved from /opt/airflow/dags/custom_operator/etl_all_operator.py
[2024-06-24T00:13:09.773+0000] {processor.py:183} INFO - Processing /opt/airflow/dags/custom_operator/etl_all_operator.py took 1.181 seconds
[2024-06-24T00:13:11.252+0000] {processor.py:161} INFO - Started process (PID=572) to work on /opt/airflow/dags/custom_operator/etl_all_operator.py
[2024-06-24T00:13:11.264+0000] {processor.py:830} INFO - Processing file /opt/airflow/dags/custom_operator/etl_all_operator.py for tasks to queue
[2024-06-24T00:13:11.268+0000] {logging_mixin.py:188} INFO - [2024-06-24T00:13:11.267+0000] {dagbag.py:545} INFO - Filling up the DagBag from /opt/airflow/dags/custom_operator/etl_all_operator.py
[2024-06-24T00:13:16.745+0000] {processor.py:842} WARNING - No viable dags retrieved from /opt/airflow/dags/custom_operator/etl_all_operator.py
[2024-06-24T00:13:16.816+0000] {processor.py:183} INFO - Processing /opt/airflow/dags/custom_operator/etl_all_operator.py took 5.607 seconds
[2024-06-24T00:13:20.798+0000] {processor.py:161} INFO - Started process (PID=574) to work on /opt/airflow/dags/custom_operator/etl_all_operator.py
[2024-06-24T00:13:20.810+0000] {processor.py:830} INFO - Processing file /opt/airflow/dags/custom_operator/etl_all_operator.py for tasks to queue
[2024-06-24T00:13:20.840+0000] {logging_mixin.py:188} INFO - [2024-06-24T00:13:20.834+0000] {dagbag.py:545} INFO - Filling up the DagBag from /opt/airflow/dags/custom_operator/etl_all_operator.py
[2024-06-24T00:13:38.758+0000] {processor.py:842} WARNING - No viable dags retrieved from /opt/airflow/dags/custom_operator/etl_all_operator.py
[2024-06-24T00:13:39.984+0000] {processor.py:183} INFO - Processing /opt/airflow/dags/custom_operator/etl_all_operator.py took 19.337 seconds
[2024-06-24T00:14:02.218+0000] {processor.py:161} INFO - Started process (PID=595) to work on /opt/airflow/dags/custom_operator/etl_all_operator.py
[2024-06-24T00:14:02.222+0000] {processor.py:830} INFO - Processing file /opt/airflow/dags/custom_operator/etl_all_operator.py for tasks to queue
[2024-06-24T00:14:02.233+0000] {logging_mixin.py:188} INFO - [2024-06-24T00:14:02.223+0000] {dagbag.py:545} INFO - Filling up the DagBag from /opt/airflow/dags/custom_operator/etl_all_operator.py
[2024-06-24T00:14:02.702+0000] {logging_mixin.py:188} INFO - [2024-06-24T00:14:02.691+0000] {dagbag.py:355} ERROR - Failed to import: /opt/airflow/dags/custom_operator/etl_all_operator.py
Traceback (most recent call last):
  File "/home/airflow/.local/lib/python3.12/site-packages/airflow/models/dagbag.py", line 351, in parse
    loader.exec_module(new_module)
  File "<frozen importlib._bootstrap_external>", line 991, in exec_module
  File "<frozen importlib._bootstrap_external>", line 1129, in get_code
  File "<frozen importlib._bootstrap_external>", line 1059, in source_to_code
  File "<frozen importlib._bootstrap>", line 488, in _call_with_frames_removed
  File "/opt/airflow/dags/custom_operator/etl_all_operator.py", line 401
    table_name_drops = [""fact_donation_transaction", "fact_volunteer_applications", "fact_volunteer_testimoni", "fact_article_popular", "fact_bookmark_fundraising", "fact_bookmark_volunteer_vacancies""]
                        ^^^^^^^^^^^^^^^^^^^^^^^^^^^
SyntaxError: invalid syntax. Perhaps you forgot a comma?
[2024-06-24T00:14:02.705+0000] {processor.py:842} WARNING - No viable dags retrieved from /opt/airflow/dags/custom_operator/etl_all_operator.py
[2024-06-24T00:14:02.869+0000] {processor.py:183} INFO - Processing /opt/airflow/dags/custom_operator/etl_all_operator.py took 0.679 seconds
[2024-06-24T00:14:03.508+0000] {processor.py:161} INFO - Started process (PID=596) to work on /opt/airflow/dags/custom_operator/etl_all_operator.py
[2024-06-24T00:14:03.510+0000] {processor.py:830} INFO - Processing file /opt/airflow/dags/custom_operator/etl_all_operator.py for tasks to queue
[2024-06-24T00:14:03.515+0000] {logging_mixin.py:188} INFO - [2024-06-24T00:14:03.513+0000] {dagbag.py:545} INFO - Filling up the DagBag from /opt/airflow/dags/custom_operator/etl_all_operator.py
[2024-06-24T00:14:03.671+0000] {logging_mixin.py:188} INFO - [2024-06-24T00:14:03.668+0000] {dagbag.py:355} ERROR - Failed to import: /opt/airflow/dags/custom_operator/etl_all_operator.py
Traceback (most recent call last):
  File "/home/airflow/.local/lib/python3.12/site-packages/airflow/models/dagbag.py", line 351, in parse
    loader.exec_module(new_module)
  File "<frozen importlib._bootstrap_external>", line 991, in exec_module
  File "<frozen importlib._bootstrap_external>", line 1129, in get_code
  File "<frozen importlib._bootstrap_external>", line 1059, in source_to_code
  File "<frozen importlib._bootstrap>", line 488, in _call_with_frames_removed
  File "/opt/airflow/dags/custom_operator/etl_all_operator.py", line 401
    table_name_drops = [""fact_donation_transaction", "fact_volunteer_applications", "fact_volunteer_testimoni", "fact_article_popular", "fact_bookmark_fundraising", "fact_bookmark_volunteer_vacancies"]
                                                                                                                                                                                                        ^
SyntaxError: unterminated string literal (detected at line 401)
[2024-06-24T00:14:03.672+0000] {processor.py:842} WARNING - No viable dags retrieved from /opt/airflow/dags/custom_operator/etl_all_operator.py
[2024-06-24T00:14:03.732+0000] {processor.py:183} INFO - Processing /opt/airflow/dags/custom_operator/etl_all_operator.py took 0.239 seconds
[2024-06-24T00:14:05.936+0000] {processor.py:161} INFO - Started process (PID=597) to work on /opt/airflow/dags/custom_operator/etl_all_operator.py
[2024-06-24T00:14:05.941+0000] {processor.py:830} INFO - Processing file /opt/airflow/dags/custom_operator/etl_all_operator.py for tasks to queue
[2024-06-24T00:14:05.945+0000] {logging_mixin.py:188} INFO - [2024-06-24T00:14:05.944+0000] {dagbag.py:545} INFO - Filling up the DagBag from /opt/airflow/dags/custom_operator/etl_all_operator.py
[2024-06-24T00:14:07.109+0000] {processor.py:842} WARNING - No viable dags retrieved from /opt/airflow/dags/custom_operator/etl_all_operator.py
[2024-06-24T00:14:07.128+0000] {processor.py:183} INFO - Processing /opt/airflow/dags/custom_operator/etl_all_operator.py took 1.206 seconds
[2024-06-24T00:14:20.263+0000] {processor.py:161} INFO - Started process (PID=599) to work on /opt/airflow/dags/custom_operator/etl_all_operator.py
[2024-06-24T00:14:20.266+0000] {processor.py:830} INFO - Processing file /opt/airflow/dags/custom_operator/etl_all_operator.py for tasks to queue
[2024-06-24T00:14:20.268+0000] {logging_mixin.py:188} INFO - [2024-06-24T00:14:20.267+0000] {dagbag.py:545} INFO - Filling up the DagBag from /opt/airflow/dags/custom_operator/etl_all_operator.py
[2024-06-24T00:14:22.298+0000] {processor.py:842} WARNING - No viable dags retrieved from /opt/airflow/dags/custom_operator/etl_all_operator.py
[2024-06-24T00:14:22.401+0000] {processor.py:183} INFO - Processing /opt/airflow/dags/custom_operator/etl_all_operator.py took 2.150 seconds
[2024-06-24T00:14:52.993+0000] {processor.py:161} INFO - Started process (PID=614) to work on /opt/airflow/dags/custom_operator/etl_all_operator.py
[2024-06-24T00:14:52.995+0000] {processor.py:830} INFO - Processing file /opt/airflow/dags/custom_operator/etl_all_operator.py for tasks to queue
[2024-06-24T00:14:52.999+0000] {logging_mixin.py:188} INFO - [2024-06-24T00:14:52.998+0000] {dagbag.py:545} INFO - Filling up the DagBag from /opt/airflow/dags/custom_operator/etl_all_operator.py
[2024-06-24T00:14:55.126+0000] {processor.py:842} WARNING - No viable dags retrieved from /opt/airflow/dags/custom_operator/etl_all_operator.py
[2024-06-24T00:14:55.152+0000] {processor.py:183} INFO - Processing /opt/airflow/dags/custom_operator/etl_all_operator.py took 2.176 seconds
[2024-06-24T00:15:26.023+0000] {processor.py:161} INFO - Started process (PID=634) to work on /opt/airflow/dags/custom_operator/etl_all_operator.py
[2024-06-24T00:15:26.025+0000] {processor.py:830} INFO - Processing file /opt/airflow/dags/custom_operator/etl_all_operator.py for tasks to queue
[2024-06-24T00:15:26.030+0000] {logging_mixin.py:188} INFO - [2024-06-24T00:15:26.029+0000] {dagbag.py:545} INFO - Filling up the DagBag from /opt/airflow/dags/custom_operator/etl_all_operator.py
[2024-06-24T00:15:28.341+0000] {processor.py:842} WARNING - No viable dags retrieved from /opt/airflow/dags/custom_operator/etl_all_operator.py
[2024-06-24T00:15:28.365+0000] {processor.py:183} INFO - Processing /opt/airflow/dags/custom_operator/etl_all_operator.py took 2.371 seconds
[2024-06-24T00:16:02.248+0000] {processor.py:161} INFO - Started process (PID=648) to work on /opt/airflow/dags/custom_operator/etl_all_operator.py
[2024-06-24T00:16:02.261+0000] {processor.py:830} INFO - Processing file /opt/airflow/dags/custom_operator/etl_all_operator.py for tasks to queue
[2024-06-24T00:16:02.288+0000] {logging_mixin.py:188} INFO - [2024-06-24T00:16:02.275+0000] {dagbag.py:545} INFO - Filling up the DagBag from /opt/airflow/dags/custom_operator/etl_all_operator.py
[2024-06-24T00:16:35.350+0000] {logging_mixin.py:188} INFO - [2024-06-24T00:16:35.329+0000] {timeout.py:68} ERROR - Process timed out, PID: 648
[2024-06-24T00:17:19.836+0000] {processor.py:161} INFO - Started process (PID=662) to work on /opt/airflow/dags/custom_operator/etl_all_operator.py
[2024-06-24T00:17:19.868+0000] {processor.py:830} INFO - Processing file /opt/airflow/dags/custom_operator/etl_all_operator.py for tasks to queue
[2024-06-24T00:17:19.885+0000] {logging_mixin.py:188} INFO - [2024-06-24T00:17:19.884+0000] {dagbag.py:545} INFO - Filling up the DagBag from /opt/airflow/dags/custom_operator/etl_all_operator.py
[2024-06-24T00:17:42.988+0000] {processor.py:842} WARNING - No viable dags retrieved from /opt/airflow/dags/custom_operator/etl_all_operator.py
[2024-06-24T00:17:55.910+0000] {processor.py:186} ERROR - Got an exception! Propagating...
Traceback (most recent call last):
  File "/home/airflow/.local/lib/python3.12/site-packages/sqlalchemy/engine/base.py", line 3371, in _wrap_pool_connect
    return fn()
           ^^^^
  File "/home/airflow/.local/lib/python3.12/site-packages/sqlalchemy/pool/base.py", line 327, in connect
    return _ConnectionFairy._checkout(self)
           ^^^^^^^^^^^^^^^^^^^^^^^^^^^^^^^^
  File "/home/airflow/.local/lib/python3.12/site-packages/sqlalchemy/pool/base.py", line 894, in _checkout
    fairy = _ConnectionRecord.checkout(pool)
            ^^^^^^^^^^^^^^^^^^^^^^^^^^^^^^^^
  File "/home/airflow/.local/lib/python3.12/site-packages/sqlalchemy/pool/base.py", line 493, in checkout
    rec = pool._do_get()
          ^^^^^^^^^^^^^^
  File "/home/airflow/.local/lib/python3.12/site-packages/sqlalchemy/pool/impl.py", line 145, in _do_get
    with util.safe_reraise():
  File "/home/airflow/.local/lib/python3.12/site-packages/sqlalchemy/util/langhelpers.py", line 70, in __exit__
    compat.raise_(
  File "/home/airflow/.local/lib/python3.12/site-packages/sqlalchemy/util/compat.py", line 211, in raise_
    raise exception
  File "/home/airflow/.local/lib/python3.12/site-packages/sqlalchemy/pool/impl.py", line 143, in _do_get
    return self._create_connection()
           ^^^^^^^^^^^^^^^^^^^^^^^^^
  File "/home/airflow/.local/lib/python3.12/site-packages/sqlalchemy/pool/base.py", line 273, in _create_connection
    return _ConnectionRecord(self)
           ^^^^^^^^^^^^^^^^^^^^^^^
  File "/home/airflow/.local/lib/python3.12/site-packages/sqlalchemy/pool/base.py", line 388, in __init__
    self.__connect()
  File "/home/airflow/.local/lib/python3.12/site-packages/sqlalchemy/pool/base.py", line 690, in __connect
    with util.safe_reraise():
  File "/home/airflow/.local/lib/python3.12/site-packages/sqlalchemy/util/langhelpers.py", line 70, in __exit__
    compat.raise_(
  File "/home/airflow/.local/lib/python3.12/site-packages/sqlalchemy/util/compat.py", line 211, in raise_
    raise exception
  File "/home/airflow/.local/lib/python3.12/site-packages/sqlalchemy/pool/base.py", line 686, in __connect
    self.dbapi_connection = connection = pool._invoke_creator(self)
                                         ^^^^^^^^^^^^^^^^^^^^^^^^^^
  File "/home/airflow/.local/lib/python3.12/site-packages/sqlalchemy/engine/create.py", line 574, in connect
    return dialect.connect(*cargs, **cparams)
           ^^^^^^^^^^^^^^^^^^^^^^^^^^^^^^^^^^
  File "/home/airflow/.local/lib/python3.12/site-packages/sqlalchemy/engine/default.py", line 598, in connect
    return self.dbapi.connect(*cargs, **cparams)
           ^^^^^^^^^^^^^^^^^^^^^^^^^^^^^^^^^^^^^
  File "/home/airflow/.local/lib/python3.12/site-packages/psycopg2/__init__.py", line 122, in connect
    conn = _connect(dsn, connection_factory=connection_factory, **kwasync)
           ^^^^^^^^^^^^^^^^^^^^^^^^^^^^^^^^^^^^^^^^^^^^^^^^^^^^^^^^^^^^^^^
psycopg2.OperationalError: could not translate host name "postgres" to address: Temporary failure in name resolution


The above exception was the direct cause of the following exception:

Traceback (most recent call last):
  File "/home/airflow/.local/lib/python3.12/site-packages/airflow/dag_processing/processor.py", line 182, in _run_file_processor
    _handle_dag_file_processing()
  File "/home/airflow/.local/lib/python3.12/site-packages/airflow/dag_processing/processor.py", line 163, in _handle_dag_file_processing
    result: tuple[int, int] = dag_file_processor.process_file(
                              ^^^^^^^^^^^^^^^^^^^^^^^^^^^^^^^^
  File "/home/airflow/.local/lib/python3.12/site-packages/airflow/utils/session.py", line 79, in wrapper
    return func(*args, session=session, **kwargs)
           ^^^^^^^^^^^^^^^^^^^^^^^^^^^^^^^^^^^^^^
  File "/home/airflow/.local/lib/python3.12/site-packages/airflow/dag_processing/processor.py", line 843, in process_file
    DagFileProcessor.update_import_errors(
  File "/home/airflow/.local/lib/python3.12/site-packages/airflow/api_internal/internal_api_call.py", line 115, in wrapper
    return func(*args, **kwargs)
           ^^^^^^^^^^^^^^^^^^^^^
  File "/home/airflow/.local/lib/python3.12/site-packages/airflow/utils/session.py", line 76, in wrapper
    return func(*args, **kwargs)
           ^^^^^^^^^^^^^^^^^^^^^
  File "/home/airflow/.local/lib/python3.12/site-packages/airflow/dag_processing/processor.py", line 615, in update_import_errors
    session.execute(
  File "/home/airflow/.local/lib/python3.12/site-packages/sqlalchemy/orm/session.py", line 1716, in execute
    conn = self._connection_for_bind(bind)
           ^^^^^^^^^^^^^^^^^^^^^^^^^^^^^^^
  File "/home/airflow/.local/lib/python3.12/site-packages/sqlalchemy/orm/session.py", line 1555, in _connection_for_bind
    return self._transaction._connection_for_bind(
           ^^^^^^^^^^^^^^^^^^^^^^^^^^^^^^^^^^^^^^^
  File "/home/airflow/.local/lib/python3.12/site-packages/sqlalchemy/orm/session.py", line 750, in _connection_for_bind
    conn = bind.connect()
           ^^^^^^^^^^^^^^
  File "/home/airflow/.local/lib/python3.12/site-packages/sqlalchemy/future/engine.py", line 412, in connect
    return super(Engine, self).connect()
           ^^^^^^^^^^^^^^^^^^^^^^^^^^^^^
  File "/home/airflow/.local/lib/python3.12/site-packages/sqlalchemy/engine/base.py", line 3325, in connect
    return self._connection_cls(self, close_with_result=close_with_result)
           ^^^^^^^^^^^^^^^^^^^^^^^^^^^^^^^^^^^^^^^^^^^^^^^^^^^^^^^^^^^^^^^
  File "/home/airflow/.local/lib/python3.12/site-packages/sqlalchemy/engine/base.py", line 96, in __init__
    else engine.raw_connection()
         ^^^^^^^^^^^^^^^^^^^^^^^
  File "/home/airflow/.local/lib/python3.12/site-packages/sqlalchemy/engine/base.py", line 3404, in raw_connection
    return self._wrap_pool_connect(self.pool.connect, _connection)
           ^^^^^^^^^^^^^^^^^^^^^^^^^^^^^^^^^^^^^^^^^^^^^^^^^^^^^^^
  File "/home/airflow/.local/lib/python3.12/site-packages/sqlalchemy/engine/base.py", line 3374, in _wrap_pool_connect
    Connection._handle_dbapi_exception_noconnection(
  File "/home/airflow/.local/lib/python3.12/site-packages/sqlalchemy/engine/base.py", line 2208, in _handle_dbapi_exception_noconnection
    util.raise_(
  File "/home/airflow/.local/lib/python3.12/site-packages/sqlalchemy/util/compat.py", line 211, in raise_
    raise exception
  File "/home/airflow/.local/lib/python3.12/site-packages/sqlalchemy/engine/base.py", line 3371, in _wrap_pool_connect
    return fn()
           ^^^^
  File "/home/airflow/.local/lib/python3.12/site-packages/sqlalchemy/pool/base.py", line 327, in connect
    return _ConnectionFairy._checkout(self)
           ^^^^^^^^^^^^^^^^^^^^^^^^^^^^^^^^
  File "/home/airflow/.local/lib/python3.12/site-packages/sqlalchemy/pool/base.py", line 894, in _checkout
    fairy = _ConnectionRecord.checkout(pool)
            ^^^^^^^^^^^^^^^^^^^^^^^^^^^^^^^^
  File "/home/airflow/.local/lib/python3.12/site-packages/sqlalchemy/pool/base.py", line 493, in checkout
    rec = pool._do_get()
          ^^^^^^^^^^^^^^
  File "/home/airflow/.local/lib/python3.12/site-packages/sqlalchemy/pool/impl.py", line 145, in _do_get
    with util.safe_reraise():
  File "/home/airflow/.local/lib/python3.12/site-packages/sqlalchemy/util/langhelpers.py", line 70, in __exit__
    compat.raise_(
  File "/home/airflow/.local/lib/python3.12/site-packages/sqlalchemy/util/compat.py", line 211, in raise_
    raise exception
  File "/home/airflow/.local/lib/python3.12/site-packages/sqlalchemy/pool/impl.py", line 143, in _do_get
    return self._create_connection()
           ^^^^^^^^^^^^^^^^^^^^^^^^^
  File "/home/airflow/.local/lib/python3.12/site-packages/sqlalchemy/pool/base.py", line 273, in _create_connection
    return _ConnectionRecord(self)
           ^^^^^^^^^^^^^^^^^^^^^^^
  File "/home/airflow/.local/lib/python3.12/site-packages/sqlalchemy/pool/base.py", line 388, in __init__
    self.__connect()
  File "/home/airflow/.local/lib/python3.12/site-packages/sqlalchemy/pool/base.py", line 690, in __connect
    with util.safe_reraise():
  File "/home/airflow/.local/lib/python3.12/site-packages/sqlalchemy/util/langhelpers.py", line 70, in __exit__
    compat.raise_(
  File "/home/airflow/.local/lib/python3.12/site-packages/sqlalchemy/util/compat.py", line 211, in raise_
    raise exception
  File "/home/airflow/.local/lib/python3.12/site-packages/sqlalchemy/pool/base.py", line 686, in __connect
    self.dbapi_connection = connection = pool._invoke_creator(self)
                                         ^^^^^^^^^^^^^^^^^^^^^^^^^^
  File "/home/airflow/.local/lib/python3.12/site-packages/sqlalchemy/engine/create.py", line 574, in connect
    return dialect.connect(*cargs, **cparams)
           ^^^^^^^^^^^^^^^^^^^^^^^^^^^^^^^^^^
  File "/home/airflow/.local/lib/python3.12/site-packages/sqlalchemy/engine/default.py", line 598, in connect
    return self.dbapi.connect(*cargs, **cparams)
           ^^^^^^^^^^^^^^^^^^^^^^^^^^^^^^^^^^^^^
  File "/home/airflow/.local/lib/python3.12/site-packages/psycopg2/__init__.py", line 122, in connect
    conn = _connect(dsn, connection_factory=connection_factory, **kwasync)
           ^^^^^^^^^^^^^^^^^^^^^^^^^^^^^^^^^^^^^^^^^^^^^^^^^^^^^^^^^^^^^^^
sqlalchemy.exc.OperationalError: (psycopg2.OperationalError) could not translate host name "postgres" to address: Temporary failure in name resolution

(Background on this error at: https://sqlalche.me/e/14/e3q8)
[2024-06-24T00:22:54.323+0000] {processor.py:161} INFO - Started process (PID=30) to work on /opt/airflow/dags/custom_operator/etl_all_operator.py
[2024-06-24T00:22:54.325+0000] {processor.py:830} INFO - Processing file /opt/airflow/dags/custom_operator/etl_all_operator.py for tasks to queue
[2024-06-24T00:22:54.328+0000] {logging_mixin.py:188} INFO - [2024-06-24T00:22:54.327+0000] {dagbag.py:545} INFO - Filling up the DagBag from /opt/airflow/dags/custom_operator/etl_all_operator.py
[2024-06-24T00:22:56.249+0000] {processor.py:842} WARNING - No viable dags retrieved from /opt/airflow/dags/custom_operator/etl_all_operator.py
[2024-06-24T00:22:56.280+0000] {processor.py:183} INFO - Processing /opt/airflow/dags/custom_operator/etl_all_operator.py took 1.974 seconds
[2024-06-24T00:23:27.125+0000] {processor.py:161} INFO - Started process (PID=47) to work on /opt/airflow/dags/custom_operator/etl_all_operator.py
[2024-06-24T00:23:27.143+0000] {processor.py:830} INFO - Processing file /opt/airflow/dags/custom_operator/etl_all_operator.py for tasks to queue
[2024-06-24T00:23:27.170+0000] {logging_mixin.py:188} INFO - [2024-06-24T00:23:27.165+0000] {dagbag.py:545} INFO - Filling up the DagBag from /opt/airflow/dags/custom_operator/etl_all_operator.py
[2024-06-24T00:23:41.409+0000] {processor.py:842} WARNING - No viable dags retrieved from /opt/airflow/dags/custom_operator/etl_all_operator.py
[2024-06-24T00:23:41.842+0000] {processor.py:183} INFO - Processing /opt/airflow/dags/custom_operator/etl_all_operator.py took 14.806 seconds
[2024-06-24T00:24:16.831+0000] {processor.py:161} INFO - Started process (PID=70) to work on /opt/airflow/dags/custom_operator/etl_all_operator.py
[2024-06-24T00:24:16.834+0000] {processor.py:830} INFO - Processing file /opt/airflow/dags/custom_operator/etl_all_operator.py for tasks to queue
[2024-06-24T00:24:16.845+0000] {logging_mixin.py:188} INFO - [2024-06-24T00:24:16.844+0000] {dagbag.py:545} INFO - Filling up the DagBag from /opt/airflow/dags/custom_operator/etl_all_operator.py
[2024-06-24T00:24:19.128+0000] {processor.py:842} WARNING - No viable dags retrieved from /opt/airflow/dags/custom_operator/etl_all_operator.py
[2024-06-24T00:24:19.174+0000] {processor.py:183} INFO - Processing /opt/airflow/dags/custom_operator/etl_all_operator.py took 2.386 seconds
[2024-06-24T00:24:49.351+0000] {processor.py:161} INFO - Started process (PID=87) to work on /opt/airflow/dags/custom_operator/etl_all_operator.py
[2024-06-24T00:24:49.353+0000] {processor.py:830} INFO - Processing file /opt/airflow/dags/custom_operator/etl_all_operator.py for tasks to queue
[2024-06-24T00:24:49.356+0000] {logging_mixin.py:188} INFO - [2024-06-24T00:24:49.355+0000] {dagbag.py:545} INFO - Filling up the DagBag from /opt/airflow/dags/custom_operator/etl_all_operator.py
[2024-06-24T00:24:50.499+0000] {processor.py:842} WARNING - No viable dags retrieved from /opt/airflow/dags/custom_operator/etl_all_operator.py
[2024-06-24T00:24:50.517+0000] {processor.py:183} INFO - Processing /opt/airflow/dags/custom_operator/etl_all_operator.py took 1.176 seconds
[2024-06-24T00:27:53.895+0000] {processor.py:161} INFO - Started process (PID=37) to work on /opt/airflow/dags/custom_operator/etl_all_operator.py
[2024-06-24T00:27:53.912+0000] {processor.py:830} INFO - Processing file /opt/airflow/dags/custom_operator/etl_all_operator.py for tasks to queue
[2024-06-24T00:27:53.948+0000] {logging_mixin.py:188} INFO - [2024-06-24T00:27:53.945+0000] {dagbag.py:545} INFO - Filling up the DagBag from /opt/airflow/dags/custom_operator/etl_all_operator.py
[2024-06-24T00:28:02.317+0000] {processor.py:842} WARNING - No viable dags retrieved from /opt/airflow/dags/custom_operator/etl_all_operator.py
[2024-06-24T00:28:02.665+0000] {processor.py:183} INFO - Processing /opt/airflow/dags/custom_operator/etl_all_operator.py took 8.889 seconds
[2024-06-24T00:28:34.841+0000] {processor.py:161} INFO - Started process (PID=50) to work on /opt/airflow/dags/custom_operator/etl_all_operator.py
[2024-06-24T00:28:34.848+0000] {processor.py:830} INFO - Processing file /opt/airflow/dags/custom_operator/etl_all_operator.py for tasks to queue
[2024-06-24T00:28:34.935+0000] {logging_mixin.py:188} INFO - [2024-06-24T00:28:34.912+0000] {dagbag.py:545} INFO - Filling up the DagBag from /opt/airflow/dags/custom_operator/etl_all_operator.py
[2024-06-24T00:28:54.423+0000] {processor.py:842} WARNING - No viable dags retrieved from /opt/airflow/dags/custom_operator/etl_all_operator.py
[2024-06-24T00:28:54.491+0000] {processor.py:183} INFO - Processing /opt/airflow/dags/custom_operator/etl_all_operator.py took 19.816 seconds
[2024-06-24T00:29:33.047+0000] {processor.py:161} INFO - Started process (PID=66) to work on /opt/airflow/dags/custom_operator/etl_all_operator.py
[2024-06-24T00:29:33.051+0000] {processor.py:830} INFO - Processing file /opt/airflow/dags/custom_operator/etl_all_operator.py for tasks to queue
[2024-06-24T00:29:33.070+0000] {logging_mixin.py:188} INFO - [2024-06-24T00:29:33.069+0000] {dagbag.py:545} INFO - Filling up the DagBag from /opt/airflow/dags/custom_operator/etl_all_operator.py
[2024-06-24T00:29:38.508+0000] {processor.py:842} WARNING - No viable dags retrieved from /opt/airflow/dags/custom_operator/etl_all_operator.py
[2024-06-24T00:29:38.532+0000] {processor.py:183} INFO - Processing /opt/airflow/dags/custom_operator/etl_all_operator.py took 5.544 seconds
[2024-06-24T00:30:09.449+0000] {processor.py:161} INFO - Started process (PID=89) to work on /opt/airflow/dags/custom_operator/etl_all_operator.py
[2024-06-24T00:30:09.451+0000] {processor.py:830} INFO - Processing file /opt/airflow/dags/custom_operator/etl_all_operator.py for tasks to queue
[2024-06-24T00:30:09.454+0000] {logging_mixin.py:188} INFO - [2024-06-24T00:30:09.454+0000] {dagbag.py:545} INFO - Filling up the DagBag from /opt/airflow/dags/custom_operator/etl_all_operator.py
[2024-06-24T00:30:10.473+0000] {processor.py:842} WARNING - No viable dags retrieved from /opt/airflow/dags/custom_operator/etl_all_operator.py
[2024-06-24T00:30:10.499+0000] {processor.py:183} INFO - Processing /opt/airflow/dags/custom_operator/etl_all_operator.py took 1.057 seconds
[2024-06-24T00:30:41.236+0000] {processor.py:161} INFO - Started process (PID=107) to work on /opt/airflow/dags/custom_operator/etl_all_operator.py
[2024-06-24T00:30:41.239+0000] {processor.py:830} INFO - Processing file /opt/airflow/dags/custom_operator/etl_all_operator.py for tasks to queue
[2024-06-24T00:30:41.242+0000] {logging_mixin.py:188} INFO - [2024-06-24T00:30:41.241+0000] {dagbag.py:545} INFO - Filling up the DagBag from /opt/airflow/dags/custom_operator/etl_all_operator.py
[2024-06-24T00:30:42.231+0000] {processor.py:842} WARNING - No viable dags retrieved from /opt/airflow/dags/custom_operator/etl_all_operator.py
[2024-06-24T00:30:42.249+0000] {processor.py:183} INFO - Processing /opt/airflow/dags/custom_operator/etl_all_operator.py took 1.023 seconds
[2024-06-24T00:31:14.008+0000] {processor.py:161} INFO - Started process (PID=121) to work on /opt/airflow/dags/custom_operator/etl_all_operator.py
[2024-06-24T00:31:14.010+0000] {processor.py:830} INFO - Processing file /opt/airflow/dags/custom_operator/etl_all_operator.py for tasks to queue
[2024-06-24T00:31:14.015+0000] {logging_mixin.py:188} INFO - [2024-06-24T00:31:14.012+0000] {dagbag.py:545} INFO - Filling up the DagBag from /opt/airflow/dags/custom_operator/etl_all_operator.py
[2024-06-24T00:31:15.880+0000] {processor.py:842} WARNING - No viable dags retrieved from /opt/airflow/dags/custom_operator/etl_all_operator.py
[2024-06-24T00:31:15.902+0000] {processor.py:183} INFO - Processing /opt/airflow/dags/custom_operator/etl_all_operator.py took 1.907 seconds
[2024-06-24T00:52:26.824+0000] {processor.py:161} INFO - Started process (PID=43) to work on /opt/airflow/dags/custom_operator/etl_all_operator.py
[2024-06-24T00:52:26.848+0000] {processor.py:830} INFO - Processing file /opt/airflow/dags/custom_operator/etl_all_operator.py for tasks to queue
[2024-06-24T00:52:26.967+0000] {logging_mixin.py:188} INFO - [2024-06-24T00:52:26.961+0000] {dagbag.py:545} INFO - Filling up the DagBag from /opt/airflow/dags/custom_operator/etl_all_operator.py
[2024-06-24T00:52:48.428+0000] {processor.py:842} WARNING - No viable dags retrieved from /opt/airflow/dags/custom_operator/etl_all_operator.py
[2024-06-24T00:52:48.566+0000] {processor.py:183} INFO - Processing /opt/airflow/dags/custom_operator/etl_all_operator.py took 22.100 seconds
[2024-06-24T00:53:19.817+0000] {processor.py:161} INFO - Started process (PID=62) to work on /opt/airflow/dags/custom_operator/etl_all_operator.py
[2024-06-24T00:53:19.826+0000] {processor.py:830} INFO - Processing file /opt/airflow/dags/custom_operator/etl_all_operator.py for tasks to queue
[2024-06-24T00:53:19.853+0000] {logging_mixin.py:188} INFO - [2024-06-24T00:53:19.849+0000] {dagbag.py:545} INFO - Filling up the DagBag from /opt/airflow/dags/custom_operator/etl_all_operator.py
[2024-06-24T00:53:28.540+0000] {processor.py:842} WARNING - No viable dags retrieved from /opt/airflow/dags/custom_operator/etl_all_operator.py
[2024-06-24T00:53:28.594+0000] {processor.py:183} INFO - Processing /opt/airflow/dags/custom_operator/etl_all_operator.py took 8.835 seconds
[2024-06-24T00:53:59.100+0000] {processor.py:161} INFO - Started process (PID=77) to work on /opt/airflow/dags/custom_operator/etl_all_operator.py
[2024-06-24T00:53:59.102+0000] {processor.py:830} INFO - Processing file /opt/airflow/dags/custom_operator/etl_all_operator.py for tasks to queue
[2024-06-24T00:53:59.105+0000] {logging_mixin.py:188} INFO - [2024-06-24T00:53:59.104+0000] {dagbag.py:545} INFO - Filling up the DagBag from /opt/airflow/dags/custom_operator/etl_all_operator.py
[2024-06-24T00:54:00.178+0000] {processor.py:842} WARNING - No viable dags retrieved from /opt/airflow/dags/custom_operator/etl_all_operator.py
[2024-06-24T00:54:00.194+0000] {processor.py:183} INFO - Processing /opt/airflow/dags/custom_operator/etl_all_operator.py took 1.104 seconds
[2024-06-24T00:54:12.926+0000] {processor.py:161} INFO - Started process (PID=84) to work on /opt/airflow/dags/custom_operator/etl_all_operator.py
[2024-06-24T00:54:12.930+0000] {processor.py:830} INFO - Processing file /opt/airflow/dags/custom_operator/etl_all_operator.py for tasks to queue
[2024-06-24T00:54:12.942+0000] {logging_mixin.py:188} INFO - [2024-06-24T00:54:12.941+0000] {dagbag.py:545} INFO - Filling up the DagBag from /opt/airflow/dags/custom_operator/etl_all_operator.py
[2024-06-24T00:54:13.054+0000] {logging_mixin.py:188} INFO - [2024-06-24T00:54:13.054+0000] {dagbag.py:334} INFO - File /opt/airflow/dags/custom_operator/etl_all_operator.py assumed to contain no DAGs. Skipping.
[2024-06-24T00:54:13.058+0000] {processor.py:842} WARNING - No viable dags retrieved from /opt/airflow/dags/custom_operator/etl_all_operator.py
[2024-06-24T00:54:13.266+0000] {processor.py:183} INFO - Processing /opt/airflow/dags/custom_operator/etl_all_operator.py took 0.361 seconds
[2024-06-24T00:54:20.588+0000] {processor.py:161} INFO - Started process (PID=91) to work on /opt/airflow/dags/custom_operator/etl_all_operator.py
[2024-06-24T00:54:20.592+0000] {processor.py:830} INFO - Processing file /opt/airflow/dags/custom_operator/etl_all_operator.py for tasks to queue
[2024-06-24T00:54:20.605+0000] {logging_mixin.py:188} INFO - [2024-06-24T00:54:20.603+0000] {dagbag.py:545} INFO - Filling up the DagBag from /opt/airflow/dags/custom_operator/etl_all_operator.py
[2024-06-24T00:54:20.639+0000] {logging_mixin.py:188} INFO - [2024-06-24T00:54:20.639+0000] {dagbag.py:334} INFO - File /opt/airflow/dags/custom_operator/etl_all_operator.py assumed to contain no DAGs. Skipping.
[2024-06-24T00:54:20.640+0000] {processor.py:842} WARNING - No viable dags retrieved from /opt/airflow/dags/custom_operator/etl_all_operator.py
[2024-06-24T00:54:20.711+0000] {processor.py:183} INFO - Processing /opt/airflow/dags/custom_operator/etl_all_operator.py took 0.164 seconds
[2024-06-24T00:54:51.382+0000] {processor.py:161} INFO - Started process (PID=104) to work on /opt/airflow/dags/custom_operator/etl_all_operator.py
[2024-06-24T00:54:51.386+0000] {processor.py:830} INFO - Processing file /opt/airflow/dags/custom_operator/etl_all_operator.py for tasks to queue
[2024-06-24T00:54:51.395+0000] {logging_mixin.py:188} INFO - [2024-06-24T00:54:51.395+0000] {dagbag.py:545} INFO - Filling up the DagBag from /opt/airflow/dags/custom_operator/etl_all_operator.py
[2024-06-24T00:54:51.420+0000] {logging_mixin.py:188} INFO - [2024-06-24T00:54:51.419+0000] {dagbag.py:334} INFO - File /opt/airflow/dags/custom_operator/etl_all_operator.py assumed to contain no DAGs. Skipping.
[2024-06-24T00:54:51.421+0000] {processor.py:842} WARNING - No viable dags retrieved from /opt/airflow/dags/custom_operator/etl_all_operator.py
[2024-06-24T00:54:51.450+0000] {processor.py:183} INFO - Processing /opt/airflow/dags/custom_operator/etl_all_operator.py took 0.088 seconds
[2024-06-24T00:55:22.089+0000] {processor.py:161} INFO - Started process (PID=117) to work on /opt/airflow/dags/custom_operator/etl_all_operator.py
[2024-06-24T00:55:22.092+0000] {processor.py:830} INFO - Processing file /opt/airflow/dags/custom_operator/etl_all_operator.py for tasks to queue
[2024-06-24T00:55:22.094+0000] {logging_mixin.py:188} INFO - [2024-06-24T00:55:22.094+0000] {dagbag.py:545} INFO - Filling up the DagBag from /opt/airflow/dags/custom_operator/etl_all_operator.py
[2024-06-24T00:55:22.108+0000] {logging_mixin.py:188} INFO - [2024-06-24T00:55:22.108+0000] {dagbag.py:334} INFO - File /opt/airflow/dags/custom_operator/etl_all_operator.py assumed to contain no DAGs. Skipping.
[2024-06-24T00:55:22.109+0000] {processor.py:842} WARNING - No viable dags retrieved from /opt/airflow/dags/custom_operator/etl_all_operator.py
[2024-06-24T00:55:22.125+0000] {processor.py:183} INFO - Processing /opt/airflow/dags/custom_operator/etl_all_operator.py took 0.043 seconds
[2024-06-24T00:55:52.443+0000] {processor.py:161} INFO - Started process (PID=130) to work on /opt/airflow/dags/custom_operator/etl_all_operator.py
[2024-06-24T00:55:52.457+0000] {processor.py:830} INFO - Processing file /opt/airflow/dags/custom_operator/etl_all_operator.py for tasks to queue
[2024-06-24T00:55:52.486+0000] {logging_mixin.py:188} INFO - [2024-06-24T00:55:52.483+0000] {dagbag.py:545} INFO - Filling up the DagBag from /opt/airflow/dags/custom_operator/etl_all_operator.py
[2024-06-24T00:55:52.511+0000] {logging_mixin.py:188} INFO - [2024-06-24T00:55:52.510+0000] {dagbag.py:334} INFO - File /opt/airflow/dags/custom_operator/etl_all_operator.py assumed to contain no DAGs. Skipping.
[2024-06-24T00:55:52.512+0000] {processor.py:842} WARNING - No viable dags retrieved from /opt/airflow/dags/custom_operator/etl_all_operator.py
[2024-06-24T00:55:52.623+0000] {processor.py:183} INFO - Processing /opt/airflow/dags/custom_operator/etl_all_operator.py took 0.227 seconds
[2024-06-24T00:56:59.494+0000] {processor.py:161} INFO - Started process (PID=142) to work on /opt/airflow/dags/custom_operator/etl_all_operator.py
[2024-06-24T00:56:59.520+0000] {processor.py:830} INFO - Processing file /opt/airflow/dags/custom_operator/etl_all_operator.py for tasks to queue
[2024-06-24T00:56:59.538+0000] {logging_mixin.py:188} INFO - [2024-06-24T00:56:59.537+0000] {dagbag.py:545} INFO - Filling up the DagBag from /opt/airflow/dags/custom_operator/etl_all_operator.py
[2024-06-24T00:56:59.686+0000] {logging_mixin.py:188} INFO - [2024-06-24T00:56:59.685+0000] {dagbag.py:334} INFO - File /opt/airflow/dags/custom_operator/etl_all_operator.py assumed to contain no DAGs. Skipping.
[2024-06-24T00:56:59.703+0000] {processor.py:842} WARNING - No viable dags retrieved from /opt/airflow/dags/custom_operator/etl_all_operator.py
[2024-06-24T00:56:59.918+0000] {processor.py:183} INFO - Processing /opt/airflow/dags/custom_operator/etl_all_operator.py took 0.502 seconds
