[2024-06-27T09:02:21.092+0000] {local_task_job_runner.py:120} INFO - ::group::Pre task execution logs
[2024-06-27T09:02:21.150+0000] {taskinstance.py:2076} INFO - Dependencies all met for dep_context=non-requeueable deps ti=<TaskInstance: peduli_pintar_etl_dags_v3.load_file_local scheduled__2024-06-24T00:00:00+00:00 [queued]>
[2024-06-27T09:02:21.175+0000] {taskinstance.py:2076} INFO - Dependencies all met for dep_context=requeueable deps ti=<TaskInstance: peduli_pintar_etl_dags_v3.load_file_local scheduled__2024-06-24T00:00:00+00:00 [queued]>
[2024-06-27T09:02:21.176+0000] {taskinstance.py:2306} INFO - Starting attempt 1 of 5
[2024-06-27T09:02:21.213+0000] {taskinstance.py:2330} INFO - Executing <Task(LoadFileLocal): load_file_local> on 2024-06-24 00:00:00+00:00
[2024-06-27T09:02:21.229+0000] {warnings.py:112} WARNING - /home/***/.local/lib/python3.12/site-packages/***/task/task_runner/standard_task_runner.py:61: DeprecationWarning: This process (pid=312) is multi-threaded, use of fork() may lead to deadlocks in the child.
  pid = os.fork()

[2024-06-27T09:02:21.232+0000] {standard_task_runner.py:63} INFO - Started process 317 to run task
[2024-06-27T09:02:21.233+0000] {standard_task_runner.py:90} INFO - Running: ['***', 'tasks', 'run', 'peduli_pintar_etl_dags_v3', 'load_file_local', 'scheduled__2024-06-24T00:00:00+00:00', '--job-id', '52', '--raw', '--subdir', 'DAGS_FOLDER/etl_dags.py', '--cfg-path', '/tmp/tmph3n5kbvn']
[2024-06-27T09:02:21.238+0000] {standard_task_runner.py:91} INFO - Job 52: Subtask load_file_local
[2024-06-27T09:02:21.337+0000] {task_command.py:426} INFO - Running <TaskInstance: peduli_pintar_etl_dags_v3.load_file_local scheduled__2024-06-24T00:00:00+00:00 [running]> on host 3dad981482d5
[2024-06-27T09:02:21.568+0000] {taskinstance.py:2648} INFO - Exporting env vars: AIRFLOW_CTX_DAG_OWNER='Kelompok 5 Capstone DE' AIRFLOW_CTX_DAG_ID='peduli_pintar_etl_dags_v3' AIRFLOW_CTX_TASK_ID='load_file_local' AIRFLOW_CTX_EXECUTION_DATE='2024-06-24T00:00:00+00:00' AIRFLOW_CTX_TRY_NUMBER='1' AIRFLOW_CTX_DAG_RUN_ID='scheduled__2024-06-24T00:00:00+00:00'
[2024-06-27T09:02:21.570+0000] {taskinstance.py:430} INFO - ::endgroup::
[2024-06-27T09:02:21.785+0000] {logging_mixin.py:188} INFO - Data dari tabel 'fact_donation_transaction' telah disimpan ke file 'dags/data_loaded/fact/fact_donation_transaction/20240624_fact_donation_transaction.csv'.
[2024-06-27T09:02:21.794+0000] {logging_mixin.py:188} INFO - Data dari tabel 'fact_volunteer_applications' telah disimpan ke file 'dags/data_loaded/fact/fact_volunteer_applications/20240624_fact_volunteer_applications.csv'.
[2024-06-27T09:02:21.804+0000] {logging_mixin.py:188} INFO - Data dari tabel 'fact_volunteer_testimoni' telah disimpan ke file 'dags/data_loaded/fact/fact_volunteer_testimoni/20240624_fact_volunteer_testimoni.csv'.
[2024-06-27T09:02:21.817+0000] {logging_mixin.py:188} INFO - Data dari tabel 'fact_article_popular' telah disimpan ke file 'dags/data_loaded/fact/fact_article_popular/20240624_fact_article_popular.csv'.
[2024-06-27T09:02:21.829+0000] {logging_mixin.py:188} INFO - Data dari tabel 'fact_bookmark_fundraising' telah disimpan ke file 'dags/data_loaded/fact/fact_bookmark_fundraising/20240624_fact_bookmark_fundraising.csv'.
[2024-06-27T09:02:21.842+0000] {logging_mixin.py:188} INFO - Data dari tabel 'fact_bookmark_volunteer_vacancies' telah disimpan ke file 'dags/data_loaded/fact/fact_bookmark_volunteer_vacancies/20240624_fact_bookmark_volunteer_vacancies.csv'.
[2024-06-27T09:02:21.854+0000] {logging_mixin.py:188} INFO - Data dari tabel 'dim_fundraisings' telah disimpan ke file 'dags/data_loaded/dim/dim_fundraisings/20240624_dim_fundraisings.csv'.
[2024-06-27T09:02:21.855+0000] {logging_mixin.py:188} INFO - DataFrame 'dim_fundraising_categories' kosong. Tidak disimpan ke file CSV.
[2024-06-27T09:02:21.867+0000] {logging_mixin.py:188} INFO - Data dari tabel 'dim_donation_manual' telah disimpan ke file 'dags/data_loaded/dim/dim_donation_manual/20240624_dim_donation_manual.csv'.
[2024-06-27T09:02:21.879+0000] {logging_mixin.py:188} INFO - Data dari tabel 'dim_organization' telah disimpan ke file 'dags/data_loaded/dim/dim_organization/20240624_dim_organization.csv'.
[2024-06-27T09:02:21.892+0000] {logging_mixin.py:188} INFO - Data dari tabel 'dim_user' telah disimpan ke file 'dags/data_loaded/dim/dim_user/20240624_dim_user.csv'.
[2024-06-27T09:02:21.905+0000] {logging_mixin.py:188} INFO - Data dari tabel 'dim_volunteer_applictaion' telah disimpan ke file 'dags/data_loaded/dim/dim_volunteer_applictaion/20240624_dim_volunteer_applictaion.csv'.
[2024-06-27T09:02:21.916+0000] {logging_mixin.py:188} INFO - Data dari tabel 'dim_volunteer_vacancies' telah disimpan ke file 'dags/data_loaded/dim/dim_volunteer_vacancies/20240624_dim_volunteer_vacancies.csv'.
[2024-06-27T09:02:21.930+0000] {logging_mixin.py:188} INFO - Data dari tabel 'dim_testimoni_volunteer' telah disimpan ke file 'dags/data_loaded/dim/dim_testimoni_volunteer/20240624_dim_testimoni_volunteer.csv'.
[2024-06-27T09:02:21.947+0000] {logging_mixin.py:188} INFO - Data dari tabel 'dim_article' telah disimpan ke file 'dags/data_loaded/dim/dim_article/20240624_dim_article.csv'.
[2024-06-27T09:02:21.953+0000] {logging_mixin.py:188} INFO - Data dari tabel 'dim_bookmark_fundraising' telah disimpan ke file 'dags/data_loaded/dim/dim_bookmark_fundraising/20240624_dim_bookmark_fundraising.csv'.
[2024-06-27T09:02:21.961+0000] {logging_mixin.py:188} INFO - Data dari tabel 'dim_bookmark_volunter_vacancies' telah disimpan ke file 'dags/data_loaded/dim/dim_bookmark_volunter_vacancies/20240624_dim_bookmark_volunter_vacancies.csv'.
[2024-06-27T09:02:21.971+0000] {logging_mixin.py:188} INFO - Data dari tabel 'dim_bookmark_article' telah disimpan ke file 'dags/data_loaded/dim/dim_bookmark_article/20240624_dim_bookmark_article.csv'.
[2024-06-27T09:02:21.972+0000] {logging_mixin.py:188} INFO - DataFrame 'dim_comments' kosong. Tidak disimpan ke file CSV.
[2024-06-27T09:02:21.973+0000] {logging_mixin.py:188} INFO - DataFrame 'dim_like_comments' kosong. Tidak disimpan ke file CSV.
[2024-06-27T09:02:21.974+0000] {taskinstance.py:441} INFO - ::group::Post task execution logs
[2024-06-27T09:02:22.010+0000] {taskinstance.py:1206} INFO - Marking task as SUCCESS. dag_id=peduli_pintar_etl_dags_v3, task_id=load_file_local, run_id=scheduled__2024-06-24T00:00:00+00:00, execution_date=20240624T000000, start_date=20240627T090221, end_date=20240627T090222
[2024-06-27T09:02:22.051+0000] {local_task_job_runner.py:240} INFO - Task exited with return code 0
[2024-06-27T09:02:22.102+0000] {taskinstance.py:3503} INFO - 1 downstream tasks scheduled from follow-on schedule check
[2024-06-27T09:02:22.106+0000] {local_task_job_runner.py:222} INFO - ::endgroup::
