[2024-06-26T22:40:37.556+0000] {local_task_job_runner.py:120} INFO - ::group::Pre task execution logs
[2024-06-26T22:40:37.691+0000] {taskinstance.py:2076} INFO - Dependencies all met for dep_context=non-requeueable deps ti=<TaskInstance: coba_ds_v7.extract_data scheduled__2024-06-24T00:00:00+00:00 [queued]>
[2024-06-26T22:40:37.733+0000] {taskinstance.py:2076} INFO - Dependencies all met for dep_context=requeueable deps ti=<TaskInstance: coba_ds_v7.extract_data scheduled__2024-06-24T00:00:00+00:00 [queued]>
[2024-06-26T22:40:37.735+0000] {taskinstance.py:2306} INFO - Starting attempt 2 of 4
[2024-06-26T22:40:37.805+0000] {taskinstance.py:2330} INFO - Executing <Task(ExtractData): extract_data> on 2024-06-24 00:00:00+00:00
[2024-06-26T22:40:37.930+0000] {warnings.py:112} WARNING - /home/***/.local/lib/python3.12/site-packages/***/task/task_runner/standard_task_runner.py:61: DeprecationWarning: This process (pid=1186) is multi-threaded, use of fork() may lead to deadlocks in the child.
  pid = os.fork()

[2024-06-26T22:40:37.978+0000] {standard_task_runner.py:63} INFO - Started process 1190 to run task
[2024-06-26T22:40:37.985+0000] {standard_task_runner.py:90} INFO - Running: ['***', 'tasks', 'run', 'coba_ds_v7', 'extract_data', 'scheduled__2024-06-24T00:00:00+00:00', '--job-id', '90', '--raw', '--subdir', 'DAGS_FOLDER/etl_dags.py', '--cfg-path', '/tmp/tmputmsoqhm']
[2024-06-26T22:40:38.018+0000] {standard_task_runner.py:91} INFO - Job 90: Subtask extract_data
[2024-06-26T22:40:38.145+0000] {task_command.py:426} INFO - Running <TaskInstance: coba_ds_v7.extract_data scheduled__2024-06-24T00:00:00+00:00 [running]> on host 7ecff3f83b62
[2024-06-26T22:40:38.396+0000] {taskinstance.py:2648} INFO - Exporting env vars: AIRFLOW_CTX_DAG_OWNER='Kelompok 5 Capstone DE' AIRFLOW_CTX_DAG_ID='coba_ds_v7' AIRFLOW_CTX_TASK_ID='extract_data' AIRFLOW_CTX_EXECUTION_DATE='2024-06-24T00:00:00+00:00' AIRFLOW_CTX_TRY_NUMBER='2' AIRFLOW_CTX_DAG_RUN_ID='scheduled__2024-06-24T00:00:00+00:00'
[2024-06-26T22:40:38.401+0000] {taskinstance.py:430} INFO - ::endgroup::
[2024-06-26T22:40:38.503+0000] {base.py:84} INFO - Using connection ID 'EXTERNAL_DB_CONN_CAPSTONE_DE' for task execution.
[2024-06-26T22:40:38.748+0000] {sql.py:487} INFO - Running statement: SHOW TABLES, parameters: None
[2024-06-26T22:40:38.782+0000] {sql.py:496} INFO - Rows affected: 23
[2024-06-26T22:40:38.827+0000] {base.py:84} INFO - Using connection ID 'EXTERNAL_DB_CONN_CAPSTONE_DE' for task execution.
[2024-06-26T22:40:38.986+0000] {sql.py:487} INFO - Running statement: SHOW COLUMNS FROM admin_notifications, parameters: None
[2024-06-26T22:40:39.021+0000] {sql.py:496} INFO - Rows affected: 8
[2024-06-26T22:40:39.062+0000] {base.py:84} INFO - Using connection ID 'EXTERNAL_DB_CONN_CAPSTONE_DE' for task execution.
[2024-06-26T22:40:39.213+0000] {sql.py:487} INFO - Running statement: 
            SELECT *
            FROM admin_notifications
            WHERE DATE(created_at) = '2024-06-24'
            OR DATE(updated_at) = '2024-06-24'
        , parameters: None
[2024-06-26T22:40:39.245+0000] {sql.py:496} INFO - Rows affected: 17
[2024-06-26T22:40:39.294+0000] {base.py:84} INFO - Using connection ID 'EXTERNAL_DB_CONN_CAPSTONE_DE' for task execution.
[2024-06-26T22:40:39.441+0000] {sql.py:487} INFO - Running statement: SHOW COLUMNS FROM admins, parameters: None
[2024-06-26T22:40:39.473+0000] {sql.py:496} INFO - Rows affected: 8
[2024-06-26T22:40:39.513+0000] {base.py:84} INFO - Using connection ID 'EXTERNAL_DB_CONN_CAPSTONE_DE' for task execution.
[2024-06-26T22:40:39.660+0000] {sql.py:487} INFO - Running statement: 
            SELECT *
            FROM admins
            WHERE DATE(created_at) = '2024-06-24'
            OR DATE(updated_at) = '2024-06-24'
        , parameters: None
[2024-06-26T22:40:39.690+0000] {sql.py:496} INFO - Rows affected: 0
[2024-06-26T22:40:39.748+0000] {base.py:84} INFO - Using connection ID 'EXTERNAL_DB_CONN_CAPSTONE_DE' for task execution.
[2024-06-26T22:40:39.934+0000] {sql.py:487} INFO - Running statement: SHOW COLUMNS FROM applications, parameters: None
[2024-06-26T22:40:39.968+0000] {sql.py:496} INFO - Rows affected: 11
[2024-06-26T22:40:40.008+0000] {base.py:84} INFO - Using connection ID 'EXTERNAL_DB_CONN_CAPSTONE_DE' for task execution.
[2024-06-26T22:40:40.152+0000] {sql.py:487} INFO - Running statement: 
            SELECT *
            FROM applications
            WHERE DATE(created_at) = '2024-06-24'
            OR DATE(updated_at) = '2024-06-24'
        , parameters: None
[2024-06-26T22:40:40.183+0000] {sql.py:496} INFO - Rows affected: 4
[2024-06-26T22:40:40.225+0000] {base.py:84} INFO - Using connection ID 'EXTERNAL_DB_CONN_CAPSTONE_DE' for task execution.
[2024-06-26T22:40:40.380+0000] {sql.py:487} INFO - Running statement: SHOW COLUMNS FROM articles, parameters: None
[2024-06-26T22:40:40.413+0000] {sql.py:496} INFO - Rows affected: 8
[2024-06-26T22:40:40.463+0000] {base.py:84} INFO - Using connection ID 'EXTERNAL_DB_CONN_CAPSTONE_DE' for task execution.
[2024-06-26T22:40:40.646+0000] {sql.py:487} INFO - Running statement: 
            SELECT *
            FROM articles
            WHERE DATE(created_at) = '2024-06-24'
            OR DATE(updated_at) = '2024-06-24'
        , parameters: None
[2024-06-26T22:40:40.677+0000] {sql.py:496} INFO - Rows affected: 1
[2024-06-26T22:40:40.716+0000] {base.py:84} INFO - Using connection ID 'EXTERNAL_DB_CONN_CAPSTONE_DE' for task execution.
[2024-06-26T22:40:40.867+0000] {sql.py:487} INFO - Running statement: SHOW COLUMNS FROM chatbots, parameters: None
[2024-06-26T22:40:40.901+0000] {sql.py:496} INFO - Rows affected: 7
[2024-06-26T22:40:40.945+0000] {base.py:84} INFO - Using connection ID 'EXTERNAL_DB_CONN_CAPSTONE_DE' for task execution.
[2024-06-26T22:40:41.129+0000] {sql.py:487} INFO - Running statement: 
            SELECT *
            FROM chatbots
            WHERE DATE(created_at) = '2024-06-24'
            OR DATE(updated_at) = '2024-06-24'
        , parameters: None
[2024-06-26T22:40:41.158+0000] {sql.py:496} INFO - Rows affected: 0
[2024-06-26T22:40:41.197+0000] {base.py:84} INFO - Using connection ID 'EXTERNAL_DB_CONN_CAPSTONE_DE' for task execution.
[2024-06-26T22:40:41.340+0000] {sql.py:487} INFO - Running statement: SHOW COLUMNS FROM comments, parameters: None
[2024-06-26T22:40:41.371+0000] {sql.py:496} INFO - Rows affected: 8
[2024-06-26T22:40:41.412+0000] {base.py:84} INFO - Using connection ID 'EXTERNAL_DB_CONN_CAPSTONE_DE' for task execution.
[2024-06-26T22:40:41.560+0000] {sql.py:487} INFO - Running statement: 
            SELECT *
            FROM comments
            WHERE DATE(created_at) = '2024-06-24'
            OR DATE(updated_at) = '2024-06-24'
        , parameters: None
[2024-06-26T22:40:41.591+0000] {sql.py:496} INFO - Rows affected: 0
[2024-06-26T22:40:41.682+0000] {base.py:84} INFO - Using connection ID 'EXTERNAL_DB_CONN_CAPSTONE_DE' for task execution.
[2024-06-26T22:40:41.836+0000] {sql.py:487} INFO - Running statement: SHOW COLUMNS FROM donation_comments, parameters: None
[2024-06-26T22:40:41.868+0000] {sql.py:496} INFO - Rows affected: 7
[2024-06-26T22:40:41.910+0000] {base.py:84} INFO - Using connection ID 'EXTERNAL_DB_CONN_CAPSTONE_DE' for task execution.
[2024-06-26T22:40:42.054+0000] {sql.py:487} INFO - Running statement: 
            SELECT *
            FROM donation_comments
            WHERE DATE(created_at) = '2024-06-24'
            OR DATE(updated_at) = '2024-06-24'
        , parameters: None
[2024-06-26T22:40:42.084+0000] {sql.py:496} INFO - Rows affected: 0
[2024-06-26T22:40:42.184+0000] {base.py:84} INFO - Using connection ID 'EXTERNAL_DB_CONN_CAPSTONE_DE' for task execution.
[2024-06-26T22:40:42.341+0000] {sql.py:487} INFO - Running statement: SHOW COLUMNS FROM donation_manual_comments, parameters: None
[2024-06-26T22:40:42.371+0000] {sql.py:496} INFO - Rows affected: 7
[2024-06-26T22:40:42.421+0000] {base.py:84} INFO - Using connection ID 'EXTERNAL_DB_CONN_CAPSTONE_DE' for task execution.
[2024-06-26T22:40:42.574+0000] {sql.py:487} INFO - Running statement: 
            SELECT *
            FROM donation_manual_comments
            WHERE DATE(created_at) = '2024-06-24'
            OR DATE(updated_at) = '2024-06-24'
        , parameters: None
[2024-06-26T22:40:42.605+0000] {sql.py:496} INFO - Rows affected: 9
[2024-06-26T22:40:42.643+0000] {base.py:84} INFO - Using connection ID 'EXTERNAL_DB_CONN_CAPSTONE_DE' for task execution.
[2024-06-26T22:40:42.791+0000] {sql.py:487} INFO - Running statement: SHOW COLUMNS FROM donation_manuals, parameters: None
[2024-06-26T22:40:42.821+0000] {sql.py:496} INFO - Rows affected: 9
[2024-06-26T22:40:42.858+0000] {base.py:84} INFO - Using connection ID 'EXTERNAL_DB_CONN_CAPSTONE_DE' for task execution.
[2024-06-26T22:40:43.003+0000] {sql.py:487} INFO - Running statement: 
            SELECT *
            FROM donation_manuals
            WHERE DATE(created_at) = '2024-06-24'
            OR DATE(updated_at) = '2024-06-24'
        , parameters: None
[2024-06-26T22:40:43.033+0000] {sql.py:496} INFO - Rows affected: 9
[2024-06-26T22:40:43.071+0000] {base.py:84} INFO - Using connection ID 'EXTERNAL_DB_CONN_CAPSTONE_DE' for task execution.
[2024-06-26T22:40:43.250+0000] {sql.py:487} INFO - Running statement: SHOW COLUMNS FROM donations, parameters: None
[2024-06-26T22:40:43.280+0000] {sql.py:496} INFO - Rows affected: 11
[2024-06-26T22:40:43.316+0000] {base.py:84} INFO - Using connection ID 'EXTERNAL_DB_CONN_CAPSTONE_DE' for task execution.
[2024-06-26T22:40:43.460+0000] {sql.py:487} INFO - Running statement: 
            SELECT *
            FROM donations
            WHERE DATE(created_at) = '2024-06-24'
            OR DATE(updated_at) = '2024-06-24'
        , parameters: None
[2024-06-26T22:40:43.488+0000] {sql.py:496} INFO - Rows affected: 0
[2024-06-26T22:40:43.528+0000] {base.py:84} INFO - Using connection ID 'EXTERNAL_DB_CONN_CAPSTONE_DE' for task execution.
[2024-06-26T22:40:43.671+0000] {sql.py:487} INFO - Running statement: SHOW COLUMNS FROM fundraising_categories, parameters: None
[2024-06-26T22:40:43.702+0000] {sql.py:496} INFO - Rows affected: 5
[2024-06-26T22:40:43.738+0000] {base.py:84} INFO - Using connection ID 'EXTERNAL_DB_CONN_CAPSTONE_DE' for task execution.
[2024-06-26T22:40:43.888+0000] {sql.py:487} INFO - Running statement: 
            SELECT *
            FROM fundraising_categories
            WHERE DATE(created_at) = '2024-06-24'
            OR DATE(updated_at) = '2024-06-24'
        , parameters: None
[2024-06-26T22:40:43.918+0000] {sql.py:496} INFO - Rows affected: 0
[2024-06-26T22:40:43.957+0000] {base.py:84} INFO - Using connection ID 'EXTERNAL_DB_CONN_CAPSTONE_DE' for task execution.
[2024-06-26T22:40:44.097+0000] {sql.py:487} INFO - Running statement: SHOW COLUMNS FROM fundraisings, parameters: None
[2024-06-26T22:40:44.128+0000] {sql.py:496} INFO - Rows affected: 14
[2024-06-26T22:40:44.174+0000] {base.py:84} INFO - Using connection ID 'EXTERNAL_DB_CONN_CAPSTONE_DE' for task execution.
[2024-06-26T22:40:44.366+0000] {sql.py:487} INFO - Running statement: 
            SELECT *
            FROM fundraisings
            WHERE DATE(created_at) = '2024-06-24'
            OR DATE(updated_at) = '2024-06-24'
        , parameters: None
[2024-06-26T22:40:44.395+0000] {sql.py:496} INFO - Rows affected: 3
[2024-06-26T22:40:44.433+0000] {base.py:84} INFO - Using connection ID 'EXTERNAL_DB_CONN_CAPSTONE_DE' for task execution.
[2024-06-26T22:40:44.576+0000] {sql.py:487} INFO - Running statement: SHOW COLUMNS FROM like_donation_comments, parameters: None
[2024-06-26T22:40:44.605+0000] {sql.py:496} INFO - Rows affected: 6
[2024-06-26T22:40:44.643+0000] {base.py:84} INFO - Using connection ID 'EXTERNAL_DB_CONN_CAPSTONE_DE' for task execution.
[2024-06-26T22:40:44.789+0000] {sql.py:487} INFO - Running statement: 
            SELECT *
            FROM like_donation_comments
            WHERE DATE(created_at) = '2024-06-24'
            OR DATE(updated_at) = '2024-06-24'
        , parameters: None
[2024-06-26T22:40:44.819+0000] {sql.py:496} INFO - Rows affected: 0
[2024-06-26T22:40:44.862+0000] {base.py:84} INFO - Using connection ID 'EXTERNAL_DB_CONN_CAPSTONE_DE' for task execution.
[2024-06-26T22:40:45.020+0000] {sql.py:487} INFO - Running statement: SHOW COLUMNS FROM like_donation_manual_comments, parameters: None
[2024-06-26T22:40:45.057+0000] {sql.py:496} INFO - Rows affected: 6
[2024-06-26T22:40:45.095+0000] {base.py:84} INFO - Using connection ID 'EXTERNAL_DB_CONN_CAPSTONE_DE' for task execution.
[2024-06-26T22:40:45.237+0000] {sql.py:487} INFO - Running statement: 
            SELECT *
            FROM like_donation_manual_comments
            WHERE DATE(created_at) = '2024-06-24'
            OR DATE(updated_at) = '2024-06-24'
        , parameters: None
[2024-06-26T22:40:45.267+0000] {sql.py:496} INFO - Rows affected: 0
[2024-06-26T22:40:45.328+0000] {base.py:84} INFO - Using connection ID 'EXTERNAL_DB_CONN_CAPSTONE_DE' for task execution.
[2024-06-26T22:40:45.523+0000] {sql.py:487} INFO - Running statement: SHOW COLUMNS FROM likes_comments, parameters: None
[2024-06-26T22:40:45.561+0000] {sql.py:496} INFO - Rows affected: 6
[2024-06-26T22:40:45.638+0000] {base.py:84} INFO - Using connection ID 'EXTERNAL_DB_CONN_CAPSTONE_DE' for task execution.
[2024-06-26T22:40:45.794+0000] {sql.py:487} INFO - Running statement: 
            SELECT *
            FROM likes_comments
            WHERE DATE(created_at) = '2024-06-24'
            OR DATE(updated_at) = '2024-06-24'
        , parameters: None
[2024-06-26T22:40:45.832+0000] {sql.py:496} INFO - Rows affected: 0
[2024-06-26T22:40:45.921+0000] {base.py:84} INFO - Using connection ID 'EXTERNAL_DB_CONN_CAPSTONE_DE' for task execution.
[2024-06-26T22:40:46.078+0000] {sql.py:487} INFO - Running statement: SHOW COLUMNS FROM organizations, parameters: None
[2024-06-26T22:40:46.114+0000] {sql.py:496} INFO - Rows affected: 13
[2024-06-26T22:40:46.162+0000] {base.py:84} INFO - Using connection ID 'EXTERNAL_DB_CONN_CAPSTONE_DE' for task execution.
[2024-06-26T22:40:46.382+0000] {sql.py:487} INFO - Running statement: 
            SELECT *
            FROM organizations
            WHERE DATE(created_at) = '2024-06-24'
            OR DATE(updated_at) = '2024-06-24'
        , parameters: None
[2024-06-26T22:40:46.428+0000] {sql.py:496} INFO - Rows affected: 1
[2024-06-26T22:40:46.512+0000] {base.py:84} INFO - Using connection ID 'EXTERNAL_DB_CONN_CAPSTONE_DE' for task execution.
[2024-06-26T22:40:46.711+0000] {sql.py:487} INFO - Running statement: SHOW COLUMNS FROM testimoni_volunteers, parameters: None
[2024-06-26T22:40:46.745+0000] {sql.py:496} INFO - Rows affected: 8
[2024-06-26T22:40:46.804+0000] {base.py:84} INFO - Using connection ID 'EXTERNAL_DB_CONN_CAPSTONE_DE' for task execution.
[2024-06-26T22:40:46.978+0000] {sql.py:487} INFO - Running statement: 
            SELECT *
            FROM testimoni_volunteers
            WHERE DATE(created_at) = '2024-06-24'
            OR DATE(updated_at) = '2024-06-24'
        , parameters: None
[2024-06-26T22:40:47.010+0000] {sql.py:496} INFO - Rows affected: 1
[2024-06-26T22:40:47.055+0000] {base.py:84} INFO - Using connection ID 'EXTERNAL_DB_CONN_CAPSTONE_DE' for task execution.
[2024-06-26T22:40:47.205+0000] {sql.py:487} INFO - Running statement: SHOW COLUMNS FROM transactions, parameters: None
[2024-06-26T22:40:47.235+0000] {sql.py:496} INFO - Rows affected: 10
[2024-06-26T22:40:47.285+0000] {base.py:84} INFO - Using connection ID 'EXTERNAL_DB_CONN_CAPSTONE_DE' for task execution.
[2024-06-26T22:40:47.431+0000] {sql.py:487} INFO - Running statement: 
            SELECT *
            FROM transactions
            WHERE DATE(created_at) = '2024-06-24'
            OR DATE(updated_at) = '2024-06-24'
        , parameters: None
[2024-06-26T22:40:47.463+0000] {sql.py:496} INFO - Rows affected: 1
[2024-06-26T22:40:47.516+0000] {base.py:84} INFO - Using connection ID 'EXTERNAL_DB_CONN_CAPSTONE_DE' for task execution.
[2024-06-26T22:40:47.670+0000] {sql.py:487} INFO - Running statement: SHOW COLUMNS FROM user_bookmark_articles, parameters: None
[2024-06-26T22:40:47.701+0000] {sql.py:496} INFO - Rows affected: 6
[2024-06-26T22:40:47.754+0000] {base.py:84} INFO - Using connection ID 'EXTERNAL_DB_CONN_CAPSTONE_DE' for task execution.
[2024-06-26T22:40:47.949+0000] {sql.py:487} INFO - Running statement: 
            SELECT *
            FROM user_bookmark_articles
            WHERE DATE(created_at) = '2024-06-24'
            OR DATE(updated_at) = '2024-06-24'
        , parameters: None
[2024-06-26T22:40:47.979+0000] {sql.py:496} INFO - Rows affected: 3
[2024-06-26T22:40:48.028+0000] {base.py:84} INFO - Using connection ID 'EXTERNAL_DB_CONN_CAPSTONE_DE' for task execution.
[2024-06-26T22:40:48.185+0000] {sql.py:487} INFO - Running statement: SHOW COLUMNS FROM user_bookmark_fundraisings, parameters: None
[2024-06-26T22:40:48.217+0000] {sql.py:496} INFO - Rows affected: 6
[2024-06-26T22:40:48.259+0000] {base.py:84} INFO - Using connection ID 'EXTERNAL_DB_CONN_CAPSTONE_DE' for task execution.
[2024-06-26T22:40:48.411+0000] {sql.py:487} INFO - Running statement: 
            SELECT *
            FROM user_bookmark_fundraisings
            WHERE DATE(created_at) = '2024-06-24'
            OR DATE(updated_at) = '2024-06-24'
        , parameters: None
[2024-06-26T22:40:48.442+0000] {sql.py:496} INFO - Rows affected: 4
[2024-06-26T22:40:48.484+0000] {base.py:84} INFO - Using connection ID 'EXTERNAL_DB_CONN_CAPSTONE_DE' for task execution.
[2024-06-26T22:40:48.623+0000] {sql.py:487} INFO - Running statement: SHOW COLUMNS FROM user_bookmark_volunteer_vacancies, parameters: None
[2024-06-26T22:40:48.652+0000] {sql.py:496} INFO - Rows affected: 7
[2024-06-26T22:40:48.689+0000] {base.py:84} INFO - Using connection ID 'EXTERNAL_DB_CONN_CAPSTONE_DE' for task execution.
[2024-06-26T22:40:48.844+0000] {sql.py:487} INFO - Running statement: 
            SELECT *
            FROM user_bookmark_volunteer_vacancies
            WHERE DATE(created_at) = '2024-06-24'
            OR DATE(updated_at) = '2024-06-24'
        , parameters: None
[2024-06-26T22:40:48.887+0000] {sql.py:496} INFO - Rows affected: 2
[2024-06-26T22:40:48.941+0000] {base.py:84} INFO - Using connection ID 'EXTERNAL_DB_CONN_CAPSTONE_DE' for task execution.
[2024-06-26T22:40:49.098+0000] {sql.py:487} INFO - Running statement: SHOW COLUMNS FROM users, parameters: None
[2024-06-26T22:40:49.131+0000] {sql.py:496} INFO - Rows affected: 12
[2024-06-26T22:40:49.172+0000] {base.py:84} INFO - Using connection ID 'EXTERNAL_DB_CONN_CAPSTONE_DE' for task execution.
[2024-06-26T22:40:49.327+0000] {sql.py:487} INFO - Running statement: 
            SELECT *
            FROM users
            WHERE DATE(created_at) = '2024-06-24'
            OR DATE(updated_at) = '2024-06-24'
        , parameters: None
[2024-06-26T22:40:49.359+0000] {sql.py:496} INFO - Rows affected: 10
[2024-06-26T22:40:49.402+0000] {base.py:84} INFO - Using connection ID 'EXTERNAL_DB_CONN_CAPSTONE_DE' for task execution.
[2024-06-26T22:40:49.555+0000] {sql.py:487} INFO - Running statement: SHOW COLUMNS FROM volunteers, parameters: None
[2024-06-26T22:40:49.587+0000] {sql.py:496} INFO - Rows affected: 16
[2024-06-26T22:40:49.629+0000] {base.py:84} INFO - Using connection ID 'EXTERNAL_DB_CONN_CAPSTONE_DE' for task execution.
[2024-06-26T22:40:49.770+0000] {sql.py:487} INFO - Running statement: 
            SELECT *
            FROM volunteers
            WHERE DATE(created_at) = '2024-06-24'
            OR DATE(updated_at) = '2024-06-24'
        , parameters: None
[2024-06-26T22:40:49.801+0000] {sql.py:496} INFO - Rows affected: 4
[2024-06-26T22:40:50.337+0000] {logging_mixin.py:188} INFO - [    id  ...                                    message
0   55  ...    "sintaayr03 Bergabung ke Peduli Pintar"
1   56  ...          " melakukan donasi sebesar Rp. 0"
2   57  ...        "suryaf Bergabung ke Peduli Pintar"
3   58  ...       "suryasf Bergabung ke Peduli Pintar"
4   59  ...      "suryaesf Bergabung ke Peduli Pintar"
5   60  ...          " melakukan donasi sebesar Rp. 0"
6   61  ...          " melakukan donasi sebesar Rp. 0"
7   62  ...          " melakukan donasi sebesar Rp. 0"
8   63  ...          " melakukan donasi sebesar Rp. 0"
9   64  ...          " melakukan donasi sebesar Rp. 0"
10  65  ...       "Admin10 Bergabung ke Peduli Pintar"
11  66  ...    "Sintaayr19 Bergabung ke Peduli Pintar"
12  67  ...          " melakukan donasi sebesar Rp. 0"
13  68  ...          " melakukan donasi sebesar Rp. 0"
14  69  ...   "Aryasenoaji Bergabung ke Peduli Pintar"
15  70  ...          " melakukan donasi sebesar Rp. 0"
16  71  ...  "Salsabilaefn Bergabung ke Peduli Pintar"

[17 rows x 8 columns], Empty DataFrame
Columns: [id, created_at, updated_at, deleted_at, username, email, password, avatar]
Index: [],     id              created_at  ...                           reason            age
0  230 2024-06-24 05:06:00.270  ...  Ingin membantu membangun sumur   18 - 20 Tahun
1  231 2024-06-24 05:28:01.961  ...                             suka  21 - 25 Tahun
2  232 2024-06-24 07:51:13.444  ...               menambah aktivitas  21 - 25 Tahun
3  233 2024-06-24 08:30:49.793  ...     Ingin menambah produktivitas  21 - 25 Tahun

[4 rows x 11 columns],    id  ...                                          image_url
0  54  ...  https://res.cloudinary.com/dvrhf8d9t/image/upl...

[1 rows x 8 columns], Empty DataFrame
Columns: [id, created_at, updated_at, deleted_at, chat_id, role, message]
Index: [], Empty DataFrame
Columns: [id, created_at, updated_at, deleted_at, user_id, article_id, comment, total_likes]
Index: [], Empty DataFrame
Columns: [id, created_at, updated_at, deleted_at, donation_id, comment, total_likes]
Index: [],    id              created_at  ...                       comment total_likes
0  91 2024-06-24 04:26:50.925  ...              semoa bermanfaat           0
1  92 2024-06-24 04:57:38.101  ...                 semoga berkah           0
2  93 2024-06-24 05:00:19.905  ...                semoga berkah            0
3  94 2024-06-24 05:31:51.322  ...                          sdsd           0
4  95 2024-06-24 05:36:10.530  ...                      selamat            0
5  96 2024-06-24 05:37:30.000  ...                semoga berkah            0
6  97 2024-06-24 07:35:21.630  ...  semoga donasi ini bermanfaat           0
7  98 2024-06-24 07:49:55.129  ...             semoga bermanfaat           0
8  99 2024-06-24 08:27:56.714  ...  semoga donasi ini bermanfaat           0

[9 rows x 7 columns],     id  ... fundraising_id
0  202  ...             64
1  203  ...             24
2  204  ...             19
3  205  ...             22
4  206  ...             24
5  207  ...             24
6  208  ...             11
7  209  ...             64
8  210  ...             64

[9 rows x 9 columns], Empty DataFrame
Columns: [id, created_at, updated_at, deleted_at, user_id, amount, status, code, fundraising_id, payment_url, payment_method]
Index: [], Empty DataFrame
Columns: [id, created_at, updated_at, deleted_at, name]
Index: [],    id              created_at  ... start_date   end_date
0  19 2024-06-06 00:03:25.012  ... 2024-04-01 2024-12-31
1  64 2024-06-12 23:19:30.182  ... 2024-06-13 2025-06-26
2  81 2024-06-24 08:45:37.149  ... 2024-06-25 2024-07-20

[3 rows x 14 columns], Empty DataFrame
Columns: [id, created_at, updated_at, deleted_at, donation_comment_id, user_id]
Index: [], Empty DataFrame
Columns: [id, created_at, updated_at, deleted_at, donation_manual_comment_id, user_id]
Index: [], Empty DataFrame
Columns: [id, created_at, updated_at, deleted_at, user_id, comment_id]
Index: [],    id              created_at  ...     instagram no_rekening
0  24 2024-06-24 08:52:22.805  ...  Peduli_Hijau    12345678

[1 rows x 13 columns],    id              created_at  ...     testimoni rating
0  46 2024-06-24 04:34:10.597  ...  sangat seruu      4

[1 rows x 8 columns],    id  ... fundraising_id
0  28  ...             81

[1 rows x 10 columns],     id              created_at  ... user_id article_id
0  128 2024-06-24 04:31:17.678  ...     127         54
1  129 2024-06-24 07:51:41.303  ...     171          9
2  130 2024-06-24 07:51:56.289  ...     171         52

[3 rows x 6 columns],     id              created_at  ... user_id fundraising_id
0  129 2024-06-24 04:22:33.154  ...     127             64
1  130 2024-06-24 07:35:36.060  ...     171             11
2  131 2024-06-24 07:48:03.010  ...     171             22
3  132 2024-06-24 08:25:34.704  ...     171             64

[4 rows x 6 columns],    id              created_at  ... volunteer_vacancies_id volunteer_vacancy_id
0  98 2024-06-24 04:28:15.130  ...                      4                 None
1  99 2024-06-24 08:29:05.451  ...                      4                 None

[2 rows x 7 columns],     id              created_at  ...         no_telp     otp
0  125 2024-06-15 13:00:44.807  ...    096585475456  428856
1  127 2024-06-18 18:49:07.106  ...      3254467658        
2  166 2024-06-24 04:11:30.351  ...   0823456789111  385372
3  167 2024-06-24 04:44:03.785  ...   0865734543532        
4  168 2024-06-24 04:48:23.005  ...    086573454332        
5  169 2024-06-24 04:49:40.202  ...   0865734543332        
6  170 2024-06-24 06:32:10.453  ...  08657345325324        
7  171 2024-06-24 07:33:14.126  ...    081365707638        
8  172 2024-06-24 08:03:56.883  ...     08999999999        
9  173 2024-06-24 10:07:12.081  ...    085761641524        

[10 rows x 12 columns],    id              created_at  ...  status  link_wa
0   4 2024-06-07 11:16:25.220  ...  active         
1  29 2024-06-07 01:16:25.220  ...  active         
2  30 2024-06-07 01:16:25.220  ...  active         
3  60 2024-06-24 08:48:45.444  ...  active  link.wa

[4 rows x 16 columns]]
[2024-06-26T22:40:50.338+0000] {logging_mixin.py:188} INFO - ['admin_notifications', 'admins', 'applications', 'articles', 'chatbots', 'comments', 'donation_comments', 'donation_manual_comments', 'donation_manuals', 'donations', 'fundraising_categories', 'fundraisings', 'like_donation_comments', 'like_donation_manual_comments', 'likes_comments', 'organizations', 'testimoni_volunteers', 'transactions', 'user_bookmark_articles', 'user_bookmark_fundraisings', 'user_bookmark_volunteer_vacancies', 'users', 'volunteers']
[2024-06-26T22:40:50.733+0000] {taskinstance.py:441} INFO - ::group::Post task execution logs
[2024-06-26T22:40:50.771+0000] {taskinstance.py:1206} INFO - Marking task as SUCCESS. dag_id=coba_ds_v7, task_id=extract_data, run_id=scheduled__2024-06-24T00:00:00+00:00, execution_date=20240624T000000, start_date=20240626T224037, end_date=20240626T224050
[2024-06-26T22:40:50.878+0000] {local_task_job_runner.py:240} INFO - Task exited with return code 0
[2024-06-26T22:40:50.940+0000] {taskinstance.py:3503} INFO - 1 downstream tasks scheduled from follow-on schedule check
[2024-06-26T22:40:50.943+0000] {local_task_job_runner.py:222} INFO - ::endgroup::
