[2024-06-26T14:22:52.736+0000] {local_task_job_runner.py:120} INFO - ::group::Pre task execution logs
[2024-06-26T14:22:52.785+0000] {taskinstance.py:2076} INFO - Dependencies all met for dep_context=non-requeueable deps ti=<TaskInstance: peduli_pintar_elt_all_dags_v2.load_db_local scheduled__2024-06-25T00:00:00+00:00 [queued]>
[2024-06-26T14:22:52.796+0000] {taskinstance.py:2076} INFO - Dependencies all met for dep_context=requeueable deps ti=<TaskInstance: peduli_pintar_elt_all_dags_v2.load_db_local scheduled__2024-06-25T00:00:00+00:00 [queued]>
[2024-06-26T14:22:52.796+0000] {taskinstance.py:2306} INFO - Starting attempt 1 of 5
[2024-06-26T14:22:52.813+0000] {taskinstance.py:2330} INFO - Executing <Task(LoadDatabaseLocal): load_db_local> on 2024-06-25 00:00:00+00:00
[2024-06-26T14:22:52.827+0000] {warnings.py:112} WARNING - /home/***/.local/lib/python3.12/site-packages/***/task/task_runner/standard_task_runner.py:61: DeprecationWarning: This process (pid=613) is multi-threaded, use of fork() may lead to deadlocks in the child.
  pid = os.fork()

[2024-06-26T14:22:52.829+0000] {standard_task_runner.py:63} INFO - Started process 625 to run task
[2024-06-26T14:22:52.829+0000] {standard_task_runner.py:90} INFO - Running: ['***', 'tasks', 'run', 'peduli_pintar_elt_all_dags_v2', 'load_db_local', 'scheduled__2024-06-25T00:00:00+00:00', '--job-id', '50', '--raw', '--subdir', 'DAGS_FOLDER/etl_all_dags.py', '--cfg-path', '/tmp/tmpute6oaxi']
[2024-06-26T14:22:52.833+0000] {standard_task_runner.py:91} INFO - Job 50: Subtask load_db_local
[2024-06-26T14:22:52.908+0000] {task_command.py:426} INFO - Running <TaskInstance: peduli_pintar_elt_all_dags_v2.load_db_local scheduled__2024-06-25T00:00:00+00:00 [running]> on host 7ecff3f83b62
[2024-06-26T14:22:53.038+0000] {taskinstance.py:2648} INFO - Exporting env vars: AIRFLOW_CTX_DAG_OWNER='Kelompok 5 Capstone DE' AIRFLOW_CTX_DAG_ID='peduli_pintar_elt_all_dags_v2' AIRFLOW_CTX_TASK_ID='load_db_local' AIRFLOW_CTX_EXECUTION_DATE='2024-06-25T00:00:00+00:00' AIRFLOW_CTX_TRY_NUMBER='1' AIRFLOW_CTX_DAG_RUN_ID='scheduled__2024-06-25T00:00:00+00:00'
[2024-06-26T14:22:53.040+0000] {taskinstance.py:430} INFO - ::endgroup::
[2024-06-26T14:22:53.075+0000] {base.py:84} INFO - Using connection ID 'mysql_default' for task execution.
[2024-06-26T14:22:53.119+0000] {etl_all_operator.py:382} INFO - Connected to MySQL database 'peduli_pintar' on server 'IkaPurwanti'
[2024-06-26T14:22:53.121+0000] {etl_all_operator.py:388} INFO - Connection to MySQL with connection ID 'mysql_default' is successful.
[2024-06-26T14:22:53.122+0000] {etl_all_operator.py:507} INFO - Connection DB sukses!!!
[2024-06-26T14:22:53.392+0000] {base.py:84} INFO - Using connection ID 'mysql_default' for task execution.
[2024-06-26T14:22:59.626+0000] {etl_all_operator.py:495} INFO - Data berhasil disimpan ke tabel-tabel dalam database 'peduli_pintar'.
[2024-06-26T14:22:59.645+0000] {etl_all_operator.py:517} INFO - Data insertion completed successfully.
[2024-06-26T14:22:59.654+0000] {taskinstance.py:441} INFO - ::group::Post task execution logs
[2024-06-26T14:23:00.247+0000] {taskinstance.py:1206} INFO - Marking task as SUCCESS. dag_id=peduli_pintar_elt_all_dags_v2, task_id=load_db_local, run_id=scheduled__2024-06-25T00:00:00+00:00, execution_date=20240625T000000, start_date=20240626T142252, end_date=20240626T142300
[2024-06-26T14:23:00.567+0000] {local_task_job_runner.py:240} INFO - Task exited with return code 0
[2024-06-26T14:23:00.610+0000] {taskinstance.py:3503} INFO - 0 downstream tasks scheduled from follow-on schedule check
[2024-06-26T14:23:00.614+0000] {local_task_job_runner.py:222} INFO - ::endgroup::
