[2024-06-27T08:57:13.741+0000] {local_task_job_runner.py:120} INFO - ::group::Pre task execution logs
[2024-06-27T08:57:13.775+0000] {taskinstance.py:2076} INFO - Dependencies all met for dep_context=non-requeueable deps ti=<TaskInstance: peduli_pintar_etl_dags_v3.extract_data scheduled__2024-06-24T00:00:00+00:00 [queued]>
[2024-06-27T08:57:13.785+0000] {taskinstance.py:2076} INFO - Dependencies all met for dep_context=requeueable deps ti=<TaskInstance: peduli_pintar_etl_dags_v3.extract_data scheduled__2024-06-24T00:00:00+00:00 [queued]>
[2024-06-27T08:57:13.786+0000] {taskinstance.py:2306} INFO - Starting attempt 2 of 5
[2024-06-27T08:57:13.803+0000] {taskinstance.py:2330} INFO - Executing <Task(ExtractData): extract_data> on 2024-06-24 00:00:00+00:00
[2024-06-27T08:57:13.814+0000] {warnings.py:112} WARNING - /home/***/.local/lib/python3.12/site-packages/***/task/task_runner/standard_task_runner.py:61: DeprecationWarning: This process (pid=202) is multi-threaded, use of fork() may lead to deadlocks in the child.
  pid = os.fork()

[2024-06-27T08:57:13.816+0000] {standard_task_runner.py:63} INFO - Started process 205 to run task
[2024-06-27T08:57:13.815+0000] {standard_task_runner.py:90} INFO - Running: ['***', 'tasks', 'run', 'peduli_pintar_etl_dags_v3', 'extract_data', 'scheduled__2024-06-24T00:00:00+00:00', '--job-id', '38', '--raw', '--subdir', 'DAGS_FOLDER/etl_dags.py', '--cfg-path', '/tmp/tmpimnslfqq']
[2024-06-27T08:57:13.819+0000] {standard_task_runner.py:91} INFO - Job 38: Subtask extract_data
[2024-06-27T08:57:13.907+0000] {task_command.py:426} INFO - Running <TaskInstance: peduli_pintar_etl_dags_v3.extract_data scheduled__2024-06-24T00:00:00+00:00 [running]> on host 3dad981482d5
[2024-06-27T08:57:14.030+0000] {taskinstance.py:2648} INFO - Exporting env vars: AIRFLOW_CTX_DAG_OWNER='Kelompok 5 Capstone DE' AIRFLOW_CTX_DAG_ID='peduli_pintar_etl_dags_v3' AIRFLOW_CTX_TASK_ID='extract_data' AIRFLOW_CTX_EXECUTION_DATE='2024-06-24T00:00:00+00:00' AIRFLOW_CTX_TRY_NUMBER='2' AIRFLOW_CTX_DAG_RUN_ID='scheduled__2024-06-24T00:00:00+00:00'
[2024-06-27T08:57:14.032+0000] {taskinstance.py:430} INFO - ::endgroup::
[2024-06-27T08:57:14.074+0000] {base.py:84} INFO - Using connection ID 'EXTERNAL_DB_CONN_CAPSTONE_DE' for task execution.
[2024-06-27T08:57:14.519+0000] {sql.py:487} INFO - Running statement: SHOW TABLES, parameters: None
[2024-06-27T08:57:14.549+0000] {sql.py:496} INFO - Rows affected: 23
[2024-06-27T08:57:14.617+0000] {base.py:84} INFO - Using connection ID 'EXTERNAL_DB_CONN_CAPSTONE_DE' for task execution.
[2024-06-27T08:57:17.953+0000] {sql.py:487} INFO - Running statement: SHOW COLUMNS FROM admin_notifications, parameters: None
[2024-06-27T08:57:18.008+0000] {sql.py:496} INFO - Rows affected: 8
[2024-06-27T08:57:18.285+0000] {base.py:84} INFO - Using connection ID 'EXTERNAL_DB_CONN_CAPSTONE_DE' for task execution.
[2024-06-27T08:57:18.563+0000] {sql.py:487} INFO - Running statement: 
            SELECT *
            FROM admin_notifications
            WHERE DATE(created_at) = '2024-06-24' OR DATE(updated_at) = '2024-06-24'
        , parameters: None
[2024-06-27T08:57:18.600+0000] {sql.py:496} INFO - Rows affected: 17
[2024-06-27T08:57:19.132+0000] {base.py:84} INFO - Using connection ID 'EXTERNAL_DB_CONN_CAPSTONE_DE' for task execution.
[2024-06-27T08:57:19.496+0000] {sql.py:487} INFO - Running statement: SHOW COLUMNS FROM admins, parameters: None
[2024-06-27T08:57:19.536+0000] {sql.py:496} INFO - Rows affected: 8
[2024-06-27T08:57:19.630+0000] {base.py:84} INFO - Using connection ID 'EXTERNAL_DB_CONN_CAPSTONE_DE' for task execution.
[2024-06-27T08:57:19.930+0000] {sql.py:487} INFO - Running statement: 
            SELECT *
            FROM admins
            WHERE DATE(created_at) = '2024-06-24' OR DATE(updated_at) = '2024-06-24'
        , parameters: None
[2024-06-27T08:57:19.966+0000] {sql.py:496} INFO - Rows affected: 0
[2024-06-27T08:57:20.182+0000] {base.py:84} INFO - Using connection ID 'EXTERNAL_DB_CONN_CAPSTONE_DE' for task execution.
[2024-06-27T08:57:21.399+0000] {sql.py:487} INFO - Running statement: SHOW COLUMNS FROM applications, parameters: None
[2024-06-27T08:57:21.434+0000] {sql.py:496} INFO - Rows affected: 11
[2024-06-27T08:57:21.489+0000] {base.py:84} INFO - Using connection ID 'EXTERNAL_DB_CONN_CAPSTONE_DE' for task execution.
[2024-06-27T08:57:21.796+0000] {sql.py:487} INFO - Running statement: 
            SELECT *
            FROM applications
            WHERE DATE(created_at) = '2024-06-24' OR DATE(updated_at) = '2024-06-24'
        , parameters: None
[2024-06-27T08:57:21.830+0000] {sql.py:496} INFO - Rows affected: 4
[2024-06-27T08:57:21.878+0000] {base.py:84} INFO - Using connection ID 'EXTERNAL_DB_CONN_CAPSTONE_DE' for task execution.
[2024-06-27T08:57:22.183+0000] {sql.py:487} INFO - Running statement: SHOW COLUMNS FROM articles, parameters: None
[2024-06-27T08:57:22.215+0000] {sql.py:496} INFO - Rows affected: 8
[2024-06-27T08:57:22.340+0000] {base.py:84} INFO - Using connection ID 'EXTERNAL_DB_CONN_CAPSTONE_DE' for task execution.
[2024-06-27T08:57:24.894+0000] {sql.py:487} INFO - Running statement: 
            SELECT *
            FROM articles
            WHERE DATE(created_at) = '2024-06-24' OR DATE(updated_at) = '2024-06-24'
        , parameters: None
[2024-06-27T08:57:25.003+0000] {sql.py:496} INFO - Rows affected: 1
[2024-06-27T08:57:25.104+0000] {base.py:84} INFO - Using connection ID 'EXTERNAL_DB_CONN_CAPSTONE_DE' for task execution.
[2024-06-27T08:57:25.427+0000] {sql.py:487} INFO - Running statement: SHOW COLUMNS FROM chatbots, parameters: None
[2024-06-27T08:57:25.471+0000] {sql.py:496} INFO - Rows affected: 7
[2024-06-27T08:57:25.539+0000] {base.py:84} INFO - Using connection ID 'EXTERNAL_DB_CONN_CAPSTONE_DE' for task execution.
[2024-06-27T08:57:27.848+0000] {sql.py:487} INFO - Running statement: 
            SELECT *
            FROM chatbots
            WHERE DATE(created_at) = '2024-06-24' OR DATE(updated_at) = '2024-06-24'
        , parameters: None
[2024-06-27T08:57:27.882+0000] {sql.py:496} INFO - Rows affected: 0
[2024-06-27T08:57:28.016+0000] {base.py:84} INFO - Using connection ID 'EXTERNAL_DB_CONN_CAPSTONE_DE' for task execution.
[2024-06-27T08:57:28.339+0000] {sql.py:487} INFO - Running statement: SHOW COLUMNS FROM comments, parameters: None
[2024-06-27T08:57:28.373+0000] {sql.py:496} INFO - Rows affected: 8
[2024-06-27T08:57:28.455+0000] {base.py:84} INFO - Using connection ID 'EXTERNAL_DB_CONN_CAPSTONE_DE' for task execution.
[2024-06-27T08:57:28.758+0000] {sql.py:487} INFO - Running statement: 
            SELECT *
            FROM comments
            WHERE DATE(created_at) = '2024-06-24' OR DATE(updated_at) = '2024-06-24'
        , parameters: None
[2024-06-27T08:57:28.796+0000] {sql.py:496} INFO - Rows affected: 0
[2024-06-27T08:57:28.852+0000] {base.py:84} INFO - Using connection ID 'EXTERNAL_DB_CONN_CAPSTONE_DE' for task execution.
[2024-06-27T08:57:29.272+0000] {sql.py:487} INFO - Running statement: SHOW COLUMNS FROM donation_comments, parameters: None
[2024-06-27T08:57:29.306+0000] {sql.py:496} INFO - Rows affected: 7
[2024-06-27T08:57:29.692+0000] {base.py:84} INFO - Using connection ID 'EXTERNAL_DB_CONN_CAPSTONE_DE' for task execution.
[2024-06-27T08:57:30.186+0000] {sql.py:487} INFO - Running statement: 
            SELECT *
            FROM donation_comments
            WHERE DATE(created_at) = '2024-06-24' OR DATE(updated_at) = '2024-06-24'
        , parameters: None
[2024-06-27T08:57:30.217+0000] {sql.py:496} INFO - Rows affected: 0
[2024-06-27T08:57:30.575+0000] {base.py:84} INFO - Using connection ID 'EXTERNAL_DB_CONN_CAPSTONE_DE' for task execution.
[2024-06-27T08:57:30.910+0000] {sql.py:487} INFO - Running statement: SHOW COLUMNS FROM donation_manual_comments, parameters: None
[2024-06-27T08:57:30.949+0000] {sql.py:496} INFO - Rows affected: 7
[2024-06-27T08:57:31.083+0000] {base.py:84} INFO - Using connection ID 'EXTERNAL_DB_CONN_CAPSTONE_DE' for task execution.
[2024-06-27T08:57:31.465+0000] {sql.py:487} INFO - Running statement: 
            SELECT *
            FROM donation_manual_comments
            WHERE DATE(created_at) = '2024-06-24' OR DATE(updated_at) = '2024-06-24'
        , parameters: None
[2024-06-27T08:57:31.505+0000] {sql.py:496} INFO - Rows affected: 9
[2024-06-27T08:57:32.105+0000] {base.py:84} INFO - Using connection ID 'EXTERNAL_DB_CONN_CAPSTONE_DE' for task execution.
[2024-06-27T08:57:32.482+0000] {sql.py:487} INFO - Running statement: SHOW COLUMNS FROM donation_manuals, parameters: None
[2024-06-27T08:57:32.535+0000] {sql.py:496} INFO - Rows affected: 9
[2024-06-27T08:57:32.679+0000] {base.py:84} INFO - Using connection ID 'EXTERNAL_DB_CONN_CAPSTONE_DE' for task execution.
[2024-06-27T08:57:32.938+0000] {sql.py:487} INFO - Running statement: 
            SELECT *
            FROM donation_manuals
            WHERE DATE(created_at) = '2024-06-24' OR DATE(updated_at) = '2024-06-24'
        , parameters: None
[2024-06-27T08:57:32.974+0000] {sql.py:496} INFO - Rows affected: 9
[2024-06-27T08:57:33.064+0000] {base.py:84} INFO - Using connection ID 'EXTERNAL_DB_CONN_CAPSTONE_DE' for task execution.
[2024-06-27T08:57:33.463+0000] {sql.py:487} INFO - Running statement: SHOW COLUMNS FROM donations, parameters: None
[2024-06-27T08:57:33.498+0000] {sql.py:496} INFO - Rows affected: 11
[2024-06-27T08:57:33.619+0000] {base.py:84} INFO - Using connection ID 'EXTERNAL_DB_CONN_CAPSTONE_DE' for task execution.
[2024-06-27T08:57:33.967+0000] {sql.py:487} INFO - Running statement: 
            SELECT *
            FROM donations
            WHERE DATE(created_at) = '2024-06-24' OR DATE(updated_at) = '2024-06-24'
        , parameters: None
[2024-06-27T08:57:34.001+0000] {sql.py:496} INFO - Rows affected: 0
[2024-06-27T08:57:34.135+0000] {base.py:84} INFO - Using connection ID 'EXTERNAL_DB_CONN_CAPSTONE_DE' for task execution.
[2024-06-27T08:57:35.540+0000] {sql.py:487} INFO - Running statement: SHOW COLUMNS FROM fundraising_categories, parameters: None
[2024-06-27T08:57:35.728+0000] {sql.py:496} INFO - Rows affected: 5
[2024-06-27T08:57:35.861+0000] {base.py:84} INFO - Using connection ID 'EXTERNAL_DB_CONN_CAPSTONE_DE' for task execution.
[2024-06-27T08:57:36.165+0000] {sql.py:487} INFO - Running statement: 
            SELECT *
            FROM fundraising_categories
            WHERE DATE(created_at) = '2024-06-24' OR DATE(updated_at) = '2024-06-24'
        , parameters: None
[2024-06-27T08:57:36.268+0000] {sql.py:496} INFO - Rows affected: 0
[2024-06-27T08:57:37.261+0000] {base.py:84} INFO - Using connection ID 'EXTERNAL_DB_CONN_CAPSTONE_DE' for task execution.
[2024-06-27T08:57:49.758+0000] {taskinstance.py:441} INFO - ::group::Post task execution logs
[2024-06-27T08:57:49.784+0000] {taskinstance.py:2905} ERROR - Task failed with exception
Traceback (most recent call last):
  File "/home/airflow/.local/lib/python3.12/site-packages/airflow/models/taskinstance.py", line 465, in _execute_task
    result = _execute_callable(context=context, **execute_callable_kwargs)
             ^^^^^^^^^^^^^^^^^^^^^^^^^^^^^^^^^^^^^^^^^^^^^^^^^^^^^^^^^^^^^
  File "/home/airflow/.local/lib/python3.12/site-packages/airflow/models/taskinstance.py", line 432, in _execute_callable
    return execute_callable(context=context, **execute_callable_kwargs)
           ^^^^^^^^^^^^^^^^^^^^^^^^^^^^^^^^^^^^^^^^^^^^^^^^^^^^^^^^^^^^
  File "/home/airflow/.local/lib/python3.12/site-packages/airflow/models/baseoperator.py", line 401, in wrapper
    return func(self, *args, **kwargs)
           ^^^^^^^^^^^^^^^^^^^^^^^^^^^
  File "/opt/airflow/dags/custom_operator/etl_operator.py", line 56, in execute
    dataframes, table_names = self.extract_data_from_external_db(formatted_query, text_columns)
                              ^^^^^^^^^^^^^^^^^^^^^^^^^^^^^^^^^^^^^^^^^^^^^^^^^^^^^^^^^^^^^^^^^
  File "/opt/airflow/dags/custom_operator/etl_operator.py", line 31, in extract_data_from_external_db
    column_names = [col[0] for col in mysql_hook.get_records(f"SHOW COLUMNS FROM {table}")]
                                      ^^^^^^^^^^^^^^^^^^^^^^^^^^^^^^^^^^^^^^^^^^^^^^^^^^^^
  File "/home/airflow/.local/lib/python3.12/site-packages/airflow/providers/common/sql/hooks/sql.py", line 303, in get_records
    return self.run(sql=sql, parameters=parameters, handler=fetch_all_handler)
           ^^^^^^^^^^^^^^^^^^^^^^^^^^^^^^^^^^^^^^^^^^^^^^^^^^^^^^^^^^^^^^^^^^^
  File "/home/airflow/.local/lib/python3.12/site-packages/airflow/providers/common/sql/hooks/sql.py", line 431, in run
    with self._create_autocommit_connection(autocommit) as conn:
  File "/usr/local/lib/python3.12/contextlib.py", line 137, in __enter__
    return next(self.gen)
           ^^^^^^^^^^^^^^
  File "/home/airflow/.local/lib/python3.12/site-packages/airflow/providers/common/sql/hooks/sql.py", line 551, in _create_autocommit_connection
    with closing(self.get_conn()) as conn:
                 ^^^^^^^^^^^^^^^
  File "/home/airflow/.local/lib/python3.12/site-packages/airflow/providers/mysql/hooks/mysql.py", line 196, in get_conn
    return MySQLdb.connect(**conn_config)
           ^^^^^^^^^^^^^^^^^^^^^^^^^^^^^^
  File "/home/airflow/.local/lib/python3.12/site-packages/MySQLdb/__init__.py", line 121, in Connect
    return Connection(*args, **kwargs)
           ^^^^^^^^^^^^^^^^^^^^^^^^^^^
  File "/home/airflow/.local/lib/python3.12/site-packages/MySQLdb/connections.py", line 195, in __init__
    super().__init__(*args, **kwargs2)
MySQLdb.OperationalError: (1159, 'Got timeout reading communication packets')
[2024-06-27T08:57:50.792+0000] {taskinstance.py:1206} INFO - Marking task as UP_FOR_RETRY. dag_id=peduli_pintar_etl_dags_v3, task_id=extract_data, run_id=scheduled__2024-06-24T00:00:00+00:00, execution_date=20240624T000000, start_date=20240627T085713, end_date=20240627T085750
[2024-06-27T08:57:51.095+0000] {standard_task_runner.py:110} ERROR - Failed to execute job 38 for task extract_data ((1159, 'Got timeout reading communication packets'); 205)
[2024-06-27T08:57:51.242+0000] {local_task_job_runner.py:240} INFO - Task exited with return code 1
[2024-06-27T08:57:51.686+0000] {taskinstance.py:3503} INFO - 0 downstream tasks scheduled from follow-on schedule check
[2024-06-27T08:57:51.704+0000] {local_task_job_runner.py:222} INFO - ::endgroup::
