[2024-06-27T09:02:01.608+0000] {local_task_job_runner.py:120} INFO - ::group::Pre task execution logs
[2024-06-27T09:02:01.762+0000] {taskinstance.py:2076} INFO - Dependencies all met for dep_context=non-requeueable deps ti=<TaskInstance: peduli_pintar_etl_dags_v3.load_firebase scheduled__2024-06-23T00:00:00+00:00 [queued]>
[2024-06-27T09:02:01.793+0000] {taskinstance.py:2076} INFO - Dependencies all met for dep_context=requeueable deps ti=<TaskInstance: peduli_pintar_etl_dags_v3.load_firebase scheduled__2024-06-23T00:00:00+00:00 [queued]>
[2024-06-27T09:02:01.795+0000] {taskinstance.py:2306} INFO - Starting attempt 1 of 5
[2024-06-27T09:02:01.852+0000] {taskinstance.py:2330} INFO - Executing <Task(LoadFirebase): load_firebase> on 2024-06-23 00:00:00+00:00
[2024-06-27T09:02:01.962+0000] {warnings.py:112} WARNING - /home/***/.local/lib/python3.12/site-packages/***/task/task_runner/standard_task_runner.py:61: DeprecationWarning: This process (pid=240) is multi-threaded, use of fork() may lead to deadlocks in the child.
  pid = os.fork()

[2024-06-27T09:02:02.024+0000] {standard_task_runner.py:63} INFO - Started process 249 to run task
[2024-06-27T09:02:02.018+0000] {standard_task_runner.py:90} INFO - Running: ['***', 'tasks', 'run', 'peduli_pintar_etl_dags_v3', 'load_firebase', 'scheduled__2024-06-23T00:00:00+00:00', '--job-id', '46', '--raw', '--subdir', 'DAGS_FOLDER/etl_dags.py', '--cfg-path', '/tmp/tmpvcibvlma']
[2024-06-27T09:02:02.044+0000] {standard_task_runner.py:91} INFO - Job 46: Subtask load_firebase
[2024-06-27T09:02:02.562+0000] {task_command.py:426} INFO - Running <TaskInstance: peduli_pintar_etl_dags_v3.load_firebase scheduled__2024-06-23T00:00:00+00:00 [running]> on host 3dad981482d5
[2024-06-27T09:02:03.282+0000] {taskinstance.py:2648} INFO - Exporting env vars: AIRFLOW_CTX_DAG_OWNER='Kelompok 5 Capstone DE' AIRFLOW_CTX_DAG_ID='peduli_pintar_etl_dags_v3' AIRFLOW_CTX_TASK_ID='load_firebase' AIRFLOW_CTX_EXECUTION_DATE='2024-06-23T00:00:00+00:00' AIRFLOW_CTX_TRY_NUMBER='1' AIRFLOW_CTX_DAG_RUN_ID='scheduled__2024-06-23T00:00:00+00:00'
[2024-06-27T09:02:03.288+0000] {taskinstance.py:430} INFO - ::endgroup::
[2024-06-27T09:02:05.441+0000] {logging_mixin.py:188} INFO - Folder '20240623' created successfully.
[2024-06-27T09:02:05.963+0000] {logging_mixin.py:188} INFO - Dataframe admin_notifications uploaded successfully as 20240623_admin_notifications.csv!
[2024-06-27T09:02:05.964+0000] {logging_mixin.py:188} INFO - Dataframe admins is empty or None. Skipping upload.
[2024-06-27T09:02:06.489+0000] {logging_mixin.py:188} INFO - Dataframe applications uploaded successfully as 20240623_applications.csv!
[2024-06-27T09:02:06.997+0000] {logging_mixin.py:188} INFO - Dataframe articles uploaded successfully as 20240623_articles.csv!
[2024-06-27T09:02:06.999+0000] {logging_mixin.py:188} INFO - Dataframe chatbots is empty or None. Skipping upload.
[2024-06-27T09:02:07.525+0000] {logging_mixin.py:188} INFO - Dataframe comments uploaded successfully as 20240623_comments.csv!
[2024-06-27T09:02:07.539+0000] {logging_mixin.py:188} INFO - Dataframe donation_comments is empty or None. Skipping upload.
[2024-06-27T09:02:08.130+0000] {logging_mixin.py:188} INFO - Dataframe donation_manual_comments uploaded successfully as 20240623_donation_manual_comments.csv!
[2024-06-27T09:02:08.830+0000] {logging_mixin.py:188} INFO - Dataframe donation_manuals uploaded successfully as 20240623_donation_manuals.csv!
[2024-06-27T09:02:08.832+0000] {logging_mixin.py:188} INFO - Dataframe donations is empty or None. Skipping upload.
[2024-06-27T09:02:08.833+0000] {logging_mixin.py:188} INFO - Dataframe fundraising_categories is empty or None. Skipping upload.
[2024-06-27T09:02:09.349+0000] {logging_mixin.py:188} INFO - Dataframe fundraisings uploaded successfully as 20240623_fundraisings.csv!
[2024-06-27T09:02:09.351+0000] {logging_mixin.py:188} INFO - Dataframe like_donation_comments is empty or None. Skipping upload.
[2024-06-27T09:02:09.868+0000] {logging_mixin.py:188} INFO - Dataframe like_donation_manual_comments uploaded successfully as 20240623_like_donation_manual_comments.csv!
[2024-06-27T09:02:10.396+0000] {logging_mixin.py:188} INFO - Dataframe likes_comments uploaded successfully as 20240623_likes_comments.csv!
[2024-06-27T09:02:10.964+0000] {logging_mixin.py:188} INFO - Dataframe organizations uploaded successfully as 20240623_organizations.csv!
[2024-06-27T09:02:11.479+0000] {logging_mixin.py:188} INFO - Dataframe testimoni_volunteers uploaded successfully as 20240623_testimoni_volunteers.csv!
[2024-06-27T09:02:12.174+0000] {logging_mixin.py:188} INFO - Dataframe transactions uploaded successfully as 20240623_transactions.csv!
[2024-06-27T09:02:12.680+0000] {logging_mixin.py:188} INFO - Dataframe user_bookmark_articles uploaded successfully as 20240623_user_bookmark_articles.csv!
[2024-06-27T09:02:13.198+0000] {logging_mixin.py:188} INFO - Dataframe user_bookmark_fundraisings uploaded successfully as 20240623_user_bookmark_fundraisings.csv!
[2024-06-27T09:02:13.736+0000] {logging_mixin.py:188} INFO - Dataframe user_bookmark_volunteer_vacancies uploaded successfully as 20240623_user_bookmark_volunteer_vacancies.csv!
[2024-06-27T09:02:14.245+0000] {logging_mixin.py:188} INFO - Dataframe users uploaded successfully as 20240623_users.csv!
[2024-06-27T09:02:14.744+0000] {logging_mixin.py:188} INFO - Dataframe volunteers uploaded successfully as 20240623_volunteers.csv!
[2024-06-27T09:02:14.747+0000] {taskinstance.py:441} INFO - ::group::Post task execution logs
[2024-06-27T09:02:14.823+0000] {taskinstance.py:1206} INFO - Marking task as SUCCESS. dag_id=peduli_pintar_etl_dags_v3, task_id=load_firebase, run_id=scheduled__2024-06-23T00:00:00+00:00, execution_date=20240623T000000, start_date=20240627T090201, end_date=20240627T090214
[2024-06-27T09:02:14.917+0000] {local_task_job_runner.py:240} INFO - Task exited with return code 0
[2024-06-27T09:02:14.963+0000] {taskinstance.py:3503} INFO - 0 downstream tasks scheduled from follow-on schedule check
[2024-06-27T09:02:14.966+0000] {local_task_job_runner.py:222} INFO - ::endgroup::
