[2024-06-26T14:05:51.068+0000] {local_task_job_runner.py:120} INFO - ::group::Pre task execution logs
[2024-06-26T14:05:51.113+0000] {taskinstance.py:2076} INFO - Dependencies all met for dep_context=non-requeueable deps ti=<TaskInstance: peduli_pintar_elt_all_dags_v1.load_firebase scheduled__2024-06-25T00:00:00+00:00 [queued]>
[2024-06-26T14:05:51.129+0000] {taskinstance.py:2076} INFO - Dependencies all met for dep_context=requeueable deps ti=<TaskInstance: peduli_pintar_elt_all_dags_v1.load_firebase scheduled__2024-06-25T00:00:00+00:00 [queued]>
[2024-06-26T14:05:51.131+0000] {taskinstance.py:2306} INFO - Starting attempt 2 of 5
[2024-06-26T14:05:51.149+0000] {taskinstance.py:2330} INFO - Executing <Task(LoadFirebase): load_firebase> on 2024-06-25 00:00:00+00:00
[2024-06-26T14:05:51.162+0000] {warnings.py:112} WARNING - /home/***/.local/lib/python3.12/site-packages/***/task/task_runner/standard_task_runner.py:61: DeprecationWarning: This process (pid=108) is multi-threaded, use of fork() may lead to deadlocks in the child.
  pid = os.fork()

[2024-06-26T14:05:51.164+0000] {standard_task_runner.py:63} INFO - Started process 117 to run task
[2024-06-26T14:05:51.164+0000] {standard_task_runner.py:90} INFO - Running: ['***', 'tasks', 'run', 'peduli_pintar_elt_all_dags_v1', 'load_firebase', 'scheduled__2024-06-25T00:00:00+00:00', '--job-id', '12', '--raw', '--subdir', 'DAGS_FOLDER/etl_all_dags.py', '--cfg-path', '/tmp/tmp94vwmh8m']
[2024-06-26T14:05:51.167+0000] {standard_task_runner.py:91} INFO - Job 12: Subtask load_firebase
[2024-06-26T14:05:51.244+0000] {task_command.py:426} INFO - Running <TaskInstance: peduli_pintar_elt_all_dags_v1.load_firebase scheduled__2024-06-25T00:00:00+00:00 [running]> on host 7ecff3f83b62
[2024-06-26T14:05:51.446+0000] {taskinstance.py:2648} INFO - Exporting env vars: AIRFLOW_CTX_DAG_OWNER='Kelompok 5 Capstone DE' AIRFLOW_CTX_DAG_ID='peduli_pintar_elt_all_dags_v1' AIRFLOW_CTX_TASK_ID='load_firebase' AIRFLOW_CTX_EXECUTION_DATE='2024-06-25T00:00:00+00:00' AIRFLOW_CTX_TRY_NUMBER='2' AIRFLOW_CTX_DAG_RUN_ID='scheduled__2024-06-25T00:00:00+00:00'
[2024-06-26T14:05:51.449+0000] {taskinstance.py:430} INFO - ::endgroup::
[2024-06-26T14:05:52.787+0000] {logging_mixin.py:188} INFO - Folder '20240625' created successfully.
[2024-06-26T14:05:53.403+0000] {logging_mixin.py:188} INFO - Dataframe admin_notifications uploaded successfully as admin_notifications.csv!
[2024-06-26T14:05:53.913+0000] {logging_mixin.py:188} INFO - Dataframe admins uploaded successfully as admins.csv!
[2024-06-26T14:05:54.636+0000] {logging_mixin.py:188} INFO - Dataframe applications uploaded successfully as applications.csv!
[2024-06-26T14:06:28.277+0000] {logging_mixin.py:188} INFO - Dataframe articles uploaded successfully as articles.csv!
[2024-06-26T14:06:28.882+0000] {logging_mixin.py:188} INFO - Dataframe comments uploaded successfully as comments.csv!
[2024-06-26T14:06:29.456+0000] {logging_mixin.py:188} INFO - Dataframe donation_comments uploaded successfully as donation_comments.csv!
[2024-06-26T14:06:30.047+0000] {logging_mixin.py:188} INFO - Dataframe donation_manual_comments uploaded successfully as donation_manual_comments.csv!
[2024-06-26T14:06:30.811+0000] {logging_mixin.py:188} INFO - Dataframe donation_manuals uploaded successfully as donation_manuals.csv!
[2024-06-26T14:06:31.396+0000] {logging_mixin.py:188} INFO - Dataframe donations uploaded successfully as donations.csv!
[2024-06-26T14:06:32.960+0000] {logging_mixin.py:188} INFO - Dataframe fundraising_categories uploaded successfully as fundraising_categories.csv!
[2024-06-26T14:06:33.623+0000] {logging_mixin.py:188} INFO - Dataframe fundraisings uploaded successfully as fundraisings.csv!
[2024-06-26T14:06:34.242+0000] {logging_mixin.py:188} INFO - Dataframe like_donation_comments uploaded successfully as like_donation_comments.csv!
[2024-06-26T14:06:34.886+0000] {logging_mixin.py:188} INFO - Dataframe like_donation_manual_comments uploaded successfully as like_donation_manual_comments.csv!
[2024-06-26T14:06:35.580+0000] {logging_mixin.py:188} INFO - Dataframe likes_comments uploaded successfully as likes_comments.csv!
[2024-06-26T14:06:36.148+0000] {logging_mixin.py:188} INFO - Dataframe organizations uploaded successfully as organizations.csv!
[2024-06-26T14:06:36.858+0000] {logging_mixin.py:188} INFO - Dataframe testimoni_volunteers uploaded successfully as testimoni_volunteers.csv!
[2024-06-26T14:06:37.382+0000] {logging_mixin.py:188} INFO - Dataframe transactions uploaded successfully as transactions.csv!
[2024-06-26T14:06:37.887+0000] {logging_mixin.py:188} INFO - Dataframe user_bookmark_articles uploaded successfully as user_bookmark_articles.csv!
[2024-06-26T14:06:38.574+0000] {logging_mixin.py:188} INFO - Dataframe user_bookmark_fundraisings uploaded successfully as user_bookmark_fundraisings.csv!
[2024-06-26T14:06:39.096+0000] {logging_mixin.py:188} INFO - Dataframe user_bookmark_volunteer_vacancies uploaded successfully as user_bookmark_volunteer_vacancies.csv!
[2024-06-26T14:06:58.368+0000] {logging_mixin.py:188} INFO - Dataframe users uploaded successfully as users.csv!
[2024-06-26T14:06:59.034+0000] {logging_mixin.py:188} INFO - Dataframe volunteers uploaded successfully as volunteers.csv!
[2024-06-26T14:06:59.078+0000] {taskinstance.py:441} INFO - ::group::Post task execution logs
[2024-06-26T14:06:59.369+0000] {taskinstance.py:1206} INFO - Marking task as SUCCESS. dag_id=peduli_pintar_elt_all_dags_v1, task_id=load_firebase, run_id=scheduled__2024-06-25T00:00:00+00:00, execution_date=20240625T000000, start_date=20240626T140551, end_date=20240626T140659
[2024-06-26T14:06:59.650+0000] {local_task_job_runner.py:240} INFO - Task exited with return code 0
[2024-06-26T14:06:59.763+0000] {taskinstance.py:3503} INFO - 0 downstream tasks scheduled from follow-on schedule check
[2024-06-26T14:06:59.799+0000] {local_task_job_runner.py:222} INFO - ::endgroup::
