[2024-06-26T21:42:12.934+0000] {local_task_job_runner.py:120} INFO - ::group::Pre task execution logs
[2024-06-26T21:42:12.972+0000] {taskinstance.py:2076} INFO - Dependencies all met for dep_context=non-requeueable deps ti=<TaskInstance: coba_ds_v5.cleaning_raw_data scheduled__2024-06-24T00:00:00+00:00 [queued]>
[2024-06-26T21:42:12.989+0000] {taskinstance.py:2076} INFO - Dependencies all met for dep_context=requeueable deps ti=<TaskInstance: coba_ds_v5.cleaning_raw_data scheduled__2024-06-24T00:00:00+00:00 [queued]>
[2024-06-26T21:42:12.991+0000] {taskinstance.py:2306} INFO - Starting attempt 1 of 4
[2024-06-26T21:42:13.013+0000] {taskinstance.py:2330} INFO - Executing <Task(CleaningData): cleaning_raw_data> on 2024-06-24 00:00:00+00:00
[2024-06-26T21:42:13.037+0000] {warnings.py:112} WARNING - /home/***/.local/lib/python3.12/site-packages/***/task/task_runner/standard_task_runner.py:61: DeprecationWarning: This process (pid=450) is multi-threaded, use of fork() may lead to deadlocks in the child.
  pid = os.fork()

[2024-06-26T21:42:13.042+0000] {standard_task_runner.py:63} INFO - Started process 455 to run task
[2024-06-26T21:42:13.041+0000] {standard_task_runner.py:90} INFO - Running: ['***', 'tasks', 'run', 'coba_ds_v5', 'cleaning_raw_data', 'scheduled__2024-06-24T00:00:00+00:00', '--job-id', '72', '--raw', '--subdir', 'DAGS_FOLDER/etl_dags.py', '--cfg-path', '/tmp/tmpjugsaq_1']
[2024-06-26T21:42:13.047+0000] {standard_task_runner.py:91} INFO - Job 72: Subtask cleaning_raw_data
[2024-06-26T21:42:13.142+0000] {task_command.py:426} INFO - Running <TaskInstance: coba_ds_v5.cleaning_raw_data scheduled__2024-06-24T00:00:00+00:00 [running]> on host 7ecff3f83b62
[2024-06-26T21:42:13.266+0000] {taskinstance.py:2648} INFO - Exporting env vars: AIRFLOW_CTX_DAG_OWNER='Kelompok 5 Capstone DE' AIRFLOW_CTX_DAG_ID='coba_ds_v5' AIRFLOW_CTX_TASK_ID='cleaning_raw_data' AIRFLOW_CTX_EXECUTION_DATE='2024-06-24T00:00:00+00:00' AIRFLOW_CTX_TRY_NUMBER='1' AIRFLOW_CTX_DAG_RUN_ID='scheduled__2024-06-24T00:00:00+00:00'
[2024-06-26T21:42:13.268+0000] {taskinstance.py:430} INFO - ::endgroup::
[2024-06-26T21:42:13.548+0000] {logging_mixin.py:188} INFO - Tidak ada data duplikat pada Donation
[2024-06-26T21:42:13.570+0000] {logging_mixin.py:188} INFO - Tidak ada missing value dalam Donation
[2024-06-26T21:42:13.573+0000] {logging_mixin.py:188} INFO - id                0
created_at        0
user_id           0
amount            0
status            0
image_payment     0
fundraising_id    0
dtype: int64
[2024-06-26T21:42:13.579+0000] {logging_mixin.py:188} INFO - Tidak ada data duplikat pada Fundraising
[2024-06-26T21:42:13.585+0000] {logging_mixin.py:188} INFO - Tidak ada missing value dalam Fundraising
[2024-06-26T21:42:13.588+0000] {logging_mixin.py:188} INFO - id                         0
created_at                 0
fundraising_category_id    0
organization_id            0
title                      0
image_url                  0
description                0
status                     0
goal_amount                0
current_progress           0
start_date                 0
end_date                   0
dtype: int64
[2024-06-26T21:42:13.593+0000] {logging_mixin.py:188} INFO - Tidak ada data duplikat pada Application
[2024-06-26T21:42:13.599+0000] {logging_mixin.py:188} INFO - Tidak ada missing value dalam Application
[2024-06-26T21:42:13.601+0000] {logging_mixin.py:188} INFO - id              0
created_at      0
ig_image_url    0
yt_image_url    0
user_id         0
vacancy_id      0
job             0
reason          0
age             0
dtype: int64
[2024-06-26T21:42:13.608+0000] {logging_mixin.py:188} INFO - Tidak ada data duplikat pada Volunteer_Vacancies
[2024-06-26T21:42:13.615+0000] {logging_mixin.py:188} INFO - Terdapat missing value dalam Volunteer_Vacancies
[2024-06-26T21:42:13.617+0000] {logging_mixin.py:188} INFO - id                       0
created_at               0
title                    0
organization_id          0
content_activity         0
location                 1
start_date               0
end_date                 0
target_volunteer         0
registered_volunteer     0
registration_deadline    0
image_url                0
status                   0
link_wa                  3
dtype: int64
[2024-06-26T21:42:13.624+0000] {logging_mixin.py:188} INFO - Tidak ada data duplikat pada Testimoni_Volunteer
[2024-06-26T21:42:13.632+0000] {logging_mixin.py:188} INFO - Tidak ada missing value dalam Testimoni_Volunteer
[2024-06-26T21:42:13.633+0000] {logging_mixin.py:188} INFO - id            0
created_at    0
user_id       0
vacancy_id    0
testimoni     0
rating        0
dtype: int64
[2024-06-26T21:42:13.637+0000] {logging_mixin.py:188} INFO - Tidak ada data duplikat pada Bookmark_Fundraising
[2024-06-26T21:42:13.642+0000] {logging_mixin.py:188} INFO - Tidak ada missing value dalam Bookmark_Fundraising
[2024-06-26T21:42:13.644+0000] {logging_mixin.py:188} INFO - id                0
created_at        0
user_id           0
fundraising_id    0
dtype: int64
[2024-06-26T21:42:13.649+0000] {logging_mixin.py:188} INFO - Tidak ada data duplikat pada Bookmark_Volunteer
[2024-06-26T21:42:13.655+0000] {logging_mixin.py:188} INFO - Terdapat missing value dalam Bookmark_Volunteer
[2024-06-26T21:42:13.657+0000] {logging_mixin.py:188} INFO - id                        0
created_at                0
user_id                   0
volunteer_vacancies_id    0
volunteer_vacancy_id      2
dtype: int64
[2024-06-26T21:42:13.669+0000] {logging_mixin.py:188} INFO - Tidak ada data duplikat pada Article
[2024-06-26T21:42:13.678+0000] {logging_mixin.py:188} INFO - Terdapat missing value dalam Article
[2024-06-26T21:42:13.680+0000] {logging_mixin.py:188} INFO - id            0
created_at    0
admin_id      1
title         0
content       0
image_url     0
dtype: int64
[2024-06-26T21:42:13.682+0000] {logging_mixin.py:188} INFO - Fundraising_Categories is None or empty. Skipping.
[2024-06-26T21:42:13.687+0000] {logging_mixin.py:188} INFO - Tidak ada data duplikat pada User
[2024-06-26T21:42:13.694+0000] {logging_mixin.py:188} INFO - Terdapat missing value dalam User
[2024-06-26T21:42:13.697+0000] {logging_mixin.py:188} INFO - id              0
created_at      0
fullname        0
username        0
email           0
password        0
avatar          0
reset_token    10
no_telp         0
otp             8
dtype: int64
[2024-06-26T21:42:13.706+0000] {logging_mixin.py:188} INFO - Tidak ada data duplikat pada Organization
[2024-06-26T21:42:13.714+0000] {logging_mixin.py:188} INFO - Terdapat missing value dalam Organization
[2024-06-26T21:42:13.717+0000] {logging_mixin.py:188} INFO - id             0
created_at     0
name           0
description    0
avatar         0
is_verified    0
contact        1
start_date     0
website        0
instagram      0
no_rekening    0
dtype: int64
[2024-06-26T21:42:13.723+0000] {logging_mixin.py:188} INFO - Tidak ada data duplikat pada Bookmark_Articles
[2024-06-26T21:42:13.728+0000] {logging_mixin.py:188} INFO - Tidak ada missing value dalam Bookmark_Articles
[2024-06-26T21:42:13.731+0000] {logging_mixin.py:188} INFO - id            0
created_at    0
user_id       0
article_id    0
dtype: int64
[2024-06-26T21:42:13.732+0000] {logging_mixin.py:188} INFO - Comments is None or empty. Skipping.
[2024-06-26T21:42:13.732+0000] {logging_mixin.py:188} INFO - Like Comments is None or empty. Skipping.
[2024-06-26T21:42:13.801+0000] {taskinstance.py:441} INFO - ::group::Post task execution logs
[2024-06-26T21:42:13.871+0000] {taskinstance.py:1206} INFO - Marking task as SUCCESS. dag_id=coba_ds_v5, task_id=cleaning_raw_data, run_id=scheduled__2024-06-24T00:00:00+00:00, execution_date=20240624T000000, start_date=20240626T214212, end_date=20240626T214213
[2024-06-26T21:42:13.901+0000] {local_task_job_runner.py:240} INFO - Task exited with return code 0
[2024-06-26T21:42:13.937+0000] {taskinstance.py:3503} INFO - 1 downstream tasks scheduled from follow-on schedule check
[2024-06-26T21:42:13.939+0000] {local_task_job_runner.py:222} INFO - ::endgroup::
